[0.024s] Invoking command in '/home/pheonix/E-yantra-2024/colcon_ws/build/ebot_nav2': CMAKE_PREFIX_PATH=${CMAKE_PREFIX_PATH}:/home/pheonix/E-yantra-2024/colcon_ws/install/ur5_control:/home/pheonix/ros-adv/install/actions_py:/opt/ros/humble /usr/bin/cmake --build /home/pheonix/E-yantra-2024/colcon_ws/build/ebot_nav2 -- -j16 -l16
[0.218s] Invoked command in '/home/pheonix/E-yantra-2024/colcon_ws/build/ebot_nav2' returned '0': CMAKE_PREFIX_PATH=${CMAKE_PREFIX_PATH}:/home/pheonix/E-yantra-2024/colcon_ws/install/ur5_control:/home/pheonix/ros-adv/install/actions_py:/opt/ros/humble /usr/bin/cmake --build /home/pheonix/E-yantra-2024/colcon_ws/build/ebot_nav2 -- -j16 -l16
[0.247s] Invoking command in '/home/pheonix/E-yantra-2024/colcon_ws/build/ebot_nav2': CMAKE_PREFIX_PATH=${CMAKE_PREFIX_PATH}:/home/pheonix/E-yantra-2024/colcon_ws/install/ur5_control:/home/pheonix/ros-adv/install/actions_py:/opt/ros/humble /usr/bin/cmake --install /home/pheonix/E-yantra-2024/colcon_ws/build/ebot_nav2
[0.264s] -- Install configuration: ""
[0.264s] -- Up-to-date: /home/pheonix/E-yantra-2024/colcon_ws/install/ebot_nav2/share/ebot_nav2//launch
[0.264s] -- Up-to-date: /home/pheonix/E-yantra-2024/colcon_ws/install/ebot_nav2/share/ebot_nav2//launch/ebot_bringup_launch.py
[0.265s] -- Up-to-date: /home/pheonix/E-yantra-2024/colcon_ws/install/ebot_nav2/share/ebot_nav2//config
[0.265s] -- Up-to-date: /home/pheonix/E-yantra-2024/colcon_ws/install/ebot_nav2/share/ebot_nav2//config/mapper_params_online_async.yaml
[0.265s] -- Up-to-date: /home/pheonix/E-yantra-2024/colcon_ws/install/ebot_nav2/share/ebot_nav2//config/ekf.yaml
[0.265s] -- Up-to-date: /home/pheonix/E-yantra-2024/colcon_ws/install/ebot_nav2/share/ebot_nav2//maps
[0.265s] -- Up-to-date: /home/pheonix/E-yantra-2024/colcon_ws/install/ebot_nav2/share/ebot_nav2//maps/map.posegraph
[0.265s] -- Up-to-date: /home/pheonix/E-yantra-2024/colcon_ws/install/ebot_nav2/share/ebot_nav2//maps/map.pgm
[0.265s] -- Up-to-date: /home/pheonix/E-yantra-2024/colcon_ws/install/ebot_nav2/share/ebot_nav2//maps/map_file_here.text
[0.268s] -- Up-to-date: /home/pheonix/E-yantra-2024/colcon_ws/install/ebot_nav2/share/ebot_nav2//maps/map.data
[0.268s] -- Up-to-date: /home/pheonix/E-yantra-2024/colcon_ws/install/ebot_nav2/share/ebot_nav2//maps/map.yaml
[0.268s] -- Up-to-date: /home/pheonix/E-yantra-2024/colcon_ws/install/ebot_nav2/share/ebot_nav2//params
[0.268s] -- Up-to-date: /home/pheonix/E-yantra-2024/colcon_ws/install/ebot_nav2/share/ebot_nav2//params/nav2_params.yaml
[0.268s] -- Up-to-date: /home/pheonix/E-yantra-2024/colcon_ws/install/ebot_nav2/share/ebot_nav2//rviz
[0.268s] -- Up-to-date: /home/pheonix/E-yantra-2024/colcon_ws/install/ebot_nav2/share/ebot_nav2//rviz/nav2_default_view.rviz
[0.268s] -- Up-to-date: /home/pheonix/E-yantra-2024/colcon_ws/install/ebot_nav2/share/ament_index/resource_index/package_run_dependencies/ebot_nav2
[0.268s] -- Up-to-date: /home/pheonix/E-yantra-2024/colcon_ws/install/ebot_nav2/share/ament_index/resource_index/parent_prefix_path/ebot_nav2
[0.268s] -- Up-to-date: /home/pheonix/E-yantra-2024/colcon_ws/install/ebot_nav2/share/ebot_nav2/environment/ament_prefix_path.sh
[0.268s] -- Up-to-date: /home/pheonix/E-yantra-2024/colcon_ws/install/ebot_nav2/share/ebot_nav2/environment/ament_prefix_path.dsv
[0.268s] -- Up-to-date: /home/pheonix/E-yantra-2024/colcon_ws/install/ebot_nav2/share/ebot_nav2/environment/path.sh
[0.268s] -- Up-to-date: /home/pheonix/E-yantra-2024/colcon_ws/install/ebot_nav2/share/ebot_nav2/environment/path.dsv
[0.268s] -- Up-to-date: /home/pheonix/E-yantra-2024/colcon_ws/install/ebot_nav2/share/ebot_nav2/local_setup.bash
[0.268s] -- Up-to-date: /home/pheonix/E-yantra-2024/colcon_ws/install/ebot_nav2/share/ebot_nav2/local_setup.sh
[0.268s] -- Up-to-date: /home/pheonix/E-yantra-2024/colcon_ws/install/ebot_nav2/share/ebot_nav2/local_setup.zsh
[0.268s] -- Up-to-date: /home/pheonix/E-yantra-2024/colcon_ws/install/ebot_nav2/share/ebot_nav2/local_setup.dsv
[0.268s] -- Installing: /home/pheonix/E-yantra-2024/colcon_ws/install/ebot_nav2/share/ebot_nav2/package.dsv
[0.269s] -- Up-to-date: /home/pheonix/E-yantra-2024/colcon_ws/install/ebot_nav2/share/ament_index/resource_index/packages/ebot_nav2
[0.269s] -- Up-to-date: /home/pheonix/E-yantra-2024/colcon_ws/install/ebot_nav2/share/ebot_nav2/cmake/ebot_nav2Config.cmake
[0.269s] -- Up-to-date: /home/pheonix/E-yantra-2024/colcon_ws/install/ebot_nav2/share/ebot_nav2/cmake/ebot_nav2Config-version.cmake
[0.269s] -- Up-to-date: /home/pheonix/E-yantra-2024/colcon_ws/install/ebot_nav2/share/ebot_nav2/package.xml
[0.293s] Invoked command in '/home/pheonix/E-yantra-2024/colcon_ws/build/ebot_nav2' returned '0': CMAKE_PREFIX_PATH=${CMAKE_PREFIX_PATH}:/home/pheonix/E-yantra-2024/colcon_ws/install/ur5_control:/home/pheonix/ros-adv/install/actions_py:/opt/ros/humble /usr/bin/cmake --install /home/pheonix/E-yantra-2024/colcon_ws/build/ebot_nav2
