-- The C compiler identification is GNU 11.4.0
-- The CXX compiler identification is GNU 11.4.0
-- Detecting C compiler ABI info
-- Detecting C compiler ABI info - done
-- Check for working C compiler: /usr/bin/cc - skipped
-- Detecting C compile features
-- Detecting C compile features - done
-- Detecting CXX compiler ABI info
-- Detecting CXX compiler ABI info - done
-- Check for working CXX compiler: /usr/bin/c++ - skipped
-- Detecting CXX compile features
-- Detecting CXX compile features - done
-- Found ament_cmake: 1.3.10 (/opt/ros/humble/share/ament_cmake/cmake)
-- Found Python3: /usr/bin/python3 (found version "3.10.12") found components: Interpreter 
-- Found ament_lint_auto: 0.12.11 (/opt/ros/humble/share/ament_lint_auto/cmake)
-- Added test 'copyright' to check source files copyright and LICENSE
-- Added test 'flake8' to check Python code syntax and style conventions
-- Added test 'lint_cmake' to check CMake code style
-- Added test 'pep257' to check Python code against some of the docstring style conventions in PEP 257
-- Added test 'xmllint' to check XML markup files
-- Configuring done
-- Generating done
-- Build files have been written to: /home/pheonix/E-yantra-2024/colcon_ws/build/eyantra_warehouse
-- Install configuration: ""
-- Installing: /home/pheonix/E-yantra-2024/colcon_ws/install/eyantra_warehouse/share/eyantra_warehouse//launch
-- Installing: /home/pheonix/E-yantra-2024/colcon_ws/install/eyantra_warehouse/share/eyantra_warehouse//launch/task1c.launch.py
-- Installing: /home/pheonix/E-yantra-2024/colcon_ws/install/eyantra_warehouse/share/eyantra_warehouse//launch/task1b.launch.py
-- Installing: /home/pheonix/E-yantra-2024/colcon_ws/install/eyantra_warehouse/share/eyantra_warehouse//launch/task0.launch.py
-- Installing: /home/pheonix/E-yantra-2024/colcon_ws/install/eyantra_warehouse/share/eyantra_warehouse//worlds
-- Installing: /home/pheonix/E-yantra-2024/colcon_ws/install/eyantra_warehouse/share/eyantra_warehouse//worlds/eyantra_warehouse_task1b.world
-- Installing: /home/pheonix/E-yantra-2024/colcon_ws/install/eyantra_warehouse/share/eyantra_warehouse//worlds/eyantra_warehouse_task0.world
-- Installing: /home/pheonix/E-yantra-2024/colcon_ws/install/eyantra_warehouse/share/eyantra_warehouse//worlds/eyantra_warehouse_task1c.world
-- Installing: /home/pheonix/E-yantra-2024/colcon_ws/install/eyantra_warehouse/share/eyantra_warehouse//models
-- Installing: /home/pheonix/E-yantra-2024/colcon_ws/install/eyantra_warehouse/share/eyantra_warehouse//models/boxes
-- Installing: /home/pheonix/E-yantra-2024/colcon_ws/install/eyantra_warehouse/share/eyantra_warehouse//models/boxes/box_17
-- Installing: /home/pheonix/E-yantra-2024/colcon_ws/install/eyantra_warehouse/share/eyantra_warehouse//models/boxes/box_17/meshes
-- Installing: /home/pheonix/E-yantra-2024/colcon_ws/install/eyantra_warehouse/share/eyantra_warehouse//models/boxes/box_17/meshes/box__bg.png
-- Installing: /home/pheonix/E-yantra-2024/colcon_ws/install/eyantra_warehouse/share/eyantra_warehouse//models/boxes/box_17/meshes/box.dae
-- Installing: /home/pheonix/E-yantra-2024/colcon_ws/install/eyantra_warehouse/share/eyantra_warehouse//models/boxes/box_17/meshes/cardboard_bg.png
-- Installing: /home/pheonix/E-yantra-2024/colcon_ws/install/eyantra_warehouse/share/eyantra_warehouse//models/boxes/box_17/meshes/aruco_tag.jpg
-- Installing: /home/pheonix/E-yantra-2024/colcon_ws/install/eyantra_warehouse/share/eyantra_warehouse//models/boxes/box_17/model.sdf
-- Installing: /home/pheonix/E-yantra-2024/colcon_ws/install/eyantra_warehouse/share/eyantra_warehouse//models/boxes/box_17/model.config
-- Installing: /home/pheonix/E-yantra-2024/colcon_ws/install/eyantra_warehouse/share/eyantra_warehouse//models/boxes/box_50
-- Installing: /home/pheonix/E-yantra-2024/colcon_ws/install/eyantra_warehouse/share/eyantra_warehouse//models/boxes/box_50/meshes
-- Installing: /home/pheonix/E-yantra-2024/colcon_ws/install/eyantra_warehouse/share/eyantra_warehouse//models/boxes/box_50/meshes/box__bg.png
-- Installing: /home/pheonix/E-yantra-2024/colcon_ws/install/eyantra_warehouse/share/eyantra_warehouse//models/boxes/box_50/meshes/box.dae
-- Installing: /home/pheonix/E-yantra-2024/colcon_ws/install/eyantra_warehouse/share/eyantra_warehouse//models/boxes/box_50/meshes/cardboard_bg.png
-- Installing: /home/pheonix/E-yantra-2024/colcon_ws/install/eyantra_warehouse/share/eyantra_warehouse//models/boxes/box_50/meshes/aruco_tag.jpg
-- Installing: /home/pheonix/E-yantra-2024/colcon_ws/install/eyantra_warehouse/share/eyantra_warehouse//models/boxes/box_50/model.sdf
-- Installing: /home/pheonix/E-yantra-2024/colcon_ws/install/eyantra_warehouse/share/eyantra_warehouse//models/boxes/box_50/model.config
-- Installing: /home/pheonix/E-yantra-2024/colcon_ws/install/eyantra_warehouse/share/eyantra_warehouse//models/boxes/box_24
-- Installing: /home/pheonix/E-yantra-2024/colcon_ws/install/eyantra_warehouse/share/eyantra_warehouse//models/boxes/box_24/meshes
-- Installing: /home/pheonix/E-yantra-2024/colcon_ws/install/eyantra_warehouse/share/eyantra_warehouse//models/boxes/box_24/meshes/box__bg.png
-- Installing: /home/pheonix/E-yantra-2024/colcon_ws/install/eyantra_warehouse/share/eyantra_warehouse//models/boxes/box_24/meshes/box.dae
-- Installing: /home/pheonix/E-yantra-2024/colcon_ws/install/eyantra_warehouse/share/eyantra_warehouse//models/boxes/box_24/meshes/cardboard_bg.png
-- Installing: /home/pheonix/E-yantra-2024/colcon_ws/install/eyantra_warehouse/share/eyantra_warehouse//models/boxes/box_24/meshes/aruco_tag.jpg
-- Installing: /home/pheonix/E-yantra-2024/colcon_ws/install/eyantra_warehouse/share/eyantra_warehouse//models/boxes/box_24/model.sdf
-- Installing: /home/pheonix/E-yantra-2024/colcon_ws/install/eyantra_warehouse/share/eyantra_warehouse//models/boxes/box_24/model.config
-- Installing: /home/pheonix/E-yantra-2024/colcon_ws/install/eyantra_warehouse/share/eyantra_warehouse//models/boxes/box_46
-- Installing: /home/pheonix/E-yantra-2024/colcon_ws/install/eyantra_warehouse/share/eyantra_warehouse//models/boxes/box_46/meshes
-- Installing: /home/pheonix/E-yantra-2024/colcon_ws/install/eyantra_warehouse/share/eyantra_warehouse//models/boxes/box_46/meshes/box__bg.png
-- Installing: /home/pheonix/E-yantra-2024/colcon_ws/install/eyantra_warehouse/share/eyantra_warehouse//models/boxes/box_46/meshes/box.dae
-- Installing: /home/pheonix/E-yantra-2024/colcon_ws/install/eyantra_warehouse/share/eyantra_warehouse//models/boxes/box_46/meshes/cardboard_bg.png
-- Installing: /home/pheonix/E-yantra-2024/colcon_ws/install/eyantra_warehouse/share/eyantra_warehouse//models/boxes/box_46/meshes/aruco_tag.jpg
-- Installing: /home/pheonix/E-yantra-2024/colcon_ws/install/eyantra_warehouse/share/eyantra_warehouse//models/boxes/box_46/model.sdf
-- Installing: /home/pheonix/E-yantra-2024/colcon_ws/install/eyantra_warehouse/share/eyantra_warehouse//models/boxes/box_46/model.config
-- Installing: /home/pheonix/E-yantra-2024/colcon_ws/install/eyantra_warehouse/share/eyantra_warehouse//models/boxes/box_12
-- Installing: /home/pheonix/E-yantra-2024/colcon_ws/install/eyantra_warehouse/share/eyantra_warehouse//models/boxes/box_12/meshes
-- Installing: /home/pheonix/E-yantra-2024/colcon_ws/install/eyantra_warehouse/share/eyantra_warehouse//models/boxes/box_12/meshes/box__bg.png
-- Installing: /home/pheonix/E-yantra-2024/colcon_ws/install/eyantra_warehouse/share/eyantra_warehouse//models/boxes/box_12/meshes/box.dae
-- Installing: /home/pheonix/E-yantra-2024/colcon_ws/install/eyantra_warehouse/share/eyantra_warehouse//models/boxes/box_12/meshes/cardboard_bg.png
-- Installing: /home/pheonix/E-yantra-2024/colcon_ws/install/eyantra_warehouse/share/eyantra_warehouse//models/boxes/box_12/meshes/aruco_tag.jpg
-- Installing: /home/pheonix/E-yantra-2024/colcon_ws/install/eyantra_warehouse/share/eyantra_warehouse//models/boxes/box_12/model.sdf
-- Installing: /home/pheonix/E-yantra-2024/colcon_ws/install/eyantra_warehouse/share/eyantra_warehouse//models/boxes/box_12/model.config
-- Installing: /home/pheonix/E-yantra-2024/colcon_ws/install/eyantra_warehouse/share/eyantra_warehouse//models/boxes/box_13
-- Installing: /home/pheonix/E-yantra-2024/colcon_ws/install/eyantra_warehouse/share/eyantra_warehouse//models/boxes/box_13/meshes
-- Installing: /home/pheonix/E-yantra-2024/colcon_ws/install/eyantra_warehouse/share/eyantra_warehouse//models/boxes/box_13/meshes/box__bg.png
-- Installing: /home/pheonix/E-yantra-2024/colcon_ws/install/eyantra_warehouse/share/eyantra_warehouse//models/boxes/box_13/meshes/box.dae
-- Installing: /home/pheonix/E-yantra-2024/colcon_ws/install/eyantra_warehouse/share/eyantra_warehouse//models/boxes/box_13/meshes/cardboard_bg.png
-- Installing: /home/pheonix/E-yantra-2024/colcon_ws/install/eyantra_warehouse/share/eyantra_warehouse//models/boxes/box_13/meshes/aruco_tag.jpg
-- Installing: /home/pheonix/E-yantra-2024/colcon_ws/install/eyantra_warehouse/share/eyantra_warehouse//models/boxes/box_13/model.sdf
-- Installing: /home/pheonix/E-yantra-2024/colcon_ws/install/eyantra_warehouse/share/eyantra_warehouse//models/boxes/box_13/model.config
-- Installing: /home/pheonix/E-yantra-2024/colcon_ws/install/eyantra_warehouse/share/eyantra_warehouse//models/boxes/box_49
-- Installing: /home/pheonix/E-yantra-2024/colcon_ws/install/eyantra_warehouse/share/eyantra_warehouse//models/boxes/box_49/meshes
-- Installing: /home/pheonix/E-yantra-2024/colcon_ws/install/eyantra_warehouse/share/eyantra_warehouse//models/boxes/box_49/meshes/box__bg.png
-- Installing: /home/pheonix/E-yantra-2024/colcon_ws/install/eyantra_warehouse/share/eyantra_warehouse//models/boxes/box_49/meshes/box.dae
-- Installing: /home/pheonix/E-yantra-2024/colcon_ws/install/eyantra_warehouse/share/eyantra_warehouse//models/boxes/box_49/meshes/cardboard_bg.png
-- Installing: /home/pheonix/E-yantra-2024/colcon_ws/install/eyantra_warehouse/share/eyantra_warehouse//models/boxes/box_49/meshes/aruco_tag.jpg
-- Installing: /home/pheonix/E-yantra-2024/colcon_ws/install/eyantra_warehouse/share/eyantra_warehouse//models/boxes/box_49/model.sdf
-- Installing: /home/pheonix/E-yantra-2024/colcon_ws/install/eyantra_warehouse/share/eyantra_warehouse//models/boxes/box_49/model.config
-- Installing: /home/pheonix/E-yantra-2024/colcon_ws/install/eyantra_warehouse/share/eyantra_warehouse//models/boxes/box_15
-- Installing: /home/pheonix/E-yantra-2024/colcon_ws/install/eyantra_warehouse/share/eyantra_warehouse//models/boxes/box_15/meshes
-- Installing: /home/pheonix/E-yantra-2024/colcon_ws/install/eyantra_warehouse/share/eyantra_warehouse//models/boxes/box_15/meshes/box__bg.png
-- Installing: /home/pheonix/E-yantra-2024/colcon_ws/install/eyantra_warehouse/share/eyantra_warehouse//models/boxes/box_15/meshes/box.dae
-- Installing: /home/pheonix/E-yantra-2024/colcon_ws/install/eyantra_warehouse/share/eyantra_warehouse//models/boxes/box_15/meshes/cardboard_bg.png
-- Installing: /home/pheonix/E-yantra-2024/colcon_ws/install/eyantra_warehouse/share/eyantra_warehouse//models/boxes/box_15/meshes/aruco_tag.jpg
-- Installing: /home/pheonix/E-yantra-2024/colcon_ws/install/eyantra_warehouse/share/eyantra_warehouse//models/boxes/box_15/model.sdf
-- Installing: /home/pheonix/E-yantra-2024/colcon_ws/install/eyantra_warehouse/share/eyantra_warehouse//models/boxes/box_15/model.config
-- Installing: /home/pheonix/E-yantra-2024/colcon_ws/install/eyantra_warehouse/share/eyantra_warehouse//models/boxes/box_27
-- Installing: /home/pheonix/E-yantra-2024/colcon_ws/install/eyantra_warehouse/share/eyantra_warehouse//models/boxes/box_27/meshes
-- Installing: /home/pheonix/E-yantra-2024/colcon_ws/install/eyantra_warehouse/share/eyantra_warehouse//models/boxes/box_27/meshes/box__bg.png
-- Installing: /home/pheonix/E-yantra-2024/colcon_ws/install/eyantra_warehouse/share/eyantra_warehouse//models/boxes/box_27/meshes/box.dae
-- Installing: /home/pheonix/E-yantra-2024/colcon_ws/install/eyantra_warehouse/share/eyantra_warehouse//models/boxes/box_27/meshes/cardboard_bg.png
-- Installing: /home/pheonix/E-yantra-2024/colcon_ws/install/eyantra_warehouse/share/eyantra_warehouse//models/boxes/box_27/meshes/aruco_tag.jpg
-- Installing: /home/pheonix/E-yantra-2024/colcon_ws/install/eyantra_warehouse/share/eyantra_warehouse//models/boxes/box_27/model.sdf
-- Installing: /home/pheonix/E-yantra-2024/colcon_ws/install/eyantra_warehouse/share/eyantra_warehouse//models/boxes/box_27/model.config
-- Installing: /home/pheonix/E-yantra-2024/colcon_ws/install/eyantra_warehouse/share/eyantra_warehouse//models/boxes/box_34
-- Installing: /home/pheonix/E-yantra-2024/colcon_ws/install/eyantra_warehouse/share/eyantra_warehouse//models/boxes/box_34/meshes
-- Installing: /home/pheonix/E-yantra-2024/colcon_ws/install/eyantra_warehouse/share/eyantra_warehouse//models/boxes/box_34/meshes/box__bg.png
-- Installing: /home/pheonix/E-yantra-2024/colcon_ws/install/eyantra_warehouse/share/eyantra_warehouse//models/boxes/box_34/meshes/box.dae
-- Installing: /home/pheonix/E-yantra-2024/colcon_ws/install/eyantra_warehouse/share/eyantra_warehouse//models/boxes/box_34/meshes/cardboard_bg.png
-- Installing: /home/pheonix/E-yantra-2024/colcon_ws/install/eyantra_warehouse/share/eyantra_warehouse//models/boxes/box_34/meshes/aruco_tag.jpg
-- Installing: /home/pheonix/E-yantra-2024/colcon_ws/install/eyantra_warehouse/share/eyantra_warehouse//models/boxes/box_34/model.sdf
-- Installing: /home/pheonix/E-yantra-2024/colcon_ws/install/eyantra_warehouse/share/eyantra_warehouse//models/boxes/box_34/model.config
-- Installing: /home/pheonix/E-yantra-2024/colcon_ws/install/eyantra_warehouse/share/eyantra_warehouse//models/boxes/box_21
-- Installing: /home/pheonix/E-yantra-2024/colcon_ws/install/eyantra_warehouse/share/eyantra_warehouse//models/boxes/box_21/meshes
-- Installing: /home/pheonix/E-yantra-2024/colcon_ws/install/eyantra_warehouse/share/eyantra_warehouse//models/boxes/box_21/meshes/box__bg.png
-- Installing: /home/pheonix/E-yantra-2024/colcon_ws/install/eyantra_warehouse/share/eyantra_warehouse//models/boxes/box_21/meshes/box.dae
-- Installing: /home/pheonix/E-yantra-2024/colcon_ws/install/eyantra_warehouse/share/eyantra_warehouse//models/boxes/box_21/meshes/cardboard_bg.png
-- Installing: /home/pheonix/E-yantra-2024/colcon_ws/install/eyantra_warehouse/share/eyantra_warehouse//models/boxes/box_21/meshes/aruco_tag.jpg
-- Installing: /home/pheonix/E-yantra-2024/colcon_ws/install/eyantra_warehouse/share/eyantra_warehouse//models/boxes/box_21/model.sdf
-- Installing: /home/pheonix/E-yantra-2024/colcon_ws/install/eyantra_warehouse/share/eyantra_warehouse//models/boxes/box_21/model.config
-- Installing: /home/pheonix/E-yantra-2024/colcon_ws/install/eyantra_warehouse/share/eyantra_warehouse//models/boxes/box.stl
-- Installing: /home/pheonix/E-yantra-2024/colcon_ws/install/eyantra_warehouse/share/eyantra_warehouse//models/boxes/box_32
-- Installing: /home/pheonix/E-yantra-2024/colcon_ws/install/eyantra_warehouse/share/eyantra_warehouse//models/boxes/box_32/meshes
-- Installing: /home/pheonix/E-yantra-2024/colcon_ws/install/eyantra_warehouse/share/eyantra_warehouse//models/boxes/box_32/meshes/box__bg.png
-- Installing: /home/pheonix/E-yantra-2024/colcon_ws/install/eyantra_warehouse/share/eyantra_warehouse//models/boxes/box_32/meshes/box.dae
-- Installing: /home/pheonix/E-yantra-2024/colcon_ws/install/eyantra_warehouse/share/eyantra_warehouse//models/boxes/box_32/meshes/cardboard_bg.png
-- Installing: /home/pheonix/E-yantra-2024/colcon_ws/install/eyantra_warehouse/share/eyantra_warehouse//models/boxes/box_32/meshes/aruco_tag.jpg
-- Installing: /home/pheonix/E-yantra-2024/colcon_ws/install/eyantra_warehouse/share/eyantra_warehouse//models/boxes/box_32/model.sdf
-- Installing: /home/pheonix/E-yantra-2024/colcon_ws/install/eyantra_warehouse/share/eyantra_warehouse//models/boxes/box_32/model.config
-- Installing: /home/pheonix/E-yantra-2024/colcon_ws/install/eyantra_warehouse/share/eyantra_warehouse//models/boxes/box_25
-- Installing: /home/pheonix/E-yantra-2024/colcon_ws/install/eyantra_warehouse/share/eyantra_warehouse//models/boxes/box_25/meshes
-- Installing: /home/pheonix/E-yantra-2024/colcon_ws/install/eyantra_warehouse/share/eyantra_warehouse//models/boxes/box_25/meshes/box__bg.png
-- Installing: /home/pheonix/E-yantra-2024/colcon_ws/install/eyantra_warehouse/share/eyantra_warehouse//models/boxes/box_25/meshes/box.dae
-- Installing: /home/pheonix/E-yantra-2024/colcon_ws/install/eyantra_warehouse/share/eyantra_warehouse//models/boxes/box_25/meshes/cardboard_bg.png
-- Installing: /home/pheonix/E-yantra-2024/colcon_ws/install/eyantra_warehouse/share/eyantra_warehouse//models/boxes/box_25/meshes/aruco_tag.jpg
-- Installing: /home/pheonix/E-yantra-2024/colcon_ws/install/eyantra_warehouse/share/eyantra_warehouse//models/boxes/box_25/model.sdf
-- Installing: /home/pheonix/E-yantra-2024/colcon_ws/install/eyantra_warehouse/share/eyantra_warehouse//models/boxes/box_25/model.config
-- Installing: /home/pheonix/E-yantra-2024/colcon_ws/install/eyantra_warehouse/share/eyantra_warehouse//models/boxes/box_48
-- Installing: /home/pheonix/E-yantra-2024/colcon_ws/install/eyantra_warehouse/share/eyantra_warehouse//models/boxes/box_48/meshes
-- Installing: /home/pheonix/E-yantra-2024/colcon_ws/install/eyantra_warehouse/share/eyantra_warehouse//models/boxes/box_48/meshes/box__bg.png
-- Installing: /home/pheonix/E-yantra-2024/colcon_ws/install/eyantra_warehouse/share/eyantra_warehouse//models/boxes/box_48/meshes/box.dae
-- Installing: /home/pheonix/E-yantra-2024/colcon_ws/install/eyantra_warehouse/share/eyantra_warehouse//models/boxes/box_48/meshes/cardboard_bg.png
-- Installing: /home/pheonix/E-yantra-2024/colcon_ws/install/eyantra_warehouse/share/eyantra_warehouse//models/boxes/box_48/meshes/aruco_tag.jpg
-- Installing: /home/pheonix/E-yantra-2024/colcon_ws/install/eyantra_warehouse/share/eyantra_warehouse//models/boxes/box_48/model.sdf
-- Installing: /home/pheonix/E-yantra-2024/colcon_ws/install/eyantra_warehouse/share/eyantra_warehouse//models/boxes/box_48/model.config
-- Installing: /home/pheonix/E-yantra-2024/colcon_ws/install/eyantra_warehouse/share/eyantra_warehouse//models/boxes/box_41
-- Installing: /home/pheonix/E-yantra-2024/colcon_ws/install/eyantra_warehouse/share/eyantra_warehouse//models/boxes/box_41/meshes
-- Installing: /home/pheonix/E-yantra-2024/colcon_ws/install/eyantra_warehouse/share/eyantra_warehouse//models/boxes/box_41/meshes/box__bg.png
-- Installing: /home/pheonix/E-yantra-2024/colcon_ws/install/eyantra_warehouse/share/eyantra_warehouse//models/boxes/box_41/meshes/box.dae
-- Installing: /home/pheonix/E-yantra-2024/colcon_ws/install/eyantra_warehouse/share/eyantra_warehouse//models/boxes/box_41/meshes/cardboard_bg.png
-- Installing: /home/pheonix/E-yantra-2024/colcon_ws/install/eyantra_warehouse/share/eyantra_warehouse//models/boxes/box_41/meshes/aruco_tag.jpg
-- Installing: /home/pheonix/E-yantra-2024/colcon_ws/install/eyantra_warehouse/share/eyantra_warehouse//models/boxes/box_41/model.sdf
-- Installing: /home/pheonix/E-yantra-2024/colcon_ws/install/eyantra_warehouse/share/eyantra_warehouse//models/boxes/box_41/model.config
-- Installing: /home/pheonix/E-yantra-2024/colcon_ws/install/eyantra_warehouse/share/eyantra_warehouse//models/boxes/box_10
-- Installing: /home/pheonix/E-yantra-2024/colcon_ws/install/eyantra_warehouse/share/eyantra_warehouse//models/boxes/box_10/meshes
-- Installing: /home/pheonix/E-yantra-2024/colcon_ws/install/eyantra_warehouse/share/eyantra_warehouse//models/boxes/box_10/meshes/box__bg.png
-- Installing: /home/pheonix/E-yantra-2024/colcon_ws/install/eyantra_warehouse/share/eyantra_warehouse//models/boxes/box_10/meshes/box.dae
-- Installing: /home/pheonix/E-yantra-2024/colcon_ws/install/eyantra_warehouse/share/eyantra_warehouse//models/boxes/box_10/meshes/cardboard_bg.png
-- Installing: /home/pheonix/E-yantra-2024/colcon_ws/install/eyantra_warehouse/share/eyantra_warehouse//models/boxes/box_10/meshes/aruco_tag.jpg
-- Installing: /home/pheonix/E-yantra-2024/colcon_ws/install/eyantra_warehouse/share/eyantra_warehouse//models/boxes/box_10/model.sdf
-- Installing: /home/pheonix/E-yantra-2024/colcon_ws/install/eyantra_warehouse/share/eyantra_warehouse//models/boxes/box_10/model.config
-- Installing: /home/pheonix/E-yantra-2024/colcon_ws/install/eyantra_warehouse/share/eyantra_warehouse//models/boxes/box_28
-- Installing: /home/pheonix/E-yantra-2024/colcon_ws/install/eyantra_warehouse/share/eyantra_warehouse//models/boxes/box_28/meshes
-- Installing: /home/pheonix/E-yantra-2024/colcon_ws/install/eyantra_warehouse/share/eyantra_warehouse//models/boxes/box_28/meshes/box__bg.png
-- Installing: /home/pheonix/E-yantra-2024/colcon_ws/install/eyantra_warehouse/share/eyantra_warehouse//models/boxes/box_28/meshes/box.dae
-- Installing: /home/pheonix/E-yantra-2024/colcon_ws/install/eyantra_warehouse/share/eyantra_warehouse//models/boxes/box_28/meshes/cardboard_bg.png
-- Installing: /home/pheonix/E-yantra-2024/colcon_ws/install/eyantra_warehouse/share/eyantra_warehouse//models/boxes/box_28/meshes/aruco_tag.jpg
-- Installing: /home/pheonix/E-yantra-2024/colcon_ws/install/eyantra_warehouse/share/eyantra_warehouse//models/boxes/box_28/model.sdf
-- Installing: /home/pheonix/E-yantra-2024/colcon_ws/install/eyantra_warehouse/share/eyantra_warehouse//models/boxes/box_28/model.config
-- Installing: /home/pheonix/E-yantra-2024/colcon_ws/install/eyantra_warehouse/share/eyantra_warehouse//models/boxes/box_1
-- Installing: /home/pheonix/E-yantra-2024/colcon_ws/install/eyantra_warehouse/share/eyantra_warehouse//models/boxes/box_1/meshes
-- Installing: /home/pheonix/E-yantra-2024/colcon_ws/install/eyantra_warehouse/share/eyantra_warehouse//models/boxes/box_1/meshes/box__bg.png
-- Installing: /home/pheonix/E-yantra-2024/colcon_ws/install/eyantra_warehouse/share/eyantra_warehouse//models/boxes/box_1/meshes/box.dae
-- Installing: /home/pheonix/E-yantra-2024/colcon_ws/install/eyantra_warehouse/share/eyantra_warehouse//models/boxes/box_1/meshes/cardboard_bg.png
-- Installing: /home/pheonix/E-yantra-2024/colcon_ws/install/eyantra_warehouse/share/eyantra_warehouse//models/boxes/box_1/meshes/aruco_tag.jpg
-- Installing: /home/pheonix/E-yantra-2024/colcon_ws/install/eyantra_warehouse/share/eyantra_warehouse//models/boxes/box_1/model.sdf
-- Installing: /home/pheonix/E-yantra-2024/colcon_ws/install/eyantra_warehouse/share/eyantra_warehouse//models/boxes/box_1/model.config
-- Installing: /home/pheonix/E-yantra-2024/colcon_ws/install/eyantra_warehouse/share/eyantra_warehouse//models/boxes/box_19
-- Installing: /home/pheonix/E-yantra-2024/colcon_ws/install/eyantra_warehouse/share/eyantra_warehouse//models/boxes/box_19/meshes
-- Installing: /home/pheonix/E-yantra-2024/colcon_ws/install/eyantra_warehouse/share/eyantra_warehouse//models/boxes/box_19/meshes/box__bg.png
-- Installing: /home/pheonix/E-yantra-2024/colcon_ws/install/eyantra_warehouse/share/eyantra_warehouse//models/boxes/box_19/meshes/box.dae
-- Installing: /home/pheonix/E-yantra-2024/colcon_ws/install/eyantra_warehouse/share/eyantra_warehouse//models/boxes/box_19/meshes/cardboard_bg.png
-- Installing: /home/pheonix/E-yantra-2024/colcon_ws/install/eyantra_warehouse/share/eyantra_warehouse//models/boxes/box_19/meshes/aruco_tag.jpg
-- Installing: /home/pheonix/E-yantra-2024/colcon_ws/install/eyantra_warehouse/share/eyantra_warehouse//models/boxes/box_19/model.sdf
-- Installing: /home/pheonix/E-yantra-2024/colcon_ws/install/eyantra_warehouse/share/eyantra_warehouse//models/boxes/box_19/model.config
-- Installing: /home/pheonix/E-yantra-2024/colcon_ws/install/eyantra_warehouse/share/eyantra_warehouse//models/boxes/box_39
-- Installing: /home/pheonix/E-yantra-2024/colcon_ws/install/eyantra_warehouse/share/eyantra_warehouse//models/boxes/box_39/meshes
-- Installing: /home/pheonix/E-yantra-2024/colcon_ws/install/eyantra_warehouse/share/eyantra_warehouse//models/boxes/box_39/meshes/box__bg.png
-- Installing: /home/pheonix/E-yantra-2024/colcon_ws/install/eyantra_warehouse/share/eyantra_warehouse//models/boxes/box_39/meshes/box.dae
-- Installing: /home/pheonix/E-yantra-2024/colcon_ws/install/eyantra_warehouse/share/eyantra_warehouse//models/boxes/box_39/meshes/cardboard_bg.png
-- Installing: /home/pheonix/E-yantra-2024/colcon_ws/install/eyantra_warehouse/share/eyantra_warehouse//models/boxes/box_39/meshes/aruco_tag.jpg
-- Installing: /home/pheonix/E-yantra-2024/colcon_ws/install/eyantra_warehouse/share/eyantra_warehouse//models/boxes/box_39/model.sdf
-- Installing: /home/pheonix/E-yantra-2024/colcon_ws/install/eyantra_warehouse/share/eyantra_warehouse//models/boxes/box_39/model.config
-- Installing: /home/pheonix/E-yantra-2024/colcon_ws/install/eyantra_warehouse/share/eyantra_warehouse//models/boxes/box_9
-- Installing: /home/pheonix/E-yantra-2024/colcon_ws/install/eyantra_warehouse/share/eyantra_warehouse//models/boxes/box_9/meshes
-- Installing: /home/pheonix/E-yantra-2024/colcon_ws/install/eyantra_warehouse/share/eyantra_warehouse//models/boxes/box_9/meshes/box__bg.png
-- Installing: /home/pheonix/E-yantra-2024/colcon_ws/install/eyantra_warehouse/share/eyantra_warehouse//models/boxes/box_9/meshes/box.dae
-- Installing: /home/pheonix/E-yantra-2024/colcon_ws/install/eyantra_warehouse/share/eyantra_warehouse//models/boxes/box_9/meshes/cardboard_bg.png
-- Installing: /home/pheonix/E-yantra-2024/colcon_ws/install/eyantra_warehouse/share/eyantra_warehouse//models/boxes/box_9/meshes/aruco_tag.jpg
-- Installing: /home/pheonix/E-yantra-2024/colcon_ws/install/eyantra_warehouse/share/eyantra_warehouse//models/boxes/box_9/model.sdf
-- Installing: /home/pheonix/E-yantra-2024/colcon_ws/install/eyantra_warehouse/share/eyantra_warehouse//models/boxes/box_9/model.config
-- Installing: /home/pheonix/E-yantra-2024/colcon_ws/install/eyantra_warehouse/share/eyantra_warehouse//models/boxes/box_8
-- Installing: /home/pheonix/E-yantra-2024/colcon_ws/install/eyantra_warehouse/share/eyantra_warehouse//models/boxes/box_8/meshes
-- Installing: /home/pheonix/E-yantra-2024/colcon_ws/install/eyantra_warehouse/share/eyantra_warehouse//models/boxes/box_8/meshes/box__bg.png
-- Installing: /home/pheonix/E-yantra-2024/colcon_ws/install/eyantra_warehouse/share/eyantra_warehouse//models/boxes/box_8/meshes/box.dae
-- Installing: /home/pheonix/E-yantra-2024/colcon_ws/install/eyantra_warehouse/share/eyantra_warehouse//models/boxes/box_8/meshes/cardboard_bg.png
-- Installing: /home/pheonix/E-yantra-2024/colcon_ws/install/eyantra_warehouse/share/eyantra_warehouse//models/boxes/box_8/meshes/aruco_tag.jpg
-- Installing: /home/pheonix/E-yantra-2024/colcon_ws/install/eyantra_warehouse/share/eyantra_warehouse//models/boxes/box_8/model.sdf
-- Installing: /home/pheonix/E-yantra-2024/colcon_ws/install/eyantra_warehouse/share/eyantra_warehouse//models/boxes/box_8/model.config
-- Installing: /home/pheonix/E-yantra-2024/colcon_ws/install/eyantra_warehouse/share/eyantra_warehouse//models/boxes/box_6
-- Installing: /home/pheonix/E-yantra-2024/colcon_ws/install/eyantra_warehouse/share/eyantra_warehouse//models/boxes/box_6/meshes
-- Installing: /home/pheonix/E-yantra-2024/colcon_ws/install/eyantra_warehouse/share/eyantra_warehouse//models/boxes/box_6/meshes/box__bg.png
-- Installing: /home/pheonix/E-yantra-2024/colcon_ws/install/eyantra_warehouse/share/eyantra_warehouse//models/boxes/box_6/meshes/box.dae
-- Installing: /home/pheonix/E-yantra-2024/colcon_ws/install/eyantra_warehouse/share/eyantra_warehouse//models/boxes/box_6/meshes/cardboard_bg.png
-- Installing: /home/pheonix/E-yantra-2024/colcon_ws/install/eyantra_warehouse/share/eyantra_warehouse//models/boxes/box_6/meshes/aruco_tag.jpg
-- Installing: /home/pheonix/E-yantra-2024/colcon_ws/install/eyantra_warehouse/share/eyantra_warehouse//models/boxes/box_6/model.sdf
-- Installing: /home/pheonix/E-yantra-2024/colcon_ws/install/eyantra_warehouse/share/eyantra_warehouse//models/boxes/box_6/model.config
-- Installing: /home/pheonix/E-yantra-2024/colcon_ws/install/eyantra_warehouse/share/eyantra_warehouse//models/boxes/box_35
-- Installing: /home/pheonix/E-yantra-2024/colcon_ws/install/eyantra_warehouse/share/eyantra_warehouse//models/boxes/box_35/meshes
-- Installing: /home/pheonix/E-yantra-2024/colcon_ws/install/eyantra_warehouse/share/eyantra_warehouse//models/boxes/box_35/meshes/box__bg.png
-- Installing: /home/pheonix/E-yantra-2024/colcon_ws/install/eyantra_warehouse/share/eyantra_warehouse//models/boxes/box_35/meshes/box.dae
-- Installing: /home/pheonix/E-yantra-2024/colcon_ws/install/eyantra_warehouse/share/eyantra_warehouse//models/boxes/box_35/meshes/cardboard_bg.png
-- Installing: /home/pheonix/E-yantra-2024/colcon_ws/install/eyantra_warehouse/share/eyantra_warehouse//models/boxes/box_35/meshes/aruco_tag.jpg
-- Installing: /home/pheonix/E-yantra-2024/colcon_ws/install/eyantra_warehouse/share/eyantra_warehouse//models/boxes/box_35/model.sdf
-- Installing: /home/pheonix/E-yantra-2024/colcon_ws/install/eyantra_warehouse/share/eyantra_warehouse//models/boxes/box_35/model.config
-- Installing: /home/pheonix/E-yantra-2024/colcon_ws/install/eyantra_warehouse/share/eyantra_warehouse//models/boxes/box_22
-- Installing: /home/pheonix/E-yantra-2024/colcon_ws/install/eyantra_warehouse/share/eyantra_warehouse//models/boxes/box_22/meshes
-- Installing: /home/pheonix/E-yantra-2024/colcon_ws/install/eyantra_warehouse/share/eyantra_warehouse//models/boxes/box_22/meshes/box__bg.png
-- Installing: /home/pheonix/E-yantra-2024/colcon_ws/install/eyantra_warehouse/share/eyantra_warehouse//models/boxes/box_22/meshes/box.dae
-- Installing: /home/pheonix/E-yantra-2024/colcon_ws/install/eyantra_warehouse/share/eyantra_warehouse//models/boxes/box_22/meshes/cardboard_bg.png
-- Installing: /home/pheonix/E-yantra-2024/colcon_ws/install/eyantra_warehouse/share/eyantra_warehouse//models/boxes/box_22/meshes/aruco_tag.jpg
-- Installing: /home/pheonix/E-yantra-2024/colcon_ws/install/eyantra_warehouse/share/eyantra_warehouse//models/boxes/box_22/model.sdf
-- Installing: /home/pheonix/E-yantra-2024/colcon_ws/install/eyantra_warehouse/share/eyantra_warehouse//models/boxes/box_22/model.config
-- Installing: /home/pheonix/E-yantra-2024/colcon_ws/install/eyantra_warehouse/share/eyantra_warehouse//models/boxes/box_42
-- Installing: /home/pheonix/E-yantra-2024/colcon_ws/install/eyantra_warehouse/share/eyantra_warehouse//models/boxes/box_42/meshes
-- Installing: /home/pheonix/E-yantra-2024/colcon_ws/install/eyantra_warehouse/share/eyantra_warehouse//models/boxes/box_42/meshes/box__bg.png
-- Installing: /home/pheonix/E-yantra-2024/colcon_ws/install/eyantra_warehouse/share/eyantra_warehouse//models/boxes/box_42/meshes/box.dae
-- Installing: /home/pheonix/E-yantra-2024/colcon_ws/install/eyantra_warehouse/share/eyantra_warehouse//models/boxes/box_42/meshes/cardboard_bg.png
-- Installing: /home/pheonix/E-yantra-2024/colcon_ws/install/eyantra_warehouse/share/eyantra_warehouse//models/boxes/box_42/meshes/aruco_tag.jpg
-- Installing: /home/pheonix/E-yantra-2024/colcon_ws/install/eyantra_warehouse/share/eyantra_warehouse//models/boxes/box_42/model.sdf
-- Installing: /home/pheonix/E-yantra-2024/colcon_ws/install/eyantra_warehouse/share/eyantra_warehouse//models/boxes/box_42/model.config
-- Installing: /home/pheonix/E-yantra-2024/colcon_ws/install/eyantra_warehouse/share/eyantra_warehouse//models/boxes/box_16
-- Installing: /home/pheonix/E-yantra-2024/colcon_ws/install/eyantra_warehouse/share/eyantra_warehouse//models/boxes/box_16/meshes
-- Installing: /home/pheonix/E-yantra-2024/colcon_ws/install/eyantra_warehouse/share/eyantra_warehouse//models/boxes/box_16/meshes/box__bg.png
-- Installing: /home/pheonix/E-yantra-2024/colcon_ws/install/eyantra_warehouse/share/eyantra_warehouse//models/boxes/box_16/meshes/box.dae
-- Installing: /home/pheonix/E-yantra-2024/colcon_ws/install/eyantra_warehouse/share/eyantra_warehouse//models/boxes/box_16/meshes/cardboard_bg.png
-- Installing: /home/pheonix/E-yantra-2024/colcon_ws/install/eyantra_warehouse/share/eyantra_warehouse//models/boxes/box_16/meshes/aruco_tag.jpg
-- Installing: /home/pheonix/E-yantra-2024/colcon_ws/install/eyantra_warehouse/share/eyantra_warehouse//models/boxes/box_16/model.sdf
-- Installing: /home/pheonix/E-yantra-2024/colcon_ws/install/eyantra_warehouse/share/eyantra_warehouse//models/boxes/box_16/model.config
-- Installing: /home/pheonix/E-yantra-2024/colcon_ws/install/eyantra_warehouse/share/eyantra_warehouse//models/boxes/box_37
-- Installing: /home/pheonix/E-yantra-2024/colcon_ws/install/eyantra_warehouse/share/eyantra_warehouse//models/boxes/box_37/meshes
-- Installing: /home/pheonix/E-yantra-2024/colcon_ws/install/eyantra_warehouse/share/eyantra_warehouse//models/boxes/box_37/meshes/box__bg.png
-- Installing: /home/pheonix/E-yantra-2024/colcon_ws/install/eyantra_warehouse/share/eyantra_warehouse//models/boxes/box_37/meshes/box.dae
-- Installing: /home/pheonix/E-yantra-2024/colcon_ws/install/eyantra_warehouse/share/eyantra_warehouse//models/boxes/box_37/meshes/cardboard_bg.png
-- Installing: /home/pheonix/E-yantra-2024/colcon_ws/install/eyantra_warehouse/share/eyantra_warehouse//models/boxes/box_37/meshes/aruco_tag.jpg
-- Installing: /home/pheonix/E-yantra-2024/colcon_ws/install/eyantra_warehouse/share/eyantra_warehouse//models/boxes/box_37/model.sdf
-- Installing: /home/pheonix/E-yantra-2024/colcon_ws/install/eyantra_warehouse/share/eyantra_warehouse//models/boxes/box_37/model.config
-- Installing: /home/pheonix/E-yantra-2024/colcon_ws/install/eyantra_warehouse/share/eyantra_warehouse//models/boxes/box_18
-- Installing: /home/pheonix/E-yantra-2024/colcon_ws/install/eyantra_warehouse/share/eyantra_warehouse//models/boxes/box_18/meshes
-- Installing: /home/pheonix/E-yantra-2024/colcon_ws/install/eyantra_warehouse/share/eyantra_warehouse//models/boxes/box_18/meshes/box__bg.png
-- Installing: /home/pheonix/E-yantra-2024/colcon_ws/install/eyantra_warehouse/share/eyantra_warehouse//models/boxes/box_18/meshes/box.dae
-- Installing: /home/pheonix/E-yantra-2024/colcon_ws/install/eyantra_warehouse/share/eyantra_warehouse//models/boxes/box_18/meshes/cardboard_bg.png
-- Installing: /home/pheonix/E-yantra-2024/colcon_ws/install/eyantra_warehouse/share/eyantra_warehouse//models/boxes/box_18/meshes/aruco_tag.jpg
-- Installing: /home/pheonix/E-yantra-2024/colcon_ws/install/eyantra_warehouse/share/eyantra_warehouse//models/boxes/box_18/model.sdf
-- Installing: /home/pheonix/E-yantra-2024/colcon_ws/install/eyantra_warehouse/share/eyantra_warehouse//models/boxes/box_18/model.config
-- Installing: /home/pheonix/E-yantra-2024/colcon_ws/install/eyantra_warehouse/share/eyantra_warehouse//models/boxes/box_7
-- Installing: /home/pheonix/E-yantra-2024/colcon_ws/install/eyantra_warehouse/share/eyantra_warehouse//models/boxes/box_7/meshes
-- Installing: /home/pheonix/E-yantra-2024/colcon_ws/install/eyantra_warehouse/share/eyantra_warehouse//models/boxes/box_7/meshes/box__bg.png
-- Installing: /home/pheonix/E-yantra-2024/colcon_ws/install/eyantra_warehouse/share/eyantra_warehouse//models/boxes/box_7/meshes/box.dae
-- Installing: /home/pheonix/E-yantra-2024/colcon_ws/install/eyantra_warehouse/share/eyantra_warehouse//models/boxes/box_7/meshes/cardboard_bg.png
-- Installing: /home/pheonix/E-yantra-2024/colcon_ws/install/eyantra_warehouse/share/eyantra_warehouse//models/boxes/box_7/meshes/aruco_tag.jpg
-- Installing: /home/pheonix/E-yantra-2024/colcon_ws/install/eyantra_warehouse/share/eyantra_warehouse//models/boxes/box_7/model.sdf
-- Installing: /home/pheonix/E-yantra-2024/colcon_ws/install/eyantra_warehouse/share/eyantra_warehouse//models/boxes/box_7/model.config
-- Installing: /home/pheonix/E-yantra-2024/colcon_ws/install/eyantra_warehouse/share/eyantra_warehouse//models/boxes/box_30
-- Installing: /home/pheonix/E-yantra-2024/colcon_ws/install/eyantra_warehouse/share/eyantra_warehouse//models/boxes/box_30/meshes
-- Installing: /home/pheonix/E-yantra-2024/colcon_ws/install/eyantra_warehouse/share/eyantra_warehouse//models/boxes/box_30/meshes/box__bg.png
-- Installing: /home/pheonix/E-yantra-2024/colcon_ws/install/eyantra_warehouse/share/eyantra_warehouse//models/boxes/box_30/meshes/box.dae
-- Installing: /home/pheonix/E-yantra-2024/colcon_ws/install/eyantra_warehouse/share/eyantra_warehouse//models/boxes/box_30/meshes/cardboard_bg.png
-- Installing: /home/pheonix/E-yantra-2024/colcon_ws/install/eyantra_warehouse/share/eyantra_warehouse//models/boxes/box_30/meshes/aruco_tag.jpg
-- Installing: /home/pheonix/E-yantra-2024/colcon_ws/install/eyantra_warehouse/share/eyantra_warehouse//models/boxes/box_30/model.sdf
-- Installing: /home/pheonix/E-yantra-2024/colcon_ws/install/eyantra_warehouse/share/eyantra_warehouse//models/boxes/box_30/model.config
-- Installing: /home/pheonix/E-yantra-2024/colcon_ws/install/eyantra_warehouse/share/eyantra_warehouse//models/boxes/box_33
-- Installing: /home/pheonix/E-yantra-2024/colcon_ws/install/eyantra_warehouse/share/eyantra_warehouse//models/boxes/box_33/meshes
-- Installing: /home/pheonix/E-yantra-2024/colcon_ws/install/eyantra_warehouse/share/eyantra_warehouse//models/boxes/box_33/meshes/box__bg.png
-- Installing: /home/pheonix/E-yantra-2024/colcon_ws/install/eyantra_warehouse/share/eyantra_warehouse//models/boxes/box_33/meshes/box.dae
-- Installing: /home/pheonix/E-yantra-2024/colcon_ws/install/eyantra_warehouse/share/eyantra_warehouse//models/boxes/box_33/meshes/cardboard_bg.png
-- Installing: /home/pheonix/E-yantra-2024/colcon_ws/install/eyantra_warehouse/share/eyantra_warehouse//models/boxes/box_33/meshes/aruco_tag.jpg
-- Installing: /home/pheonix/E-yantra-2024/colcon_ws/install/eyantra_warehouse/share/eyantra_warehouse//models/boxes/box_33/model.sdf
-- Installing: /home/pheonix/E-yantra-2024/colcon_ws/install/eyantra_warehouse/share/eyantra_warehouse//models/boxes/box_33/model.config
-- Installing: /home/pheonix/E-yantra-2024/colcon_ws/install/eyantra_warehouse/share/eyantra_warehouse//models/boxes/box_14
-- Installing: /home/pheonix/E-yantra-2024/colcon_ws/install/eyantra_warehouse/share/eyantra_warehouse//models/boxes/box_14/meshes
-- Installing: /home/pheonix/E-yantra-2024/colcon_ws/install/eyantra_warehouse/share/eyantra_warehouse//models/boxes/box_14/meshes/box__bg.png
-- Installing: /home/pheonix/E-yantra-2024/colcon_ws/install/eyantra_warehouse/share/eyantra_warehouse//models/boxes/box_14/meshes/box.dae
-- Installing: /home/pheonix/E-yantra-2024/colcon_ws/install/eyantra_warehouse/share/eyantra_warehouse//models/boxes/box_14/meshes/cardboard_bg.png
-- Installing: /home/pheonix/E-yantra-2024/colcon_ws/install/eyantra_warehouse/share/eyantra_warehouse//models/boxes/box_14/meshes/aruco_tag.jpg
-- Installing: /home/pheonix/E-yantra-2024/colcon_ws/install/eyantra_warehouse/share/eyantra_warehouse//models/boxes/box_14/model.sdf
-- Installing: /home/pheonix/E-yantra-2024/colcon_ws/install/eyantra_warehouse/share/eyantra_warehouse//models/boxes/box_14/model.config
-- Installing: /home/pheonix/E-yantra-2024/colcon_ws/install/eyantra_warehouse/share/eyantra_warehouse//models/boxes/box_23
-- Installing: /home/pheonix/E-yantra-2024/colcon_ws/install/eyantra_warehouse/share/eyantra_warehouse//models/boxes/box_23/meshes
-- Installing: /home/pheonix/E-yantra-2024/colcon_ws/install/eyantra_warehouse/share/eyantra_warehouse//models/boxes/box_23/meshes/box__bg.png
-- Installing: /home/pheonix/E-yantra-2024/colcon_ws/install/eyantra_warehouse/share/eyantra_warehouse//models/boxes/box_23/meshes/box.dae
-- Installing: /home/pheonix/E-yantra-2024/colcon_ws/install/eyantra_warehouse/share/eyantra_warehouse//models/boxes/box_23/meshes/cardboard_bg.png
-- Installing: /home/pheonix/E-yantra-2024/colcon_ws/install/eyantra_warehouse/share/eyantra_warehouse//models/boxes/box_23/meshes/aruco_tag.jpg
-- Installing: /home/pheonix/E-yantra-2024/colcon_ws/install/eyantra_warehouse/share/eyantra_warehouse//models/boxes/box_23/model.sdf
-- Installing: /home/pheonix/E-yantra-2024/colcon_ws/install/eyantra_warehouse/share/eyantra_warehouse//models/boxes/box_23/model.config
-- Installing: /home/pheonix/E-yantra-2024/colcon_ws/install/eyantra_warehouse/share/eyantra_warehouse//models/boxes/box_20
-- Installing: /home/pheonix/E-yantra-2024/colcon_ws/install/eyantra_warehouse/share/eyantra_warehouse//models/boxes/box_20/meshes
-- Installing: /home/pheonix/E-yantra-2024/colcon_ws/install/eyantra_warehouse/share/eyantra_warehouse//models/boxes/box_20/meshes/box__bg.png
-- Installing: /home/pheonix/E-yantra-2024/colcon_ws/install/eyantra_warehouse/share/eyantra_warehouse//models/boxes/box_20/meshes/box.dae
-- Installing: /home/pheonix/E-yantra-2024/colcon_ws/install/eyantra_warehouse/share/eyantra_warehouse//models/boxes/box_20/meshes/cardboard_bg.png
-- Installing: /home/pheonix/E-yantra-2024/colcon_ws/install/eyantra_warehouse/share/eyantra_warehouse//models/boxes/box_20/meshes/aruco_tag.jpg
-- Installing: /home/pheonix/E-yantra-2024/colcon_ws/install/eyantra_warehouse/share/eyantra_warehouse//models/boxes/box_20/model.sdf
-- Installing: /home/pheonix/E-yantra-2024/colcon_ws/install/eyantra_warehouse/share/eyantra_warehouse//models/boxes/box_20/model.config
-- Installing: /home/pheonix/E-yantra-2024/colcon_ws/install/eyantra_warehouse/share/eyantra_warehouse//models/boxes/box_40
-- Installing: /home/pheonix/E-yantra-2024/colcon_ws/install/eyantra_warehouse/share/eyantra_warehouse//models/boxes/box_40/meshes
-- Installing: /home/pheonix/E-yantra-2024/colcon_ws/install/eyantra_warehouse/share/eyantra_warehouse//models/boxes/box_40/meshes/box__bg.png
-- Installing: /home/pheonix/E-yantra-2024/colcon_ws/install/eyantra_warehouse/share/eyantra_warehouse//models/boxes/box_40/meshes/box.dae
-- Installing: /home/pheonix/E-yantra-2024/colcon_ws/install/eyantra_warehouse/share/eyantra_warehouse//models/boxes/box_40/meshes/cardboard_bg.png
-- Installing: /home/pheonix/E-yantra-2024/colcon_ws/install/eyantra_warehouse/share/eyantra_warehouse//models/boxes/box_40/meshes/aruco_tag.jpg
-- Installing: /home/pheonix/E-yantra-2024/colcon_ws/install/eyantra_warehouse/share/eyantra_warehouse//models/boxes/box_40/model.sdf
-- Installing: /home/pheonix/E-yantra-2024/colcon_ws/install/eyantra_warehouse/share/eyantra_warehouse//models/boxes/box_40/model.config
-- Installing: /home/pheonix/E-yantra-2024/colcon_ws/install/eyantra_warehouse/share/eyantra_warehouse//models/boxes/box_31
-- Installing: /home/pheonix/E-yantra-2024/colcon_ws/install/eyantra_warehouse/share/eyantra_warehouse//models/boxes/box_31/meshes
-- Installing: /home/pheonix/E-yantra-2024/colcon_ws/install/eyantra_warehouse/share/eyantra_warehouse//models/boxes/box_31/meshes/box__bg.png
-- Installing: /home/pheonix/E-yantra-2024/colcon_ws/install/eyantra_warehouse/share/eyantra_warehouse//models/boxes/box_31/meshes/box.dae
-- Installing: /home/pheonix/E-yantra-2024/colcon_ws/install/eyantra_warehouse/share/eyantra_warehouse//models/boxes/box_31/meshes/cardboard_bg.png
-- Installing: /home/pheonix/E-yantra-2024/colcon_ws/install/eyantra_warehouse/share/eyantra_warehouse//models/boxes/box_31/meshes/aruco_tag.jpg
-- Installing: /home/pheonix/E-yantra-2024/colcon_ws/install/eyantra_warehouse/share/eyantra_warehouse//models/boxes/box_31/model.sdf
-- Installing: /home/pheonix/E-yantra-2024/colcon_ws/install/eyantra_warehouse/share/eyantra_warehouse//models/boxes/box_31/model.config
-- Installing: /home/pheonix/E-yantra-2024/colcon_ws/install/eyantra_warehouse/share/eyantra_warehouse//models/boxes/box_38
-- Installing: /home/pheonix/E-yantra-2024/colcon_ws/install/eyantra_warehouse/share/eyantra_warehouse//models/boxes/box_38/meshes
-- Installing: /home/pheonix/E-yantra-2024/colcon_ws/install/eyantra_warehouse/share/eyantra_warehouse//models/boxes/box_38/meshes/box__bg.png
-- Installing: /home/pheonix/E-yantra-2024/colcon_ws/install/eyantra_warehouse/share/eyantra_warehouse//models/boxes/box_38/meshes/box.dae
-- Installing: /home/pheonix/E-yantra-2024/colcon_ws/install/eyantra_warehouse/share/eyantra_warehouse//models/boxes/box_38/meshes/cardboard_bg.png
-- Installing: /home/pheonix/E-yantra-2024/colcon_ws/install/eyantra_warehouse/share/eyantra_warehouse//models/boxes/box_38/meshes/aruco_tag.jpg
-- Installing: /home/pheonix/E-yantra-2024/colcon_ws/install/eyantra_warehouse/share/eyantra_warehouse//models/boxes/box_38/model.sdf
-- Installing: /home/pheonix/E-yantra-2024/colcon_ws/install/eyantra_warehouse/share/eyantra_warehouse//models/boxes/box_38/model.config
-- Installing: /home/pheonix/E-yantra-2024/colcon_ws/install/eyantra_warehouse/share/eyantra_warehouse//models/boxes/box_44
-- Installing: /home/pheonix/E-yantra-2024/colcon_ws/install/eyantra_warehouse/share/eyantra_warehouse//models/boxes/box_44/meshes
-- Installing: /home/pheonix/E-yantra-2024/colcon_ws/install/eyantra_warehouse/share/eyantra_warehouse//models/boxes/box_44/meshes/box__bg.png
-- Installing: /home/pheonix/E-yantra-2024/colcon_ws/install/eyantra_warehouse/share/eyantra_warehouse//models/boxes/box_44/meshes/box.dae
-- Installing: /home/pheonix/E-yantra-2024/colcon_ws/install/eyantra_warehouse/share/eyantra_warehouse//models/boxes/box_44/meshes/cardboard_bg.png
-- Installing: /home/pheonix/E-yantra-2024/colcon_ws/install/eyantra_warehouse/share/eyantra_warehouse//models/boxes/box_44/meshes/aruco_tag.jpg
-- Installing: /home/pheonix/E-yantra-2024/colcon_ws/install/eyantra_warehouse/share/eyantra_warehouse//models/boxes/box_44/model.sdf
-- Installing: /home/pheonix/E-yantra-2024/colcon_ws/install/eyantra_warehouse/share/eyantra_warehouse//models/boxes/box_44/model.config
-- Installing: /home/pheonix/E-yantra-2024/colcon_ws/install/eyantra_warehouse/share/eyantra_warehouse//models/boxes/box_11
-- Installing: /home/pheonix/E-yantra-2024/colcon_ws/install/eyantra_warehouse/share/eyantra_warehouse//models/boxes/box_11/meshes
-- Installing: /home/pheonix/E-yantra-2024/colcon_ws/install/eyantra_warehouse/share/eyantra_warehouse//models/boxes/box_11/meshes/box__bg.png
-- Installing: /home/pheonix/E-yantra-2024/colcon_ws/install/eyantra_warehouse/share/eyantra_warehouse//models/boxes/box_11/meshes/box.dae
-- Installing: /home/pheonix/E-yantra-2024/colcon_ws/install/eyantra_warehouse/share/eyantra_warehouse//models/boxes/box_11/meshes/cardboard_bg.png
-- Installing: /home/pheonix/E-yantra-2024/colcon_ws/install/eyantra_warehouse/share/eyantra_warehouse//models/boxes/box_11/meshes/aruco_tag.jpg
-- Installing: /home/pheonix/E-yantra-2024/colcon_ws/install/eyantra_warehouse/share/eyantra_warehouse//models/boxes/box_11/model.sdf
-- Installing: /home/pheonix/E-yantra-2024/colcon_ws/install/eyantra_warehouse/share/eyantra_warehouse//models/boxes/box_11/model.config
-- Installing: /home/pheonix/E-yantra-2024/colcon_ws/install/eyantra_warehouse/share/eyantra_warehouse//models/boxes/box_43
-- Installing: /home/pheonix/E-yantra-2024/colcon_ws/install/eyantra_warehouse/share/eyantra_warehouse//models/boxes/box_43/meshes
-- Installing: /home/pheonix/E-yantra-2024/colcon_ws/install/eyantra_warehouse/share/eyantra_warehouse//models/boxes/box_43/meshes/box__bg.png
-- Installing: /home/pheonix/E-yantra-2024/colcon_ws/install/eyantra_warehouse/share/eyantra_warehouse//models/boxes/box_43/meshes/box.dae
-- Installing: /home/pheonix/E-yantra-2024/colcon_ws/install/eyantra_warehouse/share/eyantra_warehouse//models/boxes/box_43/meshes/cardboard_bg.png
-- Installing: /home/pheonix/E-yantra-2024/colcon_ws/install/eyantra_warehouse/share/eyantra_warehouse//models/boxes/box_43/meshes/aruco_tag.jpg
-- Installing: /home/pheonix/E-yantra-2024/colcon_ws/install/eyantra_warehouse/share/eyantra_warehouse//models/boxes/box_43/model.sdf
-- Installing: /home/pheonix/E-yantra-2024/colcon_ws/install/eyantra_warehouse/share/eyantra_warehouse//models/boxes/box_43/model.config
-- Installing: /home/pheonix/E-yantra-2024/colcon_ws/install/eyantra_warehouse/share/eyantra_warehouse//models/boxes/box_2
-- Installing: /home/pheonix/E-yantra-2024/colcon_ws/install/eyantra_warehouse/share/eyantra_warehouse//models/boxes/box_2/meshes
-- Installing: /home/pheonix/E-yantra-2024/colcon_ws/install/eyantra_warehouse/share/eyantra_warehouse//models/boxes/box_2/meshes/box__bg.png
-- Installing: /home/pheonix/E-yantra-2024/colcon_ws/install/eyantra_warehouse/share/eyantra_warehouse//models/boxes/box_2/meshes/box.dae
-- Installing: /home/pheonix/E-yantra-2024/colcon_ws/install/eyantra_warehouse/share/eyantra_warehouse//models/boxes/box_2/meshes/cardboard_bg.png
-- Installing: /home/pheonix/E-yantra-2024/colcon_ws/install/eyantra_warehouse/share/eyantra_warehouse//models/boxes/box_2/meshes/aruco_tag.jpg
-- Installing: /home/pheonix/E-yantra-2024/colcon_ws/install/eyantra_warehouse/share/eyantra_warehouse//models/boxes/box_2/model.sdf
-- Installing: /home/pheonix/E-yantra-2024/colcon_ws/install/eyantra_warehouse/share/eyantra_warehouse//models/boxes/box_2/model.config
-- Installing: /home/pheonix/E-yantra-2024/colcon_ws/install/eyantra_warehouse/share/eyantra_warehouse//models/boxes/box_29
-- Installing: /home/pheonix/E-yantra-2024/colcon_ws/install/eyantra_warehouse/share/eyantra_warehouse//models/boxes/box_29/meshes
-- Installing: /home/pheonix/E-yantra-2024/colcon_ws/install/eyantra_warehouse/share/eyantra_warehouse//models/boxes/box_29/meshes/box__bg.png
-- Installing: /home/pheonix/E-yantra-2024/colcon_ws/install/eyantra_warehouse/share/eyantra_warehouse//models/boxes/box_29/meshes/box.dae
-- Installing: /home/pheonix/E-yantra-2024/colcon_ws/install/eyantra_warehouse/share/eyantra_warehouse//models/boxes/box_29/meshes/cardboard_bg.png
-- Installing: /home/pheonix/E-yantra-2024/colcon_ws/install/eyantra_warehouse/share/eyantra_warehouse//models/boxes/box_29/meshes/aruco_tag.jpg
-- Installing: /home/pheonix/E-yantra-2024/colcon_ws/install/eyantra_warehouse/share/eyantra_warehouse//models/boxes/box_29/model.sdf
-- Installing: /home/pheonix/E-yantra-2024/colcon_ws/install/eyantra_warehouse/share/eyantra_warehouse//models/boxes/box_29/model.config
-- Installing: /home/pheonix/E-yantra-2024/colcon_ws/install/eyantra_warehouse/share/eyantra_warehouse//models/boxes/box_45
-- Installing: /home/pheonix/E-yantra-2024/colcon_ws/install/eyantra_warehouse/share/eyantra_warehouse//models/boxes/box_45/meshes
-- Installing: /home/pheonix/E-yantra-2024/colcon_ws/install/eyantra_warehouse/share/eyantra_warehouse//models/boxes/box_45/meshes/box__bg.png
-- Installing: /home/pheonix/E-yantra-2024/colcon_ws/install/eyantra_warehouse/share/eyantra_warehouse//models/boxes/box_45/meshes/box.dae
-- Installing: /home/pheonix/E-yantra-2024/colcon_ws/install/eyantra_warehouse/share/eyantra_warehouse//models/boxes/box_45/meshes/cardboard_bg.png
-- Installing: /home/pheonix/E-yantra-2024/colcon_ws/install/eyantra_warehouse/share/eyantra_warehouse//models/boxes/box_45/meshes/aruco_tag.jpg
-- Installing: /home/pheonix/E-yantra-2024/colcon_ws/install/eyantra_warehouse/share/eyantra_warehouse//models/boxes/box_45/model.sdf
-- Installing: /home/pheonix/E-yantra-2024/colcon_ws/install/eyantra_warehouse/share/eyantra_warehouse//models/boxes/box_45/model.config
-- Installing: /home/pheonix/E-yantra-2024/colcon_ws/install/eyantra_warehouse/share/eyantra_warehouse//models/boxes/box_47
-- Installing: /home/pheonix/E-yantra-2024/colcon_ws/install/eyantra_warehouse/share/eyantra_warehouse//models/boxes/box_47/meshes
-- Installing: /home/pheonix/E-yantra-2024/colcon_ws/install/eyantra_warehouse/share/eyantra_warehouse//models/boxes/box_47/meshes/box__bg.png
-- Installing: /home/pheonix/E-yantra-2024/colcon_ws/install/eyantra_warehouse/share/eyantra_warehouse//models/boxes/box_47/meshes/box.dae
-- Installing: /home/pheonix/E-yantra-2024/colcon_ws/install/eyantra_warehouse/share/eyantra_warehouse//models/boxes/box_47/meshes/cardboard_bg.png
-- Installing: /home/pheonix/E-yantra-2024/colcon_ws/install/eyantra_warehouse/share/eyantra_warehouse//models/boxes/box_47/meshes/aruco_tag.jpg
-- Installing: /home/pheonix/E-yantra-2024/colcon_ws/install/eyantra_warehouse/share/eyantra_warehouse//models/boxes/box_47/model.sdf
-- Installing: /home/pheonix/E-yantra-2024/colcon_ws/install/eyantra_warehouse/share/eyantra_warehouse//models/boxes/box_47/model.config
-- Installing: /home/pheonix/E-yantra-2024/colcon_ws/install/eyantra_warehouse/share/eyantra_warehouse//models/boxes/box_36
-- Installing: /home/pheonix/E-yantra-2024/colcon_ws/install/eyantra_warehouse/share/eyantra_warehouse//models/boxes/box_36/meshes
-- Installing: /home/pheonix/E-yantra-2024/colcon_ws/install/eyantra_warehouse/share/eyantra_warehouse//models/boxes/box_36/meshes/box__bg.png
-- Installing: /home/pheonix/E-yantra-2024/colcon_ws/install/eyantra_warehouse/share/eyantra_warehouse//models/boxes/box_36/meshes/box.dae
-- Installing: /home/pheonix/E-yantra-2024/colcon_ws/install/eyantra_warehouse/share/eyantra_warehouse//models/boxes/box_36/meshes/cardboard_bg.png
-- Installing: /home/pheonix/E-yantra-2024/colcon_ws/install/eyantra_warehouse/share/eyantra_warehouse//models/boxes/box_36/meshes/aruco_tag.jpg
-- Installing: /home/pheonix/E-yantra-2024/colcon_ws/install/eyantra_warehouse/share/eyantra_warehouse//models/boxes/box_36/model.sdf
-- Installing: /home/pheonix/E-yantra-2024/colcon_ws/install/eyantra_warehouse/share/eyantra_warehouse//models/boxes/box_36/model.config
-- Installing: /home/pheonix/E-yantra-2024/colcon_ws/install/eyantra_warehouse/share/eyantra_warehouse//models/boxes/box_5
-- Installing: /home/pheonix/E-yantra-2024/colcon_ws/install/eyantra_warehouse/share/eyantra_warehouse//models/boxes/box_5/meshes
-- Installing: /home/pheonix/E-yantra-2024/colcon_ws/install/eyantra_warehouse/share/eyantra_warehouse//models/boxes/box_5/meshes/box__bg.png
-- Installing: /home/pheonix/E-yantra-2024/colcon_ws/install/eyantra_warehouse/share/eyantra_warehouse//models/boxes/box_5/meshes/box.dae
-- Installing: /home/pheonix/E-yantra-2024/colcon_ws/install/eyantra_warehouse/share/eyantra_warehouse//models/boxes/box_5/meshes/cardboard_bg.png
-- Installing: /home/pheonix/E-yantra-2024/colcon_ws/install/eyantra_warehouse/share/eyantra_warehouse//models/boxes/box_5/meshes/aruco_tag.jpg
-- Installing: /home/pheonix/E-yantra-2024/colcon_ws/install/eyantra_warehouse/share/eyantra_warehouse//models/boxes/box_5/model.sdf
-- Installing: /home/pheonix/E-yantra-2024/colcon_ws/install/eyantra_warehouse/share/eyantra_warehouse//models/boxes/box_5/model.config
-- Installing: /home/pheonix/E-yantra-2024/colcon_ws/install/eyantra_warehouse/share/eyantra_warehouse//models/boxes/box_4
-- Installing: /home/pheonix/E-yantra-2024/colcon_ws/install/eyantra_warehouse/share/eyantra_warehouse//models/boxes/box_4/meshes
-- Installing: /home/pheonix/E-yantra-2024/colcon_ws/install/eyantra_warehouse/share/eyantra_warehouse//models/boxes/box_4/meshes/box__bg.png
-- Installing: /home/pheonix/E-yantra-2024/colcon_ws/install/eyantra_warehouse/share/eyantra_warehouse//models/boxes/box_4/meshes/box.dae
-- Installing: /home/pheonix/E-yantra-2024/colcon_ws/install/eyantra_warehouse/share/eyantra_warehouse//models/boxes/box_4/meshes/cardboard_bg.png
-- Installing: /home/pheonix/E-yantra-2024/colcon_ws/install/eyantra_warehouse/share/eyantra_warehouse//models/boxes/box_4/meshes/aruco_tag.jpg
-- Installing: /home/pheonix/E-yantra-2024/colcon_ws/install/eyantra_warehouse/share/eyantra_warehouse//models/boxes/box_4/model.sdf
-- Installing: /home/pheonix/E-yantra-2024/colcon_ws/install/eyantra_warehouse/share/eyantra_warehouse//models/boxes/box_4/model.config
-- Installing: /home/pheonix/E-yantra-2024/colcon_ws/install/eyantra_warehouse/share/eyantra_warehouse//models/boxes/box_3
-- Installing: /home/pheonix/E-yantra-2024/colcon_ws/install/eyantra_warehouse/share/eyantra_warehouse//models/boxes/box_3/meshes
-- Installing: /home/pheonix/E-yantra-2024/colcon_ws/install/eyantra_warehouse/share/eyantra_warehouse//models/boxes/box_3/meshes/box__bg.png
-- Installing: /home/pheonix/E-yantra-2024/colcon_ws/install/eyantra_warehouse/share/eyantra_warehouse//models/boxes/box_3/meshes/box.dae
-- Installing: /home/pheonix/E-yantra-2024/colcon_ws/install/eyantra_warehouse/share/eyantra_warehouse//models/boxes/box_3/meshes/cardboard_bg.png
-- Installing: /home/pheonix/E-yantra-2024/colcon_ws/install/eyantra_warehouse/share/eyantra_warehouse//models/boxes/box_3/meshes/aruco_tag.jpg
-- Installing: /home/pheonix/E-yantra-2024/colcon_ws/install/eyantra_warehouse/share/eyantra_warehouse//models/boxes/box_3/model.sdf
-- Installing: /home/pheonix/E-yantra-2024/colcon_ws/install/eyantra_warehouse/share/eyantra_warehouse//models/boxes/box_3/model.config
-- Installing: /home/pheonix/E-yantra-2024/colcon_ws/install/eyantra_warehouse/share/eyantra_warehouse//models/boxes/box_26
-- Installing: /home/pheonix/E-yantra-2024/colcon_ws/install/eyantra_warehouse/share/eyantra_warehouse//models/boxes/box_26/meshes
-- Installing: /home/pheonix/E-yantra-2024/colcon_ws/install/eyantra_warehouse/share/eyantra_warehouse//models/boxes/box_26/meshes/box__bg.png
-- Installing: /home/pheonix/E-yantra-2024/colcon_ws/install/eyantra_warehouse/share/eyantra_warehouse//models/boxes/box_26/meshes/box.dae
-- Installing: /home/pheonix/E-yantra-2024/colcon_ws/install/eyantra_warehouse/share/eyantra_warehouse//models/boxes/box_26/meshes/cardboard_bg.png
-- Installing: /home/pheonix/E-yantra-2024/colcon_ws/install/eyantra_warehouse/share/eyantra_warehouse//models/boxes/box_26/meshes/aruco_tag.jpg
-- Installing: /home/pheonix/E-yantra-2024/colcon_ws/install/eyantra_warehouse/share/eyantra_warehouse//models/boxes/box_26/model.sdf
-- Installing: /home/pheonix/E-yantra-2024/colcon_ws/install/eyantra_warehouse/share/eyantra_warehouse//models/boxes/box_26/model.config
-- Installing: /home/pheonix/E-yantra-2024/colcon_ws/install/eyantra_warehouse/share/eyantra_warehouse//models/drop_table
-- Installing: /home/pheonix/E-yantra-2024/colcon_ws/install/eyantra_warehouse/share/eyantra_warehouse//models/drop_table/meshes
-- Installing: /home/pheonix/E-yantra-2024/colcon_ws/install/eyantra_warehouse/share/eyantra_warehouse//models/drop_table/meshes/eyantra_logo~red_280x55.png.001.png
-- Installing: /home/pheonix/E-yantra-2024/colcon_ws/install/eyantra_warehouse/share/eyantra_warehouse//models/drop_table/meshes/eyantra_logo~red_280x55.png
-- Installing: /home/pheonix/E-yantra-2024/colcon_ws/install/eyantra_warehouse/share/eyantra_warehouse//models/drop_table/meshes/table.dae
-- Installing: /home/pheonix/E-yantra-2024/colcon_ws/install/eyantra_warehouse/share/eyantra_warehouse//models/drop_table/model.sdf
-- Installing: /home/pheonix/E-yantra-2024/colcon_ws/install/eyantra_warehouse/share/eyantra_warehouse//models/drop_table/model.config
-- Installing: /home/pheonix/E-yantra-2024/colcon_ws/install/eyantra_warehouse/share/eyantra_warehouse//models/package_box
-- Installing: /home/pheonix/E-yantra-2024/colcon_ws/install/eyantra_warehouse/share/eyantra_warehouse//models/package_box/meshes
-- Installing: /home/pheonix/E-yantra-2024/colcon_ws/install/eyantra_warehouse/share/eyantra_warehouse//models/package_box/meshes/package_box.dae
-- Installing: /home/pheonix/E-yantra-2024/colcon_ws/install/eyantra_warehouse/share/eyantra_warehouse//models/package_box/meshes/4x4_1000-0.png
-- Installing: /home/pheonix/E-yantra-2024/colcon_ws/install/eyantra_warehouse/share/eyantra_warehouse//models/package_box/meshes/aws_robomaker_warehouse_ClutteringC_02.png
-- Installing: /home/pheonix/E-yantra-2024/colcon_ws/install/eyantra_warehouse/share/eyantra_warehouse//models/package_box/model.sdf
-- Installing: /home/pheonix/E-yantra-2024/colcon_ws/install/eyantra_warehouse/share/eyantra_warehouse//models/package_box/model.config
-- Installing: /home/pheonix/E-yantra-2024/colcon_ws/install/eyantra_warehouse/share/eyantra_warehouse//models/LB_city
-- Installing: /home/pheonix/E-yantra-2024/colcon_ws/install/eyantra_warehouse/share/eyantra_warehouse//models/LB_city/meshes
-- Installing: /home/pheonix/E-yantra-2024/colcon_ws/install/eyantra_warehouse/share/eyantra_warehouse//models/LB_city/meshes/SolarPanelsPolycrystallineTypeBFramedClean001_COL_3K.jpg.004.jp.jpg
-- Installing: /home/pheonix/E-yantra-2024/colcon_ws/install/eyantra_warehouse/share/eyantra_warehouse//models/LB_city/meshes/pv2c.jpg
-- Installing: /home/pheonix/E-yantra-2024/colcon_ws/install/eyantra_warehouse/share/eyantra_warehouse//models/LB_city/meshes/ocean_texture.jpeg
-- Installing: /home/pheonix/E-yantra-2024/colcon_ws/install/eyantra_warehouse/share/eyantra_warehouse//models/LB_city/meshes/f1q.jpg
-- Installing: /home/pheonix/E-yantra-2024/colcon_ws/install/eyantra_warehouse/share/eyantra_warehouse//models/LB_city/meshes/LAWN.jpg
-- Installing: /home/pheonix/E-yantra-2024/colcon_ws/install/eyantra_warehouse/share/eyantra_warehouse//models/LB_city/meshes/f1q.jpg.001.jpg
-- Installing: /home/pheonix/E-yantra-2024/colcon_ws/install/eyantra_warehouse/share/eyantra_warehouse//models/LB_city/meshes/LB_city.dae
-- Installing: /home/pheonix/E-yantra-2024/colcon_ws/install/eyantra_warehouse/share/eyantra_warehouse//models/LB_city/meshes/dm1.jpg
-- Installing: /home/pheonix/E-yantra-2024/colcon_ws/install/eyantra_warehouse/share/eyantra_warehouse//models/LB_city/meshes/pb2.jpg
-- Installing: /home/pheonix/E-yantra-2024/colcon_ws/install/eyantra_warehouse/share/eyantra_warehouse//models/LB_city/meshes/grass.png
-- Installing: /home/pheonix/E-yantra-2024/colcon_ws/install/eyantra_warehouse/share/eyantra_warehouse//models/LB_city/model.sdf
-- Installing: /home/pheonix/E-yantra-2024/colcon_ws/install/eyantra_warehouse/share/eyantra_warehouse//models/LB_city/model.config
-- Installing: /home/pheonix/E-yantra-2024/colcon_ws/install/eyantra_warehouse/share/eyantra_warehouse//models/ground_plane
-- Installing: /home/pheonix/E-yantra-2024/colcon_ws/install/eyantra_warehouse/share/eyantra_warehouse//models/ground_plane/model.sdf
-- Installing: /home/pheonix/E-yantra-2024/colcon_ws/install/eyantra_warehouse/share/eyantra_warehouse//models/ground_plane/model.config
-- Installing: /home/pheonix/E-yantra-2024/colcon_ws/install/eyantra_warehouse/share/eyantra_warehouse//models/conveyor_belt
-- Installing: /home/pheonix/E-yantra-2024/colcon_ws/install/eyantra_warehouse/share/eyantra_warehouse//models/conveyor_belt/meshes
-- Installing: /home/pheonix/E-yantra-2024/colcon_ws/install/eyantra_warehouse/share/eyantra_warehouse//models/conveyor_belt/meshes/conveyor_belt.dae
-- Installing: /home/pheonix/E-yantra-2024/colcon_ws/install/eyantra_warehouse/share/eyantra_warehouse//models/conveyor_belt/meshes/conveyor_belt.stl
-- Installing: /home/pheonix/E-yantra-2024/colcon_ws/install/eyantra_warehouse/share/eyantra_warehouse//models/conveyor_belt/model.sdf
-- Installing: /home/pheonix/E-yantra-2024/colcon_ws/install/eyantra_warehouse/share/eyantra_warehouse//models/conveyor_belt/model.config
-- Installing: /home/pheonix/E-yantra-2024/colcon_ws/install/eyantra_warehouse/share/eyantra_warehouse//models/warehouse_boundary
-- Installing: /home/pheonix/E-yantra-2024/colcon_ws/install/eyantra_warehouse/share/eyantra_warehouse//models/warehouse_boundary/meshes
-- Installing: /home/pheonix/E-yantra-2024/colcon_ws/install/eyantra_warehouse/share/eyantra_warehouse//models/warehouse_boundary/meshes/warehouse_floor.jpg
-- Installing: /home/pheonix/E-yantra-2024/colcon_ws/install/eyantra_warehouse/share/eyantra_warehouse//models/warehouse_boundary/meshes/warehouse_boundary_glass_cover.dae
-- Installing: /home/pheonix/E-yantra-2024/colcon_ws/install/eyantra_warehouse/share/eyantra_warehouse//models/warehouse_boundary/meshes/warehouse_boundary.dae
-- Installing: /home/pheonix/E-yantra-2024/colcon_ws/install/eyantra_warehouse/share/eyantra_warehouse//models/warehouse_boundary/model.sdf
-- Installing: /home/pheonix/E-yantra-2024/colcon_ws/install/eyantra_warehouse/share/eyantra_warehouse//models/warehouse_boundary/model.config
-- Installing: /home/pheonix/E-yantra-2024/colcon_ws/install/eyantra_warehouse/share/eyantra_warehouse//models/aws_robomaker_warehouse_DeskC_01
-- Installing: /home/pheonix/E-yantra-2024/colcon_ws/install/eyantra_warehouse/share/eyantra_warehouse//models/aws_robomaker_warehouse_DeskC_01/meshes
-- Installing: /home/pheonix/E-yantra-2024/colcon_ws/install/eyantra_warehouse/share/eyantra_warehouse//models/aws_robomaker_warehouse_DeskC_01/meshes/aws_robomaker_warehouse_DeskC_01_visual.DAE
-- Installing: /home/pheonix/E-yantra-2024/colcon_ws/install/eyantra_warehouse/share/eyantra_warehouse//models/aws_robomaker_warehouse_DeskC_01/meshes/aws_robomaker_warehouse_DeskC_01_collision.DAE
-- Installing: /home/pheonix/E-yantra-2024/colcon_ws/install/eyantra_warehouse/share/eyantra_warehouse//models/aws_robomaker_warehouse_DeskC_01/model.sdf
-- Installing: /home/pheonix/E-yantra-2024/colcon_ws/install/eyantra_warehouse/share/eyantra_warehouse//models/aws_robomaker_warehouse_DeskC_01/model.config
-- Installing: /home/pheonix/E-yantra-2024/colcon_ws/install/eyantra_warehouse/share/eyantra_warehouse//models/aws_robomaker_warehouse_DeskC_01/materials
-- Installing: /home/pheonix/E-yantra-2024/colcon_ws/install/eyantra_warehouse/share/eyantra_warehouse//models/aws_robomaker_warehouse_DeskC_01/materials/.DS_Store
-- Installing: /home/pheonix/E-yantra-2024/colcon_ws/install/eyantra_warehouse/share/eyantra_warehouse//models/aws_robomaker_warehouse_DeskC_01/materials/textures
-- Installing: /home/pheonix/E-yantra-2024/colcon_ws/install/eyantra_warehouse/share/eyantra_warehouse//models/aws_robomaker_warehouse_DeskC_01/materials/textures/aws_robomaker_warehouse_DeskC_02.png
-- Installing: /home/pheonix/E-yantra-2024/colcon_ws/install/eyantra_warehouse/share/eyantra_warehouse//models/aws_robomaker_warehouse_DeskC_01/materials/textures/aws_robomaker_warehouse_DeskC_01.png
-- Installing: /home/pheonix/E-yantra-2024/colcon_ws/install/eyantra_warehouse/share/eyantra_warehouse//models/aws_robomaker_warehouse_DeskC_01/materials/textures/aws_robomaker_warehouse_DeskC_04.png
-- Installing: /home/pheonix/E-yantra-2024/colcon_ws/install/eyantra_warehouse/share/eyantra_warehouse//models/aws_robomaker_warehouse_DeskC_01/materials/textures/aws_robomaker_warehouse_DeskC_03.png
-- Installing: /home/pheonix/E-yantra-2024/colcon_ws/install/eyantra_warehouse/share/eyantra_warehouse//models/aws_robomaker_warehouse_DeskC_01/materials/textures/aws_robomaker_warehouse_DeskC_03.psd
-- Installing: /home/pheonix/E-yantra-2024/colcon_ws/install/eyantra_warehouse/share/eyantra_warehouse//models/box
-- Installing: /home/pheonix/E-yantra-2024/colcon_ws/install/eyantra_warehouse/share/eyantra_warehouse//models/box/meshes
-- Installing: /home/pheonix/E-yantra-2024/colcon_ws/install/eyantra_warehouse/share/eyantra_warehouse//models/box/meshes/box__bg.png
-- Installing: /home/pheonix/E-yantra-2024/colcon_ws/install/eyantra_warehouse/share/eyantra_warehouse//models/box/meshes/box.dae
-- Installing: /home/pheonix/E-yantra-2024/colcon_ws/install/eyantra_warehouse/share/eyantra_warehouse//models/box/meshes/cardboard_bg.png
-- Installing: /home/pheonix/E-yantra-2024/colcon_ws/install/eyantra_warehouse/share/eyantra_warehouse//models/box/meshes/aruco_tag.jpg
-- Installing: /home/pheonix/E-yantra-2024/colcon_ws/install/eyantra_warehouse/share/eyantra_warehouse//models/box/meshes/centroid_old_box.zip
-- Installing: /home/pheonix/E-yantra-2024/colcon_ws/install/eyantra_warehouse/share/eyantra_warehouse//models/box/model.sdf
-- Installing: /home/pheonix/E-yantra-2024/colcon_ws/install/eyantra_warehouse/share/eyantra_warehouse//models/box/model.config
-- Installing: /home/pheonix/E-yantra-2024/colcon_ws/install/eyantra_warehouse/share/eyantra_warehouse//models/aws_robomaker_warehouse_PalletJackB_01
-- Installing: /home/pheonix/E-yantra-2024/colcon_ws/install/eyantra_warehouse/share/eyantra_warehouse//models/aws_robomaker_warehouse_PalletJackB_01/.DS_Store
-- Installing: /home/pheonix/E-yantra-2024/colcon_ws/install/eyantra_warehouse/share/eyantra_warehouse//models/aws_robomaker_warehouse_PalletJackB_01/meshes
-- Installing: /home/pheonix/E-yantra-2024/colcon_ws/install/eyantra_warehouse/share/eyantra_warehouse//models/aws_robomaker_warehouse_PalletJackB_01/meshes/aws_robomaker_warehouse_PalletJackB_01_collision.DAE
-- Installing: /home/pheonix/E-yantra-2024/colcon_ws/install/eyantra_warehouse/share/eyantra_warehouse//models/aws_robomaker_warehouse_PalletJackB_01/meshes/aws_robomaker_warehouse_PalletJackB_01_visual.DAE
-- Installing: /home/pheonix/E-yantra-2024/colcon_ws/install/eyantra_warehouse/share/eyantra_warehouse//models/aws_robomaker_warehouse_PalletJackB_01/model.sdf
-- Installing: /home/pheonix/E-yantra-2024/colcon_ws/install/eyantra_warehouse/share/eyantra_warehouse//models/aws_robomaker_warehouse_PalletJackB_01/model.config
-- Installing: /home/pheonix/E-yantra-2024/colcon_ws/install/eyantra_warehouse/share/eyantra_warehouse//models/aws_robomaker_warehouse_PalletJackB_01/materials
-- Installing: /home/pheonix/E-yantra-2024/colcon_ws/install/eyantra_warehouse/share/eyantra_warehouse//models/aws_robomaker_warehouse_PalletJackB_01/materials/.DS_Store
-- Installing: /home/pheonix/E-yantra-2024/colcon_ws/install/eyantra_warehouse/share/eyantra_warehouse//models/aws_robomaker_warehouse_PalletJackB_01/materials/textures
-- Installing: /home/pheonix/E-yantra-2024/colcon_ws/install/eyantra_warehouse/share/eyantra_warehouse//models/aws_robomaker_warehouse_PalletJackB_01/materials/textures/aws_robomaker_warehouse_PalletJackB_01.png
-- Installing: /home/pheonix/E-yantra-2024/colcon_ws/install/eyantra_warehouse/share/eyantra_warehouse//models/aws_robomaker_warehouse_PalletJackB_01/materials/textures/aws_robomaker_warehouse_PalletJackB_02.png
-- Installing: /home/pheonix/E-yantra-2024/colcon_ws/install/eyantra_warehouse/share/eyantra_warehouse//models/rack
-- Installing: /home/pheonix/E-yantra-2024/colcon_ws/install/eyantra_warehouse/share/eyantra_warehouse//models/rack/meshes
-- Installing: /home/pheonix/E-yantra-2024/colcon_ws/install/eyantra_warehouse/share/eyantra_warehouse//models/rack/meshes/brushedsteel_bg.jpg
-- Installing: /home/pheonix/E-yantra-2024/colcon_ws/install/eyantra_warehouse/share/eyantra_warehouse//models/rack/meshes/rack.dae
-- Installing: /home/pheonix/E-yantra-2024/colcon_ws/install/eyantra_warehouse/share/eyantra_warehouse//models/rack/meshes/rack.stl
-- Installing: /home/pheonix/E-yantra-2024/colcon_ws/install/eyantra_warehouse/share/eyantra_warehouse//models/rack/meshes/brushedsteel4.jpg
-- Installing: /home/pheonix/E-yantra-2024/colcon_ws/install/eyantra_warehouse/share/eyantra_warehouse//models/rack/model.sdf
-- Installing: /home/pheonix/E-yantra-2024/colcon_ws/install/eyantra_warehouse/share/eyantra_warehouse//models/rack/model.config
-- Installing: /home/pheonix/E-yantra-2024/colcon_ws/install/eyantra_warehouse/share/eyantra_warehouse//models/window
-- Installing: /home/pheonix/E-yantra-2024/colcon_ws/install/eyantra_warehouse/share/eyantra_warehouse//models/window/model.sdf
-- Installing: /home/pheonix/E-yantra-2024/colcon_ws/install/eyantra_warehouse/share/eyantra_warehouse//models/window/model.config
-- Installing: /home/pheonix/E-yantra-2024/colcon_ws/install/eyantra_warehouse/share/eyantra_warehouse//models/aws_robomaker_warehouse_ClutteringC_01
-- Installing: /home/pheonix/E-yantra-2024/colcon_ws/install/eyantra_warehouse/share/eyantra_warehouse//models/aws_robomaker_warehouse_ClutteringC_01/meshes
-- Installing: /home/pheonix/E-yantra-2024/colcon_ws/install/eyantra_warehouse/share/eyantra_warehouse//models/aws_robomaker_warehouse_ClutteringC_01/meshes/aws_robomaker_warehouse_ClutteringC_01_visual.DAE
-- Installing: /home/pheonix/E-yantra-2024/colcon_ws/install/eyantra_warehouse/share/eyantra_warehouse//models/aws_robomaker_warehouse_ClutteringC_01/meshes/aws_robomaker_warehouse_ClutteringC_01_collision.DAE
-- Installing: /home/pheonix/E-yantra-2024/colcon_ws/install/eyantra_warehouse/share/eyantra_warehouse//models/aws_robomaker_warehouse_ClutteringC_01/model.sdf
-- Installing: /home/pheonix/E-yantra-2024/colcon_ws/install/eyantra_warehouse/share/eyantra_warehouse//models/aws_robomaker_warehouse_ClutteringC_01/model.config
-- Installing: /home/pheonix/E-yantra-2024/colcon_ws/install/eyantra_warehouse/share/eyantra_warehouse//models/aws_robomaker_warehouse_ClutteringC_01/materials
-- Installing: /home/pheonix/E-yantra-2024/colcon_ws/install/eyantra_warehouse/share/eyantra_warehouse//models/aws_robomaker_warehouse_ClutteringC_01/materials/textures
-- Installing: /home/pheonix/E-yantra-2024/colcon_ws/install/eyantra_warehouse/share/eyantra_warehouse//models/aws_robomaker_warehouse_ClutteringC_01/materials/textures/aws_robomaker_warehouse_ClutteringC_01.png
-- Installing: /home/pheonix/E-yantra-2024/colcon_ws/install/eyantra_warehouse/share/eyantra_warehouse//models/aws_robomaker_warehouse_ClutteringC_01/materials/textures/aws_robomaker_warehouse_ClutteringC_02.png
-- Installing: /home/pheonix/E-yantra-2024/colcon_ws/install/eyantra_warehouse/share/eyantra_warehouse//models/arm_base
-- Installing: /home/pheonix/E-yantra-2024/colcon_ws/install/eyantra_warehouse/share/eyantra_warehouse//models/arm_base/meshes
-- Installing: /home/pheonix/E-yantra-2024/colcon_ws/install/eyantra_warehouse/share/eyantra_warehouse//models/arm_base/meshes/arm_base.dae
-- Installing: /home/pheonix/E-yantra-2024/colcon_ws/install/eyantra_warehouse/share/eyantra_warehouse//models/arm_base/model.sdf
-- Installing: /home/pheonix/E-yantra-2024/colcon_ws/install/eyantra_warehouse/share/eyantra_warehouse//models/arm_base/model.config
-- Installing: /home/pheonix/E-yantra-2024/colcon_ws/install/eyantra_warehouse/share/eyantra_warehouse//models/aws_robomaker_warehouse_ClutteringD_01
-- Installing: /home/pheonix/E-yantra-2024/colcon_ws/install/eyantra_warehouse/share/eyantra_warehouse//models/aws_robomaker_warehouse_ClutteringD_01/meshes
-- Installing: /home/pheonix/E-yantra-2024/colcon_ws/install/eyantra_warehouse/share/eyantra_warehouse//models/aws_robomaker_warehouse_ClutteringD_01/meshes/aws_robomaker_warehouse_ClutteringD_01_visual.DAE
-- Installing: /home/pheonix/E-yantra-2024/colcon_ws/install/eyantra_warehouse/share/eyantra_warehouse//models/aws_robomaker_warehouse_ClutteringD_01/meshes/aws_robomaker_warehouse_ClutteringD_01_collision.DAE
-- Installing: /home/pheonix/E-yantra-2024/colcon_ws/install/eyantra_warehouse/share/eyantra_warehouse//models/aws_robomaker_warehouse_ClutteringD_01/model.sdf
-- Installing: /home/pheonix/E-yantra-2024/colcon_ws/install/eyantra_warehouse/share/eyantra_warehouse//models/aws_robomaker_warehouse_ClutteringD_01/model.config
-- Installing: /home/pheonix/E-yantra-2024/colcon_ws/install/eyantra_warehouse/share/eyantra_warehouse//models/aws_robomaker_warehouse_ClutteringD_01/materials
-- Installing: /home/pheonix/E-yantra-2024/colcon_ws/install/eyantra_warehouse/share/eyantra_warehouse//models/aws_robomaker_warehouse_ClutteringD_01/materials/textures
-- Installing: /home/pheonix/E-yantra-2024/colcon_ws/install/eyantra_warehouse/share/eyantra_warehouse//models/aws_robomaker_warehouse_ClutteringD_01/materials/textures/aws_robomaker_warehouse_ClutteringD_02.png
-- Installing: /home/pheonix/E-yantra-2024/colcon_ws/install/eyantra_warehouse/share/eyantra_warehouse//models/aws_robomaker_warehouse_ClutteringD_01/materials/textures/aws_robomaker_warehouse_ClutteringD_01.png
-- Installing: /home/pheonix/E-yantra-2024/colcon_ws/install/eyantra_warehouse/share/eyantra_warehouse//config
-- Installing: /home/pheonix/E-yantra-2024/colcon_ws/install/eyantra_warehouse/share/eyantra_warehouse//config/SkyX_Moon.fragment
-- Installing: /home/pheonix/E-yantra-2024/colcon_ws/install/eyantra_warehouse/share/eyantra_warehouse//config/SkyX_Moon.png
-- Installing: /home/pheonix/E-yantra-2024/colcon_ws/install/eyantra_warehouse/share/eyantra_warehouse//config/package_link.json
-- Installing: /home/pheonix/E-yantra-2024/colcon_ws/install/eyantra_warehouse/share/ament_index/resource_index/package_run_dependencies/eyantra_warehouse
-- Installing: /home/pheonix/E-yantra-2024/colcon_ws/install/eyantra_warehouse/share/ament_index/resource_index/parent_prefix_path/eyantra_warehouse
-- Installing: /home/pheonix/E-yantra-2024/colcon_ws/install/eyantra_warehouse/share/eyantra_warehouse/environment/ament_prefix_path.sh
-- Installing: /home/pheonix/E-yantra-2024/colcon_ws/install/eyantra_warehouse/share/eyantra_warehouse/environment/ament_prefix_path.dsv
-- Installing: /home/pheonix/E-yantra-2024/colcon_ws/install/eyantra_warehouse/share/eyantra_warehouse/environment/path.sh
-- Installing: /home/pheonix/E-yantra-2024/colcon_ws/install/eyantra_warehouse/share/eyantra_warehouse/environment/path.dsv
-- Installing: /home/pheonix/E-yantra-2024/colcon_ws/install/eyantra_warehouse/share/eyantra_warehouse/local_setup.bash
-- Installing: /home/pheonix/E-yantra-2024/colcon_ws/install/eyantra_warehouse/share/eyantra_warehouse/local_setup.sh
-- Installing: /home/pheonix/E-yantra-2024/colcon_ws/install/eyantra_warehouse/share/eyantra_warehouse/local_setup.zsh
-- Installing: /home/pheonix/E-yantra-2024/colcon_ws/install/eyantra_warehouse/share/eyantra_warehouse/local_setup.dsv
-- Installing: /home/pheonix/E-yantra-2024/colcon_ws/install/eyantra_warehouse/share/eyantra_warehouse/package.dsv
-- Installing: /home/pheonix/E-yantra-2024/colcon_ws/install/eyantra_warehouse/share/ament_index/resource_index/packages/eyantra_warehouse
-- Installing: /home/pheonix/E-yantra-2024/colcon_ws/install/eyantra_warehouse/share/eyantra_warehouse/cmake/eyantra_warehouseConfig.cmake
-- Installing: /home/pheonix/E-yantra-2024/colcon_ws/install/eyantra_warehouse/share/eyantra_warehouse/cmake/eyantra_warehouseConfig-version.cmake
-- Installing: /home/pheonix/E-yantra-2024/colcon_ws/install/eyantra_warehouse/share/eyantra_warehouse/package.xml
