[0.025s] Invoking command in '/home/pheonix/E-yantra-2024/colcon_ws/build/ebot_description': CMAKE_PREFIX_PATH=${CMAKE_PREFIX_PATH}:/home/pheonix/E-yantra-2024/colcon_ws/install/ur5_control:/home/pheonix/ros-adv/install/actions_py:/opt/ros/humble /usr/bin/cmake --build /home/pheonix/E-yantra-2024/colcon_ws/build/ebot_description -- -j16 -l16
[0.208s] Invoked command in '/home/pheonix/E-yantra-2024/colcon_ws/build/ebot_description' returned '0': CMAKE_PREFIX_PATH=${CMAKE_PREFIX_PATH}:/home/pheonix/E-yantra-2024/colcon_ws/install/ur5_control:/home/pheonix/ros-adv/install/actions_py:/opt/ros/humble /usr/bin/cmake --build /home/pheonix/E-yantra-2024/colcon_ws/build/ebot_description -- -j16 -l16
[0.237s] Invoking command in '/home/pheonix/E-yantra-2024/colcon_ws/build/ebot_description': CMAKE_PREFIX_PATH=${CMAKE_PREFIX_PATH}:/home/pheonix/E-yantra-2024/colcon_ws/install/ur5_control:/home/pheonix/ros-adv/install/actions_py:/opt/ros/humble /usr/bin/cmake --install /home/pheonix/E-yantra-2024/colcon_ws/build/ebot_description
[0.242s] -- Install configuration: ""
[0.242s] -- Up-to-date: /home/pheonix/E-yantra-2024/colcon_ws/install/ebot_description/share/ebot_description//launch
[0.242s] -- Up-to-date: /home/pheonix/E-yantra-2024/colcon_ws/install/ebot_description/share/ebot_description//launch/start_world_task1b_launch.py
[0.242s] -- Up-to-date: /home/pheonix/E-yantra-2024/colcon_ws/install/ebot_description/share/ebot_description//launch/spawn_robot.py
[0.243s] -- Up-to-date: /home/pheonix/E-yantra-2024/colcon_ws/install/ebot_description/share/ebot_description//launch/start_world_launch.py
[0.243s] -- Up-to-date: /home/pheonix/E-yantra-2024/colcon_ws/install/ebot_description/share/ebot_description//launch/ebot_gazebo_launch.py
[0.243s] -- Up-to-date: /home/pheonix/E-yantra-2024/colcon_ws/install/ebot_description/share/ebot_description//launch/start_world_task1c_launch.py
[0.243s] -- Up-to-date: /home/pheonix/E-yantra-2024/colcon_ws/install/ebot_description/share/ebot_description//worlds
[0.243s] -- Up-to-date: /home/pheonix/E-yantra-2024/colcon_ws/install/ebot_description/share/ebot_description//worlds/empty.world
[0.244s] -- Up-to-date: /home/pheonix/E-yantra-2024/colcon_ws/install/ebot_description/share/ebot_description//models
[0.244s] -- Up-to-date: /home/pheonix/E-yantra-2024/colcon_ws/install/ebot_description/share/ebot_description//models/ebot
[0.244s] -- Up-to-date: /home/pheonix/E-yantra-2024/colcon_ws/install/ebot_description/share/ebot_description//models/ebot/ebot_description.xacro
[0.244s] -- Up-to-date: /home/pheonix/E-yantra-2024/colcon_ws/install/ebot_description/share/ebot_description//models/ebot/ebot.gazebo
[0.244s] -- Up-to-date: /home/pheonix/E-yantra-2024/colcon_ws/install/ebot_description/share/ebot_description//meshes
[0.244s] -- Up-to-date: /home/pheonix/E-yantra-2024/colcon_ws/install/ebot_description/share/ebot_description//meshes/chassis.dae
[0.245s] -- Up-to-date: /home/pheonix/E-yantra-2024/colcon_ws/install/ebot_description/share/ebot_description//meshes/robot_base.stl
[0.247s] -- Up-to-date: /home/pheonix/E-yantra-2024/colcon_ws/install/ebot_description/share/ebot_description//meshes/FUS3.STL
[0.247s] -- Up-to-date: /home/pheonix/E-yantra-2024/colcon_ws/install/ebot_description/share/ebot_description//meshes/FWR.STL
[0.247s] -- Up-to-date: /home/pheonix/E-yantra-2024/colcon_ws/install/ebot_description/share/ebot_description//meshes/RUS5.STL
[0.247s] -- Up-to-date: /home/pheonix/E-yantra-2024/colcon_ws/install/ebot_description/share/ebot_description//meshes/LHUS9.STL
[0.247s] -- Up-to-date: /home/pheonix/E-yantra-2024/colcon_ws/install/ebot_description/share/ebot_description//meshes/RHUS7.STL
[0.247s] -- Up-to-date: /home/pheonix/E-yantra-2024/colcon_ws/install/ebot_description/share/ebot_description//meshes/FUS2.STL
[0.247s] -- Up-to-date: /home/pheonix/E-yantra-2024/colcon_ws/install/ebot_description/share/ebot_description//meshes/FUS1.STL
[0.247s] -- Up-to-date: /home/pheonix/E-yantra-2024/colcon_ws/install/ebot_description/share/ebot_description//meshes/FUS4.STL
[0.247s] -- Up-to-date: /home/pheonix/E-yantra-2024/colcon_ws/install/ebot_description/share/ebot_description//meshes/LHUS10.STL
[0.248s] -- Up-to-date: /home/pheonix/E-yantra-2024/colcon_ws/install/ebot_description/share/ebot_description//meshes/FWL.STL
[0.248s] -- Up-to-date: /home/pheonix/E-yantra-2024/colcon_ws/install/ebot_description/share/ebot_description//meshes/RHUS9.STL
[0.248s] -- Up-to-date: /home/pheonix/E-yantra-2024/colcon_ws/install/ebot_description/share/ebot_description//meshes/RWR.STL
[0.248s] -- Up-to-date: /home/pheonix/E-yantra-2024/colcon_ws/install/ebot_description/share/ebot_description//meshes/RUS6.STL
[0.248s] -- Up-to-date: /home/pheonix/E-yantra-2024/colcon_ws/install/ebot_description/share/ebot_description//meshes/RWL.STL
[0.248s] -- Up-to-date: /home/pheonix/E-yantra-2024/colcon_ws/install/ebot_description/share/ebot_description//plugins
[0.248s] -- Up-to-date: /home/pheonix/E-yantra-2024/colcon_ws/install/ebot_description/share/ebot_description//plugins/libgazebo_ros_vacuum_gripper.so
[0.249s] -- Up-to-date: /home/pheonix/E-yantra-2024/colcon_ws/install/ebot_description/share/ebot_description//plugins/libgazebo_collision_sensor.so
[0.249s] -- Up-to-date: /home/pheonix/E-yantra-2024/colcon_ws/install/ebot_description/share/ament_index/resource_index/package_run_dependencies/ebot_description
[0.249s] -- Up-to-date: /home/pheonix/E-yantra-2024/colcon_ws/install/ebot_description/share/ament_index/resource_index/parent_prefix_path/ebot_description
[0.249s] -- Up-to-date: /home/pheonix/E-yantra-2024/colcon_ws/install/ebot_description/share/ebot_description/environment/ament_prefix_path.sh
[0.249s] -- Up-to-date: /home/pheonix/E-yantra-2024/colcon_ws/install/ebot_description/share/ebot_description/environment/ament_prefix_path.dsv
[0.249s] -- Up-to-date: /home/pheonix/E-yantra-2024/colcon_ws/install/ebot_description/share/ebot_description/environment/path.sh
[0.249s] -- Up-to-date: /home/pheonix/E-yantra-2024/colcon_ws/install/ebot_description/share/ebot_description/environment/path.dsv
[0.250s] -- Up-to-date: /home/pheonix/E-yantra-2024/colcon_ws/install/ebot_description/share/ebot_description/local_setup.bash
[0.250s] -- Up-to-date: /home/pheonix/E-yantra-2024/colcon_ws/install/ebot_description/share/ebot_description/local_setup.sh
[0.250s] -- Up-to-date: /home/pheonix/E-yantra-2024/colcon_ws/install/ebot_description/share/ebot_description/local_setup.zsh
[0.250s] -- Up-to-date: /home/pheonix/E-yantra-2024/colcon_ws/install/ebot_description/share/ebot_description/local_setup.dsv
[0.250s] -- Installing: /home/pheonix/E-yantra-2024/colcon_ws/install/ebot_description/share/ebot_description/package.dsv
[0.252s] -- Up-to-date: /home/pheonix/E-yantra-2024/colcon_ws/install/ebot_description/share/ament_index/resource_index/packages/ebot_description
[0.252s] -- Up-to-date: /home/pheonix/E-yantra-2024/colcon_ws/install/ebot_description/share/ebot_description/cmake/ebot_descriptionConfig.cmake
[0.252s] -- Up-to-date: /home/pheonix/E-yantra-2024/colcon_ws/install/ebot_description/share/ebot_description/cmake/ebot_descriptionConfig-version.cmake
[0.252s] -- Up-to-date: /home/pheonix/E-yantra-2024/colcon_ws/install/ebot_description/share/ebot_description/package.xml
[0.264s] Invoked command in '/home/pheonix/E-yantra-2024/colcon_ws/build/ebot_description' returned '0': CMAKE_PREFIX_PATH=${CMAKE_PREFIX_PATH}:/home/pheonix/E-yantra-2024/colcon_ws/install/ur5_control:/home/pheonix/ros-adv/install/actions_py:/opt/ros/humble /usr/bin/cmake --install /home/pheonix/E-yantra-2024/colcon_ws/build/ebot_description
