[0.474s] Invoking command in '/home/pheonix/E-yantra-2024/colcon_ws/src/ur5_control': PYTHONPATH=/home/pheonix/E-yantra-2024/colcon_ws/build/ur5_control/prefix_override:/usr/lib/python3/dist-packages/colcon_core/task/python/colcon_distutils_commands:/home/pheonix/E-yantra-2024/colcon_ws/install/ur5_control/lib/python3.10/site-packages:${PYTHONPATH} /usr/bin/python3 -W ignore:setup.py install is deprecated setup.py egg_info --egg-base ../../build/ur5_control build --build-base /home/pheonix/E-yantra-2024/colcon_ws/build/ur5_control/build install --record /home/pheonix/E-yantra-2024/colcon_ws/build/ur5_control/install.log --single-version-externally-managed install_data
[0.628s] running egg_info
[0.628s] writing ../../build/ur5_control/ur5_control.egg-info/PKG-INFO
[0.628s] writing dependency_links to ../../build/ur5_control/ur5_control.egg-info/dependency_links.txt
[0.628s] writing entry points to ../../build/ur5_control/ur5_control.egg-info/entry_points.txt
[0.628s] writing requirements to ../../build/ur5_control/ur5_control.egg-info/requires.txt
[0.628s] writing top-level names to ../../build/ur5_control/ur5_control.egg-info/top_level.txt
[0.629s] reading manifest file '../../build/ur5_control/ur5_control.egg-info/SOURCES.txt'
[0.630s] writing manifest file '../../build/ur5_control/ur5_control.egg-info/SOURCES.txt'
[0.630s] running build
[0.630s] running build_py
[0.630s] running install
[0.631s] running install_lib
[0.631s] running install_data
[0.631s] running install_egg_info
[0.633s] removing '/home/pheonix/E-yantra-2024/colcon_ws/install/ur5_control/lib/python3.10/site-packages/ur5_control-0.0.0-py3.10.egg-info' (and everything under it)
[0.633s] Copying ../../build/ur5_control/ur5_control.egg-info to /home/pheonix/E-yantra-2024/colcon_ws/install/ur5_control/lib/python3.10/site-packages/ur5_control-0.0.0-py3.10.egg-info
[0.633s] running install_scripts
[0.645s] Installing task1b script to /home/pheonix/E-yantra-2024/colcon_ws/install/ur5_control/lib/ur5_control
[0.645s] writing list of installed files to '/home/pheonix/E-yantra-2024/colcon_ws/build/ur5_control/install.log'
[0.662s] Invoked command in '/home/pheonix/E-yantra-2024/colcon_ws/src/ur5_control' returned '0': PYTHONPATH=/home/pheonix/E-yantra-2024/colcon_ws/build/ur5_control/prefix_override:/usr/lib/python3/dist-packages/colcon_core/task/python/colcon_distutils_commands:/home/pheonix/E-yantra-2024/colcon_ws/install/ur5_control/lib/python3.10/site-packages:${PYTHONPATH} /usr/bin/python3 -W ignore:setup.py install is deprecated setup.py egg_info --egg-base ../../build/ur5_control build --build-base /home/pheonix/E-yantra-2024/colcon_ws/build/ur5_control/build install --record /home/pheonix/E-yantra-2024/colcon_ws/build/ur5_control/install.log --single-version-externally-managed install_data
