-- The C compiler identification is GNU 11.4.0
-- The CXX compiler identification is GNU 11.4.0
-- Detecting C compiler ABI info
-- Detecting C compiler ABI info - done
-- Check for working C compiler: /usr/bin/cc - skipped
-- Detecting C compile features
-- Detecting C compile features - done
-- Detecting CXX compiler ABI info
-- Detecting CXX compiler ABI info - done
-- Check for working CXX compiler: /usr/bin/c++ - skipped
-- Detecting CXX compile features
-- Detecting CXX compile features - done
-- Found ament_cmake: 1.3.10 (/opt/ros/humble/share/ament_cmake/cmake)
-- Found Python3: /usr/bin/python3 (found version "3.10.12") found components: Interpreter 
-- Configuring done
-- Generating done
-- Build files have been written to: /home/pheonix/E-yantra-2024/colcon_ws/build/pymoveit2
Built target ament_cmake_python_copy_pymoveit2
running egg_info
creating pymoveit2.egg-info
writing pymoveit2.egg-info/PKG-INFO
writing dependency_links to pymoveit2.egg-info/dependency_links.txt
writing top-level names to pymoveit2.egg-info/top_level.txt
writing manifest file 'pymoveit2.egg-info/SOURCES.txt'
reading manifest file 'pymoveit2.egg-info/SOURCES.txt'
writing manifest file 'pymoveit2.egg-info/SOURCES.txt'
Built target ament_cmake_python_build_pymoveit2_egg
-- Install configuration: ""
-- Installing: /home/pheonix/E-yantra-2024/colcon_ws/install/pymoveit2/share/pymoveit2/environment/pythonpath.sh
-- Installing: /home/pheonix/E-yantra-2024/colcon_ws/install/pymoveit2/share/pymoveit2/environment/pythonpath.dsv
-- Installing: /home/pheonix/E-yantra-2024/colcon_ws/install/pymoveit2/local/lib/python3.10/dist-packages/pymoveit2-2.1.0-py3.10.egg-info
-- Installing: /home/pheonix/E-yantra-2024/colcon_ws/install/pymoveit2/local/lib/python3.10/dist-packages/pymoveit2-2.1.0-py3.10.egg-info/PKG-INFO
-- Installing: /home/pheonix/E-yantra-2024/colcon_ws/install/pymoveit2/local/lib/python3.10/dist-packages/pymoveit2-2.1.0-py3.10.egg-info/dependency_links.txt
-- Installing: /home/pheonix/E-yantra-2024/colcon_ws/install/pymoveit2/local/lib/python3.10/dist-packages/pymoveit2-2.1.0-py3.10.egg-info/SOURCES.txt
-- Installing: /home/pheonix/E-yantra-2024/colcon_ws/install/pymoveit2/local/lib/python3.10/dist-packages/pymoveit2-2.1.0-py3.10.egg-info/top_level.txt
-- Installing: /home/pheonix/E-yantra-2024/colcon_ws/install/pymoveit2/local/lib/python3.10/dist-packages/pymoveit2
-- Installing: /home/pheonix/E-yantra-2024/colcon_ws/install/pymoveit2/local/lib/python3.10/dist-packages/pymoveit2/__init__.py
-- Installing: /home/pheonix/E-yantra-2024/colcon_ws/install/pymoveit2/local/lib/python3.10/dist-packages/pymoveit2/moveit2.py
-- Installing: /home/pheonix/E-yantra-2024/colcon_ws/install/pymoveit2/local/lib/python3.10/dist-packages/pymoveit2/robots
-- Installing: /home/pheonix/E-yantra-2024/colcon_ws/install/pymoveit2/local/lib/python3.10/dist-packages/pymoveit2/robots/ur5.py
-- Installing: /home/pheonix/E-yantra-2024/colcon_ws/install/pymoveit2/local/lib/python3.10/dist-packages/pymoveit2/robots/__init__.py
-- Installing: /home/pheonix/E-yantra-2024/colcon_ws/install/pymoveit2/local/lib/python3.10/dist-packages/pymoveit2/robots/kinova.py
-- Installing: /home/pheonix/E-yantra-2024/colcon_ws/install/pymoveit2/local/lib/python3.10/dist-packages/pymoveit2/moveit2_servo.py
Listing '/home/pheonix/E-yantra-2024/colcon_ws/install/pymoveit2/local/lib/python3.10/dist-packages/pymoveit2'...
Compiling '/home/pheonix/E-yantra-2024/colcon_ws/install/pymoveit2/local/lib/python3.10/dist-packages/pymoveit2/__init__.py'...
Compiling '/home/pheonix/E-yantra-2024/colcon_ws/install/pymoveit2/local/lib/python3.10/dist-packages/pymoveit2/moveit2.py'...
Compiling '/home/pheonix/E-yantra-2024/colcon_ws/install/pymoveit2/local/lib/python3.10/dist-packages/pymoveit2/moveit2_servo.py'...
Listing '/home/pheonix/E-yantra-2024/colcon_ws/install/pymoveit2/local/lib/python3.10/dist-packages/pymoveit2/robots'...
Compiling '/home/pheonix/E-yantra-2024/colcon_ws/install/pymoveit2/local/lib/python3.10/dist-packages/pymoveit2/robots/__init__.py'...
Compiling '/home/pheonix/E-yantra-2024/colcon_ws/install/pymoveit2/local/lib/python3.10/dist-packages/pymoveit2/robots/kinova.py'...
Compiling '/home/pheonix/E-yantra-2024/colcon_ws/install/pymoveit2/local/lib/python3.10/dist-packages/pymoveit2/robots/ur5.py'...
-- Installing: /home/pheonix/E-yantra-2024/colcon_ws/install/pymoveit2/lib/pymoveit2/ex_collision_object.py
-- Installing: /home/pheonix/E-yantra-2024/colcon_ws/install/pymoveit2/lib/pymoveit2/ex_joint_goal.py
-- Installing: /home/pheonix/E-yantra-2024/colcon_ws/install/pymoveit2/lib/pymoveit2/ex_pose_goal.py
-- Installing: /home/pheonix/E-yantra-2024/colcon_ws/install/pymoveit2/lib/pymoveit2/ex_servo.py
-- Installing: /home/pheonix/E-yantra-2024/colcon_ws/install/pymoveit2/lib/pymoveit2/assets
-- Installing: /home/pheonix/E-yantra-2024/colcon_ws/install/pymoveit2/lib/pymoveit2/assets/box.stl
-- Installing: /home/pheonix/E-yantra-2024/colcon_ws/install/pymoveit2/lib/pymoveit2/assets/rack_box_again.stl
-- Installing: /home/pheonix/E-yantra-2024/colcon_ws/install/pymoveit2/lib/pymoveit2/assets/rack.stl
-- Installing: /home/pheonix/E-yantra-2024/colcon_ws/install/pymoveit2/lib/pymoveit2/assets/box2.stl
-- Installing: /home/pheonix/E-yantra-2024/colcon_ws/install/pymoveit2/lib/pymoveit2/assets/suzanne.stl
-- Installing: /home/pheonix/E-yantra-2024/colcon_ws/install/pymoveit2/lib/pymoveit2/assets/box1.stl
-- Installing: /home/pheonix/E-yantra-2024/colcon_ws/install/pymoveit2/lib/pymoveit2/assets/rack_box.stl
-- Installing: /home/pheonix/E-yantra-2024/colcon_ws/install/pymoveit2/lib/pymoveit2/assets/box3.stl
-- Installing: /home/pheonix/E-yantra-2024/colcon_ws/install/pymoveit2/share/ament_index/resource_index/package_run_dependencies/pymoveit2
-- Installing: /home/pheonix/E-yantra-2024/colcon_ws/install/pymoveit2/share/ament_index/resource_index/parent_prefix_path/pymoveit2
-- Installing: /home/pheonix/E-yantra-2024/colcon_ws/install/pymoveit2/share/pymoveit2/environment/ament_prefix_path.sh
-- Installing: /home/pheonix/E-yantra-2024/colcon_ws/install/pymoveit2/share/pymoveit2/environment/ament_prefix_path.dsv
-- Installing: /home/pheonix/E-yantra-2024/colcon_ws/install/pymoveit2/share/pymoveit2/environment/path.sh
-- Installing: /home/pheonix/E-yantra-2024/colcon_ws/install/pymoveit2/share/pymoveit2/environment/path.dsv
-- Installing: /home/pheonix/E-yantra-2024/colcon_ws/install/pymoveit2/share/pymoveit2/local_setup.bash
-- Installing: /home/pheonix/E-yantra-2024/colcon_ws/install/pymoveit2/share/pymoveit2/local_setup.sh
-- Installing: /home/pheonix/E-yantra-2024/colcon_ws/install/pymoveit2/share/pymoveit2/local_setup.zsh
-- Installing: /home/pheonix/E-yantra-2024/colcon_ws/install/pymoveit2/share/pymoveit2/local_setup.dsv
-- Installing: /home/pheonix/E-yantra-2024/colcon_ws/install/pymoveit2/share/pymoveit2/package.dsv
-- Installing: /home/pheonix/E-yantra-2024/colcon_ws/install/pymoveit2/share/ament_index/resource_index/packages/pymoveit2
-- Installing: /home/pheonix/E-yantra-2024/colcon_ws/install/pymoveit2/share/pymoveit2/cmake/pymoveit2Config.cmake
-- Installing: /home/pheonix/E-yantra-2024/colcon_ws/install/pymoveit2/share/pymoveit2/cmake/pymoveit2Config-version.cmake
-- Installing: /home/pheonix/E-yantra-2024/colcon_ws/install/pymoveit2/share/pymoveit2/package.xml
