[0.021s] Invoking command in '/home/pheonix/E-yantra-2024/colcon_ws/build/pymoveit2': CMAKE_PREFIX_PATH=${CMAKE_PREFIX_PATH}:/home/pheonix/ros-adv/install/actions_py:/opt/ros/humble /usr/bin/cmake /home/pheonix/E-yantra-2024/colcon_ws/src/pymoveit2 -DCMAKE_INSTALL_PREFIX=/home/pheonix/E-yantra-2024/colcon_ws/install/pymoveit2
[0.051s] -- The C compiler identification is GNU 11.4.0
[0.088s] -- The CXX compiler identification is GNU 11.4.0
[0.092s] -- Detecting C compiler ABI info
[0.144s] -- Detecting C compiler ABI info - done
[0.148s] -- Check for working C compiler: /usr/bin/cc - skipped
[0.148s] -- Detecting C compile features
[0.149s] -- Detecting C compile features - done
[0.150s] -- Detecting CXX compiler ABI info
[0.208s] -- Detecting CXX compiler ABI info - done
[0.212s] -- Check for working CXX compiler: /usr/bin/c++ - skipped
[0.212s] -- Detecting CXX compile features
[0.212s] -- Detecting CXX compile features - done
[0.214s] -- Found ament_cmake: 1.3.10 (/opt/ros/humble/share/ament_cmake/cmake)
[0.322s] -- Found Python3: /usr/bin/python3 (found version "3.10.12") found components: Interpreter 
[0.476s] -- Configuring done
[0.478s] -- Generating done
[0.479s] -- Build files have been written to: /home/pheonix/E-yantra-2024/colcon_ws/build/pymoveit2
[0.482s] Invoked command in '/home/pheonix/E-yantra-2024/colcon_ws/build/pymoveit2' returned '0': CMAKE_PREFIX_PATH=${CMAKE_PREFIX_PATH}:/home/pheonix/ros-adv/install/actions_py:/opt/ros/humble /usr/bin/cmake /home/pheonix/E-yantra-2024/colcon_ws/src/pymoveit2 -DCMAKE_INSTALL_PREFIX=/home/pheonix/E-yantra-2024/colcon_ws/install/pymoveit2
[0.484s] Invoking command in '/home/pheonix/E-yantra-2024/colcon_ws/build/pymoveit2': CMAKE_PREFIX_PATH=${CMAKE_PREFIX_PATH}:/home/pheonix/ros-adv/install/actions_py:/opt/ros/humble /usr/bin/cmake --build /home/pheonix/E-yantra-2024/colcon_ws/build/pymoveit2 -- -j16 -l16
[0.533s] Built target ament_cmake_python_copy_pymoveit2
[0.723s] running egg_info
[0.723s] creating pymoveit2.egg-info
[0.724s] writing pymoveit2.egg-info/PKG-INFO
[0.724s] writing dependency_links to pymoveit2.egg-info/dependency_links.txt
[0.724s] writing top-level names to pymoveit2.egg-info/top_level.txt
[0.724s] writing manifest file 'pymoveit2.egg-info/SOURCES.txt'
[0.726s] reading manifest file 'pymoveit2.egg-info/SOURCES.txt'
[0.726s] writing manifest file 'pymoveit2.egg-info/SOURCES.txt'
[0.752s] Built target ament_cmake_python_build_pymoveit2_egg
[0.762s] Invoked command in '/home/pheonix/E-yantra-2024/colcon_ws/build/pymoveit2' returned '0': CMAKE_PREFIX_PATH=${CMAKE_PREFIX_PATH}:/home/pheonix/ros-adv/install/actions_py:/opt/ros/humble /usr/bin/cmake --build /home/pheonix/E-yantra-2024/colcon_ws/build/pymoveit2 -- -j16 -l16
[0.781s] Invoking command in '/home/pheonix/E-yantra-2024/colcon_ws/build/pymoveit2': CMAKE_PREFIX_PATH=${CMAKE_PREFIX_PATH}:/home/pheonix/ros-adv/install/actions_py:/opt/ros/humble /usr/bin/cmake --install /home/pheonix/E-yantra-2024/colcon_ws/build/pymoveit2
[0.787s] -- Install configuration: ""
[0.787s] -- Installing: /home/pheonix/E-yantra-2024/colcon_ws/install/pymoveit2/share/pymoveit2/environment/pythonpath.sh
[0.787s] -- Installing: /home/pheonix/E-yantra-2024/colcon_ws/install/pymoveit2/share/pymoveit2/environment/pythonpath.dsv
[0.788s] -- Installing: /home/pheonix/E-yantra-2024/colcon_ws/install/pymoveit2/local/lib/python3.10/dist-packages/pymoveit2-2.1.0-py3.10.egg-info
[0.788s] -- Installing: /home/pheonix/E-yantra-2024/colcon_ws/install/pymoveit2/local/lib/python3.10/dist-packages/pymoveit2-2.1.0-py3.10.egg-info/PKG-INFO
[0.788s] -- Installing: /home/pheonix/E-yantra-2024/colcon_ws/install/pymoveit2/local/lib/python3.10/dist-packages/pymoveit2-2.1.0-py3.10.egg-info/dependency_links.txt
[0.788s] -- Installing: /home/pheonix/E-yantra-2024/colcon_ws/install/pymoveit2/local/lib/python3.10/dist-packages/pymoveit2-2.1.0-py3.10.egg-info/SOURCES.txt
[0.788s] -- Installing: /home/pheonix/E-yantra-2024/colcon_ws/install/pymoveit2/local/lib/python3.10/dist-packages/pymoveit2-2.1.0-py3.10.egg-info/top_level.txt
[0.788s] -- Installing: /home/pheonix/E-yantra-2024/colcon_ws/install/pymoveit2/local/lib/python3.10/dist-packages/pymoveit2
[0.788s] -- Installing: /home/pheonix/E-yantra-2024/colcon_ws/install/pymoveit2/local/lib/python3.10/dist-packages/pymoveit2/__init__.py
[0.788s] -- Installing: /home/pheonix/E-yantra-2024/colcon_ws/install/pymoveit2/local/lib/python3.10/dist-packages/pymoveit2/moveit2.py
[0.788s] -- Installing: /home/pheonix/E-yantra-2024/colcon_ws/install/pymoveit2/local/lib/python3.10/dist-packages/pymoveit2/robots
[0.788s] -- Installing: /home/pheonix/E-yantra-2024/colcon_ws/install/pymoveit2/local/lib/python3.10/dist-packages/pymoveit2/robots/ur5.py
[0.788s] -- Installing: /home/pheonix/E-yantra-2024/colcon_ws/install/pymoveit2/local/lib/python3.10/dist-packages/pymoveit2/robots/__init__.py
[0.788s] -- Installing: /home/pheonix/E-yantra-2024/colcon_ws/install/pymoveit2/local/lib/python3.10/dist-packages/pymoveit2/robots/kinova.py
[0.789s] -- Installing: /home/pheonix/E-yantra-2024/colcon_ws/install/pymoveit2/local/lib/python3.10/dist-packages/pymoveit2/moveit2_servo.py
[0.815s] Listing '/home/pheonix/E-yantra-2024/colcon_ws/install/pymoveit2/local/lib/python3.10/dist-packages/pymoveit2'...
[0.815s] Compiling '/home/pheonix/E-yantra-2024/colcon_ws/install/pymoveit2/local/lib/python3.10/dist-packages/pymoveit2/__init__.py'...
[0.815s] Compiling '/home/pheonix/E-yantra-2024/colcon_ws/install/pymoveit2/local/lib/python3.10/dist-packages/pymoveit2/moveit2.py'...
[0.815s] Compiling '/home/pheonix/E-yantra-2024/colcon_ws/install/pymoveit2/local/lib/python3.10/dist-packages/pymoveit2/moveit2_servo.py'...
[0.815s] Listing '/home/pheonix/E-yantra-2024/colcon_ws/install/pymoveit2/local/lib/python3.10/dist-packages/pymoveit2/robots'...
[0.815s] Compiling '/home/pheonix/E-yantra-2024/colcon_ws/install/pymoveit2/local/lib/python3.10/dist-packages/pymoveit2/robots/__init__.py'...
[0.815s] Compiling '/home/pheonix/E-yantra-2024/colcon_ws/install/pymoveit2/local/lib/python3.10/dist-packages/pymoveit2/robots/kinova.py'...
[0.815s] Compiling '/home/pheonix/E-yantra-2024/colcon_ws/install/pymoveit2/local/lib/python3.10/dist-packages/pymoveit2/robots/ur5.py'...
[0.818s] -- Installing: /home/pheonix/E-yantra-2024/colcon_ws/install/pymoveit2/lib/pymoveit2/ex_collision_object.py
[0.818s] -- Installing: /home/pheonix/E-yantra-2024/colcon_ws/install/pymoveit2/lib/pymoveit2/ex_joint_goal.py
[0.819s] -- Installing: /home/pheonix/E-yantra-2024/colcon_ws/install/pymoveit2/lib/pymoveit2/ex_pose_goal.py
[0.819s] -- Installing: /home/pheonix/E-yantra-2024/colcon_ws/install/pymoveit2/lib/pymoveit2/ex_servo.py
[0.819s] -- Installing: /home/pheonix/E-yantra-2024/colcon_ws/install/pymoveit2/lib/pymoveit2/assets
[0.819s] -- Installing: /home/pheonix/E-yantra-2024/colcon_ws/install/pymoveit2/lib/pymoveit2/assets/box.stl
[0.819s] -- Installing: /home/pheonix/E-yantra-2024/colcon_ws/install/pymoveit2/lib/pymoveit2/assets/rack_box_again.stl
[0.819s] -- Installing: /home/pheonix/E-yantra-2024/colcon_ws/install/pymoveit2/lib/pymoveit2/assets/rack.stl
[0.822s] -- Installing: /home/pheonix/E-yantra-2024/colcon_ws/install/pymoveit2/lib/pymoveit2/assets/box2.stl
[0.822s] -- Installing: /home/pheonix/E-yantra-2024/colcon_ws/install/pymoveit2/lib/pymoveit2/assets/suzanne.stl
[0.822s] -- Installing: /home/pheonix/E-yantra-2024/colcon_ws/install/pymoveit2/lib/pymoveit2/assets/box1.stl
[0.822s] -- Installing: /home/pheonix/E-yantra-2024/colcon_ws/install/pymoveit2/lib/pymoveit2/assets/rack_box.stl
[0.822s] -- Installing: /home/pheonix/E-yantra-2024/colcon_ws/install/pymoveit2/lib/pymoveit2/assets/box3.stl
[0.823s] -- Installing: /home/pheonix/E-yantra-2024/colcon_ws/install/pymoveit2/share/ament_index/resource_index/package_run_dependencies/pymoveit2
[0.823s] -- Installing: /home/pheonix/E-yantra-2024/colcon_ws/install/pymoveit2/share/ament_index/resource_index/parent_prefix_path/pymoveit2
[0.823s] -- Installing: /home/pheonix/E-yantra-2024/colcon_ws/install/pymoveit2/share/pymoveit2/environment/ament_prefix_path.sh
[0.823s] -- Installing: /home/pheonix/E-yantra-2024/colcon_ws/install/pymoveit2/share/pymoveit2/environment/ament_prefix_path.dsv
[0.823s] -- Installing: /home/pheonix/E-yantra-2024/colcon_ws/install/pymoveit2/share/pymoveit2/environment/path.sh
[0.823s] -- Installing: /home/pheonix/E-yantra-2024/colcon_ws/install/pymoveit2/share/pymoveit2/environment/path.dsv
[0.823s] -- Installing: /home/pheonix/E-yantra-2024/colcon_ws/install/pymoveit2/share/pymoveit2/local_setup.bash
[0.823s] -- Installing: /home/pheonix/E-yantra-2024/colcon_ws/install/pymoveit2/share/pymoveit2/local_setup.sh
[0.823s] -- Installing: /home/pheonix/E-yantra-2024/colcon_ws/install/pymoveit2/share/pymoveit2/local_setup.zsh
[0.823s] -- Installing: /home/pheonix/E-yantra-2024/colcon_ws/install/pymoveit2/share/pymoveit2/local_setup.dsv
[0.824s] -- Installing: /home/pheonix/E-yantra-2024/colcon_ws/install/pymoveit2/share/pymoveit2/package.dsv
[0.824s] -- Installing: /home/pheonix/E-yantra-2024/colcon_ws/install/pymoveit2/share/ament_index/resource_index/packages/pymoveit2
[0.824s] -- Installing: /home/pheonix/E-yantra-2024/colcon_ws/install/pymoveit2/share/pymoveit2/cmake/pymoveit2Config.cmake
[0.824s] -- Installing: /home/pheonix/E-yantra-2024/colcon_ws/install/pymoveit2/share/pymoveit2/cmake/pymoveit2Config-version.cmake
[0.824s] -- Installing: /home/pheonix/E-yantra-2024/colcon_ws/install/pymoveit2/share/pymoveit2/package.xml
[0.826s] Invoked command in '/home/pheonix/E-yantra-2024/colcon_ws/build/pymoveit2' returned '0': CMAKE_PREFIX_PATH=${CMAKE_PREFIX_PATH}:/home/pheonix/ros-adv/install/actions_py:/opt/ros/humble /usr/bin/cmake --install /home/pheonix/E-yantra-2024/colcon_ws/build/pymoveit2
