[0.005s] Invoking command in '/home/pheonix/E-yantra-2024/colcon_ws/build/ur_moveit_config': AMENT_PREFIX_PATH=/home/pheonix/E-yantra-2024/colcon_ws/install/ur_description:${AMENT_PREFIX_PATH} CMAKE_PREFIX_PATH=/home/pheonix/E-yantra-2024/colcon_ws/install/ur_description:/home/pheonix/ros-adv/install/my_robot_interfaces:/home/pheonix/ros-adv/install/actions_py:/opt/ros/humble /usr/bin/cmake /home/pheonix/E-yantra-2024/colcon_ws/src/ur_moveit_config -DCMAKE_INSTALL_PREFIX=/home/pheonix/E-yantra-2024/colcon_ws/install/ur_moveit_config
[0.047s] -- The C compiler identification is GNU 11.4.0
[0.087s] -- The CXX compiler identification is GNU 11.4.0
[0.092s] -- Detecting C compiler ABI info
[0.151s] -- Detecting C compiler ABI info - done
[0.155s] -- Check for working C compiler: /usr/bin/cc - skipped
[0.155s] -- Detecting C compile features
[0.155s] -- Detecting C compile features - done
[0.157s] -- Detecting CXX compiler ABI info
[0.221s] -- Detecting CXX compiler ABI info - done
[0.227s] -- Check for working CXX compiler: /usr/bin/c++ - skipped
[0.227s] -- Detecting CXX compile features
[0.227s] -- Detecting CXX compile features - done
[0.229s] -- Found ament_cmake: 1.3.10 (/opt/ros/humble/share/ament_cmake/cmake)
[0.339s] -- Found Python3: /usr/bin/python3 (found version "3.10.12") found components: Interpreter 
[0.418s] -- Found ament_lint_auto: 0.12.11 (/opt/ros/humble/share/ament_lint_auto/cmake)
[0.475s] -- Configuring done
[0.477s] -- Generating done
[0.478s] -- Build files have been written to: /home/pheonix/E-yantra-2024/colcon_ws/build/ur_moveit_config
[0.483s] Invoked command in '/home/pheonix/E-yantra-2024/colcon_ws/build/ur_moveit_config' returned '0': AMENT_PREFIX_PATH=/home/pheonix/E-yantra-2024/colcon_ws/install/ur_description:${AMENT_PREFIX_PATH} CMAKE_PREFIX_PATH=/home/pheonix/E-yantra-2024/colcon_ws/install/ur_description:/home/pheonix/ros-adv/install/my_robot_interfaces:/home/pheonix/ros-adv/install/actions_py:/opt/ros/humble /usr/bin/cmake /home/pheonix/E-yantra-2024/colcon_ws/src/ur_moveit_config -DCMAKE_INSTALL_PREFIX=/home/pheonix/E-yantra-2024/colcon_ws/install/ur_moveit_config
[0.484s] Invoking command in '/home/pheonix/E-yantra-2024/colcon_ws/build/ur_moveit_config': AMENT_PREFIX_PATH=/home/pheonix/E-yantra-2024/colcon_ws/install/ur_description:${AMENT_PREFIX_PATH} CMAKE_PREFIX_PATH=/home/pheonix/E-yantra-2024/colcon_ws/install/ur_description:/home/pheonix/ros-adv/install/my_robot_interfaces:/home/pheonix/ros-adv/install/actions_py:/opt/ros/humble /usr/bin/cmake --build /home/pheonix/E-yantra-2024/colcon_ws/build/ur_moveit_config -- -j16 -l16
[0.528s] Invoked command in '/home/pheonix/E-yantra-2024/colcon_ws/build/ur_moveit_config' returned '0': AMENT_PREFIX_PATH=/home/pheonix/E-yantra-2024/colcon_ws/install/ur_description:${AMENT_PREFIX_PATH} CMAKE_PREFIX_PATH=/home/pheonix/E-yantra-2024/colcon_ws/install/ur_description:/home/pheonix/ros-adv/install/my_robot_interfaces:/home/pheonix/ros-adv/install/actions_py:/opt/ros/humble /usr/bin/cmake --build /home/pheonix/E-yantra-2024/colcon_ws/build/ur_moveit_config -- -j16 -l16
[0.549s] Invoking command in '/home/pheonix/E-yantra-2024/colcon_ws/build/ur_moveit_config': AMENT_PREFIX_PATH=/home/pheonix/E-yantra-2024/colcon_ws/install/ur_description:${AMENT_PREFIX_PATH} CMAKE_PREFIX_PATH=/home/pheonix/E-yantra-2024/colcon_ws/install/ur_description:/home/pheonix/ros-adv/install/my_robot_interfaces:/home/pheonix/ros-adv/install/actions_py:/opt/ros/humble /usr/bin/cmake --install /home/pheonix/E-yantra-2024/colcon_ws/build/ur_moveit_config
[0.555s] -- Install configuration: ""
[0.555s] -- Installing: /home/pheonix/E-yantra-2024/colcon_ws/install/ur_moveit_config/share/ur_moveit_config/config
[0.555s] -- Installing: /home/pheonix/E-yantra-2024/colcon_ws/install/ur_moveit_config/share/ur_moveit_config/config/kinematics.yaml
[0.555s] -- Installing: /home/pheonix/E-yantra-2024/colcon_ws/install/ur_moveit_config/share/ur_moveit_config/launch
[0.555s] -- Installing: /home/pheonix/E-yantra-2024/colcon_ws/install/ur_moveit_config/share/ur_moveit_config/launch/ur_moveit.launch.py
[0.555s] -- Installing: /home/pheonix/E-yantra-2024/colcon_ws/install/ur_moveit_config/share/ur_moveit_config/rviz
[0.555s] -- Installing: /home/pheonix/E-yantra-2024/colcon_ws/install/ur_moveit_config/share/ur_moveit_config/rviz/view_robot.rviz
[0.555s] -- Installing: /home/pheonix/E-yantra-2024/colcon_ws/install/ur_moveit_config/share/ur_moveit_config/srdf
[0.555s] -- Installing: /home/pheonix/E-yantra-2024/colcon_ws/install/ur_moveit_config/share/ur_moveit_config/srdf/ur.srdf.xacro
[0.555s] -- Installing: /home/pheonix/E-yantra-2024/colcon_ws/install/ur_moveit_config/share/ur_moveit_config/srdf/ur_macro.srdf.xacro
[0.556s] -- Installing: /home/pheonix/E-yantra-2024/colcon_ws/install/ur_moveit_config/share/ament_index/resource_index/package_run_dependencies/ur_moveit_config
[0.556s] -- Installing: /home/pheonix/E-yantra-2024/colcon_ws/install/ur_moveit_config/share/ament_index/resource_index/parent_prefix_path/ur_moveit_config
[0.556s] -- Installing: /home/pheonix/E-yantra-2024/colcon_ws/install/ur_moveit_config/share/ur_moveit_config/environment/ament_prefix_path.sh
[0.556s] -- Installing: /home/pheonix/E-yantra-2024/colcon_ws/install/ur_moveit_config/share/ur_moveit_config/environment/ament_prefix_path.dsv
[0.556s] -- Installing: /home/pheonix/E-yantra-2024/colcon_ws/install/ur_moveit_config/share/ur_moveit_config/environment/path.sh
[0.556s] -- Installing: /home/pheonix/E-yantra-2024/colcon_ws/install/ur_moveit_config/share/ur_moveit_config/environment/path.dsv
[0.556s] -- Installing: /home/pheonix/E-yantra-2024/colcon_ws/install/ur_moveit_config/share/ur_moveit_config/local_setup.bash
[0.556s] -- Installing: /home/pheonix/E-yantra-2024/colcon_ws/install/ur_moveit_config/share/ur_moveit_config/local_setup.sh
[0.556s] -- Installing: /home/pheonix/E-yantra-2024/colcon_ws/install/ur_moveit_config/share/ur_moveit_config/local_setup.zsh
[0.556s] -- Installing: /home/pheonix/E-yantra-2024/colcon_ws/install/ur_moveit_config/share/ur_moveit_config/local_setup.dsv
[0.557s] -- Installing: /home/pheonix/E-yantra-2024/colcon_ws/install/ur_moveit_config/share/ur_moveit_config/package.dsv
[0.557s] -- Installing: /home/pheonix/E-yantra-2024/colcon_ws/install/ur_moveit_config/share/ament_index/resource_index/packages/ur_moveit_config
[0.557s] -- Installing: /home/pheonix/E-yantra-2024/colcon_ws/install/ur_moveit_config/share/ur_moveit_config/cmake/ur_moveit_configConfig.cmake
[0.557s] -- Installing: /home/pheonix/E-yantra-2024/colcon_ws/install/ur_moveit_config/share/ur_moveit_config/cmake/ur_moveit_configConfig-version.cmake
[0.557s] -- Installing: /home/pheonix/E-yantra-2024/colcon_ws/install/ur_moveit_config/share/ur_moveit_config/package.xml
[0.559s] Invoked command in '/home/pheonix/E-yantra-2024/colcon_ws/build/ur_moveit_config' returned '0': AMENT_PREFIX_PATH=/home/pheonix/E-yantra-2024/colcon_ws/install/ur_description:${AMENT_PREFIX_PATH} CMAKE_PREFIX_PATH=/home/pheonix/E-yantra-2024/colcon_ws/install/ur_description:/home/pheonix/ros-adv/install/my_robot_interfaces:/home/pheonix/ros-adv/install/actions_py:/opt/ros/humble /usr/bin/cmake --install /home/pheonix/E-yantra-2024/colcon_ws/build/ur_moveit_config
