-- Install configuration: ""
-- Up-to-date: /home/pheonix/E-yantra-2024/colcon_ws/install/ebot_description/share/ebot_description//launch
-- Up-to-date: /home/pheonix/E-yantra-2024/colcon_ws/install/ebot_description/share/ebot_description//launch/start_world_task1b_launch.py
-- Up-to-date: /home/pheonix/E-yantra-2024/colcon_ws/install/ebot_description/share/ebot_description//launch/spawn_robot.py
-- Up-to-date: /home/pheonix/E-yantra-2024/colcon_ws/install/ebot_description/share/ebot_description//launch/start_world_launch.py
-- Up-to-date: /home/pheonix/E-yantra-2024/colcon_ws/install/ebot_description/share/ebot_description//launch/ebot_gazebo_launch.py
-- Up-to-date: /home/pheonix/E-yantra-2024/colcon_ws/install/ebot_description/share/ebot_description//launch/start_world_task1c_launch.py
-- Up-to-date: /home/pheonix/E-yantra-2024/colcon_ws/install/ebot_description/share/ebot_description//worlds
-- Up-to-date: /home/pheonix/E-yantra-2024/colcon_ws/install/ebot_description/share/ebot_description//worlds/empty.world
-- Up-to-date: /home/pheonix/E-yantra-2024/colcon_ws/install/ebot_description/share/ebot_description//models
-- Up-to-date: /home/pheonix/E-yantra-2024/colcon_ws/install/ebot_description/share/ebot_description//models/ebot
-- Up-to-date: /home/pheonix/E-yantra-2024/colcon_ws/install/ebot_description/share/ebot_description//models/ebot/ebot_description.xacro
-- Up-to-date: /home/pheonix/E-yantra-2024/colcon_ws/install/ebot_description/share/ebot_description//models/ebot/ebot.gazebo
-- Up-to-date: /home/pheonix/E-yantra-2024/colcon_ws/install/ebot_description/share/ebot_description//meshes
-- Up-to-date: /home/pheonix/E-yantra-2024/colcon_ws/install/ebot_description/share/ebot_description//meshes/chassis.dae
-- Up-to-date: /home/pheonix/E-yantra-2024/colcon_ws/install/ebot_description/share/ebot_description//meshes/robot_base.stl
-- Up-to-date: /home/pheonix/E-yantra-2024/colcon_ws/install/ebot_description/share/ebot_description//meshes/FUS3.STL
-- Up-to-date: /home/pheonix/E-yantra-2024/colcon_ws/install/ebot_description/share/ebot_description//meshes/FWR.STL
-- Up-to-date: /home/pheonix/E-yantra-2024/colcon_ws/install/ebot_description/share/ebot_description//meshes/RUS5.STL
-- Up-to-date: /home/pheonix/E-yantra-2024/colcon_ws/install/ebot_description/share/ebot_description//meshes/LHUS9.STL
-- Up-to-date: /home/pheonix/E-yantra-2024/colcon_ws/install/ebot_description/share/ebot_description//meshes/RHUS7.STL
-- Up-to-date: /home/pheonix/E-yantra-2024/colcon_ws/install/ebot_description/share/ebot_description//meshes/FUS2.STL
-- Up-to-date: /home/pheonix/E-yantra-2024/colcon_ws/install/ebot_description/share/ebot_description//meshes/FUS1.STL
-- Up-to-date: /home/pheonix/E-yantra-2024/colcon_ws/install/ebot_description/share/ebot_description//meshes/FUS4.STL
-- Up-to-date: /home/pheonix/E-yantra-2024/colcon_ws/install/ebot_description/share/ebot_description//meshes/LHUS10.STL
-- Up-to-date: /home/pheonix/E-yantra-2024/colcon_ws/install/ebot_description/share/ebot_description//meshes/FWL.STL
-- Up-to-date: /home/pheonix/E-yantra-2024/colcon_ws/install/ebot_description/share/ebot_description//meshes/RHUS9.STL
-- Up-to-date: /home/pheonix/E-yantra-2024/colcon_ws/install/ebot_description/share/ebot_description//meshes/RWR.STL
-- Up-to-date: /home/pheonix/E-yantra-2024/colcon_ws/install/ebot_description/share/ebot_description//meshes/RUS6.STL
-- Up-to-date: /home/pheonix/E-yantra-2024/colcon_ws/install/ebot_description/share/ebot_description//meshes/RWL.STL
-- Up-to-date: /home/pheonix/E-yantra-2024/colcon_ws/install/ebot_description/share/ebot_description//plugins
-- Up-to-date: /home/pheonix/E-yantra-2024/colcon_ws/install/ebot_description/share/ebot_description//plugins/libgazebo_ros_vacuum_gripper.so
-- Up-to-date: /home/pheonix/E-yantra-2024/colcon_ws/install/ebot_description/share/ebot_description//plugins/libgazebo_collision_sensor.so
-- Up-to-date: /home/pheonix/E-yantra-2024/colcon_ws/install/ebot_description/share/ament_index/resource_index/package_run_dependencies/ebot_description
-- Up-to-date: /home/pheonix/E-yantra-2024/colcon_ws/install/ebot_description/share/ament_index/resource_index/parent_prefix_path/ebot_description
-- Up-to-date: /home/pheonix/E-yantra-2024/colcon_ws/install/ebot_description/share/ebot_description/environment/ament_prefix_path.sh
-- Up-to-date: /home/pheonix/E-yantra-2024/colcon_ws/install/ebot_description/share/ebot_description/environment/ament_prefix_path.dsv
-- Up-to-date: /home/pheonix/E-yantra-2024/colcon_ws/install/ebot_description/share/ebot_description/environment/path.sh
-- Up-to-date: /home/pheonix/E-yantra-2024/colcon_ws/install/ebot_description/share/ebot_description/environment/path.dsv
-- Up-to-date: /home/pheonix/E-yantra-2024/colcon_ws/install/ebot_description/share/ebot_description/local_setup.bash
-- Up-to-date: /home/pheonix/E-yantra-2024/colcon_ws/install/ebot_description/share/ebot_description/local_setup.sh
-- Up-to-date: /home/pheonix/E-yantra-2024/colcon_ws/install/ebot_description/share/ebot_description/local_setup.zsh
-- Up-to-date: /home/pheonix/E-yantra-2024/colcon_ws/install/ebot_description/share/ebot_description/local_setup.dsv
-- Installing: /home/pheonix/E-yantra-2024/colcon_ws/install/ebot_description/share/ebot_description/package.dsv
-- Up-to-date: /home/pheonix/E-yantra-2024/colcon_ws/install/ebot_description/share/ament_index/resource_index/packages/ebot_description
-- Up-to-date: /home/pheonix/E-yantra-2024/colcon_ws/install/ebot_description/share/ebot_description/cmake/ebot_descriptionConfig.cmake
-- Up-to-date: /home/pheonix/E-yantra-2024/colcon_ws/install/ebot_description/share/ebot_description/cmake/ebot_descriptionConfig-version.cmake
-- Up-to-date: /home/pheonix/E-yantra-2024/colcon_ws/install/ebot_description/share/ebot_description/package.xml
