-- Install configuration: ""
-- Up-to-date: /home/pheonix/E-yantra-2024/colcon_ws/install/eyantra_warehouse/share/eyantra_warehouse//launch
-- Up-to-date: /home/pheonix/E-yantra-2024/colcon_ws/install/eyantra_warehouse/share/eyantra_warehouse//launch/task1c.launch.py
-- Up-to-date: /home/pheonix/E-yantra-2024/colcon_ws/install/eyantra_warehouse/share/eyantra_warehouse//launch/task1b.launch.py
-- Up-to-date: /home/pheonix/E-yantra-2024/colcon_ws/install/eyantra_warehouse/share/eyantra_warehouse//launch/task0.launch.py
-- Up-to-date: /home/pheonix/E-yantra-2024/colcon_ws/install/eyantra_warehouse/share/eyantra_warehouse//worlds
-- Up-to-date: /home/pheonix/E-yantra-2024/colcon_ws/install/eyantra_warehouse/share/eyantra_warehouse//worlds/eyantra_warehouse_task1b.world
-- Up-to-date: /home/pheonix/E-yantra-2024/colcon_ws/install/eyantra_warehouse/share/eyantra_warehouse//worlds/eyantra_warehouse_task0.world
-- Up-to-date: /home/pheonix/E-yantra-2024/colcon_ws/install/eyantra_warehouse/share/eyantra_warehouse//worlds/eyantra_warehouse_task1c.world
-- Up-to-date: /home/pheonix/E-yantra-2024/colcon_ws/install/eyantra_warehouse/share/eyantra_warehouse//models
-- Up-to-date: /home/pheonix/E-yantra-2024/colcon_ws/install/eyantra_warehouse/share/eyantra_warehouse//models/boxes
-- Up-to-date: /home/pheonix/E-yantra-2024/colcon_ws/install/eyantra_warehouse/share/eyantra_warehouse//models/boxes/box_17
-- Up-to-date: /home/pheonix/E-yantra-2024/colcon_ws/install/eyantra_warehouse/share/eyantra_warehouse//models/boxes/box_17/meshes
-- Up-to-date: /home/pheonix/E-yantra-2024/colcon_ws/install/eyantra_warehouse/share/eyantra_warehouse//models/boxes/box_17/meshes/box__bg.png
-- Up-to-date: /home/pheonix/E-yantra-2024/colcon_ws/install/eyantra_warehouse/share/eyantra_warehouse//models/boxes/box_17/meshes/box.dae
-- Up-to-date: /home/pheonix/E-yantra-2024/colcon_ws/install/eyantra_warehouse/share/eyantra_warehouse//models/boxes/box_17/meshes/cardboard_bg.png
-- Up-to-date: /home/pheonix/E-yantra-2024/colcon_ws/install/eyantra_warehouse/share/eyantra_warehouse//models/boxes/box_17/meshes/aruco_tag.jpg
-- Up-to-date: /home/pheonix/E-yantra-2024/colcon_ws/install/eyantra_warehouse/share/eyantra_warehouse//models/boxes/box_17/model.sdf
-- Up-to-date: /home/pheonix/E-yantra-2024/colcon_ws/install/eyantra_warehouse/share/eyantra_warehouse//models/boxes/box_17/model.config
-- Up-to-date: /home/pheonix/E-yantra-2024/colcon_ws/install/eyantra_warehouse/share/eyantra_warehouse//models/boxes/box_50
-- Up-to-date: /home/pheonix/E-yantra-2024/colcon_ws/install/eyantra_warehouse/share/eyantra_warehouse//models/boxes/box_50/meshes
-- Up-to-date: /home/pheonix/E-yantra-2024/colcon_ws/install/eyantra_warehouse/share/eyantra_warehouse//models/boxes/box_50/meshes/box__bg.png
-- Up-to-date: /home/pheonix/E-yantra-2024/colcon_ws/install/eyantra_warehouse/share/eyantra_warehouse//models/boxes/box_50/meshes/box.dae
-- Up-to-date: /home/pheonix/E-yantra-2024/colcon_ws/install/eyantra_warehouse/share/eyantra_warehouse//models/boxes/box_50/meshes/cardboard_bg.png
-- Up-to-date: /home/pheonix/E-yantra-2024/colcon_ws/install/eyantra_warehouse/share/eyantra_warehouse//models/boxes/box_50/meshes/aruco_tag.jpg
-- Up-to-date: /home/pheonix/E-yantra-2024/colcon_ws/install/eyantra_warehouse/share/eyantra_warehouse//models/boxes/box_50/model.sdf
-- Up-to-date: /home/pheonix/E-yantra-2024/colcon_ws/install/eyantra_warehouse/share/eyantra_warehouse//models/boxes/box_50/model.config
-- Up-to-date: /home/pheonix/E-yantra-2024/colcon_ws/install/eyantra_warehouse/share/eyantra_warehouse//models/boxes/box_24
-- Up-to-date: /home/pheonix/E-yantra-2024/colcon_ws/install/eyantra_warehouse/share/eyantra_warehouse//models/boxes/box_24/meshes
-- Up-to-date: /home/pheonix/E-yantra-2024/colcon_ws/install/eyantra_warehouse/share/eyantra_warehouse//models/boxes/box_24/meshes/box__bg.png
-- Up-to-date: /home/pheonix/E-yantra-2024/colcon_ws/install/eyantra_warehouse/share/eyantra_warehouse//models/boxes/box_24/meshes/box.dae
-- Up-to-date: /home/pheonix/E-yantra-2024/colcon_ws/install/eyantra_warehouse/share/eyantra_warehouse//models/boxes/box_24/meshes/cardboard_bg.png
-- Up-to-date: /home/pheonix/E-yantra-2024/colcon_ws/install/eyantra_warehouse/share/eyantra_warehouse//models/boxes/box_24/meshes/aruco_tag.jpg
-- Up-to-date: /home/pheonix/E-yantra-2024/colcon_ws/install/eyantra_warehouse/share/eyantra_warehouse//models/boxes/box_24/model.sdf
-- Up-to-date: /home/pheonix/E-yantra-2024/colcon_ws/install/eyantra_warehouse/share/eyantra_warehouse//models/boxes/box_24/model.config
-- Up-to-date: /home/pheonix/E-yantra-2024/colcon_ws/install/eyantra_warehouse/share/eyantra_warehouse//models/boxes/box_46
-- Up-to-date: /home/pheonix/E-yantra-2024/colcon_ws/install/eyantra_warehouse/share/eyantra_warehouse//models/boxes/box_46/meshes
-- Up-to-date: /home/pheonix/E-yantra-2024/colcon_ws/install/eyantra_warehouse/share/eyantra_warehouse//models/boxes/box_46/meshes/box__bg.png
-- Up-to-date: /home/pheonix/E-yantra-2024/colcon_ws/install/eyantra_warehouse/share/eyantra_warehouse//models/boxes/box_46/meshes/box.dae
-- Up-to-date: /home/pheonix/E-yantra-2024/colcon_ws/install/eyantra_warehouse/share/eyantra_warehouse//models/boxes/box_46/meshes/cardboard_bg.png
-- Up-to-date: /home/pheonix/E-yantra-2024/colcon_ws/install/eyantra_warehouse/share/eyantra_warehouse//models/boxes/box_46/meshes/aruco_tag.jpg
-- Up-to-date: /home/pheonix/E-yantra-2024/colcon_ws/install/eyantra_warehouse/share/eyantra_warehouse//models/boxes/box_46/model.sdf
-- Up-to-date: /home/pheonix/E-yantra-2024/colcon_ws/install/eyantra_warehouse/share/eyantra_warehouse//models/boxes/box_46/model.config
-- Up-to-date: /home/pheonix/E-yantra-2024/colcon_ws/install/eyantra_warehouse/share/eyantra_warehouse//models/boxes/box_12
-- Up-to-date: /home/pheonix/E-yantra-2024/colcon_ws/install/eyantra_warehouse/share/eyantra_warehouse//models/boxes/box_12/meshes
-- Up-to-date: /home/pheonix/E-yantra-2024/colcon_ws/install/eyantra_warehouse/share/eyantra_warehouse//models/boxes/box_12/meshes/box__bg.png
-- Up-to-date: /home/pheonix/E-yantra-2024/colcon_ws/install/eyantra_warehouse/share/eyantra_warehouse//models/boxes/box_12/meshes/box.dae
-- Up-to-date: /home/pheonix/E-yantra-2024/colcon_ws/install/eyantra_warehouse/share/eyantra_warehouse//models/boxes/box_12/meshes/cardboard_bg.png
-- Up-to-date: /home/pheonix/E-yantra-2024/colcon_ws/install/eyantra_warehouse/share/eyantra_warehouse//models/boxes/box_12/meshes/aruco_tag.jpg
-- Up-to-date: /home/pheonix/E-yantra-2024/colcon_ws/install/eyantra_warehouse/share/eyantra_warehouse//models/boxes/box_12/model.sdf
-- Up-to-date: /home/pheonix/E-yantra-2024/colcon_ws/install/eyantra_warehouse/share/eyantra_warehouse//models/boxes/box_12/model.config
-- Up-to-date: /home/pheonix/E-yantra-2024/colcon_ws/install/eyantra_warehouse/share/eyantra_warehouse//models/boxes/box_13
-- Up-to-date: /home/pheonix/E-yantra-2024/colcon_ws/install/eyantra_warehouse/share/eyantra_warehouse//models/boxes/box_13/meshes
-- Up-to-date: /home/pheonix/E-yantra-2024/colcon_ws/install/eyantra_warehouse/share/eyantra_warehouse//models/boxes/box_13/meshes/box__bg.png
-- Up-to-date: /home/pheonix/E-yantra-2024/colcon_ws/install/eyantra_warehouse/share/eyantra_warehouse//models/boxes/box_13/meshes/box.dae
-- Up-to-date: /home/pheonix/E-yantra-2024/colcon_ws/install/eyantra_warehouse/share/eyantra_warehouse//models/boxes/box_13/meshes/cardboard_bg.png
-- Up-to-date: /home/pheonix/E-yantra-2024/colcon_ws/install/eyantra_warehouse/share/eyantra_warehouse//models/boxes/box_13/meshes/aruco_tag.jpg
-- Up-to-date: /home/pheonix/E-yantra-2024/colcon_ws/install/eyantra_warehouse/share/eyantra_warehouse//models/boxes/box_13/model.sdf
-- Up-to-date: /home/pheonix/E-yantra-2024/colcon_ws/install/eyantra_warehouse/share/eyantra_warehouse//models/boxes/box_13/model.config
-- Up-to-date: /home/pheonix/E-yantra-2024/colcon_ws/install/eyantra_warehouse/share/eyantra_warehouse//models/boxes/box_49
-- Up-to-date: /home/pheonix/E-yantra-2024/colcon_ws/install/eyantra_warehouse/share/eyantra_warehouse//models/boxes/box_49/meshes
-- Up-to-date: /home/pheonix/E-yantra-2024/colcon_ws/install/eyantra_warehouse/share/eyantra_warehouse//models/boxes/box_49/meshes/box__bg.png
-- Up-to-date: /home/pheonix/E-yantra-2024/colcon_ws/install/eyantra_warehouse/share/eyantra_warehouse//models/boxes/box_49/meshes/box.dae
-- Up-to-date: /home/pheonix/E-yantra-2024/colcon_ws/install/eyantra_warehouse/share/eyantra_warehouse//models/boxes/box_49/meshes/cardboard_bg.png
-- Up-to-date: /home/pheonix/E-yantra-2024/colcon_ws/install/eyantra_warehouse/share/eyantra_warehouse//models/boxes/box_49/meshes/aruco_tag.jpg
-- Up-to-date: /home/pheonix/E-yantra-2024/colcon_ws/install/eyantra_warehouse/share/eyantra_warehouse//models/boxes/box_49/model.sdf
-- Up-to-date: /home/pheonix/E-yantra-2024/colcon_ws/install/eyantra_warehouse/share/eyantra_warehouse//models/boxes/box_49/model.config
-- Up-to-date: /home/pheonix/E-yantra-2024/colcon_ws/install/eyantra_warehouse/share/eyantra_warehouse//models/boxes/box_15
-- Up-to-date: /home/pheonix/E-yantra-2024/colcon_ws/install/eyantra_warehouse/share/eyantra_warehouse//models/boxes/box_15/meshes
-- Up-to-date: /home/pheonix/E-yantra-2024/colcon_ws/install/eyantra_warehouse/share/eyantra_warehouse//models/boxes/box_15/meshes/box__bg.png
-- Up-to-date: /home/pheonix/E-yantra-2024/colcon_ws/install/eyantra_warehouse/share/eyantra_warehouse//models/boxes/box_15/meshes/box.dae
-- Up-to-date: /home/pheonix/E-yantra-2024/colcon_ws/install/eyantra_warehouse/share/eyantra_warehouse//models/boxes/box_15/meshes/cardboard_bg.png
-- Up-to-date: /home/pheonix/E-yantra-2024/colcon_ws/install/eyantra_warehouse/share/eyantra_warehouse//models/boxes/box_15/meshes/aruco_tag.jpg
-- Up-to-date: /home/pheonix/E-yantra-2024/colcon_ws/install/eyantra_warehouse/share/eyantra_warehouse//models/boxes/box_15/model.sdf
-- Up-to-date: /home/pheonix/E-yantra-2024/colcon_ws/install/eyantra_warehouse/share/eyantra_warehouse//models/boxes/box_15/model.config
-- Up-to-date: /home/pheonix/E-yantra-2024/colcon_ws/install/eyantra_warehouse/share/eyantra_warehouse//models/boxes/box_27
-- Up-to-date: /home/pheonix/E-yantra-2024/colcon_ws/install/eyantra_warehouse/share/eyantra_warehouse//models/boxes/box_27/meshes
-- Up-to-date: /home/pheonix/E-yantra-2024/colcon_ws/install/eyantra_warehouse/share/eyantra_warehouse//models/boxes/box_27/meshes/box__bg.png
-- Up-to-date: /home/pheonix/E-yantra-2024/colcon_ws/install/eyantra_warehouse/share/eyantra_warehouse//models/boxes/box_27/meshes/box.dae
-- Up-to-date: /home/pheonix/E-yantra-2024/colcon_ws/install/eyantra_warehouse/share/eyantra_warehouse//models/boxes/box_27/meshes/cardboard_bg.png
-- Up-to-date: /home/pheonix/E-yantra-2024/colcon_ws/install/eyantra_warehouse/share/eyantra_warehouse//models/boxes/box_27/meshes/aruco_tag.jpg
-- Up-to-date: /home/pheonix/E-yantra-2024/colcon_ws/install/eyantra_warehouse/share/eyantra_warehouse//models/boxes/box_27/model.sdf
-- Up-to-date: /home/pheonix/E-yantra-2024/colcon_ws/install/eyantra_warehouse/share/eyantra_warehouse//models/boxes/box_27/model.config
-- Up-to-date: /home/pheonix/E-yantra-2024/colcon_ws/install/eyantra_warehouse/share/eyantra_warehouse//models/boxes/box_34
-- Up-to-date: /home/pheonix/E-yantra-2024/colcon_ws/install/eyantra_warehouse/share/eyantra_warehouse//models/boxes/box_34/meshes
-- Up-to-date: /home/pheonix/E-yantra-2024/colcon_ws/install/eyantra_warehouse/share/eyantra_warehouse//models/boxes/box_34/meshes/box__bg.png
-- Up-to-date: /home/pheonix/E-yantra-2024/colcon_ws/install/eyantra_warehouse/share/eyantra_warehouse//models/boxes/box_34/meshes/box.dae
-- Up-to-date: /home/pheonix/E-yantra-2024/colcon_ws/install/eyantra_warehouse/share/eyantra_warehouse//models/boxes/box_34/meshes/cardboard_bg.png
-- Up-to-date: /home/pheonix/E-yantra-2024/colcon_ws/install/eyantra_warehouse/share/eyantra_warehouse//models/boxes/box_34/meshes/aruco_tag.jpg
-- Up-to-date: /home/pheonix/E-yantra-2024/colcon_ws/install/eyantra_warehouse/share/eyantra_warehouse//models/boxes/box_34/model.sdf
-- Up-to-date: /home/pheonix/E-yantra-2024/colcon_ws/install/eyantra_warehouse/share/eyantra_warehouse//models/boxes/box_34/model.config
-- Up-to-date: /home/pheonix/E-yantra-2024/colcon_ws/install/eyantra_warehouse/share/eyantra_warehouse//models/boxes/box_21
-- Up-to-date: /home/pheonix/E-yantra-2024/colcon_ws/install/eyantra_warehouse/share/eyantra_warehouse//models/boxes/box_21/meshes
-- Up-to-date: /home/pheonix/E-yantra-2024/colcon_ws/install/eyantra_warehouse/share/eyantra_warehouse//models/boxes/box_21/meshes/box__bg.png
-- Up-to-date: /home/pheonix/E-yantra-2024/colcon_ws/install/eyantra_warehouse/share/eyantra_warehouse//models/boxes/box_21/meshes/box.dae
-- Up-to-date: /home/pheonix/E-yantra-2024/colcon_ws/install/eyantra_warehouse/share/eyantra_warehouse//models/boxes/box_21/meshes/cardboard_bg.png
-- Up-to-date: /home/pheonix/E-yantra-2024/colcon_ws/install/eyantra_warehouse/share/eyantra_warehouse//models/boxes/box_21/meshes/aruco_tag.jpg
-- Up-to-date: /home/pheonix/E-yantra-2024/colcon_ws/install/eyantra_warehouse/share/eyantra_warehouse//models/boxes/box_21/model.sdf
-- Up-to-date: /home/pheonix/E-yantra-2024/colcon_ws/install/eyantra_warehouse/share/eyantra_warehouse//models/boxes/box_21/model.config
-- Up-to-date: /home/pheonix/E-yantra-2024/colcon_ws/install/eyantra_warehouse/share/eyantra_warehouse//models/boxes/box.stl
-- Up-to-date: /home/pheonix/E-yantra-2024/colcon_ws/install/eyantra_warehouse/share/eyantra_warehouse//models/boxes/box_32
-- Up-to-date: /home/pheonix/E-yantra-2024/colcon_ws/install/eyantra_warehouse/share/eyantra_warehouse//models/boxes/box_32/meshes
-- Up-to-date: /home/pheonix/E-yantra-2024/colcon_ws/install/eyantra_warehouse/share/eyantra_warehouse//models/boxes/box_32/meshes/box__bg.png
-- Up-to-date: /home/pheonix/E-yantra-2024/colcon_ws/install/eyantra_warehouse/share/eyantra_warehouse//models/boxes/box_32/meshes/box.dae
-- Up-to-date: /home/pheonix/E-yantra-2024/colcon_ws/install/eyantra_warehouse/share/eyantra_warehouse//models/boxes/box_32/meshes/cardboard_bg.png
-- Up-to-date: /home/pheonix/E-yantra-2024/colcon_ws/install/eyantra_warehouse/share/eyantra_warehouse//models/boxes/box_32/meshes/aruco_tag.jpg
-- Up-to-date: /home/pheonix/E-yantra-2024/colcon_ws/install/eyantra_warehouse/share/eyantra_warehouse//models/boxes/box_32/model.sdf
-- Up-to-date: /home/pheonix/E-yantra-2024/colcon_ws/install/eyantra_warehouse/share/eyantra_warehouse//models/boxes/box_32/model.config
-- Up-to-date: /home/pheonix/E-yantra-2024/colcon_ws/install/eyantra_warehouse/share/eyantra_warehouse//models/boxes/box_25
-- Up-to-date: /home/pheonix/E-yantra-2024/colcon_ws/install/eyantra_warehouse/share/eyantra_warehouse//models/boxes/box_25/meshes
-- Up-to-date: /home/pheonix/E-yantra-2024/colcon_ws/install/eyantra_warehouse/share/eyantra_warehouse//models/boxes/box_25/meshes/box__bg.png
-- Up-to-date: /home/pheonix/E-yantra-2024/colcon_ws/install/eyantra_warehouse/share/eyantra_warehouse//models/boxes/box_25/meshes/box.dae
-- Up-to-date: /home/pheonix/E-yantra-2024/colcon_ws/install/eyantra_warehouse/share/eyantra_warehouse//models/boxes/box_25/meshes/cardboard_bg.png
-- Up-to-date: /home/pheonix/E-yantra-2024/colcon_ws/install/eyantra_warehouse/share/eyantra_warehouse//models/boxes/box_25/meshes/aruco_tag.jpg
-- Up-to-date: /home/pheonix/E-yantra-2024/colcon_ws/install/eyantra_warehouse/share/eyantra_warehouse//models/boxes/box_25/model.sdf
-- Up-to-date: /home/pheonix/E-yantra-2024/colcon_ws/install/eyantra_warehouse/share/eyantra_warehouse//models/boxes/box_25/model.config
-- Up-to-date: /home/pheonix/E-yantra-2024/colcon_ws/install/eyantra_warehouse/share/eyantra_warehouse//models/boxes/box_48
-- Up-to-date: /home/pheonix/E-yantra-2024/colcon_ws/install/eyantra_warehouse/share/eyantra_warehouse//models/boxes/box_48/meshes
-- Up-to-date: /home/pheonix/E-yantra-2024/colcon_ws/install/eyantra_warehouse/share/eyantra_warehouse//models/boxes/box_48/meshes/box__bg.png
-- Up-to-date: /home/pheonix/E-yantra-2024/colcon_ws/install/eyantra_warehouse/share/eyantra_warehouse//models/boxes/box_48/meshes/box.dae
-- Up-to-date: /home/pheonix/E-yantra-2024/colcon_ws/install/eyantra_warehouse/share/eyantra_warehouse//models/boxes/box_48/meshes/cardboard_bg.png
-- Up-to-date: /home/pheonix/E-yantra-2024/colcon_ws/install/eyantra_warehouse/share/eyantra_warehouse//models/boxes/box_48/meshes/aruco_tag.jpg
-- Up-to-date: /home/pheonix/E-yantra-2024/colcon_ws/install/eyantra_warehouse/share/eyantra_warehouse//models/boxes/box_48/model.sdf
-- Up-to-date: /home/pheonix/E-yantra-2024/colcon_ws/install/eyantra_warehouse/share/eyantra_warehouse//models/boxes/box_48/model.config
-- Up-to-date: /home/pheonix/E-yantra-2024/colcon_ws/install/eyantra_warehouse/share/eyantra_warehouse//models/boxes/box_41
-- Up-to-date: /home/pheonix/E-yantra-2024/colcon_ws/install/eyantra_warehouse/share/eyantra_warehouse//models/boxes/box_41/meshes
-- Up-to-date: /home/pheonix/E-yantra-2024/colcon_ws/install/eyantra_warehouse/share/eyantra_warehouse//models/boxes/box_41/meshes/box__bg.png
-- Up-to-date: /home/pheonix/E-yantra-2024/colcon_ws/install/eyantra_warehouse/share/eyantra_warehouse//models/boxes/box_41/meshes/box.dae
-- Up-to-date: /home/pheonix/E-yantra-2024/colcon_ws/install/eyantra_warehouse/share/eyantra_warehouse//models/boxes/box_41/meshes/cardboard_bg.png
-- Up-to-date: /home/pheonix/E-yantra-2024/colcon_ws/install/eyantra_warehouse/share/eyantra_warehouse//models/boxes/box_41/meshes/aruco_tag.jpg
-- Up-to-date: /home/pheonix/E-yantra-2024/colcon_ws/install/eyantra_warehouse/share/eyantra_warehouse//models/boxes/box_41/model.sdf
-- Up-to-date: /home/pheonix/E-yantra-2024/colcon_ws/install/eyantra_warehouse/share/eyantra_warehouse//models/boxes/box_41/model.config
-- Up-to-date: /home/pheonix/E-yantra-2024/colcon_ws/install/eyantra_warehouse/share/eyantra_warehouse//models/boxes/box_10
-- Up-to-date: /home/pheonix/E-yantra-2024/colcon_ws/install/eyantra_warehouse/share/eyantra_warehouse//models/boxes/box_10/meshes
-- Up-to-date: /home/pheonix/E-yantra-2024/colcon_ws/install/eyantra_warehouse/share/eyantra_warehouse//models/boxes/box_10/meshes/box__bg.png
-- Up-to-date: /home/pheonix/E-yantra-2024/colcon_ws/install/eyantra_warehouse/share/eyantra_warehouse//models/boxes/box_10/meshes/box.dae
-- Up-to-date: /home/pheonix/E-yantra-2024/colcon_ws/install/eyantra_warehouse/share/eyantra_warehouse//models/boxes/box_10/meshes/cardboard_bg.png
-- Up-to-date: /home/pheonix/E-yantra-2024/colcon_ws/install/eyantra_warehouse/share/eyantra_warehouse//models/boxes/box_10/meshes/aruco_tag.jpg
-- Up-to-date: /home/pheonix/E-yantra-2024/colcon_ws/install/eyantra_warehouse/share/eyantra_warehouse//models/boxes/box_10/model.sdf
-- Up-to-date: /home/pheonix/E-yantra-2024/colcon_ws/install/eyantra_warehouse/share/eyantra_warehouse//models/boxes/box_10/model.config
-- Up-to-date: /home/pheonix/E-yantra-2024/colcon_ws/install/eyantra_warehouse/share/eyantra_warehouse//models/boxes/box_28
-- Up-to-date: /home/pheonix/E-yantra-2024/colcon_ws/install/eyantra_warehouse/share/eyantra_warehouse//models/boxes/box_28/meshes
-- Up-to-date: /home/pheonix/E-yantra-2024/colcon_ws/install/eyantra_warehouse/share/eyantra_warehouse//models/boxes/box_28/meshes/box__bg.png
-- Up-to-date: /home/pheonix/E-yantra-2024/colcon_ws/install/eyantra_warehouse/share/eyantra_warehouse//models/boxes/box_28/meshes/box.dae
-- Up-to-date: /home/pheonix/E-yantra-2024/colcon_ws/install/eyantra_warehouse/share/eyantra_warehouse//models/boxes/box_28/meshes/cardboard_bg.png
-- Up-to-date: /home/pheonix/E-yantra-2024/colcon_ws/install/eyantra_warehouse/share/eyantra_warehouse//models/boxes/box_28/meshes/aruco_tag.jpg
-- Up-to-date: /home/pheonix/E-yantra-2024/colcon_ws/install/eyantra_warehouse/share/eyantra_warehouse//models/boxes/box_28/model.sdf
-- Up-to-date: /home/pheonix/E-yantra-2024/colcon_ws/install/eyantra_warehouse/share/eyantra_warehouse//models/boxes/box_28/model.config
-- Up-to-date: /home/pheonix/E-yantra-2024/colcon_ws/install/eyantra_warehouse/share/eyantra_warehouse//models/boxes/box_1
-- Up-to-date: /home/pheonix/E-yantra-2024/colcon_ws/install/eyantra_warehouse/share/eyantra_warehouse//models/boxes/box_1/meshes
-- Up-to-date: /home/pheonix/E-yantra-2024/colcon_ws/install/eyantra_warehouse/share/eyantra_warehouse//models/boxes/box_1/meshes/box__bg.png
-- Up-to-date: /home/pheonix/E-yantra-2024/colcon_ws/install/eyantra_warehouse/share/eyantra_warehouse//models/boxes/box_1/meshes/box.dae
-- Up-to-date: /home/pheonix/E-yantra-2024/colcon_ws/install/eyantra_warehouse/share/eyantra_warehouse//models/boxes/box_1/meshes/cardboard_bg.png
-- Up-to-date: /home/pheonix/E-yantra-2024/colcon_ws/install/eyantra_warehouse/share/eyantra_warehouse//models/boxes/box_1/meshes/aruco_tag.jpg
-- Up-to-date: /home/pheonix/E-yantra-2024/colcon_ws/install/eyantra_warehouse/share/eyantra_warehouse//models/boxes/box_1/model.sdf
-- Up-to-date: /home/pheonix/E-yantra-2024/colcon_ws/install/eyantra_warehouse/share/eyantra_warehouse//models/boxes/box_1/model.config
-- Up-to-date: /home/pheonix/E-yantra-2024/colcon_ws/install/eyantra_warehouse/share/eyantra_warehouse//models/boxes/box_19
-- Up-to-date: /home/pheonix/E-yantra-2024/colcon_ws/install/eyantra_warehouse/share/eyantra_warehouse//models/boxes/box_19/meshes
-- Up-to-date: /home/pheonix/E-yantra-2024/colcon_ws/install/eyantra_warehouse/share/eyantra_warehouse//models/boxes/box_19/meshes/box__bg.png
-- Up-to-date: /home/pheonix/E-yantra-2024/colcon_ws/install/eyantra_warehouse/share/eyantra_warehouse//models/boxes/box_19/meshes/box.dae
-- Up-to-date: /home/pheonix/E-yantra-2024/colcon_ws/install/eyantra_warehouse/share/eyantra_warehouse//models/boxes/box_19/meshes/cardboard_bg.png
-- Up-to-date: /home/pheonix/E-yantra-2024/colcon_ws/install/eyantra_warehouse/share/eyantra_warehouse//models/boxes/box_19/meshes/aruco_tag.jpg
-- Up-to-date: /home/pheonix/E-yantra-2024/colcon_ws/install/eyantra_warehouse/share/eyantra_warehouse//models/boxes/box_19/model.sdf
-- Up-to-date: /home/pheonix/E-yantra-2024/colcon_ws/install/eyantra_warehouse/share/eyantra_warehouse//models/boxes/box_19/model.config
-- Up-to-date: /home/pheonix/E-yantra-2024/colcon_ws/install/eyantra_warehouse/share/eyantra_warehouse//models/boxes/box_39
-- Up-to-date: /home/pheonix/E-yantra-2024/colcon_ws/install/eyantra_warehouse/share/eyantra_warehouse//models/boxes/box_39/meshes
-- Up-to-date: /home/pheonix/E-yantra-2024/colcon_ws/install/eyantra_warehouse/share/eyantra_warehouse//models/boxes/box_39/meshes/box__bg.png
-- Up-to-date: /home/pheonix/E-yantra-2024/colcon_ws/install/eyantra_warehouse/share/eyantra_warehouse//models/boxes/box_39/meshes/box.dae
-- Up-to-date: /home/pheonix/E-yantra-2024/colcon_ws/install/eyantra_warehouse/share/eyantra_warehouse//models/boxes/box_39/meshes/cardboard_bg.png
-- Up-to-date: /home/pheonix/E-yantra-2024/colcon_ws/install/eyantra_warehouse/share/eyantra_warehouse//models/boxes/box_39/meshes/aruco_tag.jpg
-- Up-to-date: /home/pheonix/E-yantra-2024/colcon_ws/install/eyantra_warehouse/share/eyantra_warehouse//models/boxes/box_39/model.sdf
-- Up-to-date: /home/pheonix/E-yantra-2024/colcon_ws/install/eyantra_warehouse/share/eyantra_warehouse//models/boxes/box_39/model.config
-- Up-to-date: /home/pheonix/E-yantra-2024/colcon_ws/install/eyantra_warehouse/share/eyantra_warehouse//models/boxes/box_9
-- Up-to-date: /home/pheonix/E-yantra-2024/colcon_ws/install/eyantra_warehouse/share/eyantra_warehouse//models/boxes/box_9/meshes
-- Up-to-date: /home/pheonix/E-yantra-2024/colcon_ws/install/eyantra_warehouse/share/eyantra_warehouse//models/boxes/box_9/meshes/box__bg.png
-- Up-to-date: /home/pheonix/E-yantra-2024/colcon_ws/install/eyantra_warehouse/share/eyantra_warehouse//models/boxes/box_9/meshes/box.dae
-- Up-to-date: /home/pheonix/E-yantra-2024/colcon_ws/install/eyantra_warehouse/share/eyantra_warehouse//models/boxes/box_9/meshes/cardboard_bg.png
-- Up-to-date: /home/pheonix/E-yantra-2024/colcon_ws/install/eyantra_warehouse/share/eyantra_warehouse//models/boxes/box_9/meshes/aruco_tag.jpg
-- Up-to-date: /home/pheonix/E-yantra-2024/colcon_ws/install/eyantra_warehouse/share/eyantra_warehouse//models/boxes/box_9/model.sdf
-- Up-to-date: /home/pheonix/E-yantra-2024/colcon_ws/install/eyantra_warehouse/share/eyantra_warehouse//models/boxes/box_9/model.config
-- Up-to-date: /home/pheonix/E-yantra-2024/colcon_ws/install/eyantra_warehouse/share/eyantra_warehouse//models/boxes/box_8
-- Up-to-date: /home/pheonix/E-yantra-2024/colcon_ws/install/eyantra_warehouse/share/eyantra_warehouse//models/boxes/box_8/meshes
-- Up-to-date: /home/pheonix/E-yantra-2024/colcon_ws/install/eyantra_warehouse/share/eyantra_warehouse//models/boxes/box_8/meshes/box__bg.png
-- Up-to-date: /home/pheonix/E-yantra-2024/colcon_ws/install/eyantra_warehouse/share/eyantra_warehouse//models/boxes/box_8/meshes/box.dae
-- Up-to-date: /home/pheonix/E-yantra-2024/colcon_ws/install/eyantra_warehouse/share/eyantra_warehouse//models/boxes/box_8/meshes/cardboard_bg.png
-- Up-to-date: /home/pheonix/E-yantra-2024/colcon_ws/install/eyantra_warehouse/share/eyantra_warehouse//models/boxes/box_8/meshes/aruco_tag.jpg
-- Up-to-date: /home/pheonix/E-yantra-2024/colcon_ws/install/eyantra_warehouse/share/eyantra_warehouse//models/boxes/box_8/model.sdf
-- Up-to-date: /home/pheonix/E-yantra-2024/colcon_ws/install/eyantra_warehouse/share/eyantra_warehouse//models/boxes/box_8/model.config
-- Up-to-date: /home/pheonix/E-yantra-2024/colcon_ws/install/eyantra_warehouse/share/eyantra_warehouse//models/boxes/box_6
-- Up-to-date: /home/pheonix/E-yantra-2024/colcon_ws/install/eyantra_warehouse/share/eyantra_warehouse//models/boxes/box_6/meshes
-- Up-to-date: /home/pheonix/E-yantra-2024/colcon_ws/install/eyantra_warehouse/share/eyantra_warehouse//models/boxes/box_6/meshes/box__bg.png
-- Up-to-date: /home/pheonix/E-yantra-2024/colcon_ws/install/eyantra_warehouse/share/eyantra_warehouse//models/boxes/box_6/meshes/box.dae
-- Up-to-date: /home/pheonix/E-yantra-2024/colcon_ws/install/eyantra_warehouse/share/eyantra_warehouse//models/boxes/box_6/meshes/cardboard_bg.png
-- Up-to-date: /home/pheonix/E-yantra-2024/colcon_ws/install/eyantra_warehouse/share/eyantra_warehouse//models/boxes/box_6/meshes/aruco_tag.jpg
-- Up-to-date: /home/pheonix/E-yantra-2024/colcon_ws/install/eyantra_warehouse/share/eyantra_warehouse//models/boxes/box_6/model.sdf
-- Up-to-date: /home/pheonix/E-yantra-2024/colcon_ws/install/eyantra_warehouse/share/eyantra_warehouse//models/boxes/box_6/model.config
-- Up-to-date: /home/pheonix/E-yantra-2024/colcon_ws/install/eyantra_warehouse/share/eyantra_warehouse//models/boxes/box_35
-- Up-to-date: /home/pheonix/E-yantra-2024/colcon_ws/install/eyantra_warehouse/share/eyantra_warehouse//models/boxes/box_35/meshes
-- Up-to-date: /home/pheonix/E-yantra-2024/colcon_ws/install/eyantra_warehouse/share/eyantra_warehouse//models/boxes/box_35/meshes/box__bg.png
-- Up-to-date: /home/pheonix/E-yantra-2024/colcon_ws/install/eyantra_warehouse/share/eyantra_warehouse//models/boxes/box_35/meshes/box.dae
-- Up-to-date: /home/pheonix/E-yantra-2024/colcon_ws/install/eyantra_warehouse/share/eyantra_warehouse//models/boxes/box_35/meshes/cardboard_bg.png
-- Up-to-date: /home/pheonix/E-yantra-2024/colcon_ws/install/eyantra_warehouse/share/eyantra_warehouse//models/boxes/box_35/meshes/aruco_tag.jpg
-- Up-to-date: /home/pheonix/E-yantra-2024/colcon_ws/install/eyantra_warehouse/share/eyantra_warehouse//models/boxes/box_35/model.sdf
-- Up-to-date: /home/pheonix/E-yantra-2024/colcon_ws/install/eyantra_warehouse/share/eyantra_warehouse//models/boxes/box_35/model.config
-- Up-to-date: /home/pheonix/E-yantra-2024/colcon_ws/install/eyantra_warehouse/share/eyantra_warehouse//models/boxes/box_22
-- Up-to-date: /home/pheonix/E-yantra-2024/colcon_ws/install/eyantra_warehouse/share/eyantra_warehouse//models/boxes/box_22/meshes
-- Up-to-date: /home/pheonix/E-yantra-2024/colcon_ws/install/eyantra_warehouse/share/eyantra_warehouse//models/boxes/box_22/meshes/box__bg.png
-- Up-to-date: /home/pheonix/E-yantra-2024/colcon_ws/install/eyantra_warehouse/share/eyantra_warehouse//models/boxes/box_22/meshes/box.dae
-- Up-to-date: /home/pheonix/E-yantra-2024/colcon_ws/install/eyantra_warehouse/share/eyantra_warehouse//models/boxes/box_22/meshes/cardboard_bg.png
-- Up-to-date: /home/pheonix/E-yantra-2024/colcon_ws/install/eyantra_warehouse/share/eyantra_warehouse//models/boxes/box_22/meshes/aruco_tag.jpg
-- Up-to-date: /home/pheonix/E-yantra-2024/colcon_ws/install/eyantra_warehouse/share/eyantra_warehouse//models/boxes/box_22/model.sdf
-- Up-to-date: /home/pheonix/E-yantra-2024/colcon_ws/install/eyantra_warehouse/share/eyantra_warehouse//models/boxes/box_22/model.config
-- Up-to-date: /home/pheonix/E-yantra-2024/colcon_ws/install/eyantra_warehouse/share/eyantra_warehouse//models/boxes/box_42
-- Up-to-date: /home/pheonix/E-yantra-2024/colcon_ws/install/eyantra_warehouse/share/eyantra_warehouse//models/boxes/box_42/meshes
-- Up-to-date: /home/pheonix/E-yantra-2024/colcon_ws/install/eyantra_warehouse/share/eyantra_warehouse//models/boxes/box_42/meshes/box__bg.png
-- Up-to-date: /home/pheonix/E-yantra-2024/colcon_ws/install/eyantra_warehouse/share/eyantra_warehouse//models/boxes/box_42/meshes/box.dae
-- Up-to-date: /home/pheonix/E-yantra-2024/colcon_ws/install/eyantra_warehouse/share/eyantra_warehouse//models/boxes/box_42/meshes/cardboard_bg.png
-- Up-to-date: /home/pheonix/E-yantra-2024/colcon_ws/install/eyantra_warehouse/share/eyantra_warehouse//models/boxes/box_42/meshes/aruco_tag.jpg
-- Up-to-date: /home/pheonix/E-yantra-2024/colcon_ws/install/eyantra_warehouse/share/eyantra_warehouse//models/boxes/box_42/model.sdf
-- Up-to-date: /home/pheonix/E-yantra-2024/colcon_ws/install/eyantra_warehouse/share/eyantra_warehouse//models/boxes/box_42/model.config
-- Up-to-date: /home/pheonix/E-yantra-2024/colcon_ws/install/eyantra_warehouse/share/eyantra_warehouse//models/boxes/box_16
-- Up-to-date: /home/pheonix/E-yantra-2024/colcon_ws/install/eyantra_warehouse/share/eyantra_warehouse//models/boxes/box_16/meshes
-- Up-to-date: /home/pheonix/E-yantra-2024/colcon_ws/install/eyantra_warehouse/share/eyantra_warehouse//models/boxes/box_16/meshes/box__bg.png
-- Up-to-date: /home/pheonix/E-yantra-2024/colcon_ws/install/eyantra_warehouse/share/eyantra_warehouse//models/boxes/box_16/meshes/box.dae
-- Up-to-date: /home/pheonix/E-yantra-2024/colcon_ws/install/eyantra_warehouse/share/eyantra_warehouse//models/boxes/box_16/meshes/cardboard_bg.png
-- Up-to-date: /home/pheonix/E-yantra-2024/colcon_ws/install/eyantra_warehouse/share/eyantra_warehouse//models/boxes/box_16/meshes/aruco_tag.jpg
-- Up-to-date: /home/pheonix/E-yantra-2024/colcon_ws/install/eyantra_warehouse/share/eyantra_warehouse//models/boxes/box_16/model.sdf
-- Up-to-date: /home/pheonix/E-yantra-2024/colcon_ws/install/eyantra_warehouse/share/eyantra_warehouse//models/boxes/box_16/model.config
-- Up-to-date: /home/pheonix/E-yantra-2024/colcon_ws/install/eyantra_warehouse/share/eyantra_warehouse//models/boxes/box_37
-- Up-to-date: /home/pheonix/E-yantra-2024/colcon_ws/install/eyantra_warehouse/share/eyantra_warehouse//models/boxes/box_37/meshes
-- Up-to-date: /home/pheonix/E-yantra-2024/colcon_ws/install/eyantra_warehouse/share/eyantra_warehouse//models/boxes/box_37/meshes/box__bg.png
-- Up-to-date: /home/pheonix/E-yantra-2024/colcon_ws/install/eyantra_warehouse/share/eyantra_warehouse//models/boxes/box_37/meshes/box.dae
-- Up-to-date: /home/pheonix/E-yantra-2024/colcon_ws/install/eyantra_warehouse/share/eyantra_warehouse//models/boxes/box_37/meshes/cardboard_bg.png
-- Up-to-date: /home/pheonix/E-yantra-2024/colcon_ws/install/eyantra_warehouse/share/eyantra_warehouse//models/boxes/box_37/meshes/aruco_tag.jpg
-- Up-to-date: /home/pheonix/E-yantra-2024/colcon_ws/install/eyantra_warehouse/share/eyantra_warehouse//models/boxes/box_37/model.sdf
-- Up-to-date: /home/pheonix/E-yantra-2024/colcon_ws/install/eyantra_warehouse/share/eyantra_warehouse//models/boxes/box_37/model.config
-- Up-to-date: /home/pheonix/E-yantra-2024/colcon_ws/install/eyantra_warehouse/share/eyantra_warehouse//models/boxes/box_18
-- Up-to-date: /home/pheonix/E-yantra-2024/colcon_ws/install/eyantra_warehouse/share/eyantra_warehouse//models/boxes/box_18/meshes
-- Up-to-date: /home/pheonix/E-yantra-2024/colcon_ws/install/eyantra_warehouse/share/eyantra_warehouse//models/boxes/box_18/meshes/box__bg.png
-- Up-to-date: /home/pheonix/E-yantra-2024/colcon_ws/install/eyantra_warehouse/share/eyantra_warehouse//models/boxes/box_18/meshes/box.dae
-- Up-to-date: /home/pheonix/E-yantra-2024/colcon_ws/install/eyantra_warehouse/share/eyantra_warehouse//models/boxes/box_18/meshes/cardboard_bg.png
-- Up-to-date: /home/pheonix/E-yantra-2024/colcon_ws/install/eyantra_warehouse/share/eyantra_warehouse//models/boxes/box_18/meshes/aruco_tag.jpg
-- Up-to-date: /home/pheonix/E-yantra-2024/colcon_ws/install/eyantra_warehouse/share/eyantra_warehouse//models/boxes/box_18/model.sdf
-- Up-to-date: /home/pheonix/E-yantra-2024/colcon_ws/install/eyantra_warehouse/share/eyantra_warehouse//models/boxes/box_18/model.config
-- Up-to-date: /home/pheonix/E-yantra-2024/colcon_ws/install/eyantra_warehouse/share/eyantra_warehouse//models/boxes/box_7
-- Up-to-date: /home/pheonix/E-yantra-2024/colcon_ws/install/eyantra_warehouse/share/eyantra_warehouse//models/boxes/box_7/meshes
-- Up-to-date: /home/pheonix/E-yantra-2024/colcon_ws/install/eyantra_warehouse/share/eyantra_warehouse//models/boxes/box_7/meshes/box__bg.png
-- Up-to-date: /home/pheonix/E-yantra-2024/colcon_ws/install/eyantra_warehouse/share/eyantra_warehouse//models/boxes/box_7/meshes/box.dae
-- Up-to-date: /home/pheonix/E-yantra-2024/colcon_ws/install/eyantra_warehouse/share/eyantra_warehouse//models/boxes/box_7/meshes/cardboard_bg.png
-- Up-to-date: /home/pheonix/E-yantra-2024/colcon_ws/install/eyantra_warehouse/share/eyantra_warehouse//models/boxes/box_7/meshes/aruco_tag.jpg
-- Up-to-date: /home/pheonix/E-yantra-2024/colcon_ws/install/eyantra_warehouse/share/eyantra_warehouse//models/boxes/box_7/model.sdf
-- Up-to-date: /home/pheonix/E-yantra-2024/colcon_ws/install/eyantra_warehouse/share/eyantra_warehouse//models/boxes/box_7/model.config
-- Up-to-date: /home/pheonix/E-yantra-2024/colcon_ws/install/eyantra_warehouse/share/eyantra_warehouse//models/boxes/box_30
-- Up-to-date: /home/pheonix/E-yantra-2024/colcon_ws/install/eyantra_warehouse/share/eyantra_warehouse//models/boxes/box_30/meshes
-- Up-to-date: /home/pheonix/E-yantra-2024/colcon_ws/install/eyantra_warehouse/share/eyantra_warehouse//models/boxes/box_30/meshes/box__bg.png
-- Up-to-date: /home/pheonix/E-yantra-2024/colcon_ws/install/eyantra_warehouse/share/eyantra_warehouse//models/boxes/box_30/meshes/box.dae
-- Up-to-date: /home/pheonix/E-yantra-2024/colcon_ws/install/eyantra_warehouse/share/eyantra_warehouse//models/boxes/box_30/meshes/cardboard_bg.png
-- Up-to-date: /home/pheonix/E-yantra-2024/colcon_ws/install/eyantra_warehouse/share/eyantra_warehouse//models/boxes/box_30/meshes/aruco_tag.jpg
-- Up-to-date: /home/pheonix/E-yantra-2024/colcon_ws/install/eyantra_warehouse/share/eyantra_warehouse//models/boxes/box_30/model.sdf
-- Up-to-date: /home/pheonix/E-yantra-2024/colcon_ws/install/eyantra_warehouse/share/eyantra_warehouse//models/boxes/box_30/model.config
-- Up-to-date: /home/pheonix/E-yantra-2024/colcon_ws/install/eyantra_warehouse/share/eyantra_warehouse//models/boxes/box_33
-- Up-to-date: /home/pheonix/E-yantra-2024/colcon_ws/install/eyantra_warehouse/share/eyantra_warehouse//models/boxes/box_33/meshes
-- Up-to-date: /home/pheonix/E-yantra-2024/colcon_ws/install/eyantra_warehouse/share/eyantra_warehouse//models/boxes/box_33/meshes/box__bg.png
-- Up-to-date: /home/pheonix/E-yantra-2024/colcon_ws/install/eyantra_warehouse/share/eyantra_warehouse//models/boxes/box_33/meshes/box.dae
-- Up-to-date: /home/pheonix/E-yantra-2024/colcon_ws/install/eyantra_warehouse/share/eyantra_warehouse//models/boxes/box_33/meshes/cardboard_bg.png
-- Up-to-date: /home/pheonix/E-yantra-2024/colcon_ws/install/eyantra_warehouse/share/eyantra_warehouse//models/boxes/box_33/meshes/aruco_tag.jpg
-- Up-to-date: /home/pheonix/E-yantra-2024/colcon_ws/install/eyantra_warehouse/share/eyantra_warehouse//models/boxes/box_33/model.sdf
-- Up-to-date: /home/pheonix/E-yantra-2024/colcon_ws/install/eyantra_warehouse/share/eyantra_warehouse//models/boxes/box_33/model.config
-- Up-to-date: /home/pheonix/E-yantra-2024/colcon_ws/install/eyantra_warehouse/share/eyantra_warehouse//models/boxes/box_14
-- Up-to-date: /home/pheonix/E-yantra-2024/colcon_ws/install/eyantra_warehouse/share/eyantra_warehouse//models/boxes/box_14/meshes
-- Up-to-date: /home/pheonix/E-yantra-2024/colcon_ws/install/eyantra_warehouse/share/eyantra_warehouse//models/boxes/box_14/meshes/box__bg.png
-- Up-to-date: /home/pheonix/E-yantra-2024/colcon_ws/install/eyantra_warehouse/share/eyantra_warehouse//models/boxes/box_14/meshes/box.dae
-- Up-to-date: /home/pheonix/E-yantra-2024/colcon_ws/install/eyantra_warehouse/share/eyantra_warehouse//models/boxes/box_14/meshes/cardboard_bg.png
-- Up-to-date: /home/pheonix/E-yantra-2024/colcon_ws/install/eyantra_warehouse/share/eyantra_warehouse//models/boxes/box_14/meshes/aruco_tag.jpg
-- Up-to-date: /home/pheonix/E-yantra-2024/colcon_ws/install/eyantra_warehouse/share/eyantra_warehouse//models/boxes/box_14/model.sdf
-- Up-to-date: /home/pheonix/E-yantra-2024/colcon_ws/install/eyantra_warehouse/share/eyantra_warehouse//models/boxes/box_14/model.config
-- Up-to-date: /home/pheonix/E-yantra-2024/colcon_ws/install/eyantra_warehouse/share/eyantra_warehouse//models/boxes/box_23
-- Up-to-date: /home/pheonix/E-yantra-2024/colcon_ws/install/eyantra_warehouse/share/eyantra_warehouse//models/boxes/box_23/meshes
-- Up-to-date: /home/pheonix/E-yantra-2024/colcon_ws/install/eyantra_warehouse/share/eyantra_warehouse//models/boxes/box_23/meshes/box__bg.png
-- Up-to-date: /home/pheonix/E-yantra-2024/colcon_ws/install/eyantra_warehouse/share/eyantra_warehouse//models/boxes/box_23/meshes/box.dae
-- Up-to-date: /home/pheonix/E-yantra-2024/colcon_ws/install/eyantra_warehouse/share/eyantra_warehouse//models/boxes/box_23/meshes/cardboard_bg.png
-- Up-to-date: /home/pheonix/E-yantra-2024/colcon_ws/install/eyantra_warehouse/share/eyantra_warehouse//models/boxes/box_23/meshes/aruco_tag.jpg
-- Up-to-date: /home/pheonix/E-yantra-2024/colcon_ws/install/eyantra_warehouse/share/eyantra_warehouse//models/boxes/box_23/model.sdf
-- Up-to-date: /home/pheonix/E-yantra-2024/colcon_ws/install/eyantra_warehouse/share/eyantra_warehouse//models/boxes/box_23/model.config
-- Up-to-date: /home/pheonix/E-yantra-2024/colcon_ws/install/eyantra_warehouse/share/eyantra_warehouse//models/boxes/box_20
-- Up-to-date: /home/pheonix/E-yantra-2024/colcon_ws/install/eyantra_warehouse/share/eyantra_warehouse//models/boxes/box_20/meshes
-- Up-to-date: /home/pheonix/E-yantra-2024/colcon_ws/install/eyantra_warehouse/share/eyantra_warehouse//models/boxes/box_20/meshes/box__bg.png
-- Up-to-date: /home/pheonix/E-yantra-2024/colcon_ws/install/eyantra_warehouse/share/eyantra_warehouse//models/boxes/box_20/meshes/box.dae
-- Up-to-date: /home/pheonix/E-yantra-2024/colcon_ws/install/eyantra_warehouse/share/eyantra_warehouse//models/boxes/box_20/meshes/cardboard_bg.png
-- Up-to-date: /home/pheonix/E-yantra-2024/colcon_ws/install/eyantra_warehouse/share/eyantra_warehouse//models/boxes/box_20/meshes/aruco_tag.jpg
-- Up-to-date: /home/pheonix/E-yantra-2024/colcon_ws/install/eyantra_warehouse/share/eyantra_warehouse//models/boxes/box_20/model.sdf
-- Up-to-date: /home/pheonix/E-yantra-2024/colcon_ws/install/eyantra_warehouse/share/eyantra_warehouse//models/boxes/box_20/model.config
-- Up-to-date: /home/pheonix/E-yantra-2024/colcon_ws/install/eyantra_warehouse/share/eyantra_warehouse//models/boxes/box_40
-- Up-to-date: /home/pheonix/E-yantra-2024/colcon_ws/install/eyantra_warehouse/share/eyantra_warehouse//models/boxes/box_40/meshes
-- Up-to-date: /home/pheonix/E-yantra-2024/colcon_ws/install/eyantra_warehouse/share/eyantra_warehouse//models/boxes/box_40/meshes/box__bg.png
-- Up-to-date: /home/pheonix/E-yantra-2024/colcon_ws/install/eyantra_warehouse/share/eyantra_warehouse//models/boxes/box_40/meshes/box.dae
-- Up-to-date: /home/pheonix/E-yantra-2024/colcon_ws/install/eyantra_warehouse/share/eyantra_warehouse//models/boxes/box_40/meshes/cardboard_bg.png
-- Up-to-date: /home/pheonix/E-yantra-2024/colcon_ws/install/eyantra_warehouse/share/eyantra_warehouse//models/boxes/box_40/meshes/aruco_tag.jpg
-- Up-to-date: /home/pheonix/E-yantra-2024/colcon_ws/install/eyantra_warehouse/share/eyantra_warehouse//models/boxes/box_40/model.sdf
-- Up-to-date: /home/pheonix/E-yantra-2024/colcon_ws/install/eyantra_warehouse/share/eyantra_warehouse//models/boxes/box_40/model.config
-- Up-to-date: /home/pheonix/E-yantra-2024/colcon_ws/install/eyantra_warehouse/share/eyantra_warehouse//models/boxes/box_31
-- Up-to-date: /home/pheonix/E-yantra-2024/colcon_ws/install/eyantra_warehouse/share/eyantra_warehouse//models/boxes/box_31/meshes
-- Up-to-date: /home/pheonix/E-yantra-2024/colcon_ws/install/eyantra_warehouse/share/eyantra_warehouse//models/boxes/box_31/meshes/box__bg.png
-- Up-to-date: /home/pheonix/E-yantra-2024/colcon_ws/install/eyantra_warehouse/share/eyantra_warehouse//models/boxes/box_31/meshes/box.dae
-- Up-to-date: /home/pheonix/E-yantra-2024/colcon_ws/install/eyantra_warehouse/share/eyantra_warehouse//models/boxes/box_31/meshes/cardboard_bg.png
-- Up-to-date: /home/pheonix/E-yantra-2024/colcon_ws/install/eyantra_warehouse/share/eyantra_warehouse//models/boxes/box_31/meshes/aruco_tag.jpg
-- Up-to-date: /home/pheonix/E-yantra-2024/colcon_ws/install/eyantra_warehouse/share/eyantra_warehouse//models/boxes/box_31/model.sdf
-- Up-to-date: /home/pheonix/E-yantra-2024/colcon_ws/install/eyantra_warehouse/share/eyantra_warehouse//models/boxes/box_31/model.config
-- Up-to-date: /home/pheonix/E-yantra-2024/colcon_ws/install/eyantra_warehouse/share/eyantra_warehouse//models/boxes/box_38
-- Up-to-date: /home/pheonix/E-yantra-2024/colcon_ws/install/eyantra_warehouse/share/eyantra_warehouse//models/boxes/box_38/meshes
-- Up-to-date: /home/pheonix/E-yantra-2024/colcon_ws/install/eyantra_warehouse/share/eyantra_warehouse//models/boxes/box_38/meshes/box__bg.png
-- Up-to-date: /home/pheonix/E-yantra-2024/colcon_ws/install/eyantra_warehouse/share/eyantra_warehouse//models/boxes/box_38/meshes/box.dae
-- Up-to-date: /home/pheonix/E-yantra-2024/colcon_ws/install/eyantra_warehouse/share/eyantra_warehouse//models/boxes/box_38/meshes/cardboard_bg.png
-- Up-to-date: /home/pheonix/E-yantra-2024/colcon_ws/install/eyantra_warehouse/share/eyantra_warehouse//models/boxes/box_38/meshes/aruco_tag.jpg
-- Up-to-date: /home/pheonix/E-yantra-2024/colcon_ws/install/eyantra_warehouse/share/eyantra_warehouse//models/boxes/box_38/model.sdf
-- Up-to-date: /home/pheonix/E-yantra-2024/colcon_ws/install/eyantra_warehouse/share/eyantra_warehouse//models/boxes/box_38/model.config
-- Up-to-date: /home/pheonix/E-yantra-2024/colcon_ws/install/eyantra_warehouse/share/eyantra_warehouse//models/boxes/box_44
-- Up-to-date: /home/pheonix/E-yantra-2024/colcon_ws/install/eyantra_warehouse/share/eyantra_warehouse//models/boxes/box_44/meshes
-- Up-to-date: /home/pheonix/E-yantra-2024/colcon_ws/install/eyantra_warehouse/share/eyantra_warehouse//models/boxes/box_44/meshes/box__bg.png
-- Up-to-date: /home/pheonix/E-yantra-2024/colcon_ws/install/eyantra_warehouse/share/eyantra_warehouse//models/boxes/box_44/meshes/box.dae
-- Up-to-date: /home/pheonix/E-yantra-2024/colcon_ws/install/eyantra_warehouse/share/eyantra_warehouse//models/boxes/box_44/meshes/cardboard_bg.png
-- Up-to-date: /home/pheonix/E-yantra-2024/colcon_ws/install/eyantra_warehouse/share/eyantra_warehouse//models/boxes/box_44/meshes/aruco_tag.jpg
-- Up-to-date: /home/pheonix/E-yantra-2024/colcon_ws/install/eyantra_warehouse/share/eyantra_warehouse//models/boxes/box_44/model.sdf
-- Up-to-date: /home/pheonix/E-yantra-2024/colcon_ws/install/eyantra_warehouse/share/eyantra_warehouse//models/boxes/box_44/model.config
-- Up-to-date: /home/pheonix/E-yantra-2024/colcon_ws/install/eyantra_warehouse/share/eyantra_warehouse//models/boxes/box_11
-- Up-to-date: /home/pheonix/E-yantra-2024/colcon_ws/install/eyantra_warehouse/share/eyantra_warehouse//models/boxes/box_11/meshes
-- Up-to-date: /home/pheonix/E-yantra-2024/colcon_ws/install/eyantra_warehouse/share/eyantra_warehouse//models/boxes/box_11/meshes/box__bg.png
-- Up-to-date: /home/pheonix/E-yantra-2024/colcon_ws/install/eyantra_warehouse/share/eyantra_warehouse//models/boxes/box_11/meshes/box.dae
-- Up-to-date: /home/pheonix/E-yantra-2024/colcon_ws/install/eyantra_warehouse/share/eyantra_warehouse//models/boxes/box_11/meshes/cardboard_bg.png
-- Up-to-date: /home/pheonix/E-yantra-2024/colcon_ws/install/eyantra_warehouse/share/eyantra_warehouse//models/boxes/box_11/meshes/aruco_tag.jpg
-- Up-to-date: /home/pheonix/E-yantra-2024/colcon_ws/install/eyantra_warehouse/share/eyantra_warehouse//models/boxes/box_11/model.sdf
-- Up-to-date: /home/pheonix/E-yantra-2024/colcon_ws/install/eyantra_warehouse/share/eyantra_warehouse//models/boxes/box_11/model.config
-- Up-to-date: /home/pheonix/E-yantra-2024/colcon_ws/install/eyantra_warehouse/share/eyantra_warehouse//models/boxes/box_43
-- Up-to-date: /home/pheonix/E-yantra-2024/colcon_ws/install/eyantra_warehouse/share/eyantra_warehouse//models/boxes/box_43/meshes
-- Up-to-date: /home/pheonix/E-yantra-2024/colcon_ws/install/eyantra_warehouse/share/eyantra_warehouse//models/boxes/box_43/meshes/box__bg.png
-- Up-to-date: /home/pheonix/E-yantra-2024/colcon_ws/install/eyantra_warehouse/share/eyantra_warehouse//models/boxes/box_43/meshes/box.dae
-- Up-to-date: /home/pheonix/E-yantra-2024/colcon_ws/install/eyantra_warehouse/share/eyantra_warehouse//models/boxes/box_43/meshes/cardboard_bg.png
-- Up-to-date: /home/pheonix/E-yantra-2024/colcon_ws/install/eyantra_warehouse/share/eyantra_warehouse//models/boxes/box_43/meshes/aruco_tag.jpg
-- Up-to-date: /home/pheonix/E-yantra-2024/colcon_ws/install/eyantra_warehouse/share/eyantra_warehouse//models/boxes/box_43/model.sdf
-- Up-to-date: /home/pheonix/E-yantra-2024/colcon_ws/install/eyantra_warehouse/share/eyantra_warehouse//models/boxes/box_43/model.config
-- Up-to-date: /home/pheonix/E-yantra-2024/colcon_ws/install/eyantra_warehouse/share/eyantra_warehouse//models/boxes/box_2
-- Up-to-date: /home/pheonix/E-yantra-2024/colcon_ws/install/eyantra_warehouse/share/eyantra_warehouse//models/boxes/box_2/meshes
-- Up-to-date: /home/pheonix/E-yantra-2024/colcon_ws/install/eyantra_warehouse/share/eyantra_warehouse//models/boxes/box_2/meshes/box__bg.png
-- Up-to-date: /home/pheonix/E-yantra-2024/colcon_ws/install/eyantra_warehouse/share/eyantra_warehouse//models/boxes/box_2/meshes/box.dae
-- Up-to-date: /home/pheonix/E-yantra-2024/colcon_ws/install/eyantra_warehouse/share/eyantra_warehouse//models/boxes/box_2/meshes/cardboard_bg.png
-- Up-to-date: /home/pheonix/E-yantra-2024/colcon_ws/install/eyantra_warehouse/share/eyantra_warehouse//models/boxes/box_2/meshes/aruco_tag.jpg
-- Up-to-date: /home/pheonix/E-yantra-2024/colcon_ws/install/eyantra_warehouse/share/eyantra_warehouse//models/boxes/box_2/model.sdf
-- Up-to-date: /home/pheonix/E-yantra-2024/colcon_ws/install/eyantra_warehouse/share/eyantra_warehouse//models/boxes/box_2/model.config
-- Up-to-date: /home/pheonix/E-yantra-2024/colcon_ws/install/eyantra_warehouse/share/eyantra_warehouse//models/boxes/box_29
-- Up-to-date: /home/pheonix/E-yantra-2024/colcon_ws/install/eyantra_warehouse/share/eyantra_warehouse//models/boxes/box_29/meshes
-- Up-to-date: /home/pheonix/E-yantra-2024/colcon_ws/install/eyantra_warehouse/share/eyantra_warehouse//models/boxes/box_29/meshes/box__bg.png
-- Up-to-date: /home/pheonix/E-yantra-2024/colcon_ws/install/eyantra_warehouse/share/eyantra_warehouse//models/boxes/box_29/meshes/box.dae
-- Up-to-date: /home/pheonix/E-yantra-2024/colcon_ws/install/eyantra_warehouse/share/eyantra_warehouse//models/boxes/box_29/meshes/cardboard_bg.png
-- Up-to-date: /home/pheonix/E-yantra-2024/colcon_ws/install/eyantra_warehouse/share/eyantra_warehouse//models/boxes/box_29/meshes/aruco_tag.jpg
-- Up-to-date: /home/pheonix/E-yantra-2024/colcon_ws/install/eyantra_warehouse/share/eyantra_warehouse//models/boxes/box_29/model.sdf
-- Up-to-date: /home/pheonix/E-yantra-2024/colcon_ws/install/eyantra_warehouse/share/eyantra_warehouse//models/boxes/box_29/model.config
-- Up-to-date: /home/pheonix/E-yantra-2024/colcon_ws/install/eyantra_warehouse/share/eyantra_warehouse//models/boxes/box_45
-- Up-to-date: /home/pheonix/E-yantra-2024/colcon_ws/install/eyantra_warehouse/share/eyantra_warehouse//models/boxes/box_45/meshes
-- Up-to-date: /home/pheonix/E-yantra-2024/colcon_ws/install/eyantra_warehouse/share/eyantra_warehouse//models/boxes/box_45/meshes/box__bg.png
-- Up-to-date: /home/pheonix/E-yantra-2024/colcon_ws/install/eyantra_warehouse/share/eyantra_warehouse//models/boxes/box_45/meshes/box.dae
-- Up-to-date: /home/pheonix/E-yantra-2024/colcon_ws/install/eyantra_warehouse/share/eyantra_warehouse//models/boxes/box_45/meshes/cardboard_bg.png
-- Up-to-date: /home/pheonix/E-yantra-2024/colcon_ws/install/eyantra_warehouse/share/eyantra_warehouse//models/boxes/box_45/meshes/aruco_tag.jpg
-- Up-to-date: /home/pheonix/E-yantra-2024/colcon_ws/install/eyantra_warehouse/share/eyantra_warehouse//models/boxes/box_45/model.sdf
-- Up-to-date: /home/pheonix/E-yantra-2024/colcon_ws/install/eyantra_warehouse/share/eyantra_warehouse//models/boxes/box_45/model.config
-- Up-to-date: /home/pheonix/E-yantra-2024/colcon_ws/install/eyantra_warehouse/share/eyantra_warehouse//models/boxes/box_47
-- Up-to-date: /home/pheonix/E-yantra-2024/colcon_ws/install/eyantra_warehouse/share/eyantra_warehouse//models/boxes/box_47/meshes
-- Up-to-date: /home/pheonix/E-yantra-2024/colcon_ws/install/eyantra_warehouse/share/eyantra_warehouse//models/boxes/box_47/meshes/box__bg.png
-- Up-to-date: /home/pheonix/E-yantra-2024/colcon_ws/install/eyantra_warehouse/share/eyantra_warehouse//models/boxes/box_47/meshes/box.dae
-- Up-to-date: /home/pheonix/E-yantra-2024/colcon_ws/install/eyantra_warehouse/share/eyantra_warehouse//models/boxes/box_47/meshes/cardboard_bg.png
-- Up-to-date: /home/pheonix/E-yantra-2024/colcon_ws/install/eyantra_warehouse/share/eyantra_warehouse//models/boxes/box_47/meshes/aruco_tag.jpg
-- Up-to-date: /home/pheonix/E-yantra-2024/colcon_ws/install/eyantra_warehouse/share/eyantra_warehouse//models/boxes/box_47/model.sdf
-- Up-to-date: /home/pheonix/E-yantra-2024/colcon_ws/install/eyantra_warehouse/share/eyantra_warehouse//models/boxes/box_47/model.config
-- Up-to-date: /home/pheonix/E-yantra-2024/colcon_ws/install/eyantra_warehouse/share/eyantra_warehouse//models/boxes/box_36
-- Up-to-date: /home/pheonix/E-yantra-2024/colcon_ws/install/eyantra_warehouse/share/eyantra_warehouse//models/boxes/box_36/meshes
-- Up-to-date: /home/pheonix/E-yantra-2024/colcon_ws/install/eyantra_warehouse/share/eyantra_warehouse//models/boxes/box_36/meshes/box__bg.png
-- Up-to-date: /home/pheonix/E-yantra-2024/colcon_ws/install/eyantra_warehouse/share/eyantra_warehouse//models/boxes/box_36/meshes/box.dae
-- Up-to-date: /home/pheonix/E-yantra-2024/colcon_ws/install/eyantra_warehouse/share/eyantra_warehouse//models/boxes/box_36/meshes/cardboard_bg.png
-- Up-to-date: /home/pheonix/E-yantra-2024/colcon_ws/install/eyantra_warehouse/share/eyantra_warehouse//models/boxes/box_36/meshes/aruco_tag.jpg
-- Up-to-date: /home/pheonix/E-yantra-2024/colcon_ws/install/eyantra_warehouse/share/eyantra_warehouse//models/boxes/box_36/model.sdf
-- Up-to-date: /home/pheonix/E-yantra-2024/colcon_ws/install/eyantra_warehouse/share/eyantra_warehouse//models/boxes/box_36/model.config
-- Up-to-date: /home/pheonix/E-yantra-2024/colcon_ws/install/eyantra_warehouse/share/eyantra_warehouse//models/boxes/box_5
-- Up-to-date: /home/pheonix/E-yantra-2024/colcon_ws/install/eyantra_warehouse/share/eyantra_warehouse//models/boxes/box_5/meshes
-- Up-to-date: /home/pheonix/E-yantra-2024/colcon_ws/install/eyantra_warehouse/share/eyantra_warehouse//models/boxes/box_5/meshes/box__bg.png
-- Up-to-date: /home/pheonix/E-yantra-2024/colcon_ws/install/eyantra_warehouse/share/eyantra_warehouse//models/boxes/box_5/meshes/box.dae
-- Up-to-date: /home/pheonix/E-yantra-2024/colcon_ws/install/eyantra_warehouse/share/eyantra_warehouse//models/boxes/box_5/meshes/cardboard_bg.png
-- Up-to-date: /home/pheonix/E-yantra-2024/colcon_ws/install/eyantra_warehouse/share/eyantra_warehouse//models/boxes/box_5/meshes/aruco_tag.jpg
-- Up-to-date: /home/pheonix/E-yantra-2024/colcon_ws/install/eyantra_warehouse/share/eyantra_warehouse//models/boxes/box_5/model.sdf
-- Up-to-date: /home/pheonix/E-yantra-2024/colcon_ws/install/eyantra_warehouse/share/eyantra_warehouse//models/boxes/box_5/model.config
-- Up-to-date: /home/pheonix/E-yantra-2024/colcon_ws/install/eyantra_warehouse/share/eyantra_warehouse//models/boxes/box_4
-- Up-to-date: /home/pheonix/E-yantra-2024/colcon_ws/install/eyantra_warehouse/share/eyantra_warehouse//models/boxes/box_4/meshes
-- Up-to-date: /home/pheonix/E-yantra-2024/colcon_ws/install/eyantra_warehouse/share/eyantra_warehouse//models/boxes/box_4/meshes/box__bg.png
-- Up-to-date: /home/pheonix/E-yantra-2024/colcon_ws/install/eyantra_warehouse/share/eyantra_warehouse//models/boxes/box_4/meshes/box.dae
-- Up-to-date: /home/pheonix/E-yantra-2024/colcon_ws/install/eyantra_warehouse/share/eyantra_warehouse//models/boxes/box_4/meshes/cardboard_bg.png
-- Up-to-date: /home/pheonix/E-yantra-2024/colcon_ws/install/eyantra_warehouse/share/eyantra_warehouse//models/boxes/box_4/meshes/aruco_tag.jpg
-- Up-to-date: /home/pheonix/E-yantra-2024/colcon_ws/install/eyantra_warehouse/share/eyantra_warehouse//models/boxes/box_4/model.sdf
-- Up-to-date: /home/pheonix/E-yantra-2024/colcon_ws/install/eyantra_warehouse/share/eyantra_warehouse//models/boxes/box_4/model.config
-- Up-to-date: /home/pheonix/E-yantra-2024/colcon_ws/install/eyantra_warehouse/share/eyantra_warehouse//models/boxes/box_3
-- Up-to-date: /home/pheonix/E-yantra-2024/colcon_ws/install/eyantra_warehouse/share/eyantra_warehouse//models/boxes/box_3/meshes
-- Up-to-date: /home/pheonix/E-yantra-2024/colcon_ws/install/eyantra_warehouse/share/eyantra_warehouse//models/boxes/box_3/meshes/box__bg.png
-- Up-to-date: /home/pheonix/E-yantra-2024/colcon_ws/install/eyantra_warehouse/share/eyantra_warehouse//models/boxes/box_3/meshes/box.dae
-- Up-to-date: /home/pheonix/E-yantra-2024/colcon_ws/install/eyantra_warehouse/share/eyantra_warehouse//models/boxes/box_3/meshes/cardboard_bg.png
-- Up-to-date: /home/pheonix/E-yantra-2024/colcon_ws/install/eyantra_warehouse/share/eyantra_warehouse//models/boxes/box_3/meshes/aruco_tag.jpg
-- Up-to-date: /home/pheonix/E-yantra-2024/colcon_ws/install/eyantra_warehouse/share/eyantra_warehouse//models/boxes/box_3/model.sdf
-- Up-to-date: /home/pheonix/E-yantra-2024/colcon_ws/install/eyantra_warehouse/share/eyantra_warehouse//models/boxes/box_3/model.config
-- Up-to-date: /home/pheonix/E-yantra-2024/colcon_ws/install/eyantra_warehouse/share/eyantra_warehouse//models/boxes/box_26
-- Up-to-date: /home/pheonix/E-yantra-2024/colcon_ws/install/eyantra_warehouse/share/eyantra_warehouse//models/boxes/box_26/meshes
-- Up-to-date: /home/pheonix/E-yantra-2024/colcon_ws/install/eyantra_warehouse/share/eyantra_warehouse//models/boxes/box_26/meshes/box__bg.png
-- Up-to-date: /home/pheonix/E-yantra-2024/colcon_ws/install/eyantra_warehouse/share/eyantra_warehouse//models/boxes/box_26/meshes/box.dae
-- Up-to-date: /home/pheonix/E-yantra-2024/colcon_ws/install/eyantra_warehouse/share/eyantra_warehouse//models/boxes/box_26/meshes/cardboard_bg.png
-- Up-to-date: /home/pheonix/E-yantra-2024/colcon_ws/install/eyantra_warehouse/share/eyantra_warehouse//models/boxes/box_26/meshes/aruco_tag.jpg
-- Up-to-date: /home/pheonix/E-yantra-2024/colcon_ws/install/eyantra_warehouse/share/eyantra_warehouse//models/boxes/box_26/model.sdf
-- Up-to-date: /home/pheonix/E-yantra-2024/colcon_ws/install/eyantra_warehouse/share/eyantra_warehouse//models/boxes/box_26/model.config
-- Up-to-date: /home/pheonix/E-yantra-2024/colcon_ws/install/eyantra_warehouse/share/eyantra_warehouse//models/drop_table
-- Up-to-date: /home/pheonix/E-yantra-2024/colcon_ws/install/eyantra_warehouse/share/eyantra_warehouse//models/drop_table/meshes
-- Up-to-date: /home/pheonix/E-yantra-2024/colcon_ws/install/eyantra_warehouse/share/eyantra_warehouse//models/drop_table/meshes/eyantra_logo~red_280x55.png.001.png
-- Up-to-date: /home/pheonix/E-yantra-2024/colcon_ws/install/eyantra_warehouse/share/eyantra_warehouse//models/drop_table/meshes/eyantra_logo~red_280x55.png
-- Up-to-date: /home/pheonix/E-yantra-2024/colcon_ws/install/eyantra_warehouse/share/eyantra_warehouse//models/drop_table/meshes/table.dae
-- Up-to-date: /home/pheonix/E-yantra-2024/colcon_ws/install/eyantra_warehouse/share/eyantra_warehouse//models/drop_table/model.sdf
-- Up-to-date: /home/pheonix/E-yantra-2024/colcon_ws/install/eyantra_warehouse/share/eyantra_warehouse//models/drop_table/model.config
-- Up-to-date: /home/pheonix/E-yantra-2024/colcon_ws/install/eyantra_warehouse/share/eyantra_warehouse//models/package_box
-- Up-to-date: /home/pheonix/E-yantra-2024/colcon_ws/install/eyantra_warehouse/share/eyantra_warehouse//models/package_box/meshes
-- Up-to-date: /home/pheonix/E-yantra-2024/colcon_ws/install/eyantra_warehouse/share/eyantra_warehouse//models/package_box/meshes/package_box.dae
-- Up-to-date: /home/pheonix/E-yantra-2024/colcon_ws/install/eyantra_warehouse/share/eyantra_warehouse//models/package_box/meshes/4x4_1000-0.png
-- Up-to-date: /home/pheonix/E-yantra-2024/colcon_ws/install/eyantra_warehouse/share/eyantra_warehouse//models/package_box/meshes/aws_robomaker_warehouse_ClutteringC_02.png
-- Up-to-date: /home/pheonix/E-yantra-2024/colcon_ws/install/eyantra_warehouse/share/eyantra_warehouse//models/package_box/model.sdf
-- Up-to-date: /home/pheonix/E-yantra-2024/colcon_ws/install/eyantra_warehouse/share/eyantra_warehouse//models/package_box/model.config
-- Up-to-date: /home/pheonix/E-yantra-2024/colcon_ws/install/eyantra_warehouse/share/eyantra_warehouse//models/LB_city
-- Up-to-date: /home/pheonix/E-yantra-2024/colcon_ws/install/eyantra_warehouse/share/eyantra_warehouse//models/LB_city/meshes
-- Up-to-date: /home/pheonix/E-yantra-2024/colcon_ws/install/eyantra_warehouse/share/eyantra_warehouse//models/LB_city/meshes/SolarPanelsPolycrystallineTypeBFramedClean001_COL_3K.jpg.004.jp.jpg
-- Up-to-date: /home/pheonix/E-yantra-2024/colcon_ws/install/eyantra_warehouse/share/eyantra_warehouse//models/LB_city/meshes/pv2c.jpg
-- Up-to-date: /home/pheonix/E-yantra-2024/colcon_ws/install/eyantra_warehouse/share/eyantra_warehouse//models/LB_city/meshes/ocean_texture.jpeg
-- Up-to-date: /home/pheonix/E-yantra-2024/colcon_ws/install/eyantra_warehouse/share/eyantra_warehouse//models/LB_city/meshes/f1q.jpg
-- Up-to-date: /home/pheonix/E-yantra-2024/colcon_ws/install/eyantra_warehouse/share/eyantra_warehouse//models/LB_city/meshes/LAWN.jpg
-- Up-to-date: /home/pheonix/E-yantra-2024/colcon_ws/install/eyantra_warehouse/share/eyantra_warehouse//models/LB_city/meshes/f1q.jpg.001.jpg
-- Up-to-date: /home/pheonix/E-yantra-2024/colcon_ws/install/eyantra_warehouse/share/eyantra_warehouse//models/LB_city/meshes/LB_city.dae
-- Up-to-date: /home/pheonix/E-yantra-2024/colcon_ws/install/eyantra_warehouse/share/eyantra_warehouse//models/LB_city/meshes/dm1.jpg
-- Up-to-date: /home/pheonix/E-yantra-2024/colcon_ws/install/eyantra_warehouse/share/eyantra_warehouse//models/LB_city/meshes/pb2.jpg
-- Up-to-date: /home/pheonix/E-yantra-2024/colcon_ws/install/eyantra_warehouse/share/eyantra_warehouse//models/LB_city/meshes/grass.png
-- Up-to-date: /home/pheonix/E-yantra-2024/colcon_ws/install/eyantra_warehouse/share/eyantra_warehouse//models/LB_city/model.sdf
-- Up-to-date: /home/pheonix/E-yantra-2024/colcon_ws/install/eyantra_warehouse/share/eyantra_warehouse//models/LB_city/model.config
-- Up-to-date: /home/pheonix/E-yantra-2024/colcon_ws/install/eyantra_warehouse/share/eyantra_warehouse//models/ground_plane
-- Up-to-date: /home/pheonix/E-yantra-2024/colcon_ws/install/eyantra_warehouse/share/eyantra_warehouse//models/ground_plane/model.sdf
-- Up-to-date: /home/pheonix/E-yantra-2024/colcon_ws/install/eyantra_warehouse/share/eyantra_warehouse//models/ground_plane/model.config
-- Up-to-date: /home/pheonix/E-yantra-2024/colcon_ws/install/eyantra_warehouse/share/eyantra_warehouse//models/conveyor_belt
-- Up-to-date: /home/pheonix/E-yantra-2024/colcon_ws/install/eyantra_warehouse/share/eyantra_warehouse//models/conveyor_belt/meshes
-- Up-to-date: /home/pheonix/E-yantra-2024/colcon_ws/install/eyantra_warehouse/share/eyantra_warehouse//models/conveyor_belt/meshes/conveyor_belt.dae
-- Up-to-date: /home/pheonix/E-yantra-2024/colcon_ws/install/eyantra_warehouse/share/eyantra_warehouse//models/conveyor_belt/meshes/conveyor_belt.stl
-- Up-to-date: /home/pheonix/E-yantra-2024/colcon_ws/install/eyantra_warehouse/share/eyantra_warehouse//models/conveyor_belt/model.sdf
-- Up-to-date: /home/pheonix/E-yantra-2024/colcon_ws/install/eyantra_warehouse/share/eyantra_warehouse//models/conveyor_belt/model.config
-- Up-to-date: /home/pheonix/E-yantra-2024/colcon_ws/install/eyantra_warehouse/share/eyantra_warehouse//models/warehouse_boundary
-- Up-to-date: /home/pheonix/E-yantra-2024/colcon_ws/install/eyantra_warehouse/share/eyantra_warehouse//models/warehouse_boundary/meshes
-- Up-to-date: /home/pheonix/E-yantra-2024/colcon_ws/install/eyantra_warehouse/share/eyantra_warehouse//models/warehouse_boundary/meshes/warehouse_floor.jpg
-- Up-to-date: /home/pheonix/E-yantra-2024/colcon_ws/install/eyantra_warehouse/share/eyantra_warehouse//models/warehouse_boundary/meshes/warehouse_boundary_glass_cover.dae
-- Up-to-date: /home/pheonix/E-yantra-2024/colcon_ws/install/eyantra_warehouse/share/eyantra_warehouse//models/warehouse_boundary/meshes/warehouse_boundary.dae
-- Up-to-date: /home/pheonix/E-yantra-2024/colcon_ws/install/eyantra_warehouse/share/eyantra_warehouse//models/warehouse_boundary/model.sdf
-- Up-to-date: /home/pheonix/E-yantra-2024/colcon_ws/install/eyantra_warehouse/share/eyantra_warehouse//models/warehouse_boundary/model.config
-- Up-to-date: /home/pheonix/E-yantra-2024/colcon_ws/install/eyantra_warehouse/share/eyantra_warehouse//models/aws_robomaker_warehouse_DeskC_01
-- Up-to-date: /home/pheonix/E-yantra-2024/colcon_ws/install/eyantra_warehouse/share/eyantra_warehouse//models/aws_robomaker_warehouse_DeskC_01/meshes
-- Up-to-date: /home/pheonix/E-yantra-2024/colcon_ws/install/eyantra_warehouse/share/eyantra_warehouse//models/aws_robomaker_warehouse_DeskC_01/meshes/aws_robomaker_warehouse_DeskC_01_visual.DAE
-- Up-to-date: /home/pheonix/E-yantra-2024/colcon_ws/install/eyantra_warehouse/share/eyantra_warehouse//models/aws_robomaker_warehouse_DeskC_01/meshes/aws_robomaker_warehouse_DeskC_01_collision.DAE
-- Up-to-date: /home/pheonix/E-yantra-2024/colcon_ws/install/eyantra_warehouse/share/eyantra_warehouse//models/aws_robomaker_warehouse_DeskC_01/model.sdf
-- Up-to-date: /home/pheonix/E-yantra-2024/colcon_ws/install/eyantra_warehouse/share/eyantra_warehouse//models/aws_robomaker_warehouse_DeskC_01/model.config
-- Up-to-date: /home/pheonix/E-yantra-2024/colcon_ws/install/eyantra_warehouse/share/eyantra_warehouse//models/aws_robomaker_warehouse_DeskC_01/materials
-- Up-to-date: /home/pheonix/E-yantra-2024/colcon_ws/install/eyantra_warehouse/share/eyantra_warehouse//models/aws_robomaker_warehouse_DeskC_01/materials/.DS_Store
-- Up-to-date: /home/pheonix/E-yantra-2024/colcon_ws/install/eyantra_warehouse/share/eyantra_warehouse//models/aws_robomaker_warehouse_DeskC_01/materials/textures
-- Up-to-date: /home/pheonix/E-yantra-2024/colcon_ws/install/eyantra_warehouse/share/eyantra_warehouse//models/aws_robomaker_warehouse_DeskC_01/materials/textures/aws_robomaker_warehouse_DeskC_02.png
-- Up-to-date: /home/pheonix/E-yantra-2024/colcon_ws/install/eyantra_warehouse/share/eyantra_warehouse//models/aws_robomaker_warehouse_DeskC_01/materials/textures/aws_robomaker_warehouse_DeskC_01.png
-- Up-to-date: /home/pheonix/E-yantra-2024/colcon_ws/install/eyantra_warehouse/share/eyantra_warehouse//models/aws_robomaker_warehouse_DeskC_01/materials/textures/aws_robomaker_warehouse_DeskC_04.png
-- Up-to-date: /home/pheonix/E-yantra-2024/colcon_ws/install/eyantra_warehouse/share/eyantra_warehouse//models/aws_robomaker_warehouse_DeskC_01/materials/textures/aws_robomaker_warehouse_DeskC_03.png
-- Up-to-date: /home/pheonix/E-yantra-2024/colcon_ws/install/eyantra_warehouse/share/eyantra_warehouse//models/aws_robomaker_warehouse_DeskC_01/materials/textures/aws_robomaker_warehouse_DeskC_03.psd
-- Up-to-date: /home/pheonix/E-yantra-2024/colcon_ws/install/eyantra_warehouse/share/eyantra_warehouse//models/box
-- Up-to-date: /home/pheonix/E-yantra-2024/colcon_ws/install/eyantra_warehouse/share/eyantra_warehouse//models/box/meshes
-- Up-to-date: /home/pheonix/E-yantra-2024/colcon_ws/install/eyantra_warehouse/share/eyantra_warehouse//models/box/meshes/box__bg.png
-- Up-to-date: /home/pheonix/E-yantra-2024/colcon_ws/install/eyantra_warehouse/share/eyantra_warehouse//models/box/meshes/box.dae
-- Up-to-date: /home/pheonix/E-yantra-2024/colcon_ws/install/eyantra_warehouse/share/eyantra_warehouse//models/box/meshes/cardboard_bg.png
-- Up-to-date: /home/pheonix/E-yantra-2024/colcon_ws/install/eyantra_warehouse/share/eyantra_warehouse//models/box/meshes/aruco_tag.jpg
-- Up-to-date: /home/pheonix/E-yantra-2024/colcon_ws/install/eyantra_warehouse/share/eyantra_warehouse//models/box/meshes/centroid_old_box.zip
-- Up-to-date: /home/pheonix/E-yantra-2024/colcon_ws/install/eyantra_warehouse/share/eyantra_warehouse//models/box/model.sdf
-- Up-to-date: /home/pheonix/E-yantra-2024/colcon_ws/install/eyantra_warehouse/share/eyantra_warehouse//models/box/model.config
-- Up-to-date: /home/pheonix/E-yantra-2024/colcon_ws/install/eyantra_warehouse/share/eyantra_warehouse//models/aws_robomaker_warehouse_PalletJackB_01
-- Up-to-date: /home/pheonix/E-yantra-2024/colcon_ws/install/eyantra_warehouse/share/eyantra_warehouse//models/aws_robomaker_warehouse_PalletJackB_01/.DS_Store
-- Up-to-date: /home/pheonix/E-yantra-2024/colcon_ws/install/eyantra_warehouse/share/eyantra_warehouse//models/aws_robomaker_warehouse_PalletJackB_01/meshes
-- Up-to-date: /home/pheonix/E-yantra-2024/colcon_ws/install/eyantra_warehouse/share/eyantra_warehouse//models/aws_robomaker_warehouse_PalletJackB_01/meshes/aws_robomaker_warehouse_PalletJackB_01_collision.DAE
-- Up-to-date: /home/pheonix/E-yantra-2024/colcon_ws/install/eyantra_warehouse/share/eyantra_warehouse//models/aws_robomaker_warehouse_PalletJackB_01/meshes/aws_robomaker_warehouse_PalletJackB_01_visual.DAE
-- Up-to-date: /home/pheonix/E-yantra-2024/colcon_ws/install/eyantra_warehouse/share/eyantra_warehouse//models/aws_robomaker_warehouse_PalletJackB_01/model.sdf
-- Up-to-date: /home/pheonix/E-yantra-2024/colcon_ws/install/eyantra_warehouse/share/eyantra_warehouse//models/aws_robomaker_warehouse_PalletJackB_01/model.config
-- Up-to-date: /home/pheonix/E-yantra-2024/colcon_ws/install/eyantra_warehouse/share/eyantra_warehouse//models/aws_robomaker_warehouse_PalletJackB_01/materials
-- Up-to-date: /home/pheonix/E-yantra-2024/colcon_ws/install/eyantra_warehouse/share/eyantra_warehouse//models/aws_robomaker_warehouse_PalletJackB_01/materials/.DS_Store
-- Up-to-date: /home/pheonix/E-yantra-2024/colcon_ws/install/eyantra_warehouse/share/eyantra_warehouse//models/aws_robomaker_warehouse_PalletJackB_01/materials/textures
-- Up-to-date: /home/pheonix/E-yantra-2024/colcon_ws/install/eyantra_warehouse/share/eyantra_warehouse//models/aws_robomaker_warehouse_PalletJackB_01/materials/textures/aws_robomaker_warehouse_PalletJackB_01.png
-- Up-to-date: /home/pheonix/E-yantra-2024/colcon_ws/install/eyantra_warehouse/share/eyantra_warehouse//models/aws_robomaker_warehouse_PalletJackB_01/materials/textures/aws_robomaker_warehouse_PalletJackB_02.png
-- Up-to-date: /home/pheonix/E-yantra-2024/colcon_ws/install/eyantra_warehouse/share/eyantra_warehouse//models/rack
-- Up-to-date: /home/pheonix/E-yantra-2024/colcon_ws/install/eyantra_warehouse/share/eyantra_warehouse//models/rack/meshes
-- Up-to-date: /home/pheonix/E-yantra-2024/colcon_ws/install/eyantra_warehouse/share/eyantra_warehouse//models/rack/meshes/brushedsteel_bg.jpg
-- Up-to-date: /home/pheonix/E-yantra-2024/colcon_ws/install/eyantra_warehouse/share/eyantra_warehouse//models/rack/meshes/rack.dae
-- Up-to-date: /home/pheonix/E-yantra-2024/colcon_ws/install/eyantra_warehouse/share/eyantra_warehouse//models/rack/meshes/rack.stl
-- Up-to-date: /home/pheonix/E-yantra-2024/colcon_ws/install/eyantra_warehouse/share/eyantra_warehouse//models/rack/meshes/brushedsteel4.jpg
-- Up-to-date: /home/pheonix/E-yantra-2024/colcon_ws/install/eyantra_warehouse/share/eyantra_warehouse//models/rack/model.sdf
-- Up-to-date: /home/pheonix/E-yantra-2024/colcon_ws/install/eyantra_warehouse/share/eyantra_warehouse//models/rack/model.config
-- Up-to-date: /home/pheonix/E-yantra-2024/colcon_ws/install/eyantra_warehouse/share/eyantra_warehouse//models/window
-- Up-to-date: /home/pheonix/E-yantra-2024/colcon_ws/install/eyantra_warehouse/share/eyantra_warehouse//models/window/model.sdf
-- Up-to-date: /home/pheonix/E-yantra-2024/colcon_ws/install/eyantra_warehouse/share/eyantra_warehouse//models/window/model.config
-- Up-to-date: /home/pheonix/E-yantra-2024/colcon_ws/install/eyantra_warehouse/share/eyantra_warehouse//models/aws_robomaker_warehouse_ClutteringC_01
-- Up-to-date: /home/pheonix/E-yantra-2024/colcon_ws/install/eyantra_warehouse/share/eyantra_warehouse//models/aws_robomaker_warehouse_ClutteringC_01/meshes
-- Up-to-date: /home/pheonix/E-yantra-2024/colcon_ws/install/eyantra_warehouse/share/eyantra_warehouse//models/aws_robomaker_warehouse_ClutteringC_01/meshes/aws_robomaker_warehouse_ClutteringC_01_visual.DAE
-- Up-to-date: /home/pheonix/E-yantra-2024/colcon_ws/install/eyantra_warehouse/share/eyantra_warehouse//models/aws_robomaker_warehouse_ClutteringC_01/meshes/aws_robomaker_warehouse_ClutteringC_01_collision.DAE
-- Up-to-date: /home/pheonix/E-yantra-2024/colcon_ws/install/eyantra_warehouse/share/eyantra_warehouse//models/aws_robomaker_warehouse_ClutteringC_01/model.sdf
-- Up-to-date: /home/pheonix/E-yantra-2024/colcon_ws/install/eyantra_warehouse/share/eyantra_warehouse//models/aws_robomaker_warehouse_ClutteringC_01/model.config
-- Up-to-date: /home/pheonix/E-yantra-2024/colcon_ws/install/eyantra_warehouse/share/eyantra_warehouse//models/aws_robomaker_warehouse_ClutteringC_01/materials
-- Up-to-date: /home/pheonix/E-yantra-2024/colcon_ws/install/eyantra_warehouse/share/eyantra_warehouse//models/aws_robomaker_warehouse_ClutteringC_01/materials/textures
-- Up-to-date: /home/pheonix/E-yantra-2024/colcon_ws/install/eyantra_warehouse/share/eyantra_warehouse//models/aws_robomaker_warehouse_ClutteringC_01/materials/textures/aws_robomaker_warehouse_ClutteringC_01.png
-- Up-to-date: /home/pheonix/E-yantra-2024/colcon_ws/install/eyantra_warehouse/share/eyantra_warehouse//models/aws_robomaker_warehouse_ClutteringC_01/materials/textures/aws_robomaker_warehouse_ClutteringC_02.png
-- Up-to-date: /home/pheonix/E-yantra-2024/colcon_ws/install/eyantra_warehouse/share/eyantra_warehouse//models/arm_base
-- Up-to-date: /home/pheonix/E-yantra-2024/colcon_ws/install/eyantra_warehouse/share/eyantra_warehouse//models/arm_base/meshes
-- Up-to-date: /home/pheonix/E-yantra-2024/colcon_ws/install/eyantra_warehouse/share/eyantra_warehouse//models/arm_base/meshes/arm_base.dae
-- Up-to-date: /home/pheonix/E-yantra-2024/colcon_ws/install/eyantra_warehouse/share/eyantra_warehouse//models/arm_base/model.sdf
-- Up-to-date: /home/pheonix/E-yantra-2024/colcon_ws/install/eyantra_warehouse/share/eyantra_warehouse//models/arm_base/model.config
-- Up-to-date: /home/pheonix/E-yantra-2024/colcon_ws/install/eyantra_warehouse/share/eyantra_warehouse//models/aws_robomaker_warehouse_ClutteringD_01
-- Up-to-date: /home/pheonix/E-yantra-2024/colcon_ws/install/eyantra_warehouse/share/eyantra_warehouse//models/aws_robomaker_warehouse_ClutteringD_01/meshes
-- Up-to-date: /home/pheonix/E-yantra-2024/colcon_ws/install/eyantra_warehouse/share/eyantra_warehouse//models/aws_robomaker_warehouse_ClutteringD_01/meshes/aws_robomaker_warehouse_ClutteringD_01_visual.DAE
-- Up-to-date: /home/pheonix/E-yantra-2024/colcon_ws/install/eyantra_warehouse/share/eyantra_warehouse//models/aws_robomaker_warehouse_ClutteringD_01/meshes/aws_robomaker_warehouse_ClutteringD_01_collision.DAE
-- Up-to-date: /home/pheonix/E-yantra-2024/colcon_ws/install/eyantra_warehouse/share/eyantra_warehouse//models/aws_robomaker_warehouse_ClutteringD_01/model.sdf
-- Up-to-date: /home/pheonix/E-yantra-2024/colcon_ws/install/eyantra_warehouse/share/eyantra_warehouse//models/aws_robomaker_warehouse_ClutteringD_01/model.config
-- Up-to-date: /home/pheonix/E-yantra-2024/colcon_ws/install/eyantra_warehouse/share/eyantra_warehouse//models/aws_robomaker_warehouse_ClutteringD_01/materials
-- Up-to-date: /home/pheonix/E-yantra-2024/colcon_ws/install/eyantra_warehouse/share/eyantra_warehouse//models/aws_robomaker_warehouse_ClutteringD_01/materials/textures
-- Up-to-date: /home/pheonix/E-yantra-2024/colcon_ws/install/eyantra_warehouse/share/eyantra_warehouse//models/aws_robomaker_warehouse_ClutteringD_01/materials/textures/aws_robomaker_warehouse_ClutteringD_02.png
-- Up-to-date: /home/pheonix/E-yantra-2024/colcon_ws/install/eyantra_warehouse/share/eyantra_warehouse//models/aws_robomaker_warehouse_ClutteringD_01/materials/textures/aws_robomaker_warehouse_ClutteringD_01.png
-- Up-to-date: /home/pheonix/E-yantra-2024/colcon_ws/install/eyantra_warehouse/share/eyantra_warehouse//config
-- Up-to-date: /home/pheonix/E-yantra-2024/colcon_ws/install/eyantra_warehouse/share/eyantra_warehouse//config/SkyX_Moon.fragment
-- Up-to-date: /home/pheonix/E-yantra-2024/colcon_ws/install/eyantra_warehouse/share/eyantra_warehouse//config/SkyX_Moon.png
-- Up-to-date: /home/pheonix/E-yantra-2024/colcon_ws/install/eyantra_warehouse/share/eyantra_warehouse//config/package_link.json
-- Up-to-date: /home/pheonix/E-yantra-2024/colcon_ws/install/eyantra_warehouse/share/ament_index/resource_index/package_run_dependencies/eyantra_warehouse
-- Up-to-date: /home/pheonix/E-yantra-2024/colcon_ws/install/eyantra_warehouse/share/ament_index/resource_index/parent_prefix_path/eyantra_warehouse
-- Up-to-date: /home/pheonix/E-yantra-2024/colcon_ws/install/eyantra_warehouse/share/eyantra_warehouse/environment/ament_prefix_path.sh
-- Up-to-date: /home/pheonix/E-yantra-2024/colcon_ws/install/eyantra_warehouse/share/eyantra_warehouse/environment/ament_prefix_path.dsv
-- Up-to-date: /home/pheonix/E-yantra-2024/colcon_ws/install/eyantra_warehouse/share/eyantra_warehouse/environment/path.sh
-- Up-to-date: /home/pheonix/E-yantra-2024/colcon_ws/install/eyantra_warehouse/share/eyantra_warehouse/environment/path.dsv
-- Up-to-date: /home/pheonix/E-yantra-2024/colcon_ws/install/eyantra_warehouse/share/eyantra_warehouse/local_setup.bash
-- Up-to-date: /home/pheonix/E-yantra-2024/colcon_ws/install/eyantra_warehouse/share/eyantra_warehouse/local_setup.sh
-- Up-to-date: /home/pheonix/E-yantra-2024/colcon_ws/install/eyantra_warehouse/share/eyantra_warehouse/local_setup.zsh
-- Up-to-date: /home/pheonix/E-yantra-2024/colcon_ws/install/eyantra_warehouse/share/eyantra_warehouse/local_setup.dsv
-- Up-to-date: /home/pheonix/E-yantra-2024/colcon_ws/install/eyantra_warehouse/share/eyantra_warehouse/package.dsv
-- Up-to-date: /home/pheonix/E-yantra-2024/colcon_ws/install/eyantra_warehouse/share/ament_index/resource_index/packages/eyantra_warehouse
-- Up-to-date: /home/pheonix/E-yantra-2024/colcon_ws/install/eyantra_warehouse/share/eyantra_warehouse/cmake/eyantra_warehouseConfig.cmake
-- Up-to-date: /home/pheonix/E-yantra-2024/colcon_ws/install/eyantra_warehouse/share/eyantra_warehouse/cmake/eyantra_warehouseConfig-version.cmake
-- Up-to-date: /home/pheonix/E-yantra-2024/colcon_ws/install/eyantra_warehouse/share/eyantra_warehouse/package.xml
