[0.021s] Invoking command in '/home/pheonix/E-yantra-2024/colcon_ws/build/linkattacher_msgs': CMAKE_PREFIX_PATH=${CMAKE_PREFIX_PATH}:/home/pheonix/ros-adv/install/actions_py:/opt/ros/humble /usr/bin/cmake /home/pheonix/E-yantra-2024/colcon_ws/src/linkattacher_msgs -DCMAKE_INSTALL_PREFIX=/home/pheonix/E-yantra-2024/colcon_ws/install/linkattacher_msgs
[0.053s] -- The C compiler identification is GNU 11.4.0
[0.091s] -- The CXX compiler identification is GNU 11.4.0
[0.096s] -- Detecting C compiler ABI info
[0.147s] -- Detecting C compiler ABI info - done
[0.153s] -- Check for working C compiler: /usr/bin/cc - skipped
[0.154s] -- Detecting C compile features
[0.154s] -- Detecting C compile features - done
[0.156s] -- Detecting CXX compiler ABI info
[0.215s] -- Detecting CXX compiler ABI info - done
[0.223s] -- Check for working CXX compiler: /usr/bin/c++ - skipped
[0.223s] -- Detecting CXX compile features
[0.224s] -- Detecting CXX compile features - done
[0.226s] -- Found ament_cmake: 1.3.10 (/opt/ros/humble/share/ament_cmake/cmake)
[0.325s] -- Found Python3: /usr/bin/python3 (found version "3.10.12") found components: Interpreter 
[0.383s] -- Found ament_lint_auto: 0.12.11 (/opt/ros/humble/share/ament_lint_auto/cmake)
[0.439s] -- Found rosidl_default_generators: 1.2.0 (/opt/ros/humble/share/rosidl_default_generators/cmake)
[0.441s] -- Using all available rosidl_typesupport_c: rosidl_typesupport_fastrtps_c;rosidl_typesupport_introspection_c
[0.446s] -- Found rosidl_adapter: 3.1.5 (/opt/ros/humble/share/rosidl_adapter/cmake)
[0.471s] -- Using all available rosidl_typesupport_cpp: rosidl_typesupport_fastrtps_cpp;rosidl_typesupport_introspection_cpp
[0.632s] -- Found ament_cmake_ros: 0.10.0 (/opt/ros/humble/share/ament_cmake_ros/cmake)
[0.761s] -- Using all available rosidl_typesupport_c: rosidl_typesupport_fastrtps_c;rosidl_typesupport_introspection_c
[0.926s] -- Using all available rosidl_typesupport_cpp: rosidl_typesupport_fastrtps_cpp;rosidl_typesupport_introspection_cpp
[0.942s] -- Found PythonInterp: /usr/bin/python3 (found suitable version "3.10.12", minimum required is "3.6") 
[0.943s] -- Found python_cmake_module: 0.10.0 (/opt/ros/humble/share/python_cmake_module/cmake)
[0.963s] -- Found PythonLibs: /usr/lib/x86_64-linux-gnu/libpython3.10.so (found suitable version "3.10.12", minimum required is "3.5") 
[0.963s] -- Using PYTHON_EXECUTABLE: /usr/bin/python3
[0.963s] -- Using PYTHON_INCLUDE_DIRS: /usr/include/python3.10
[0.963s] -- Using PYTHON_LIBRARIES: /usr/lib/x86_64-linux-gnu/libpython3.10.so
[0.977s] -- Found PythonExtra: .so  
[0.999s] -- Added test 'copyright' to check source files copyright and LICENSE
[1.000s] -- Added test 'lint_cmake' to check CMake code style
[1.001s] -- Added test 'xmllint' to check XML markup files
[1.006s] -- Configuring done
[1.024s] -- Generating done
[1.026s] -- Build files have been written to: /home/pheonix/E-yantra-2024/colcon_ws/build/linkattacher_msgs
[1.032s] Invoked command in '/home/pheonix/E-yantra-2024/colcon_ws/build/linkattacher_msgs' returned '0': CMAKE_PREFIX_PATH=${CMAKE_PREFIX_PATH}:/home/pheonix/ros-adv/install/actions_py:/opt/ros/humble /usr/bin/cmake /home/pheonix/E-yantra-2024/colcon_ws/src/linkattacher_msgs -DCMAKE_INSTALL_PREFIX=/home/pheonix/E-yantra-2024/colcon_ws/install/linkattacher_msgs
[1.033s] Invoking command in '/home/pheonix/E-yantra-2024/colcon_ws/build/linkattacher_msgs': CMAKE_PREFIX_PATH=${CMAKE_PREFIX_PATH}:/home/pheonix/ros-adv/install/actions_py:/opt/ros/humble /usr/bin/cmake --build /home/pheonix/E-yantra-2024/colcon_ws/build/linkattacher_msgs -- -j16 -l16
[1.065s] [  2%] [34m[1mGenerating C code for ROS interfaces[0m
[1.071s] [  5%] [34m[1mGenerating C++ code for ROS interfaces[0m
[1.078s] [  5%] Built target ament_cmake_python_copy_linkattacher_msgs
[1.240s] running egg_info
[1.240s] creating linkattacher_msgs.egg-info
[1.241s] writing linkattacher_msgs.egg-info/PKG-INFO
[1.241s] writing dependency_links to linkattacher_msgs.egg-info/dependency_links.txt
[1.241s] writing top-level names to linkattacher_msgs.egg-info/top_level.txt
[1.241s] writing manifest file 'linkattacher_msgs.egg-info/SOURCES.txt'
[1.242s] reading manifest file 'linkattacher_msgs.egg-info/SOURCES.txt'
[1.242s] writing manifest file 'linkattacher_msgs.egg-info/SOURCES.txt'
[1.262s] [  5%] Built target ament_cmake_python_build_linkattacher_msgs_egg
[1.325s] [  5%] Built target linkattacher_msgs__cpp
[1.332s] [  7%] [34m[1mGenerating C++ introspection for ROS interfaces[0m
[1.332s] [ 10%] [34m[1mGenerating C++ type support for eProsima Fast-RTPS[0m
[1.332s] [ 12%] [34m[1mGenerating C++ type support dispatch for ROS interfaces[0m
[1.341s] [ 17%] [32mBuilding C object CMakeFiles/linkattacher_msgs__rosidl_generator_c.dir/rosidl_generator_c/linkattacher_msgs/srv/detail/attach_link__functions.c.o[0m
[1.341s] [ 17%] [32mBuilding C object CMakeFiles/linkattacher_msgs__rosidl_generator_c.dir/rosidl_generator_c/linkattacher_msgs/srv/detail/detach_link__functions.c.o[0m
[1.381s] [ 20%] [32m[1mLinking C shared library liblinkattacher_msgs__rosidl_generator_c.so[0m
[1.409s] [ 20%] Built target linkattacher_msgs__rosidl_generator_c
[1.416s] [ 28%] [34m[1mGenerating C type support dispatch for ROS interfaces[0m
[1.417s] [ 28%] [34m[1mGenerating C type support for eProsima Fast-RTPS[0m
[1.417s] [ 28%] [34m[1mGenerating C introspection for ROS interfaces[0m
[1.561s] [ 33%] [32mBuilding CXX object CMakeFiles/linkattacher_msgs__rosidl_typesupport_cpp.dir/rosidl_typesupport_cpp/linkattacher_msgs/srv/attach_link__type_support.cpp.o[0m
[1.561s] [ 33%] [32mBuilding CXX object CMakeFiles/linkattacher_msgs__rosidl_typesupport_cpp.dir/rosidl_typesupport_cpp/linkattacher_msgs/srv/detach_link__type_support.cpp.o[0m
[1.593s] [ 35%] [32mBuilding CXX object CMakeFiles/linkattacher_msgs__rosidl_typesupport_introspection_cpp.dir/rosidl_typesupport_introspection_cpp/linkattacher_msgs/srv/detail/attach_link__type_support.cpp.o[0m
[1.595s] [ 38%] [32mBuilding CXX object CMakeFiles/linkattacher_msgs__rosidl_typesupport_introspection_cpp.dir/rosidl_typesupport_introspection_cpp/linkattacher_msgs/srv/detail/detach_link__type_support.cpp.o[0m
[1.595s] [ 41%] [32mBuilding CXX object CMakeFiles/linkattacher_msgs__rosidl_typesupport_fastrtps_cpp.dir/rosidl_typesupport_fastrtps_cpp/linkattacher_msgs/srv/detail/dds_fastrtps/attach_link__type_support.cpp.o[0m
[1.597s] [ 43%] [32mBuilding CXX object CMakeFiles/linkattacher_msgs__rosidl_typesupport_fastrtps_cpp.dir/rosidl_typesupport_fastrtps_cpp/linkattacher_msgs/srv/detail/dds_fastrtps/detach_link__type_support.cpp.o[0m
[1.653s] [ 46%] [32mBuilding CXX object CMakeFiles/linkattacher_msgs__rosidl_typesupport_c.dir/rosidl_typesupport_c/linkattacher_msgs/srv/attach_link__type_support.cpp.o[0m
[1.653s] [ 48%] [32mBuilding CXX object CMakeFiles/linkattacher_msgs__rosidl_typesupport_c.dir/rosidl_typesupport_c/linkattacher_msgs/srv/detach_link__type_support.cpp.o[0m
[1.676s] [ 53%] [32mBuilding C object CMakeFiles/linkattacher_msgs__rosidl_typesupport_introspection_c.dir/rosidl_typesupport_introspection_c/linkattacher_msgs/srv/detail/detach_link__type_support.c.o[0m
[1.676s] [ 53%] [32mBuilding C object CMakeFiles/linkattacher_msgs__rosidl_typesupport_introspection_c.dir/rosidl_typesupport_introspection_c/linkattacher_msgs/srv/detail/attach_link__type_support.c.o[0m
[1.683s] [ 56%] [32m[1mLinking CXX shared library liblinkattacher_msgs__rosidl_typesupport_c.so[0m
[1.687s] [ 61%] [32mBuilding CXX object CMakeFiles/linkattacher_msgs__rosidl_typesupport_fastrtps_c.dir/rosidl_typesupport_fastrtps_c/linkattacher_msgs/srv/detail/attach_link__type_support_c.cpp.o[0m
[1.687s] [ 61%] [32mBuilding CXX object CMakeFiles/linkattacher_msgs__rosidl_typesupport_fastrtps_c.dir/rosidl_typesupport_fastrtps_c/linkattacher_msgs/srv/detail/detach_link__type_support_c.cpp.o[0m
[1.708s] [ 64%] [32m[1mLinking C shared library liblinkattacher_msgs__rosidl_typesupport_introspection_c.so[0m
[1.722s] [ 64%] Built target linkattacher_msgs__rosidl_typesupport_c
[1.739s] [ 64%] Built target linkattacher_msgs__rosidl_typesupport_introspection_c
[1.756s] [ 66%] [32m[1mLinking CXX shared library liblinkattacher_msgs__rosidl_typesupport_cpp.so[0m
[1.787s] [ 66%] Built target linkattacher_msgs__rosidl_typesupport_cpp
[1.905s] [ 69%] [32m[1mLinking CXX shared library liblinkattacher_msgs__rosidl_typesupport_introspection_cpp.so[0m
[1.912s] [ 71%] [32m[1mLinking CXX shared library liblinkattacher_msgs__rosidl_typesupport_fastrtps_c.so[0m
[1.922s] [ 74%] [32m[1mLinking CXX shared library liblinkattacher_msgs__rosidl_typesupport_fastrtps_cpp.so[0m
[1.954s] [ 74%] Built target linkattacher_msgs__rosidl_typesupport_introspection_cpp
[1.969s] [ 74%] Built target linkattacher_msgs__rosidl_typesupport_fastrtps_c
[1.977s] [ 74%] Built target linkattacher_msgs__rosidl_typesupport_fastrtps_cpp
[1.993s] [ 74%] Built target linkattacher_msgs
[2.012s] [ 76%] [34m[1mGenerating Python code for ROS interfaces[0m
[2.410s] [ 76%] Built target linkattacher_msgs__py
[2.429s] [ 82%] [32mBuilding C object CMakeFiles/linkattacher_msgs__rosidl_generator_py.dir/rosidl_generator_py/linkattacher_msgs/srv/_attach_link_s.c.o[0m
[2.429s] [ 82%] [32mBuilding C object CMakeFiles/linkattacher_msgs__rosidl_generator_py.dir/rosidl_generator_py/linkattacher_msgs/srv/_detach_link_s.c.o[0m
[2.502s] [ 84%] [32m[1mLinking C shared library rosidl_generator_py/linkattacher_msgs/liblinkattacher_msgs__rosidl_generator_py.so[0m
[2.536s] [ 84%] Built target linkattacher_msgs__rosidl_generator_py
[2.553s] [ 92%] [32mBuilding C object CMakeFiles/linkattacher_msgs__rosidl_typesupport_fastrtps_c__pyext.dir/rosidl_generator_py/linkattacher_msgs/_linkattacher_msgs_s.ep.rosidl_typesupport_fastrtps_c.c.o[0m
[2.553s] [ 92%] [32mBuilding C object CMakeFiles/linkattacher_msgs__rosidl_typesupport_introspection_c__pyext.dir/rosidl_generator_py/linkattacher_msgs/_linkattacher_msgs_s.ep.rosidl_typesupport_introspection_c.c.o[0m
[2.553s] [ 92%] [32mBuilding C object CMakeFiles/linkattacher_msgs__rosidl_typesupport_c__pyext.dir/rosidl_generator_py/linkattacher_msgs/_linkattacher_msgs_s.ep.rosidl_typesupport_c.c.o[0m
[2.614s] [ 97%] [32m[1mLinking C shared library rosidl_generator_py/linkattacher_msgs/linkattacher_msgs_s__rosidl_typesupport_c.cpython-310-x86_64-linux-gnu.so[0m
[2.614s] [ 97%] [32m[1mLinking C shared library rosidl_generator_py/linkattacher_msgs/linkattacher_msgs_s__rosidl_typesupport_introspection_c.cpython-310-x86_64-linux-gnu.so[0m
[2.616s] [100%] [32m[1mLinking C shared library rosidl_generator_py/linkattacher_msgs/linkattacher_msgs_s__rosidl_typesupport_fastrtps_c.cpython-310-x86_64-linux-gnu.so[0m
[2.642s] [100%] Built target linkattacher_msgs__rosidl_typesupport_introspection_c__pyext
[2.642s] [100%] Built target linkattacher_msgs__rosidl_typesupport_c__pyext
[2.642s] [100%] Built target linkattacher_msgs__rosidl_typesupport_fastrtps_c__pyext
[2.652s] Invoked command in '/home/pheonix/E-yantra-2024/colcon_ws/build/linkattacher_msgs' returned '0': CMAKE_PREFIX_PATH=${CMAKE_PREFIX_PATH}:/home/pheonix/ros-adv/install/actions_py:/opt/ros/humble /usr/bin/cmake --build /home/pheonix/E-yantra-2024/colcon_ws/build/linkattacher_msgs -- -j16 -l16
[2.755s] Invoking command in '/home/pheonix/E-yantra-2024/colcon_ws/build/linkattacher_msgs': CMAKE_PREFIX_PATH=${CMAKE_PREFIX_PATH}:/home/pheonix/ros-adv/install/actions_py:/opt/ros/humble /usr/bin/cmake --install /home/pheonix/E-yantra-2024/colcon_ws/build/linkattacher_msgs
[2.762s] -- Install configuration: ""
[2.762s] -- Installing: /home/pheonix/E-yantra-2024/colcon_ws/install/linkattacher_msgs/share/linkattacher_msgs/srv
[2.762s] -- Installing: /home/pheonix/E-yantra-2024/colcon_ws/install/linkattacher_msgs/share/linkattacher_msgs/srv/AttachLink.srv
[2.762s] -- Installing: /home/pheonix/E-yantra-2024/colcon_ws/install/linkattacher_msgs/share/linkattacher_msgs/srv/DetachLink.srv
[2.762s] -- Installing: /home/pheonix/E-yantra-2024/colcon_ws/install/linkattacher_msgs/share/ament_index/resource_index/rosidl_interfaces/linkattacher_msgs
[2.762s] -- Installing: /home/pheonix/E-yantra-2024/colcon_ws/install/linkattacher_msgs/include/linkattacher_msgs/linkattacher_msgs
[2.763s] -- Installing: /home/pheonix/E-yantra-2024/colcon_ws/install/linkattacher_msgs/include/linkattacher_msgs/linkattacher_msgs/srv
[2.763s] -- Installing: /home/pheonix/E-yantra-2024/colcon_ws/install/linkattacher_msgs/include/linkattacher_msgs/linkattacher_msgs/srv/detach_link.h
[2.763s] -- Installing: /home/pheonix/E-yantra-2024/colcon_ws/install/linkattacher_msgs/include/linkattacher_msgs/linkattacher_msgs/srv/attach_link.h
[2.763s] -- Installing: /home/pheonix/E-yantra-2024/colcon_ws/install/linkattacher_msgs/include/linkattacher_msgs/linkattacher_msgs/srv/detail
[2.763s] -- Installing: /home/pheonix/E-yantra-2024/colcon_ws/install/linkattacher_msgs/include/linkattacher_msgs/linkattacher_msgs/srv/detail/attach_link__type_support.h
[2.763s] -- Installing: /home/pheonix/E-yantra-2024/colcon_ws/install/linkattacher_msgs/include/linkattacher_msgs/linkattacher_msgs/srv/detail/detach_link__functions.c
[2.763s] -- Installing: /home/pheonix/E-yantra-2024/colcon_ws/install/linkattacher_msgs/include/linkattacher_msgs/linkattacher_msgs/srv/detail/detach_link__struct.h
[2.763s] -- Installing: /home/pheonix/E-yantra-2024/colcon_ws/install/linkattacher_msgs/include/linkattacher_msgs/linkattacher_msgs/srv/detail/detach_link__functions.h
[2.763s] -- Installing: /home/pheonix/E-yantra-2024/colcon_ws/install/linkattacher_msgs/include/linkattacher_msgs/linkattacher_msgs/srv/detail/attach_link__struct.h
[2.763s] -- Installing: /home/pheonix/E-yantra-2024/colcon_ws/install/linkattacher_msgs/include/linkattacher_msgs/linkattacher_msgs/srv/detail/attach_link__functions.c
[2.763s] -- Installing: /home/pheonix/E-yantra-2024/colcon_ws/install/linkattacher_msgs/include/linkattacher_msgs/linkattacher_msgs/srv/detail/attach_link__functions.h
[2.763s] -- Installing: /home/pheonix/E-yantra-2024/colcon_ws/install/linkattacher_msgs/include/linkattacher_msgs/linkattacher_msgs/srv/detail/detach_link__type_support.h
[2.763s] -- Installing: /home/pheonix/E-yantra-2024/colcon_ws/install/linkattacher_msgs/include/linkattacher_msgs/linkattacher_msgs/msg
[2.764s] -- Installing: /home/pheonix/E-yantra-2024/colcon_ws/install/linkattacher_msgs/include/linkattacher_msgs/linkattacher_msgs/msg/rosidl_generator_c__visibility_control.h
[2.764s] -- Installing: /home/pheonix/E-yantra-2024/colcon_ws/install/linkattacher_msgs/share/linkattacher_msgs/environment/library_path.sh
[2.764s] -- Installing: /home/pheonix/E-yantra-2024/colcon_ws/install/linkattacher_msgs/share/linkattacher_msgs/environment/library_path.dsv
[2.764s] -- Installing: /home/pheonix/E-yantra-2024/colcon_ws/install/linkattacher_msgs/lib/liblinkattacher_msgs__rosidl_generator_c.so
[2.764s] -- Set runtime path of "/home/pheonix/E-yantra-2024/colcon_ws/install/linkattacher_msgs/lib/liblinkattacher_msgs__rosidl_generator_c.so" to ""
[2.764s] -- Up-to-date: /home/pheonix/E-yantra-2024/colcon_ws/install/linkattacher_msgs/include/linkattacher_msgs/linkattacher_msgs
[2.764s] -- Up-to-date: /home/pheonix/E-yantra-2024/colcon_ws/install/linkattacher_msgs/include/linkattacher_msgs/linkattacher_msgs/srv
[2.764s] -- Up-to-date: /home/pheonix/E-yantra-2024/colcon_ws/install/linkattacher_msgs/include/linkattacher_msgs/linkattacher_msgs/srv/detail
[2.764s] -- Installing: /home/pheonix/E-yantra-2024/colcon_ws/install/linkattacher_msgs/include/linkattacher_msgs/linkattacher_msgs/srv/detail/attach_link__rosidl_typesupport_fastrtps_c.h
[2.764s] -- Installing: /home/pheonix/E-yantra-2024/colcon_ws/install/linkattacher_msgs/include/linkattacher_msgs/linkattacher_msgs/srv/detail/detach_link__rosidl_typesupport_fastrtps_c.h
[2.764s] -- Up-to-date: /home/pheonix/E-yantra-2024/colcon_ws/install/linkattacher_msgs/include/linkattacher_msgs/linkattacher_msgs/msg
[2.764s] -- Installing: /home/pheonix/E-yantra-2024/colcon_ws/install/linkattacher_msgs/include/linkattacher_msgs/linkattacher_msgs/msg/rosidl_typesupport_fastrtps_c__visibility_control.h
[2.764s] -- Installing: /home/pheonix/E-yantra-2024/colcon_ws/install/linkattacher_msgs/lib/liblinkattacher_msgs__rosidl_typesupport_fastrtps_c.so
[2.765s] -- Set runtime path of "/home/pheonix/E-yantra-2024/colcon_ws/install/linkattacher_msgs/lib/liblinkattacher_msgs__rosidl_typesupport_fastrtps_c.so" to ""
[2.765s] -- Up-to-date: /home/pheonix/E-yantra-2024/colcon_ws/install/linkattacher_msgs/include/linkattacher_msgs/linkattacher_msgs
[2.765s] -- Up-to-date: /home/pheonix/E-yantra-2024/colcon_ws/install/linkattacher_msgs/include/linkattacher_msgs/linkattacher_msgs/srv
[2.765s] -- Up-to-date: /home/pheonix/E-yantra-2024/colcon_ws/install/linkattacher_msgs/include/linkattacher_msgs/linkattacher_msgs/srv/detail
[2.765s] -- Installing: /home/pheonix/E-yantra-2024/colcon_ws/install/linkattacher_msgs/include/linkattacher_msgs/linkattacher_msgs/srv/detail/detach_link__rosidl_typesupport_introspection_c.h
[2.765s] -- Installing: /home/pheonix/E-yantra-2024/colcon_ws/install/linkattacher_msgs/include/linkattacher_msgs/linkattacher_msgs/srv/detail/attach_link__rosidl_typesupport_introspection_c.h
[2.765s] -- Installing: /home/pheonix/E-yantra-2024/colcon_ws/install/linkattacher_msgs/include/linkattacher_msgs/linkattacher_msgs/srv/detail/detach_link__type_support.c
[2.765s] -- Installing: /home/pheonix/E-yantra-2024/colcon_ws/install/linkattacher_msgs/include/linkattacher_msgs/linkattacher_msgs/srv/detail/attach_link__type_support.c
[2.765s] -- Up-to-date: /home/pheonix/E-yantra-2024/colcon_ws/install/linkattacher_msgs/include/linkattacher_msgs/linkattacher_msgs/msg
[2.765s] -- Installing: /home/pheonix/E-yantra-2024/colcon_ws/install/linkattacher_msgs/include/linkattacher_msgs/linkattacher_msgs/msg/rosidl_typesupport_introspection_c__visibility_control.h
[2.765s] -- Installing: /home/pheonix/E-yantra-2024/colcon_ws/install/linkattacher_msgs/lib/liblinkattacher_msgs__rosidl_typesupport_introspection_c.so
[2.765s] -- Set runtime path of "/home/pheonix/E-yantra-2024/colcon_ws/install/linkattacher_msgs/lib/liblinkattacher_msgs__rosidl_typesupport_introspection_c.so" to ""
[2.765s] -- Installing: /home/pheonix/E-yantra-2024/colcon_ws/install/linkattacher_msgs/lib/liblinkattacher_msgs__rosidl_typesupport_c.so
[2.766s] -- Set runtime path of "/home/pheonix/E-yantra-2024/colcon_ws/install/linkattacher_msgs/lib/liblinkattacher_msgs__rosidl_typesupport_c.so" to ""
[2.766s] -- Up-to-date: /home/pheonix/E-yantra-2024/colcon_ws/install/linkattacher_msgs/include/linkattacher_msgs/linkattacher_msgs
[2.766s] -- Up-to-date: /home/pheonix/E-yantra-2024/colcon_ws/install/linkattacher_msgs/include/linkattacher_msgs/linkattacher_msgs/srv
[2.766s] -- Installing: /home/pheonix/E-yantra-2024/colcon_ws/install/linkattacher_msgs/include/linkattacher_msgs/linkattacher_msgs/srv/detach_link.hpp
[2.766s] -- Installing: /home/pheonix/E-yantra-2024/colcon_ws/install/linkattacher_msgs/include/linkattacher_msgs/linkattacher_msgs/srv/attach_link.hpp
[2.766s] -- Up-to-date: /home/pheonix/E-yantra-2024/colcon_ws/install/linkattacher_msgs/include/linkattacher_msgs/linkattacher_msgs/srv/detail
[2.766s] -- Installing: /home/pheonix/E-yantra-2024/colcon_ws/install/linkattacher_msgs/include/linkattacher_msgs/linkattacher_msgs/srv/detail/detach_link__builder.hpp
[2.766s] -- Installing: /home/pheonix/E-yantra-2024/colcon_ws/install/linkattacher_msgs/include/linkattacher_msgs/linkattacher_msgs/srv/detail/attach_link__builder.hpp
[2.766s] -- Installing: /home/pheonix/E-yantra-2024/colcon_ws/install/linkattacher_msgs/include/linkattacher_msgs/linkattacher_msgs/srv/detail/attach_link__traits.hpp
[2.766s] -- Installing: /home/pheonix/E-yantra-2024/colcon_ws/install/linkattacher_msgs/include/linkattacher_msgs/linkattacher_msgs/srv/detail/detach_link__struct.hpp
[2.766s] -- Installing: /home/pheonix/E-yantra-2024/colcon_ws/install/linkattacher_msgs/include/linkattacher_msgs/linkattacher_msgs/srv/detail/detach_link__traits.hpp
[2.766s] -- Installing: /home/pheonix/E-yantra-2024/colcon_ws/install/linkattacher_msgs/include/linkattacher_msgs/linkattacher_msgs/srv/detail/attach_link__struct.hpp
[2.766s] -- Up-to-date: /home/pheonix/E-yantra-2024/colcon_ws/install/linkattacher_msgs/include/linkattacher_msgs/linkattacher_msgs
[2.766s] -- Up-to-date: /home/pheonix/E-yantra-2024/colcon_ws/install/linkattacher_msgs/include/linkattacher_msgs/linkattacher_msgs/srv
[2.766s] -- Up-to-date: /home/pheonix/E-yantra-2024/colcon_ws/install/linkattacher_msgs/include/linkattacher_msgs/linkattacher_msgs/srv/detail
[2.767s] -- Installing: /home/pheonix/E-yantra-2024/colcon_ws/install/linkattacher_msgs/include/linkattacher_msgs/linkattacher_msgs/srv/detail/attach_link__rosidl_typesupport_fastrtps_cpp.hpp
[2.767s] -- Installing: /home/pheonix/E-yantra-2024/colcon_ws/install/linkattacher_msgs/include/linkattacher_msgs/linkattacher_msgs/srv/detail/dds_fastrtps
[2.767s] -- Installing: /home/pheonix/E-yantra-2024/colcon_ws/install/linkattacher_msgs/include/linkattacher_msgs/linkattacher_msgs/srv/detail/detach_link__rosidl_typesupport_fastrtps_cpp.hpp
[2.767s] -- Up-to-date: /home/pheonix/E-yantra-2024/colcon_ws/install/linkattacher_msgs/include/linkattacher_msgs/linkattacher_msgs/msg
[2.767s] -- Installing: /home/pheonix/E-yantra-2024/colcon_ws/install/linkattacher_msgs/include/linkattacher_msgs/linkattacher_msgs/msg/rosidl_typesupport_fastrtps_cpp__visibility_control.h
[2.767s] -- Installing: /home/pheonix/E-yantra-2024/colcon_ws/install/linkattacher_msgs/lib/liblinkattacher_msgs__rosidl_typesupport_fastrtps_cpp.so
[2.767s] -- Set runtime path of "/home/pheonix/E-yantra-2024/colcon_ws/install/linkattacher_msgs/lib/liblinkattacher_msgs__rosidl_typesupport_fastrtps_cpp.so" to ""
[2.767s] -- Up-to-date: /home/pheonix/E-yantra-2024/colcon_ws/install/linkattacher_msgs/include/linkattacher_msgs/linkattacher_msgs
[2.767s] -- Up-to-date: /home/pheonix/E-yantra-2024/colcon_ws/install/linkattacher_msgs/include/linkattacher_msgs/linkattacher_msgs/srv
[2.767s] -- Up-to-date: /home/pheonix/E-yantra-2024/colcon_ws/install/linkattacher_msgs/include/linkattacher_msgs/linkattacher_msgs/srv/detail
[2.767s] -- Installing: /home/pheonix/E-yantra-2024/colcon_ws/install/linkattacher_msgs/include/linkattacher_msgs/linkattacher_msgs/srv/detail/detach_link__rosidl_typesupport_introspection_cpp.hpp
[2.767s] -- Installing: /home/pheonix/E-yantra-2024/colcon_ws/install/linkattacher_msgs/include/linkattacher_msgs/linkattacher_msgs/srv/detail/detach_link__type_support.cpp
[2.767s] -- Installing: /home/pheonix/E-yantra-2024/colcon_ws/install/linkattacher_msgs/include/linkattacher_msgs/linkattacher_msgs/srv/detail/attach_link__type_support.cpp
[2.767s] -- Installing: /home/pheonix/E-yantra-2024/colcon_ws/install/linkattacher_msgs/include/linkattacher_msgs/linkattacher_msgs/srv/detail/attach_link__rosidl_typesupport_introspection_cpp.hpp
[2.768s] -- Installing: /home/pheonix/E-yantra-2024/colcon_ws/install/linkattacher_msgs/lib/liblinkattacher_msgs__rosidl_typesupport_introspection_cpp.so
[2.768s] -- Set runtime path of "/home/pheonix/E-yantra-2024/colcon_ws/install/linkattacher_msgs/lib/liblinkattacher_msgs__rosidl_typesupport_introspection_cpp.so" to ""
[2.768s] -- Installing: /home/pheonix/E-yantra-2024/colcon_ws/install/linkattacher_msgs/lib/liblinkattacher_msgs__rosidl_typesupport_cpp.so
[2.768s] -- Set runtime path of "/home/pheonix/E-yantra-2024/colcon_ws/install/linkattacher_msgs/lib/liblinkattacher_msgs__rosidl_typesupport_cpp.so" to ""
[2.768s] -- Installing: /home/pheonix/E-yantra-2024/colcon_ws/install/linkattacher_msgs/share/linkattacher_msgs/environment/pythonpath.sh
[2.768s] -- Installing: /home/pheonix/E-yantra-2024/colcon_ws/install/linkattacher_msgs/share/linkattacher_msgs/environment/pythonpath.dsv
[2.768s] -- Installing: /home/pheonix/E-yantra-2024/colcon_ws/install/linkattacher_msgs/local/lib/python3.10/dist-packages/linkattacher_msgs-0.0.0-py3.10.egg-info
[2.768s] -- Installing: /home/pheonix/E-yantra-2024/colcon_ws/install/linkattacher_msgs/local/lib/python3.10/dist-packages/linkattacher_msgs-0.0.0-py3.10.egg-info/PKG-INFO
[2.768s] -- Installing: /home/pheonix/E-yantra-2024/colcon_ws/install/linkattacher_msgs/local/lib/python3.10/dist-packages/linkattacher_msgs-0.0.0-py3.10.egg-info/dependency_links.txt
[2.768s] -- Installing: /home/pheonix/E-yantra-2024/colcon_ws/install/linkattacher_msgs/local/lib/python3.10/dist-packages/linkattacher_msgs-0.0.0-py3.10.egg-info/SOURCES.txt
[2.769s] -- Installing: /home/pheonix/E-yantra-2024/colcon_ws/install/linkattacher_msgs/local/lib/python3.10/dist-packages/linkattacher_msgs-0.0.0-py3.10.egg-info/top_level.txt
[2.769s] -- Installing: /home/pheonix/E-yantra-2024/colcon_ws/install/linkattacher_msgs/local/lib/python3.10/dist-packages/linkattacher_msgs
[2.769s] -- Installing: /home/pheonix/E-yantra-2024/colcon_ws/install/linkattacher_msgs/local/lib/python3.10/dist-packages/linkattacher_msgs/linkattacher_msgs_s__rosidl_typesupport_fastrtps_c.cpython-310-x86_64-linux-gnu.so
[2.769s] -- Installing: /home/pheonix/E-yantra-2024/colcon_ws/install/linkattacher_msgs/local/lib/python3.10/dist-packages/linkattacher_msgs/__init__.py
[2.769s] -- Installing: /home/pheonix/E-yantra-2024/colcon_ws/install/linkattacher_msgs/local/lib/python3.10/dist-packages/linkattacher_msgs/srv
[2.769s] -- Installing: /home/pheonix/E-yantra-2024/colcon_ws/install/linkattacher_msgs/local/lib/python3.10/dist-packages/linkattacher_msgs/srv/_detach_link_s.c
[2.769s] -- Installing: /home/pheonix/E-yantra-2024/colcon_ws/install/linkattacher_msgs/local/lib/python3.10/dist-packages/linkattacher_msgs/srv/__init__.py
[2.769s] -- Installing: /home/pheonix/E-yantra-2024/colcon_ws/install/linkattacher_msgs/local/lib/python3.10/dist-packages/linkattacher_msgs/srv/_detach_link.py
[2.769s] -- Installing: /home/pheonix/E-yantra-2024/colcon_ws/install/linkattacher_msgs/local/lib/python3.10/dist-packages/linkattacher_msgs/srv/_attach_link.py
[2.769s] -- Installing: /home/pheonix/E-yantra-2024/colcon_ws/install/linkattacher_msgs/local/lib/python3.10/dist-packages/linkattacher_msgs/srv/_attach_link_s.c
[2.769s] -- Installing: /home/pheonix/E-yantra-2024/colcon_ws/install/linkattacher_msgs/local/lib/python3.10/dist-packages/linkattacher_msgs/linkattacher_msgs_s__rosidl_typesupport_c.cpython-310-x86_64-linux-gnu.so
[2.769s] -- Installing: /home/pheonix/E-yantra-2024/colcon_ws/install/linkattacher_msgs/local/lib/python3.10/dist-packages/linkattacher_msgs/_linkattacher_msgs_s.ep.rosidl_typesupport_c.c
[2.770s] -- Installing: /home/pheonix/E-yantra-2024/colcon_ws/install/linkattacher_msgs/local/lib/python3.10/dist-packages/linkattacher_msgs/linkattacher_msgs_s__rosidl_typesupport_introspection_c.cpython-310-x86_64-linux-gnu.so
[2.770s] -- Installing: /home/pheonix/E-yantra-2024/colcon_ws/install/linkattacher_msgs/local/lib/python3.10/dist-packages/linkattacher_msgs/liblinkattacher_msgs__rosidl_generator_py.so
[2.770s] -- Installing: /home/pheonix/E-yantra-2024/colcon_ws/install/linkattacher_msgs/local/lib/python3.10/dist-packages/linkattacher_msgs/_linkattacher_msgs_s.ep.rosidl_typesupport_introspection_c.c
[2.770s] -- Installing: /home/pheonix/E-yantra-2024/colcon_ws/install/linkattacher_msgs/local/lib/python3.10/dist-packages/linkattacher_msgs/_linkattacher_msgs_s.ep.rosidl_typesupport_fastrtps_c.c
[2.792s] Listing '/home/pheonix/E-yantra-2024/colcon_ws/install/linkattacher_msgs/local/lib/python3.10/dist-packages/linkattacher_msgs'...
[2.792s] Compiling '/home/pheonix/E-yantra-2024/colcon_ws/install/linkattacher_msgs/local/lib/python3.10/dist-packages/linkattacher_msgs/__init__.py'...
[2.792s] Listing '/home/pheonix/E-yantra-2024/colcon_ws/install/linkattacher_msgs/local/lib/python3.10/dist-packages/linkattacher_msgs/srv'...
[2.792s] Compiling '/home/pheonix/E-yantra-2024/colcon_ws/install/linkattacher_msgs/local/lib/python3.10/dist-packages/linkattacher_msgs/srv/__init__.py'...
[2.792s] Compiling '/home/pheonix/E-yantra-2024/colcon_ws/install/linkattacher_msgs/local/lib/python3.10/dist-packages/linkattacher_msgs/srv/_attach_link.py'...
[2.792s] Compiling '/home/pheonix/E-yantra-2024/colcon_ws/install/linkattacher_msgs/local/lib/python3.10/dist-packages/linkattacher_msgs/srv/_detach_link.py'...
[2.795s] -- Installing: /home/pheonix/E-yantra-2024/colcon_ws/install/linkattacher_msgs/local/lib/python3.10/dist-packages/linkattacher_msgs/linkattacher_msgs_s__rosidl_typesupport_fastrtps_c.cpython-310-x86_64-linux-gnu.so
[2.795s] -- Set runtime path of "/home/pheonix/E-yantra-2024/colcon_ws/install/linkattacher_msgs/local/lib/python3.10/dist-packages/linkattacher_msgs/linkattacher_msgs_s__rosidl_typesupport_fastrtps_c.cpython-310-x86_64-linux-gnu.so" to ""
[2.795s] -- Installing: /home/pheonix/E-yantra-2024/colcon_ws/install/linkattacher_msgs/local/lib/python3.10/dist-packages/linkattacher_msgs/linkattacher_msgs_s__rosidl_typesupport_introspection_c.cpython-310-x86_64-linux-gnu.so
[2.795s] -- Set runtime path of "/home/pheonix/E-yantra-2024/colcon_ws/install/linkattacher_msgs/local/lib/python3.10/dist-packages/linkattacher_msgs/linkattacher_msgs_s__rosidl_typesupport_introspection_c.cpython-310-x86_64-linux-gnu.so" to ""
[2.796s] -- Installing: /home/pheonix/E-yantra-2024/colcon_ws/install/linkattacher_msgs/local/lib/python3.10/dist-packages/linkattacher_msgs/linkattacher_msgs_s__rosidl_typesupport_c.cpython-310-x86_64-linux-gnu.so
[2.796s] -- Set runtime path of "/home/pheonix/E-yantra-2024/colcon_ws/install/linkattacher_msgs/local/lib/python3.10/dist-packages/linkattacher_msgs/linkattacher_msgs_s__rosidl_typesupport_c.cpython-310-x86_64-linux-gnu.so" to ""
[2.796s] -- Installing: /home/pheonix/E-yantra-2024/colcon_ws/install/linkattacher_msgs/lib/liblinkattacher_msgs__rosidl_generator_py.so
[2.796s] -- Set runtime path of "/home/pheonix/E-yantra-2024/colcon_ws/install/linkattacher_msgs/lib/liblinkattacher_msgs__rosidl_generator_py.so" to ""
[2.796s] -- Installing: /home/pheonix/E-yantra-2024/colcon_ws/install/linkattacher_msgs/share/linkattacher_msgs/srv/AttachLink.idl
[2.796s] -- Installing: /home/pheonix/E-yantra-2024/colcon_ws/install/linkattacher_msgs/share/linkattacher_msgs/srv/DetachLink.idl
[2.796s] -- Up-to-date: /home/pheonix/E-yantra-2024/colcon_ws/install/linkattacher_msgs/share/linkattacher_msgs/srv/AttachLink.srv
[2.796s] -- Installing: /home/pheonix/E-yantra-2024/colcon_ws/install/linkattacher_msgs/share/linkattacher_msgs/srv/AttachLink_Request.msg
[2.796s] -- Installing: /home/pheonix/E-yantra-2024/colcon_ws/install/linkattacher_msgs/share/linkattacher_msgs/srv/AttachLink_Response.msg
[2.796s] -- Up-to-date: /home/pheonix/E-yantra-2024/colcon_ws/install/linkattacher_msgs/share/linkattacher_msgs/srv/DetachLink.srv
[2.797s] -- Installing: /home/pheonix/E-yantra-2024/colcon_ws/install/linkattacher_msgs/share/linkattacher_msgs/srv/DetachLink_Request.msg
[2.797s] -- Installing: /home/pheonix/E-yantra-2024/colcon_ws/install/linkattacher_msgs/share/linkattacher_msgs/srv/DetachLink_Response.msg
[2.797s] -- Installing: /home/pheonix/E-yantra-2024/colcon_ws/install/linkattacher_msgs/share/ament_index/resource_index/package_run_dependencies/linkattacher_msgs
[2.797s] -- Installing: /home/pheonix/E-yantra-2024/colcon_ws/install/linkattacher_msgs/share/ament_index/resource_index/parent_prefix_path/linkattacher_msgs
[2.797s] -- Installing: /home/pheonix/E-yantra-2024/colcon_ws/install/linkattacher_msgs/share/linkattacher_msgs/environment/ament_prefix_path.sh
[2.797s] -- Installing: /home/pheonix/E-yantra-2024/colcon_ws/install/linkattacher_msgs/share/linkattacher_msgs/environment/ament_prefix_path.dsv
[2.797s] -- Installing: /home/pheonix/E-yantra-2024/colcon_ws/install/linkattacher_msgs/share/linkattacher_msgs/environment/path.sh
[2.797s] -- Installing: /home/pheonix/E-yantra-2024/colcon_ws/install/linkattacher_msgs/share/linkattacher_msgs/environment/path.dsv
[2.797s] -- Installing: /home/pheonix/E-yantra-2024/colcon_ws/install/linkattacher_msgs/share/linkattacher_msgs/local_setup.bash
[2.797s] -- Installing: /home/pheonix/E-yantra-2024/colcon_ws/install/linkattacher_msgs/share/linkattacher_msgs/local_setup.sh
[2.798s] -- Installing: /home/pheonix/E-yantra-2024/colcon_ws/install/linkattacher_msgs/share/linkattacher_msgs/local_setup.zsh
[2.798s] -- Installing: /home/pheonix/E-yantra-2024/colcon_ws/install/linkattacher_msgs/share/linkattacher_msgs/local_setup.dsv
[2.798s] -- Installing: /home/pheonix/E-yantra-2024/colcon_ws/install/linkattacher_msgs/share/linkattacher_msgs/package.dsv
[2.798s] -- Installing: /home/pheonix/E-yantra-2024/colcon_ws/install/linkattacher_msgs/share/ament_index/resource_index/packages/linkattacher_msgs
[2.798s] -- Installing: /home/pheonix/E-yantra-2024/colcon_ws/install/linkattacher_msgs/share/linkattacher_msgs/cmake/export_linkattacher_msgs__rosidl_generator_cExport.cmake
[2.798s] -- Installing: /home/pheonix/E-yantra-2024/colcon_ws/install/linkattacher_msgs/share/linkattacher_msgs/cmake/export_linkattacher_msgs__rosidl_generator_cExport-noconfig.cmake
[2.798s] -- Installing: /home/pheonix/E-yantra-2024/colcon_ws/install/linkattacher_msgs/share/linkattacher_msgs/cmake/export_linkattacher_msgs__rosidl_typesupport_fastrtps_cExport.cmake
[2.798s] -- Installing: /home/pheonix/E-yantra-2024/colcon_ws/install/linkattacher_msgs/share/linkattacher_msgs/cmake/export_linkattacher_msgs__rosidl_typesupport_fastrtps_cExport-noconfig.cmake
[2.798s] -- Installing: /home/pheonix/E-yantra-2024/colcon_ws/install/linkattacher_msgs/share/linkattacher_msgs/cmake/linkattacher_msgs__rosidl_typesupport_introspection_cExport.cmake
[2.799s] -- Installing: /home/pheonix/E-yantra-2024/colcon_ws/install/linkattacher_msgs/share/linkattacher_msgs/cmake/linkattacher_msgs__rosidl_typesupport_introspection_cExport-noconfig.cmake
[2.799s] -- Installing: /home/pheonix/E-yantra-2024/colcon_ws/install/linkattacher_msgs/share/linkattacher_msgs/cmake/linkattacher_msgs__rosidl_typesupport_cExport.cmake
[2.799s] -- Installing: /home/pheonix/E-yantra-2024/colcon_ws/install/linkattacher_msgs/share/linkattacher_msgs/cmake/linkattacher_msgs__rosidl_typesupport_cExport-noconfig.cmake
[2.799s] -- Installing: /home/pheonix/E-yantra-2024/colcon_ws/install/linkattacher_msgs/share/linkattacher_msgs/cmake/export_linkattacher_msgs__rosidl_generator_cppExport.cmake
[2.799s] -- Installing: /home/pheonix/E-yantra-2024/colcon_ws/install/linkattacher_msgs/share/linkattacher_msgs/cmake/export_linkattacher_msgs__rosidl_typesupport_fastrtps_cppExport.cmake
[2.799s] -- Installing: /home/pheonix/E-yantra-2024/colcon_ws/install/linkattacher_msgs/share/linkattacher_msgs/cmake/export_linkattacher_msgs__rosidl_typesupport_fastrtps_cppExport-noconfig.cmake
[2.799s] -- Installing: /home/pheonix/E-yantra-2024/colcon_ws/install/linkattacher_msgs/share/linkattacher_msgs/cmake/linkattacher_msgs__rosidl_typesupport_introspection_cppExport.cmake
[2.799s] -- Installing: /home/pheonix/E-yantra-2024/colcon_ws/install/linkattacher_msgs/share/linkattacher_msgs/cmake/linkattacher_msgs__rosidl_typesupport_introspection_cppExport-noconfig.cmake
[2.799s] -- Installing: /home/pheonix/E-yantra-2024/colcon_ws/install/linkattacher_msgs/share/linkattacher_msgs/cmake/linkattacher_msgs__rosidl_typesupport_cppExport.cmake
[2.799s] -- Installing: /home/pheonix/E-yantra-2024/colcon_ws/install/linkattacher_msgs/share/linkattacher_msgs/cmake/linkattacher_msgs__rosidl_typesupport_cppExport-noconfig.cmake
[2.800s] -- Installing: /home/pheonix/E-yantra-2024/colcon_ws/install/linkattacher_msgs/share/linkattacher_msgs/cmake/export_linkattacher_msgs__rosidl_generator_pyExport.cmake
[2.800s] -- Installing: /home/pheonix/E-yantra-2024/colcon_ws/install/linkattacher_msgs/share/linkattacher_msgs/cmake/export_linkattacher_msgs__rosidl_generator_pyExport-noconfig.cmake
[2.800s] -- Installing: /home/pheonix/E-yantra-2024/colcon_ws/install/linkattacher_msgs/share/linkattacher_msgs/cmake/rosidl_cmake-extras.cmake
[2.800s] -- Installing: /home/pheonix/E-yantra-2024/colcon_ws/install/linkattacher_msgs/share/linkattacher_msgs/cmake/ament_cmake_export_include_directories-extras.cmake
[2.800s] -- Installing: /home/pheonix/E-yantra-2024/colcon_ws/install/linkattacher_msgs/share/linkattacher_msgs/cmake/ament_cmake_export_libraries-extras.cmake
[2.800s] -- Installing: /home/pheonix/E-yantra-2024/colcon_ws/install/linkattacher_msgs/share/linkattacher_msgs/cmake/ament_cmake_export_targets-extras.cmake
[2.800s] -- Installing: /home/pheonix/E-yantra-2024/colcon_ws/install/linkattacher_msgs/share/linkattacher_msgs/cmake/rosidl_cmake_export_typesupport_targets-extras.cmake
[2.800s] -- Installing: /home/pheonix/E-yantra-2024/colcon_ws/install/linkattacher_msgs/share/linkattacher_msgs/cmake/ament_cmake_export_dependencies-extras.cmake
[2.800s] -- Installing: /home/pheonix/E-yantra-2024/colcon_ws/install/linkattacher_msgs/share/linkattacher_msgs/cmake/rosidl_cmake_export_typesupport_libraries-extras.cmake
[2.800s] -- Installing: /home/pheonix/E-yantra-2024/colcon_ws/install/linkattacher_msgs/share/linkattacher_msgs/cmake/linkattacher_msgsConfig.cmake
[2.800s] -- Installing: /home/pheonix/E-yantra-2024/colcon_ws/install/linkattacher_msgs/share/linkattacher_msgs/cmake/linkattacher_msgsConfig-version.cmake
[2.801s] -- Installing: /home/pheonix/E-yantra-2024/colcon_ws/install/linkattacher_msgs/share/linkattacher_msgs/package.xml
[2.803s] Invoked command in '/home/pheonix/E-yantra-2024/colcon_ws/build/linkattacher_msgs' returned '0': CMAKE_PREFIX_PATH=${CMAKE_PREFIX_PATH}:/home/pheonix/ros-adv/install/actions_py:/opt/ros/humble /usr/bin/cmake --install /home/pheonix/E-yantra-2024/colcon_ws/build/linkattacher_msgs
