[0.007s] Invoking command in '/home/pheonix/E-yantra-2024/colcon_ws/build/ur_simulation_gazebo': CMAKE_PREFIX_PATH=/home/pheonix/E-yantra-2024/colcon_ws/install/ur_moveit_config:/home/pheonix/E-yantra-2024/colcon_ws/install/ur_description:/home/pheonix/E-yantra-2024/colcon_ws/install/ur_simulation_gazebo:/home/pheonix/E-yantra-2024/colcon_ws/install/realsense_gazebo_plugin:/home/pheonix/E-yantra-2024/colcon_ws/install/pymoveit2:/home/pheonix/E-yantra-2024/colcon_ws/install/linkattacher_msgs:/home/pheonix/E-yantra-2024/colcon_ws/install/eyantra_warehouse:/home/pheonix/E-yantra-2024/colcon_ws/install/ebot_nav2:/home/pheonix/E-yantra-2024/colcon_ws/install/ebot_description:/home/pheonix/ros-adv/install/my_robot_interfaces:/home/pheonix/E-yantra-2024/colcon_ws/install/ur5_control:/home/pheonix/ros-adv/install/actions_py:/opt/ros/humble /usr/bin/cmake --build /home/pheonix/E-yantra-2024/colcon_ws/build/ur_simulation_gazebo -- -j16 -l16
[0.038s] Invoked command in '/home/pheonix/E-yantra-2024/colcon_ws/build/ur_simulation_gazebo' returned '0': CMAKE_PREFIX_PATH=/home/pheonix/E-yantra-2024/colcon_ws/install/ur_moveit_config:/home/pheonix/E-yantra-2024/colcon_ws/install/ur_description:/home/pheonix/E-yantra-2024/colcon_ws/install/ur_simulation_gazebo:/home/pheonix/E-yantra-2024/colcon_ws/install/realsense_gazebo_plugin:/home/pheonix/E-yantra-2024/colcon_ws/install/pymoveit2:/home/pheonix/E-yantra-2024/colcon_ws/install/linkattacher_msgs:/home/pheonix/E-yantra-2024/colcon_ws/install/eyantra_warehouse:/home/pheonix/E-yantra-2024/colcon_ws/install/ebot_nav2:/home/pheonix/E-yantra-2024/colcon_ws/install/ebot_description:/home/pheonix/ros-adv/install/my_robot_interfaces:/home/pheonix/E-yantra-2024/colcon_ws/install/ur5_control:/home/pheonix/ros-adv/install/actions_py:/opt/ros/humble /usr/bin/cmake --build /home/pheonix/E-yantra-2024/colcon_ws/build/ur_simulation_gazebo -- -j16 -l16
[0.058s] Invoking command in '/home/pheonix/E-yantra-2024/colcon_ws/build/ur_simulation_gazebo': CMAKE_PREFIX_PATH=/home/pheonix/E-yantra-2024/colcon_ws/install/ur_moveit_config:/home/pheonix/E-yantra-2024/colcon_ws/install/ur_description:/home/pheonix/E-yantra-2024/colcon_ws/install/ur_simulation_gazebo:/home/pheonix/E-yantra-2024/colcon_ws/install/realsense_gazebo_plugin:/home/pheonix/E-yantra-2024/colcon_ws/install/pymoveit2:/home/pheonix/E-yantra-2024/colcon_ws/install/linkattacher_msgs:/home/pheonix/E-yantra-2024/colcon_ws/install/eyantra_warehouse:/home/pheonix/E-yantra-2024/colcon_ws/install/ebot_nav2:/home/pheonix/E-yantra-2024/colcon_ws/install/ebot_description:/home/pheonix/ros-adv/install/my_robot_interfaces:/home/pheonix/E-yantra-2024/colcon_ws/install/ur5_control:/home/pheonix/ros-adv/install/actions_py:/opt/ros/humble /usr/bin/cmake --install /home/pheonix/E-yantra-2024/colcon_ws/build/ur_simulation_gazebo
[0.065s] -- Install configuration: ""
[0.065s] -- Up-to-date: /home/pheonix/E-yantra-2024/colcon_ws/install/ur_simulation_gazebo/share/ur_simulation_gazebo/config
[0.065s] -- Up-to-date: /home/pheonix/E-yantra-2024/colcon_ws/install/ur_simulation_gazebo/share/ur_simulation_gazebo/config/config_file_here.txt
[0.065s] -- Up-to-date: /home/pheonix/E-yantra-2024/colcon_ws/install/ur_simulation_gazebo/share/ur_simulation_gazebo/launch
[0.065s] -- Up-to-date: /home/pheonix/E-yantra-2024/colcon_ws/install/ur_simulation_gazebo/share/ur_simulation_gazebo/launch/ur_sim_control.launch.py
[0.065s] -- Up-to-date: /home/pheonix/E-yantra-2024/colcon_ws/install/ur_simulation_gazebo/share/ur_simulation_gazebo/launch/ur_sim_moveit.launch.py
[0.065s] -- Up-to-date: /home/pheonix/E-yantra-2024/colcon_ws/install/ur_simulation_gazebo/share/ament_index/resource_index/package_run_dependencies/ur_simulation_gazebo
[0.065s] -- Up-to-date: /home/pheonix/E-yantra-2024/colcon_ws/install/ur_simulation_gazebo/share/ament_index/resource_index/parent_prefix_path/ur_simulation_gazebo
[0.065s] -- Up-to-date: /home/pheonix/E-yantra-2024/colcon_ws/install/ur_simulation_gazebo/share/ur_simulation_gazebo/environment/ament_prefix_path.sh
[0.065s] -- Up-to-date: /home/pheonix/E-yantra-2024/colcon_ws/install/ur_simulation_gazebo/share/ur_simulation_gazebo/environment/ament_prefix_path.dsv
[0.065s] -- Up-to-date: /home/pheonix/E-yantra-2024/colcon_ws/install/ur_simulation_gazebo/share/ur_simulation_gazebo/environment/path.sh
[0.065s] -- Up-to-date: /home/pheonix/E-yantra-2024/colcon_ws/install/ur_simulation_gazebo/share/ur_simulation_gazebo/environment/path.dsv
[0.065s] -- Up-to-date: /home/pheonix/E-yantra-2024/colcon_ws/install/ur_simulation_gazebo/share/ur_simulation_gazebo/local_setup.bash
[0.065s] -- Up-to-date: /home/pheonix/E-yantra-2024/colcon_ws/install/ur_simulation_gazebo/share/ur_simulation_gazebo/local_setup.sh
[0.065s] -- Up-to-date: /home/pheonix/E-yantra-2024/colcon_ws/install/ur_simulation_gazebo/share/ur_simulation_gazebo/local_setup.zsh
[0.065s] -- Up-to-date: /home/pheonix/E-yantra-2024/colcon_ws/install/ur_simulation_gazebo/share/ur_simulation_gazebo/local_setup.dsv
[0.065s] -- Installing: /home/pheonix/E-yantra-2024/colcon_ws/install/ur_simulation_gazebo/share/ur_simulation_gazebo/package.dsv
[0.065s] -- Up-to-date: /home/pheonix/E-yantra-2024/colcon_ws/install/ur_simulation_gazebo/share/ament_index/resource_index/packages/ur_simulation_gazebo
[0.065s] -- Up-to-date: /home/pheonix/E-yantra-2024/colcon_ws/install/ur_simulation_gazebo/share/ur_simulation_gazebo/cmake/ur_simulation_gazeboConfig.cmake
[0.065s] -- Up-to-date: /home/pheonix/E-yantra-2024/colcon_ws/install/ur_simulation_gazebo/share/ur_simulation_gazebo/cmake/ur_simulation_gazeboConfig-version.cmake
[0.065s] -- Up-to-date: /home/pheonix/E-yantra-2024/colcon_ws/install/ur_simulation_gazebo/share/ur_simulation_gazebo/package.xml
[0.067s] Invoked command in '/home/pheonix/E-yantra-2024/colcon_ws/build/ur_simulation_gazebo' returned '0': CMAKE_PREFIX_PATH=/home/pheonix/E-yantra-2024/colcon_ws/install/ur_moveit_config:/home/pheonix/E-yantra-2024/colcon_ws/install/ur_description:/home/pheonix/E-yantra-2024/colcon_ws/install/ur_simulation_gazebo:/home/pheonix/E-yantra-2024/colcon_ws/install/realsense_gazebo_plugin:/home/pheonix/E-yantra-2024/colcon_ws/install/pymoveit2:/home/pheonix/E-yantra-2024/colcon_ws/install/linkattacher_msgs:/home/pheonix/E-yantra-2024/colcon_ws/install/eyantra_warehouse:/home/pheonix/E-yantra-2024/colcon_ws/install/ebot_nav2:/home/pheonix/E-yantra-2024/colcon_ws/install/ebot_description:/home/pheonix/ros-adv/install/my_robot_interfaces:/home/pheonix/E-yantra-2024/colcon_ws/install/ur5_control:/home/pheonix/ros-adv/install/actions_py:/opt/ros/humble /usr/bin/cmake --install /home/pheonix/E-yantra-2024/colcon_ws/build/ur_simulation_gazebo
