[0.441s] Invoking command in '/home/pheonix/E-yantra-2024/colcon_ws/src/ur5_control': PYTHONPATH=/home/pheonix/E-yantra-2024/colcon_ws/build/ur5_control/prefix_override:/usr/lib/python3/dist-packages/colcon_core/task/python/colcon_distutils_commands:/home/pheonix/E-yantra-2024/colcon_ws/install/ur5_control/lib/python3.10/site-packages:${PYTHONPATH} /usr/bin/python3 -W ignore:setup.py install is deprecated setup.py egg_info --egg-base ../../build/ur5_control build --build-base /home/pheonix/E-yantra-2024/colcon_ws/build/ur5_control/build install --record /home/pheonix/E-yantra-2024/colcon_ws/build/ur5_control/install.log --single-version-externally-managed install_data
[0.615s] running egg_info
[0.615s] creating ../../build/ur5_control/ur5_control.egg-info
[0.615s] writing ../../build/ur5_control/ur5_control.egg-info/PKG-INFO
[0.616s] writing dependency_links to ../../build/ur5_control/ur5_control.egg-info/dependency_links.txt
[0.616s] writing entry points to ../../build/ur5_control/ur5_control.egg-info/entry_points.txt
[0.616s] writing requirements to ../../build/ur5_control/ur5_control.egg-info/requires.txt
[0.616s] writing top-level names to ../../build/ur5_control/ur5_control.egg-info/top_level.txt
[0.616s] writing manifest file '../../build/ur5_control/ur5_control.egg-info/SOURCES.txt'
[0.617s] reading manifest file '../../build/ur5_control/ur5_control.egg-info/SOURCES.txt'
[0.618s] writing manifest file '../../build/ur5_control/ur5_control.egg-info/SOURCES.txt'
[0.618s] running build
[0.618s] running build_py
[0.618s] creating /home/pheonix/E-yantra-2024/colcon_ws/build/ur5_control/build
[0.618s] creating /home/pheonix/E-yantra-2024/colcon_ws/build/ur5_control/build/lib
[0.618s] creating /home/pheonix/E-yantra-2024/colcon_ws/build/ur5_control/build/lib/ur5_control
[0.618s] copying ur5_control/__init__.py -> /home/pheonix/E-yantra-2024/colcon_ws/build/ur5_control/build/lib/ur5_control
[0.619s] copying ur5_control/task1b_boiler_plate.py -> /home/pheonix/E-yantra-2024/colcon_ws/build/ur5_control/build/lib/ur5_control
[0.619s] running install
[0.619s] running install_lib
[0.620s] creating /home/pheonix/E-yantra-2024/colcon_ws/install/ur5_control/lib/python3.10/site-packages/ur5_control
[0.620s] copying /home/pheonix/E-yantra-2024/colcon_ws/build/ur5_control/build/lib/ur5_control/__init__.py -> /home/pheonix/E-yantra-2024/colcon_ws/install/ur5_control/lib/python3.10/site-packages/ur5_control
[0.620s] copying /home/pheonix/E-yantra-2024/colcon_ws/build/ur5_control/build/lib/ur5_control/task1b_boiler_plate.py -> /home/pheonix/E-yantra-2024/colcon_ws/install/ur5_control/lib/python3.10/site-packages/ur5_control
[0.620s] byte-compiling /home/pheonix/E-yantra-2024/colcon_ws/install/ur5_control/lib/python3.10/site-packages/ur5_control/__init__.py to __init__.cpython-310.pyc
[0.620s] byte-compiling /home/pheonix/E-yantra-2024/colcon_ws/install/ur5_control/lib/python3.10/site-packages/ur5_control/task1b_boiler_plate.py to task1b_boiler_plate.cpython-310.pyc
[0.621s] running install_data
[0.621s] creating /home/pheonix/E-yantra-2024/colcon_ws/install/ur5_control/share/ament_index
[0.621s] creating /home/pheonix/E-yantra-2024/colcon_ws/install/ur5_control/share/ament_index/resource_index
[0.621s] creating /home/pheonix/E-yantra-2024/colcon_ws/install/ur5_control/share/ament_index/resource_index/packages
[0.621s] copying resource/ur5_control -> /home/pheonix/E-yantra-2024/colcon_ws/install/ur5_control/share/ament_index/resource_index/packages
[0.621s] copying package.xml -> /home/pheonix/E-yantra-2024/colcon_ws/install/ur5_control/share/ur5_control
[0.621s] creating /home/pheonix/E-yantra-2024/colcon_ws/install/ur5_control/lib/ur5_control
[0.622s] copying ur5_control/__init__.py -> /home/pheonix/E-yantra-2024/colcon_ws/install/ur5_control/lib/ur5_control
[0.622s] running install_egg_info
[0.624s] Copying ../../build/ur5_control/ur5_control.egg-info to /home/pheonix/E-yantra-2024/colcon_ws/install/ur5_control/lib/python3.10/site-packages/ur5_control-0.0.0-py3.10.egg-info
[0.625s] running install_scripts
[0.640s] Installing task1b script to /home/pheonix/E-yantra-2024/colcon_ws/install/ur5_control/lib/ur5_control
[0.641s] writing list of installed files to '/home/pheonix/E-yantra-2024/colcon_ws/build/ur5_control/install.log'
[0.666s] Invoked command in '/home/pheonix/E-yantra-2024/colcon_ws/src/ur5_control' returned '0': PYTHONPATH=/home/pheonix/E-yantra-2024/colcon_ws/build/ur5_control/prefix_override:/usr/lib/python3/dist-packages/colcon_core/task/python/colcon_distutils_commands:/home/pheonix/E-yantra-2024/colcon_ws/install/ur5_control/lib/python3.10/site-packages:${PYTHONPATH} /usr/bin/python3 -W ignore:setup.py install is deprecated setup.py egg_info --egg-base ../../build/ur5_control build --build-base /home/pheonix/E-yantra-2024/colcon_ws/build/ur5_control/build install --record /home/pheonix/E-yantra-2024/colcon_ws/build/ur5_control/install.log --single-version-externally-managed install_data
