[0.022s] Invoking command in '/home/pheonix/E-yantra-2024/colcon_ws/build/linkattacher_msgs': CMAKE_PREFIX_PATH=${CMAKE_PREFIX_PATH}:/home/pheonix/E-yantra-2024/colcon_ws/install/ur5_control:/home/pheonix/ros-adv/install/actions_py:/opt/ros/humble /usr/bin/cmake --build /home/pheonix/E-yantra-2024/colcon_ws/build/linkattacher_msgs -- -j16 -l16
[0.060s] [  2%] Built target linkattacher_msgs__cpp
[0.060s] [ 12%] Built target linkattacher_msgs__rosidl_generator_c
[0.067s] [ 12%] Built target ament_cmake_python_copy_linkattacher_msgs
[0.076s] [ 25%] Built target linkattacher_msgs__rosidl_typesupport_cpp
[0.076s] [ 33%] Built target linkattacher_msgs__rosidl_typesupport_fastrtps_cpp
[0.078s] [ 43%] Built target linkattacher_msgs__rosidl_typesupport_introspection_cpp
[0.083s] [ 64%] Built target linkattacher_msgs__rosidl_typesupport_introspection_c
[0.084s] [ 64%] Built target linkattacher_msgs__rosidl_typesupport_fastrtps_c
[0.084s] [ 74%] Built target linkattacher_msgs__rosidl_typesupport_c
[0.100s] [ 74%] Built target linkattacher_msgs
[0.120s] [ 76%] Built target linkattacher_msgs__py
[0.141s] [ 84%] Built target linkattacher_msgs__rosidl_generator_py
[0.158s] [100%] Built target linkattacher_msgs__rosidl_typesupport_fastrtps_c__pyext
[0.158s] [100%] Built target linkattacher_msgs__rosidl_typesupport_introspection_c__pyext
[0.158s] [100%] Built target linkattacher_msgs__rosidl_typesupport_c__pyext
[0.226s] running egg_info
[0.229s] writing linkattacher_msgs.egg-info/PKG-INFO
[0.229s] writing dependency_links to linkattacher_msgs.egg-info/dependency_links.txt
[0.229s] writing top-level names to linkattacher_msgs.egg-info/top_level.txt
[0.232s] reading manifest file 'linkattacher_msgs.egg-info/SOURCES.txt'
[0.232s] writing manifest file 'linkattacher_msgs.egg-info/SOURCES.txt'
[0.273s] [100%] Built target ament_cmake_python_build_linkattacher_msgs_egg
[0.300s] Invoked command in '/home/pheonix/E-yantra-2024/colcon_ws/build/linkattacher_msgs' returned '0': CMAKE_PREFIX_PATH=${CMAKE_PREFIX_PATH}:/home/pheonix/E-yantra-2024/colcon_ws/install/ur5_control:/home/pheonix/ros-adv/install/actions_py:/opt/ros/humble /usr/bin/cmake --build /home/pheonix/E-yantra-2024/colcon_ws/build/linkattacher_msgs -- -j16 -l16
[0.375s] Invoking command in '/home/pheonix/E-yantra-2024/colcon_ws/build/linkattacher_msgs': CMAKE_PREFIX_PATH=${CMAKE_PREFIX_PATH}:/home/pheonix/E-yantra-2024/colcon_ws/install/ur5_control:/home/pheonix/ros-adv/install/actions_py:/opt/ros/humble /usr/bin/cmake --install /home/pheonix/E-yantra-2024/colcon_ws/build/linkattacher_msgs
[0.381s] -- Install configuration: ""
[0.381s] -- Up-to-date: /home/pheonix/E-yantra-2024/colcon_ws/install/linkattacher_msgs/share/linkattacher_msgs/srv
[0.382s] -- Up-to-date: /home/pheonix/E-yantra-2024/colcon_ws/install/linkattacher_msgs/share/linkattacher_msgs/srv/AttachLink.srv
[0.383s] -- Up-to-date: /home/pheonix/E-yantra-2024/colcon_ws/install/linkattacher_msgs/share/linkattacher_msgs/srv/DetachLink.srv
[0.383s] -- Up-to-date: /home/pheonix/E-yantra-2024/colcon_ws/install/linkattacher_msgs/share/ament_index/resource_index/rosidl_interfaces/linkattacher_msgs
[0.383s] -- Up-to-date: /home/pheonix/E-yantra-2024/colcon_ws/install/linkattacher_msgs/include/linkattacher_msgs/linkattacher_msgs
[0.383s] -- Up-to-date: /home/pheonix/E-yantra-2024/colcon_ws/install/linkattacher_msgs/include/linkattacher_msgs/linkattacher_msgs/srv
[0.383s] -- Up-to-date: /home/pheonix/E-yantra-2024/colcon_ws/install/linkattacher_msgs/include/linkattacher_msgs/linkattacher_msgs/srv/detach_link.h
[0.383s] -- Up-to-date: /home/pheonix/E-yantra-2024/colcon_ws/install/linkattacher_msgs/include/linkattacher_msgs/linkattacher_msgs/srv/attach_link.h
[0.383s] -- Up-to-date: /home/pheonix/E-yantra-2024/colcon_ws/install/linkattacher_msgs/include/linkattacher_msgs/linkattacher_msgs/srv/detail
[0.383s] -- Up-to-date: /home/pheonix/E-yantra-2024/colcon_ws/install/linkattacher_msgs/include/linkattacher_msgs/linkattacher_msgs/srv/detail/attach_link__type_support.h
[0.383s] -- Up-to-date: /home/pheonix/E-yantra-2024/colcon_ws/install/linkattacher_msgs/include/linkattacher_msgs/linkattacher_msgs/srv/detail/detach_link__functions.c
[0.383s] -- Up-to-date: /home/pheonix/E-yantra-2024/colcon_ws/install/linkattacher_msgs/include/linkattacher_msgs/linkattacher_msgs/srv/detail/detach_link__struct.h
[0.384s] -- Up-to-date: /home/pheonix/E-yantra-2024/colcon_ws/install/linkattacher_msgs/include/linkattacher_msgs/linkattacher_msgs/srv/detail/detach_link__functions.h
[0.384s] -- Up-to-date: /home/pheonix/E-yantra-2024/colcon_ws/install/linkattacher_msgs/include/linkattacher_msgs/linkattacher_msgs/srv/detail/attach_link__struct.h
[0.384s] -- Up-to-date: /home/pheonix/E-yantra-2024/colcon_ws/install/linkattacher_msgs/include/linkattacher_msgs/linkattacher_msgs/srv/detail/attach_link__functions.c
[0.384s] -- Up-to-date: /home/pheonix/E-yantra-2024/colcon_ws/install/linkattacher_msgs/include/linkattacher_msgs/linkattacher_msgs/srv/detail/attach_link__functions.h
[0.384s] -- Up-to-date: /home/pheonix/E-yantra-2024/colcon_ws/install/linkattacher_msgs/include/linkattacher_msgs/linkattacher_msgs/srv/detail/detach_link__type_support.h
[0.384s] -- Up-to-date: /home/pheonix/E-yantra-2024/colcon_ws/install/linkattacher_msgs/include/linkattacher_msgs/linkattacher_msgs/msg
[0.384s] -- Up-to-date: /home/pheonix/E-yantra-2024/colcon_ws/install/linkattacher_msgs/include/linkattacher_msgs/linkattacher_msgs/msg/rosidl_generator_c__visibility_control.h
[0.384s] -- Up-to-date: /home/pheonix/E-yantra-2024/colcon_ws/install/linkattacher_msgs/share/linkattacher_msgs/environment/library_path.sh
[0.384s] -- Up-to-date: /home/pheonix/E-yantra-2024/colcon_ws/install/linkattacher_msgs/share/linkattacher_msgs/environment/library_path.dsv
[0.384s] -- Up-to-date: /home/pheonix/E-yantra-2024/colcon_ws/install/linkattacher_msgs/lib/liblinkattacher_msgs__rosidl_generator_c.so
[0.384s] -- Up-to-date: /home/pheonix/E-yantra-2024/colcon_ws/install/linkattacher_msgs/include/linkattacher_msgs/linkattacher_msgs
[0.384s] -- Up-to-date: /home/pheonix/E-yantra-2024/colcon_ws/install/linkattacher_msgs/include/linkattacher_msgs/linkattacher_msgs/srv
[0.384s] -- Up-to-date: /home/pheonix/E-yantra-2024/colcon_ws/install/linkattacher_msgs/include/linkattacher_msgs/linkattacher_msgs/srv/detail
[0.384s] -- Up-to-date: /home/pheonix/E-yantra-2024/colcon_ws/install/linkattacher_msgs/include/linkattacher_msgs/linkattacher_msgs/srv/detail/attach_link__rosidl_typesupport_fastrtps_c.h
[0.385s] -- Up-to-date: /home/pheonix/E-yantra-2024/colcon_ws/install/linkattacher_msgs/include/linkattacher_msgs/linkattacher_msgs/srv/detail/detach_link__rosidl_typesupport_fastrtps_c.h
[0.385s] -- Up-to-date: /home/pheonix/E-yantra-2024/colcon_ws/install/linkattacher_msgs/include/linkattacher_msgs/linkattacher_msgs/msg
[0.385s] -- Up-to-date: /home/pheonix/E-yantra-2024/colcon_ws/install/linkattacher_msgs/include/linkattacher_msgs/linkattacher_msgs/msg/rosidl_typesupport_fastrtps_c__visibility_control.h
[0.385s] -- Up-to-date: /home/pheonix/E-yantra-2024/colcon_ws/install/linkattacher_msgs/lib/liblinkattacher_msgs__rosidl_typesupport_fastrtps_c.so
[0.385s] -- Up-to-date: /home/pheonix/E-yantra-2024/colcon_ws/install/linkattacher_msgs/include/linkattacher_msgs/linkattacher_msgs
[0.385s] -- Up-to-date: /home/pheonix/E-yantra-2024/colcon_ws/install/linkattacher_msgs/include/linkattacher_msgs/linkattacher_msgs/srv
[0.385s] -- Up-to-date: /home/pheonix/E-yantra-2024/colcon_ws/install/linkattacher_msgs/include/linkattacher_msgs/linkattacher_msgs/srv/detail
[0.385s] -- Up-to-date: /home/pheonix/E-yantra-2024/colcon_ws/install/linkattacher_msgs/include/linkattacher_msgs/linkattacher_msgs/srv/detail/detach_link__rosidl_typesupport_introspection_c.h
[0.385s] -- Up-to-date: /home/pheonix/E-yantra-2024/colcon_ws/install/linkattacher_msgs/include/linkattacher_msgs/linkattacher_msgs/srv/detail/attach_link__rosidl_typesupport_introspection_c.h
[0.385s] -- Up-to-date: /home/pheonix/E-yantra-2024/colcon_ws/install/linkattacher_msgs/include/linkattacher_msgs/linkattacher_msgs/srv/detail/detach_link__type_support.c
[0.385s] -- Up-to-date: /home/pheonix/E-yantra-2024/colcon_ws/install/linkattacher_msgs/include/linkattacher_msgs/linkattacher_msgs/srv/detail/attach_link__type_support.c
[0.385s] -- Up-to-date: /home/pheonix/E-yantra-2024/colcon_ws/install/linkattacher_msgs/include/linkattacher_msgs/linkattacher_msgs/msg
[0.385s] -- Up-to-date: /home/pheonix/E-yantra-2024/colcon_ws/install/linkattacher_msgs/include/linkattacher_msgs/linkattacher_msgs/msg/rosidl_typesupport_introspection_c__visibility_control.h
[0.385s] -- Up-to-date: /home/pheonix/E-yantra-2024/colcon_ws/install/linkattacher_msgs/lib/liblinkattacher_msgs__rosidl_typesupport_introspection_c.so
[0.385s] -- Up-to-date: /home/pheonix/E-yantra-2024/colcon_ws/install/linkattacher_msgs/lib/liblinkattacher_msgs__rosidl_typesupport_c.so
[0.385s] -- Up-to-date: /home/pheonix/E-yantra-2024/colcon_ws/install/linkattacher_msgs/include/linkattacher_msgs/linkattacher_msgs
[0.385s] -- Up-to-date: /home/pheonix/E-yantra-2024/colcon_ws/install/linkattacher_msgs/include/linkattacher_msgs/linkattacher_msgs/srv
[0.385s] -- Up-to-date: /home/pheonix/E-yantra-2024/colcon_ws/install/linkattacher_msgs/include/linkattacher_msgs/linkattacher_msgs/srv/detach_link.hpp
[0.385s] -- Up-to-date: /home/pheonix/E-yantra-2024/colcon_ws/install/linkattacher_msgs/include/linkattacher_msgs/linkattacher_msgs/srv/attach_link.hpp
[0.385s] -- Up-to-date: /home/pheonix/E-yantra-2024/colcon_ws/install/linkattacher_msgs/include/linkattacher_msgs/linkattacher_msgs/srv/detail
[0.385s] -- Up-to-date: /home/pheonix/E-yantra-2024/colcon_ws/install/linkattacher_msgs/include/linkattacher_msgs/linkattacher_msgs/srv/detail/detach_link__builder.hpp
[0.385s] -- Up-to-date: /home/pheonix/E-yantra-2024/colcon_ws/install/linkattacher_msgs/include/linkattacher_msgs/linkattacher_msgs/srv/detail/attach_link__builder.hpp
[0.385s] -- Up-to-date: /home/pheonix/E-yantra-2024/colcon_ws/install/linkattacher_msgs/include/linkattacher_msgs/linkattacher_msgs/srv/detail/attach_link__traits.hpp
[0.386s] -- Up-to-date: /home/pheonix/E-yantra-2024/colcon_ws/install/linkattacher_msgs/include/linkattacher_msgs/linkattacher_msgs/srv/detail/detach_link__struct.hpp
[0.386s] -- Up-to-date: /home/pheonix/E-yantra-2024/colcon_ws/install/linkattacher_msgs/include/linkattacher_msgs/linkattacher_msgs/srv/detail/detach_link__traits.hpp
[0.386s] -- Up-to-date: /home/pheonix/E-yantra-2024/colcon_ws/install/linkattacher_msgs/include/linkattacher_msgs/linkattacher_msgs/srv/detail/attach_link__struct.hpp
[0.386s] -- Up-to-date: /home/pheonix/E-yantra-2024/colcon_ws/install/linkattacher_msgs/include/linkattacher_msgs/linkattacher_msgs
[0.386s] -- Up-to-date: /home/pheonix/E-yantra-2024/colcon_ws/install/linkattacher_msgs/include/linkattacher_msgs/linkattacher_msgs/srv
[0.386s] -- Up-to-date: /home/pheonix/E-yantra-2024/colcon_ws/install/linkattacher_msgs/include/linkattacher_msgs/linkattacher_msgs/srv/detail
[0.386s] -- Up-to-date: /home/pheonix/E-yantra-2024/colcon_ws/install/linkattacher_msgs/include/linkattacher_msgs/linkattacher_msgs/srv/detail/attach_link__rosidl_typesupport_fastrtps_cpp.hpp
[0.386s] -- Up-to-date: /home/pheonix/E-yantra-2024/colcon_ws/install/linkattacher_msgs/include/linkattacher_msgs/linkattacher_msgs/srv/detail/dds_fastrtps
[0.386s] -- Up-to-date: /home/pheonix/E-yantra-2024/colcon_ws/install/linkattacher_msgs/include/linkattacher_msgs/linkattacher_msgs/srv/detail/detach_link__rosidl_typesupport_fastrtps_cpp.hpp
[0.386s] -- Up-to-date: /home/pheonix/E-yantra-2024/colcon_ws/install/linkattacher_msgs/include/linkattacher_msgs/linkattacher_msgs/msg
[0.386s] -- Up-to-date: /home/pheonix/E-yantra-2024/colcon_ws/install/linkattacher_msgs/include/linkattacher_msgs/linkattacher_msgs/msg/rosidl_typesupport_fastrtps_cpp__visibility_control.h
[0.386s] -- Up-to-date: /home/pheonix/E-yantra-2024/colcon_ws/install/linkattacher_msgs/lib/liblinkattacher_msgs__rosidl_typesupport_fastrtps_cpp.so
[0.386s] -- Up-to-date: /home/pheonix/E-yantra-2024/colcon_ws/install/linkattacher_msgs/include/linkattacher_msgs/linkattacher_msgs
[0.386s] -- Up-to-date: /home/pheonix/E-yantra-2024/colcon_ws/install/linkattacher_msgs/include/linkattacher_msgs/linkattacher_msgs/srv
[0.386s] -- Up-to-date: /home/pheonix/E-yantra-2024/colcon_ws/install/linkattacher_msgs/include/linkattacher_msgs/linkattacher_msgs/srv/detail
[0.386s] -- Up-to-date: /home/pheonix/E-yantra-2024/colcon_ws/install/linkattacher_msgs/include/linkattacher_msgs/linkattacher_msgs/srv/detail/detach_link__rosidl_typesupport_introspection_cpp.hpp
[0.386s] -- Up-to-date: /home/pheonix/E-yantra-2024/colcon_ws/install/linkattacher_msgs/include/linkattacher_msgs/linkattacher_msgs/srv/detail/detach_link__type_support.cpp
[0.386s] -- Up-to-date: /home/pheonix/E-yantra-2024/colcon_ws/install/linkattacher_msgs/include/linkattacher_msgs/linkattacher_msgs/srv/detail/attach_link__type_support.cpp
[0.386s] -- Up-to-date: /home/pheonix/E-yantra-2024/colcon_ws/install/linkattacher_msgs/include/linkattacher_msgs/linkattacher_msgs/srv/detail/attach_link__rosidl_typesupport_introspection_cpp.hpp
[0.386s] -- Up-to-date: /home/pheonix/E-yantra-2024/colcon_ws/install/linkattacher_msgs/lib/liblinkattacher_msgs__rosidl_typesupport_introspection_cpp.so
[0.386s] -- Up-to-date: /home/pheonix/E-yantra-2024/colcon_ws/install/linkattacher_msgs/lib/liblinkattacher_msgs__rosidl_typesupport_cpp.so
[0.386s] -- Up-to-date: /home/pheonix/E-yantra-2024/colcon_ws/install/linkattacher_msgs/share/linkattacher_msgs/environment/pythonpath.sh
[0.386s] -- Up-to-date: /home/pheonix/E-yantra-2024/colcon_ws/install/linkattacher_msgs/share/linkattacher_msgs/environment/pythonpath.dsv
[0.386s] -- Up-to-date: /home/pheonix/E-yantra-2024/colcon_ws/install/linkattacher_msgs/local/lib/python3.10/dist-packages/linkattacher_msgs-0.0.0-py3.10.egg-info
[0.386s] -- Installing: /home/pheonix/E-yantra-2024/colcon_ws/install/linkattacher_msgs/local/lib/python3.10/dist-packages/linkattacher_msgs-0.0.0-py3.10.egg-info/PKG-INFO
[0.386s] -- Installing: /home/pheonix/E-yantra-2024/colcon_ws/install/linkattacher_msgs/local/lib/python3.10/dist-packages/linkattacher_msgs-0.0.0-py3.10.egg-info/dependency_links.txt
[0.386s] -- Installing: /home/pheonix/E-yantra-2024/colcon_ws/install/linkattacher_msgs/local/lib/python3.10/dist-packages/linkattacher_msgs-0.0.0-py3.10.egg-info/SOURCES.txt
[0.387s] -- Installing: /home/pheonix/E-yantra-2024/colcon_ws/install/linkattacher_msgs/local/lib/python3.10/dist-packages/linkattacher_msgs-0.0.0-py3.10.egg-info/top_level.txt
[0.387s] -- Up-to-date: /home/pheonix/E-yantra-2024/colcon_ws/install/linkattacher_msgs/local/lib/python3.10/dist-packages/linkattacher_msgs
[0.387s] -- Up-to-date: /home/pheonix/E-yantra-2024/colcon_ws/install/linkattacher_msgs/local/lib/python3.10/dist-packages/linkattacher_msgs/linkattacher_msgs_s__rosidl_typesupport_fastrtps_c.cpython-310-x86_64-linux-gnu.so
[0.387s] -- Up-to-date: /home/pheonix/E-yantra-2024/colcon_ws/install/linkattacher_msgs/local/lib/python3.10/dist-packages/linkattacher_msgs/__init__.py
[0.387s] -- Up-to-date: /home/pheonix/E-yantra-2024/colcon_ws/install/linkattacher_msgs/local/lib/python3.10/dist-packages/linkattacher_msgs/srv
[0.387s] -- Up-to-date: /home/pheonix/E-yantra-2024/colcon_ws/install/linkattacher_msgs/local/lib/python3.10/dist-packages/linkattacher_msgs/srv/_detach_link_s.c
[0.387s] -- Up-to-date: /home/pheonix/E-yantra-2024/colcon_ws/install/linkattacher_msgs/local/lib/python3.10/dist-packages/linkattacher_msgs/srv/__init__.py
[0.387s] -- Up-to-date: /home/pheonix/E-yantra-2024/colcon_ws/install/linkattacher_msgs/local/lib/python3.10/dist-packages/linkattacher_msgs/srv/_detach_link.py
[0.387s] -- Up-to-date: /home/pheonix/E-yantra-2024/colcon_ws/install/linkattacher_msgs/local/lib/python3.10/dist-packages/linkattacher_msgs/srv/_attach_link.py
[0.387s] -- Up-to-date: /home/pheonix/E-yantra-2024/colcon_ws/install/linkattacher_msgs/local/lib/python3.10/dist-packages/linkattacher_msgs/srv/_attach_link_s.c
[0.387s] -- Up-to-date: /home/pheonix/E-yantra-2024/colcon_ws/install/linkattacher_msgs/local/lib/python3.10/dist-packages/linkattacher_msgs/linkattacher_msgs_s__rosidl_typesupport_c.cpython-310-x86_64-linux-gnu.so
[0.387s] -- Up-to-date: /home/pheonix/E-yantra-2024/colcon_ws/install/linkattacher_msgs/local/lib/python3.10/dist-packages/linkattacher_msgs/_linkattacher_msgs_s.ep.rosidl_typesupport_c.c
[0.387s] -- Up-to-date: /home/pheonix/E-yantra-2024/colcon_ws/install/linkattacher_msgs/local/lib/python3.10/dist-packages/linkattacher_msgs/linkattacher_msgs_s__rosidl_typesupport_introspection_c.cpython-310-x86_64-linux-gnu.so
[0.388s] -- Up-to-date: /home/pheonix/E-yantra-2024/colcon_ws/install/linkattacher_msgs/local/lib/python3.10/dist-packages/linkattacher_msgs/liblinkattacher_msgs__rosidl_generator_py.so
[0.388s] -- Up-to-date: /home/pheonix/E-yantra-2024/colcon_ws/install/linkattacher_msgs/local/lib/python3.10/dist-packages/linkattacher_msgs/_linkattacher_msgs_s.ep.rosidl_typesupport_introspection_c.c
[0.388s] -- Up-to-date: /home/pheonix/E-yantra-2024/colcon_ws/install/linkattacher_msgs/local/lib/python3.10/dist-packages/linkattacher_msgs/_linkattacher_msgs_s.ep.rosidl_typesupport_fastrtps_c.c
[0.408s] Listing '/home/pheonix/E-yantra-2024/colcon_ws/install/linkattacher_msgs/local/lib/python3.10/dist-packages/linkattacher_msgs'...
[0.408s] Listing '/home/pheonix/E-yantra-2024/colcon_ws/install/linkattacher_msgs/local/lib/python3.10/dist-packages/linkattacher_msgs/srv'...
[0.412s] -- Up-to-date: /home/pheonix/E-yantra-2024/colcon_ws/install/linkattacher_msgs/local/lib/python3.10/dist-packages/linkattacher_msgs/linkattacher_msgs_s__rosidl_typesupport_fastrtps_c.cpython-310-x86_64-linux-gnu.so
[0.412s] -- Up-to-date: /home/pheonix/E-yantra-2024/colcon_ws/install/linkattacher_msgs/local/lib/python3.10/dist-packages/linkattacher_msgs/linkattacher_msgs_s__rosidl_typesupport_introspection_c.cpython-310-x86_64-linux-gnu.so
[0.412s] -- Up-to-date: /home/pheonix/E-yantra-2024/colcon_ws/install/linkattacher_msgs/local/lib/python3.10/dist-packages/linkattacher_msgs/linkattacher_msgs_s__rosidl_typesupport_c.cpython-310-x86_64-linux-gnu.so
[0.412s] -- Up-to-date: /home/pheonix/E-yantra-2024/colcon_ws/install/linkattacher_msgs/lib/liblinkattacher_msgs__rosidl_generator_py.so
[0.412s] -- Up-to-date: /home/pheonix/E-yantra-2024/colcon_ws/install/linkattacher_msgs/share/linkattacher_msgs/srv/AttachLink.idl
[0.412s] -- Up-to-date: /home/pheonix/E-yantra-2024/colcon_ws/install/linkattacher_msgs/share/linkattacher_msgs/srv/DetachLink.idl
[0.412s] -- Up-to-date: /home/pheonix/E-yantra-2024/colcon_ws/install/linkattacher_msgs/share/linkattacher_msgs/srv/AttachLink.srv
[0.412s] -- Up-to-date: /home/pheonix/E-yantra-2024/colcon_ws/install/linkattacher_msgs/share/linkattacher_msgs/srv/AttachLink_Request.msg
[0.412s] -- Up-to-date: /home/pheonix/E-yantra-2024/colcon_ws/install/linkattacher_msgs/share/linkattacher_msgs/srv/AttachLink_Response.msg
[0.413s] -- Up-to-date: /home/pheonix/E-yantra-2024/colcon_ws/install/linkattacher_msgs/share/linkattacher_msgs/srv/DetachLink.srv
[0.413s] -- Up-to-date: /home/pheonix/E-yantra-2024/colcon_ws/install/linkattacher_msgs/share/linkattacher_msgs/srv/DetachLink_Request.msg
[0.413s] -- Up-to-date: /home/pheonix/E-yantra-2024/colcon_ws/install/linkattacher_msgs/share/linkattacher_msgs/srv/DetachLink_Response.msg
[0.413s] -- Up-to-date: /home/pheonix/E-yantra-2024/colcon_ws/install/linkattacher_msgs/share/ament_index/resource_index/package_run_dependencies/linkattacher_msgs
[0.413s] -- Up-to-date: /home/pheonix/E-yantra-2024/colcon_ws/install/linkattacher_msgs/share/ament_index/resource_index/parent_prefix_path/linkattacher_msgs
[0.413s] -- Up-to-date: /home/pheonix/E-yantra-2024/colcon_ws/install/linkattacher_msgs/share/linkattacher_msgs/environment/ament_prefix_path.sh
[0.413s] -- Up-to-date: /home/pheonix/E-yantra-2024/colcon_ws/install/linkattacher_msgs/share/linkattacher_msgs/environment/ament_prefix_path.dsv
[0.413s] -- Up-to-date: /home/pheonix/E-yantra-2024/colcon_ws/install/linkattacher_msgs/share/linkattacher_msgs/environment/path.sh
[0.413s] -- Up-to-date: /home/pheonix/E-yantra-2024/colcon_ws/install/linkattacher_msgs/share/linkattacher_msgs/environment/path.dsv
[0.413s] -- Up-to-date: /home/pheonix/E-yantra-2024/colcon_ws/install/linkattacher_msgs/share/linkattacher_msgs/local_setup.bash
[0.413s] -- Up-to-date: /home/pheonix/E-yantra-2024/colcon_ws/install/linkattacher_msgs/share/linkattacher_msgs/local_setup.sh
[0.413s] -- Up-to-date: /home/pheonix/E-yantra-2024/colcon_ws/install/linkattacher_msgs/share/linkattacher_msgs/local_setup.zsh
[0.413s] -- Up-to-date: /home/pheonix/E-yantra-2024/colcon_ws/install/linkattacher_msgs/share/linkattacher_msgs/local_setup.dsv
[0.413s] -- Installing: /home/pheonix/E-yantra-2024/colcon_ws/install/linkattacher_msgs/share/linkattacher_msgs/package.dsv
[0.413s] -- Up-to-date: /home/pheonix/E-yantra-2024/colcon_ws/install/linkattacher_msgs/share/ament_index/resource_index/packages/linkattacher_msgs
[0.413s] -- Up-to-date: /home/pheonix/E-yantra-2024/colcon_ws/install/linkattacher_msgs/share/linkattacher_msgs/cmake/export_linkattacher_msgs__rosidl_generator_cExport.cmake
[0.413s] -- Up-to-date: /home/pheonix/E-yantra-2024/colcon_ws/install/linkattacher_msgs/share/linkattacher_msgs/cmake/export_linkattacher_msgs__rosidl_generator_cExport-noconfig.cmake
[0.413s] -- Up-to-date: /home/pheonix/E-yantra-2024/colcon_ws/install/linkattacher_msgs/share/linkattacher_msgs/cmake/export_linkattacher_msgs__rosidl_typesupport_fastrtps_cExport.cmake
[0.413s] -- Up-to-date: /home/pheonix/E-yantra-2024/colcon_ws/install/linkattacher_msgs/share/linkattacher_msgs/cmake/export_linkattacher_msgs__rosidl_typesupport_fastrtps_cExport-noconfig.cmake
[0.413s] -- Up-to-date: /home/pheonix/E-yantra-2024/colcon_ws/install/linkattacher_msgs/share/linkattacher_msgs/cmake/linkattacher_msgs__rosidl_typesupport_introspection_cExport.cmake
[0.413s] -- Up-to-date: /home/pheonix/E-yantra-2024/colcon_ws/install/linkattacher_msgs/share/linkattacher_msgs/cmake/linkattacher_msgs__rosidl_typesupport_introspection_cExport-noconfig.cmake
[0.414s] -- Up-to-date: /home/pheonix/E-yantra-2024/colcon_ws/install/linkattacher_msgs/share/linkattacher_msgs/cmake/linkattacher_msgs__rosidl_typesupport_cExport.cmake
[0.414s] -- Up-to-date: /home/pheonix/E-yantra-2024/colcon_ws/install/linkattacher_msgs/share/linkattacher_msgs/cmake/linkattacher_msgs__rosidl_typesupport_cExport-noconfig.cmake
[0.414s] -- Up-to-date: /home/pheonix/E-yantra-2024/colcon_ws/install/linkattacher_msgs/share/linkattacher_msgs/cmake/export_linkattacher_msgs__rosidl_generator_cppExport.cmake
[0.414s] -- Up-to-date: /home/pheonix/E-yantra-2024/colcon_ws/install/linkattacher_msgs/share/linkattacher_msgs/cmake/export_linkattacher_msgs__rosidl_typesupport_fastrtps_cppExport.cmake
[0.414s] -- Up-to-date: /home/pheonix/E-yantra-2024/colcon_ws/install/linkattacher_msgs/share/linkattacher_msgs/cmake/export_linkattacher_msgs__rosidl_typesupport_fastrtps_cppExport-noconfig.cmake
[0.414s] -- Up-to-date: /home/pheonix/E-yantra-2024/colcon_ws/install/linkattacher_msgs/share/linkattacher_msgs/cmake/linkattacher_msgs__rosidl_typesupport_introspection_cppExport.cmake
[0.414s] -- Up-to-date: /home/pheonix/E-yantra-2024/colcon_ws/install/linkattacher_msgs/share/linkattacher_msgs/cmake/linkattacher_msgs__rosidl_typesupport_introspection_cppExport-noconfig.cmake
[0.414s] -- Up-to-date: /home/pheonix/E-yantra-2024/colcon_ws/install/linkattacher_msgs/share/linkattacher_msgs/cmake/linkattacher_msgs__rosidl_typesupport_cppExport.cmake
[0.414s] -- Up-to-date: /home/pheonix/E-yantra-2024/colcon_ws/install/linkattacher_msgs/share/linkattacher_msgs/cmake/linkattacher_msgs__rosidl_typesupport_cppExport-noconfig.cmake
[0.414s] -- Up-to-date: /home/pheonix/E-yantra-2024/colcon_ws/install/linkattacher_msgs/share/linkattacher_msgs/cmake/export_linkattacher_msgs__rosidl_generator_pyExport.cmake
[0.414s] -- Up-to-date: /home/pheonix/E-yantra-2024/colcon_ws/install/linkattacher_msgs/share/linkattacher_msgs/cmake/export_linkattacher_msgs__rosidl_generator_pyExport-noconfig.cmake
[0.414s] -- Up-to-date: /home/pheonix/E-yantra-2024/colcon_ws/install/linkattacher_msgs/share/linkattacher_msgs/cmake/rosidl_cmake-extras.cmake
[0.414s] -- Up-to-date: /home/pheonix/E-yantra-2024/colcon_ws/install/linkattacher_msgs/share/linkattacher_msgs/cmake/ament_cmake_export_include_directories-extras.cmake
[0.414s] -- Up-to-date: /home/pheonix/E-yantra-2024/colcon_ws/install/linkattacher_msgs/share/linkattacher_msgs/cmake/ament_cmake_export_libraries-extras.cmake
[0.414s] -- Up-to-date: /home/pheonix/E-yantra-2024/colcon_ws/install/linkattacher_msgs/share/linkattacher_msgs/cmake/ament_cmake_export_targets-extras.cmake
[0.414s] -- Up-to-date: /home/pheonix/E-yantra-2024/colcon_ws/install/linkattacher_msgs/share/linkattacher_msgs/cmake/rosidl_cmake_export_typesupport_targets-extras.cmake
[0.414s] -- Up-to-date: /home/pheonix/E-yantra-2024/colcon_ws/install/linkattacher_msgs/share/linkattacher_msgs/cmake/ament_cmake_export_dependencies-extras.cmake
[0.414s] -- Up-to-date: /home/pheonix/E-yantra-2024/colcon_ws/install/linkattacher_msgs/share/linkattacher_msgs/cmake/rosidl_cmake_export_typesupport_libraries-extras.cmake
[0.414s] -- Up-to-date: /home/pheonix/E-yantra-2024/colcon_ws/install/linkattacher_msgs/share/linkattacher_msgs/cmake/linkattacher_msgsConfig.cmake
[0.414s] -- Up-to-date: /home/pheonix/E-yantra-2024/colcon_ws/install/linkattacher_msgs/share/linkattacher_msgs/cmake/linkattacher_msgsConfig-version.cmake
[0.414s] -- Up-to-date: /home/pheonix/E-yantra-2024/colcon_ws/install/linkattacher_msgs/share/linkattacher_msgs/package.xml
[0.416s] Invoked command in '/home/pheonix/E-yantra-2024/colcon_ws/build/linkattacher_msgs' returned '0': CMAKE_PREFIX_PATH=${CMAKE_PREFIX_PATH}:/home/pheonix/E-yantra-2024/colcon_ws/install/ur5_control:/home/pheonix/ros-adv/install/actions_py:/opt/ros/humble /usr/bin/cmake --install /home/pheonix/E-yantra-2024/colcon_ws/build/linkattacher_msgs
