Built target ament_cmake_python_copy_pymoveit2
running egg_info
writing pymoveit2.egg-info/PKG-INFO
writing dependency_links to pymoveit2.egg-info/dependency_links.txt
writing top-level names to pymoveit2.egg-info/top_level.txt
reading manifest file 'pymoveit2.egg-info/SOURCES.txt'
writing manifest file 'pymoveit2.egg-info/SOURCES.txt'
Built target ament_cmake_python_build_pymoveit2_egg
-- Install configuration: ""
-- Up-to-date: /home/pheonix/E-yantra-2024/colcon_ws/install/pymoveit2/share/pymoveit2/environment/pythonpath.sh
-- Up-to-date: /home/pheonix/E-yantra-2024/colcon_ws/install/pymoveit2/share/pymoveit2/environment/pythonpath.dsv
-- Up-to-date: /home/pheonix/E-yantra-2024/colcon_ws/install/pymoveit2/local/lib/python3.10/dist-packages/pymoveit2-2.1.0-py3.10.egg-info
-- Installing: /home/pheonix/E-yantra-2024/colcon_ws/install/pymoveit2/local/lib/python3.10/dist-packages/pymoveit2-2.1.0-py3.10.egg-info/PKG-INFO
-- Installing: /home/pheonix/E-yantra-2024/colcon_ws/install/pymoveit2/local/lib/python3.10/dist-packages/pymoveit2-2.1.0-py3.10.egg-info/dependency_links.txt
-- Installing: /home/pheonix/E-yantra-2024/colcon_ws/install/pymoveit2/local/lib/python3.10/dist-packages/pymoveit2-2.1.0-py3.10.egg-info/SOURCES.txt
-- Installing: /home/pheonix/E-yantra-2024/colcon_ws/install/pymoveit2/local/lib/python3.10/dist-packages/pymoveit2-2.1.0-py3.10.egg-info/top_level.txt
-- Up-to-date: /home/pheonix/E-yantra-2024/colcon_ws/install/pymoveit2/local/lib/python3.10/dist-packages/pymoveit2
-- Up-to-date: /home/pheonix/E-yantra-2024/colcon_ws/install/pymoveit2/local/lib/python3.10/dist-packages/pymoveit2/__init__.py
-- Up-to-date: /home/pheonix/E-yantra-2024/colcon_ws/install/pymoveit2/local/lib/python3.10/dist-packages/pymoveit2/moveit2.py
-- Up-to-date: /home/pheonix/E-yantra-2024/colcon_ws/install/pymoveit2/local/lib/python3.10/dist-packages/pymoveit2/robots
-- Up-to-date: /home/pheonix/E-yantra-2024/colcon_ws/install/pymoveit2/local/lib/python3.10/dist-packages/pymoveit2/robots/ur5.py
-- Up-to-date: /home/pheonix/E-yantra-2024/colcon_ws/install/pymoveit2/local/lib/python3.10/dist-packages/pymoveit2/robots/__init__.py
-- Up-to-date: /home/pheonix/E-yantra-2024/colcon_ws/install/pymoveit2/local/lib/python3.10/dist-packages/pymoveit2/robots/kinova.py
-- Up-to-date: /home/pheonix/E-yantra-2024/colcon_ws/install/pymoveit2/local/lib/python3.10/dist-packages/pymoveit2/moveit2_servo.py
Listing '/home/pheonix/E-yantra-2024/colcon_ws/install/pymoveit2/local/lib/python3.10/dist-packages/pymoveit2'...
Listing '/home/pheonix/E-yantra-2024/colcon_ws/install/pymoveit2/local/lib/python3.10/dist-packages/pymoveit2/robots'...
-- Up-to-date: /home/pheonix/E-yantra-2024/colcon_ws/install/pymoveit2/lib/pymoveit2/ex_collision_object.py
-- Up-to-date: /home/pheonix/E-yantra-2024/colcon_ws/install/pymoveit2/lib/pymoveit2/ex_joint_goal.py
-- Up-to-date: /home/pheonix/E-yantra-2024/colcon_ws/install/pymoveit2/lib/pymoveit2/ex_pose_goal.py
-- Up-to-date: /home/pheonix/E-yantra-2024/colcon_ws/install/pymoveit2/lib/pymoveit2/ex_servo.py
-- Up-to-date: /home/pheonix/E-yantra-2024/colcon_ws/install/pymoveit2/lib/pymoveit2/assets
-- Up-to-date: /home/pheonix/E-yantra-2024/colcon_ws/install/pymoveit2/lib/pymoveit2/assets/box.stl
-- Up-to-date: /home/pheonix/E-yantra-2024/colcon_ws/install/pymoveit2/lib/pymoveit2/assets/rack_box_again.stl
-- Up-to-date: /home/pheonix/E-yantra-2024/colcon_ws/install/pymoveit2/lib/pymoveit2/assets/rack.stl
-- Up-to-date: /home/pheonix/E-yantra-2024/colcon_ws/install/pymoveit2/lib/pymoveit2/assets/box2.stl
-- Up-to-date: /home/pheonix/E-yantra-2024/colcon_ws/install/pymoveit2/lib/pymoveit2/assets/suzanne.stl
-- Up-to-date: /home/pheonix/E-yantra-2024/colcon_ws/install/pymoveit2/lib/pymoveit2/assets/box1.stl
-- Up-to-date: /home/pheonix/E-yantra-2024/colcon_ws/install/pymoveit2/lib/pymoveit2/assets/rack_box.stl
-- Up-to-date: /home/pheonix/E-yantra-2024/colcon_ws/install/pymoveit2/lib/pymoveit2/assets/box3.stl
-- Up-to-date: /home/pheonix/E-yantra-2024/colcon_ws/install/pymoveit2/share/ament_index/resource_index/package_run_dependencies/pymoveit2
-- Up-to-date: /home/pheonix/E-yantra-2024/colcon_ws/install/pymoveit2/share/ament_index/resource_index/parent_prefix_path/pymoveit2
-- Up-to-date: /home/pheonix/E-yantra-2024/colcon_ws/install/pymoveit2/share/pymoveit2/environment/ament_prefix_path.sh
-- Up-to-date: /home/pheonix/E-yantra-2024/colcon_ws/install/pymoveit2/share/pymoveit2/environment/ament_prefix_path.dsv
-- Up-to-date: /home/pheonix/E-yantra-2024/colcon_ws/install/pymoveit2/share/pymoveit2/environment/path.sh
-- Up-to-date: /home/pheonix/E-yantra-2024/colcon_ws/install/pymoveit2/share/pymoveit2/environment/path.dsv
-- Up-to-date: /home/pheonix/E-yantra-2024/colcon_ws/install/pymoveit2/share/pymoveit2/local_setup.bash
-- Up-to-date: /home/pheonix/E-yantra-2024/colcon_ws/install/pymoveit2/share/pymoveit2/local_setup.sh
-- Up-to-date: /home/pheonix/E-yantra-2024/colcon_ws/install/pymoveit2/share/pymoveit2/local_setup.zsh
-- Up-to-date: /home/pheonix/E-yantra-2024/colcon_ws/install/pymoveit2/share/pymoveit2/local_setup.dsv
-- Up-to-date: /home/pheonix/E-yantra-2024/colcon_ws/install/pymoveit2/share/pymoveit2/package.dsv
-- Up-to-date: /home/pheonix/E-yantra-2024/colcon_ws/install/pymoveit2/share/ament_index/resource_index/packages/pymoveit2
-- Up-to-date: /home/pheonix/E-yantra-2024/colcon_ws/install/pymoveit2/share/pymoveit2/cmake/pymoveit2Config.cmake
-- Up-to-date: /home/pheonix/E-yantra-2024/colcon_ws/install/pymoveit2/share/pymoveit2/cmake/pymoveit2Config-version.cmake
-- Up-to-date: /home/pheonix/E-yantra-2024/colcon_ws/install/pymoveit2/share/pymoveit2/package.xml
