[0.092s] colcon DEBUG Command line arguments: ['/usr/bin/colcon', 'list', '-p', '--base-paths', '/home/pheonix/E-yantra-2024/colcon_ws']
[0.093s] colcon DEBUG Parsed command line arguments: Namespace(log_base=None, log_level=None, verb_name='list', build_base='build', ignore_user_meta=False, metas=['./colcon.meta'], base_paths=['/home/pheonix/E-yantra-2024/colcon_ws'], packages_ignore=None, packages_ignore_regex=None, paths=None, packages_up_to=None, packages_up_to_regex=None, packages_above=None, packages_above_and_dependencies=None, packages_above_depth=None, packages_select_by_dep=None, packages_skip_by_dep=None, packages_skip_up_to=None, packages_select_build_failed=False, packages_skip_build_finished=False, packages_select_test_failures=False, packages_skip_test_passed=False, packages_select=None, packages_skip=None, packages_select_regex=None, packages_skip_regex=None, packages_start=None, packages_end=None, allow_overriding=[], topological_order=False, names_only=False, paths_only=True, topological_graph=False, topological_graph_dot=False, topological_graph_density=False, topological_graph_legend=False, topological_graph_dot_cluster=False, topological_graph_dot_include_skipped=False, mixin_files=None, mixin=None, verb_parser=<colcon_mixin.mixin.mixin_argument.MixinArgumentDecorator object at 0x76332bad2170>, verb_extension=<colcon_package_information.verb.list.ListVerb object at 0x76332bad0b20>, main=<bound method ListVerb.main of <colcon_package_information.verb.list.ListVerb object at 0x76332bad0b20>>, mixin_verb=('list',))
[0.250s] colcon.colcon_core.package_discovery Level 1 discover_packages(colcon_meta) check parameters
[0.250s] colcon.colcon_core.package_discovery Level 1 discover_packages(recursive) check parameters
[0.250s] colcon.colcon_core.package_discovery Level 1 discover_packages(ignore) check parameters
[0.250s] colcon.colcon_core.package_discovery Level 1 discover_packages(path) check parameters
[0.250s] colcon.colcon_core.package_discovery Level 1 discover_packages(recursive) discover
[0.250s] colcon.colcon_core.package_discovery INFO Crawling recursively for packages in '/home/pheonix/E-yantra-2024/colcon_ws'
[0.250s] colcon.colcon_core.package_identification Level 1 _identify(/home/pheonix/E-yantra-2024/colcon_ws) by extensions ['ignore', 'ignore_ament_install']
[0.250s] colcon.colcon_core.package_identification Level 1 _identify(/home/pheonix/E-yantra-2024/colcon_ws) by extension 'ignore'
[0.250s] colcon.colcon_core.package_identification Level 1 _identify(/home/pheonix/E-yantra-2024/colcon_ws) by extension 'ignore_ament_install'
[0.250s] colcon.colcon_core.package_identification Level 1 _identify(/home/pheonix/E-yantra-2024/colcon_ws) by extensions ['colcon_pkg']
[0.251s] colcon.colcon_core.package_identification Level 1 _identify(/home/pheonix/E-yantra-2024/colcon_ws) by extension 'colcon_pkg'
[0.251s] colcon.colcon_core.package_identification Level 1 _identify(/home/pheonix/E-yantra-2024/colcon_ws) by extensions ['colcon_meta']
[0.251s] colcon.colcon_core.package_identification Level 1 _identify(/home/pheonix/E-yantra-2024/colcon_ws) by extension 'colcon_meta'
[0.251s] colcon.colcon_core.package_identification Level 1 _identify(/home/pheonix/E-yantra-2024/colcon_ws) by extensions ['ros']
[0.251s] colcon.colcon_core.package_identification Level 1 _identify(/home/pheonix/E-yantra-2024/colcon_ws) by extension 'ros'
[0.272s] colcon.colcon_core.package_identification Level 1 _identify(/home/pheonix/E-yantra-2024/colcon_ws) by extensions ['cmake', 'python']
[0.272s] colcon.colcon_core.package_identification Level 1 _identify(/home/pheonix/E-yantra-2024/colcon_ws) by extension 'cmake'
[0.272s] colcon.colcon_core.package_identification Level 1 _identify(/home/pheonix/E-yantra-2024/colcon_ws) by extension 'python'
[0.272s] colcon.colcon_core.package_identification Level 1 _identify(/home/pheonix/E-yantra-2024/colcon_ws) by extensions ['python_setup_py']
[0.272s] colcon.colcon_core.package_identification Level 1 _identify(/home/pheonix/E-yantra-2024/colcon_ws) by extension 'python_setup_py'
[0.272s] colcon.colcon_core.package_identification Level 1 _identify(/home/pheonix/E-yantra-2024/colcon_ws/build) by extensions ['ignore', 'ignore_ament_install']
[0.272s] colcon.colcon_core.package_identification Level 1 _identify(/home/pheonix/E-yantra-2024/colcon_ws/build) by extension 'ignore'
[0.272s] colcon.colcon_core.package_identification Level 1 _identify(/home/pheonix/E-yantra-2024/colcon_ws/build) ignored
[0.272s] colcon.colcon_core.package_identification Level 1 _identify(/home/pheonix/E-yantra-2024/colcon_ws/install) by extensions ['ignore', 'ignore_ament_install']
[0.272s] colcon.colcon_core.package_identification Level 1 _identify(/home/pheonix/E-yantra-2024/colcon_ws/install) by extension 'ignore'
[0.272s] colcon.colcon_core.package_identification Level 1 _identify(/home/pheonix/E-yantra-2024/colcon_ws/install) ignored
[0.272s] colcon.colcon_core.package_identification Level 1 _identify(/home/pheonix/E-yantra-2024/colcon_ws/log) by extensions ['ignore', 'ignore_ament_install']
[0.272s] colcon.colcon_core.package_identification Level 1 _identify(/home/pheonix/E-yantra-2024/colcon_ws/log) by extension 'ignore'
[0.272s] colcon.colcon_core.package_identification Level 1 _identify(/home/pheonix/E-yantra-2024/colcon_ws/log) ignored
[0.272s] colcon.colcon_core.package_identification Level 1 _identify(/home/pheonix/E-yantra-2024/colcon_ws/src) by extensions ['ignore', 'ignore_ament_install']
[0.272s] colcon.colcon_core.package_identification Level 1 _identify(/home/pheonix/E-yantra-2024/colcon_ws/src) by extension 'ignore'
[0.272s] colcon.colcon_core.package_identification Level 1 _identify(/home/pheonix/E-yantra-2024/colcon_ws/src) by extension 'ignore_ament_install'
[0.273s] colcon.colcon_core.package_identification Level 1 _identify(/home/pheonix/E-yantra-2024/colcon_ws/src) by extensions ['colcon_pkg']
[0.273s] colcon.colcon_core.package_identification Level 1 _identify(/home/pheonix/E-yantra-2024/colcon_ws/src) by extension 'colcon_pkg'
[0.273s] colcon.colcon_core.package_identification Level 1 _identify(/home/pheonix/E-yantra-2024/colcon_ws/src) by extensions ['colcon_meta']
[0.273s] colcon.colcon_core.package_identification Level 1 _identify(/home/pheonix/E-yantra-2024/colcon_ws/src) by extension 'colcon_meta'
[0.273s] colcon.colcon_core.package_identification Level 1 _identify(/home/pheonix/E-yantra-2024/colcon_ws/src) by extensions ['ros']
[0.273s] colcon.colcon_core.package_identification Level 1 _identify(/home/pheonix/E-yantra-2024/colcon_ws/src) by extension 'ros'
[0.273s] colcon.colcon_core.package_identification Level 1 _identify(/home/pheonix/E-yantra-2024/colcon_ws/src) by extensions ['cmake', 'python']
[0.273s] colcon.colcon_core.package_identification Level 1 _identify(/home/pheonix/E-yantra-2024/colcon_ws/src) by extension 'cmake'
[0.273s] colcon.colcon_core.package_identification Level 1 _identify(/home/pheonix/E-yantra-2024/colcon_ws/src) by extension 'python'
[0.273s] colcon.colcon_core.package_identification Level 1 _identify(/home/pheonix/E-yantra-2024/colcon_ws/src) by extensions ['python_setup_py']
[0.273s] colcon.colcon_core.package_identification Level 1 _identify(/home/pheonix/E-yantra-2024/colcon_ws/src) by extension 'python_setup_py'
[0.273s] colcon.colcon_core.package_identification Level 1 _identify(/home/pheonix/E-yantra-2024/colcon_ws/src/ebot_description) by extensions ['ignore', 'ignore_ament_install']
[0.273s] colcon.colcon_core.package_identification Level 1 _identify(/home/pheonix/E-yantra-2024/colcon_ws/src/ebot_description) by extension 'ignore'
[0.273s] colcon.colcon_core.package_identification Level 1 _identify(/home/pheonix/E-yantra-2024/colcon_ws/src/ebot_description) by extension 'ignore_ament_install'
[0.273s] colcon.colcon_core.package_identification Level 1 _identify(/home/pheonix/E-yantra-2024/colcon_ws/src/ebot_description) by extensions ['colcon_pkg']
[0.273s] colcon.colcon_core.package_identification Level 1 _identify(/home/pheonix/E-yantra-2024/colcon_ws/src/ebot_description) by extension 'colcon_pkg'
[0.273s] colcon.colcon_core.package_identification Level 1 _identify(/home/pheonix/E-yantra-2024/colcon_ws/src/ebot_description) by extensions ['colcon_meta']
[0.273s] colcon.colcon_core.package_identification Level 1 _identify(/home/pheonix/E-yantra-2024/colcon_ws/src/ebot_description) by extension 'colcon_meta'
[0.273s] colcon.colcon_core.package_identification Level 1 _identify(/home/pheonix/E-yantra-2024/colcon_ws/src/ebot_description) by extensions ['ros']
[0.273s] colcon.colcon_core.package_identification Level 1 _identify(/home/pheonix/E-yantra-2024/colcon_ws/src/ebot_description) by extension 'ros'
[0.275s] colcon.colcon_core.package_identification DEBUG Package '/home/pheonix/E-yantra-2024/colcon_ws/src/ebot_description' with type 'ros.ament_cmake' and name 'ebot_description'
[0.275s] colcon.colcon_core.package_identification Level 1 _identify(/home/pheonix/E-yantra-2024/colcon_ws/src/ebot_nav2) by extensions ['ignore', 'ignore_ament_install']
[0.275s] colcon.colcon_core.package_identification Level 1 _identify(/home/pheonix/E-yantra-2024/colcon_ws/src/ebot_nav2) by extension 'ignore'
[0.275s] colcon.colcon_core.package_identification Level 1 _identify(/home/pheonix/E-yantra-2024/colcon_ws/src/ebot_nav2) by extension 'ignore_ament_install'
[0.275s] colcon.colcon_core.package_identification Level 1 _identify(/home/pheonix/E-yantra-2024/colcon_ws/src/ebot_nav2) by extensions ['colcon_pkg']
[0.276s] colcon.colcon_core.package_identification Level 1 _identify(/home/pheonix/E-yantra-2024/colcon_ws/src/ebot_nav2) by extension 'colcon_pkg'
[0.276s] colcon.colcon_core.package_identification Level 1 _identify(/home/pheonix/E-yantra-2024/colcon_ws/src/ebot_nav2) by extensions ['colcon_meta']
[0.276s] colcon.colcon_core.package_identification Level 1 _identify(/home/pheonix/E-yantra-2024/colcon_ws/src/ebot_nav2) by extension 'colcon_meta'
[0.276s] colcon.colcon_core.package_identification Level 1 _identify(/home/pheonix/E-yantra-2024/colcon_ws/src/ebot_nav2) by extensions ['ros']
[0.276s] colcon.colcon_core.package_identification Level 1 _identify(/home/pheonix/E-yantra-2024/colcon_ws/src/ebot_nav2) by extension 'ros'
[0.276s] colcon.colcon_core.package_identification DEBUG Package '/home/pheonix/E-yantra-2024/colcon_ws/src/ebot_nav2' with type 'ros.ament_cmake' and name 'ebot_nav2'
[0.276s] colcon.colcon_core.package_identification Level 1 _identify(/home/pheonix/E-yantra-2024/colcon_ws/src/eyantra_warehouse) by extensions ['ignore', 'ignore_ament_install']
[0.276s] colcon.colcon_core.package_identification Level 1 _identify(/home/pheonix/E-yantra-2024/colcon_ws/src/eyantra_warehouse) by extension 'ignore'
[0.276s] colcon.colcon_core.package_identification Level 1 _identify(/home/pheonix/E-yantra-2024/colcon_ws/src/eyantra_warehouse) by extension 'ignore_ament_install'
[0.276s] colcon.colcon_core.package_identification Level 1 _identify(/home/pheonix/E-yantra-2024/colcon_ws/src/eyantra_warehouse) by extensions ['colcon_pkg']
[0.276s] colcon.colcon_core.package_identification Level 1 _identify(/home/pheonix/E-yantra-2024/colcon_ws/src/eyantra_warehouse) by extension 'colcon_pkg'
[0.277s] colcon.colcon_core.package_identification Level 1 _identify(/home/pheonix/E-yantra-2024/colcon_ws/src/eyantra_warehouse) by extensions ['colcon_meta']
[0.277s] colcon.colcon_core.package_identification Level 1 _identify(/home/pheonix/E-yantra-2024/colcon_ws/src/eyantra_warehouse) by extension 'colcon_meta'
[0.277s] colcon.colcon_core.package_identification Level 1 _identify(/home/pheonix/E-yantra-2024/colcon_ws/src/eyantra_warehouse) by extensions ['ros']
[0.277s] colcon.colcon_core.package_identification Level 1 _identify(/home/pheonix/E-yantra-2024/colcon_ws/src/eyantra_warehouse) by extension 'ros'
[0.277s] colcon.colcon_core.package_identification DEBUG Package '/home/pheonix/E-yantra-2024/colcon_ws/src/eyantra_warehouse' with type 'ros.ament_cmake' and name 'eyantra_warehouse'
[0.277s] colcon.colcon_core.package_identification Level 1 _identify(/home/pheonix/E-yantra-2024/colcon_ws/src/linkattacher_msgs) by extensions ['ignore', 'ignore_ament_install']
[0.277s] colcon.colcon_core.package_identification Level 1 _identify(/home/pheonix/E-yantra-2024/colcon_ws/src/linkattacher_msgs) by extension 'ignore'
[0.277s] colcon.colcon_core.package_identification Level 1 _identify(/home/pheonix/E-yantra-2024/colcon_ws/src/linkattacher_msgs) by extension 'ignore_ament_install'
[0.277s] colcon.colcon_core.package_identification Level 1 _identify(/home/pheonix/E-yantra-2024/colcon_ws/src/linkattacher_msgs) by extensions ['colcon_pkg']
[0.277s] colcon.colcon_core.package_identification Level 1 _identify(/home/pheonix/E-yantra-2024/colcon_ws/src/linkattacher_msgs) by extension 'colcon_pkg'
[0.277s] colcon.colcon_core.package_identification Level 1 _identify(/home/pheonix/E-yantra-2024/colcon_ws/src/linkattacher_msgs) by extensions ['colcon_meta']
[0.277s] colcon.colcon_core.package_identification Level 1 _identify(/home/pheonix/E-yantra-2024/colcon_ws/src/linkattacher_msgs) by extension 'colcon_meta'
[0.277s] colcon.colcon_core.package_identification Level 1 _identify(/home/pheonix/E-yantra-2024/colcon_ws/src/linkattacher_msgs) by extensions ['ros']
[0.277s] colcon.colcon_core.package_identification Level 1 _identify(/home/pheonix/E-yantra-2024/colcon_ws/src/linkattacher_msgs) by extension 'ros'
[0.278s] colcon.colcon_core.package_identification DEBUG Package '/home/pheonix/E-yantra-2024/colcon_ws/src/linkattacher_msgs' with type 'ros.ament_cmake' and name 'linkattacher_msgs'
[0.278s] colcon.colcon_core.package_identification Level 1 _identify(/home/pheonix/E-yantra-2024/colcon_ws/src/pymoveit2) by extensions ['ignore', 'ignore_ament_install']
[0.278s] colcon.colcon_core.package_identification Level 1 _identify(/home/pheonix/E-yantra-2024/colcon_ws/src/pymoveit2) by extension 'ignore'
[0.278s] colcon.colcon_core.package_identification Level 1 _identify(/home/pheonix/E-yantra-2024/colcon_ws/src/pymoveit2) by extension 'ignore_ament_install'
[0.278s] colcon.colcon_core.package_identification Level 1 _identify(/home/pheonix/E-yantra-2024/colcon_ws/src/pymoveit2) by extensions ['colcon_pkg']
[0.278s] colcon.colcon_core.package_identification Level 1 _identify(/home/pheonix/E-yantra-2024/colcon_ws/src/pymoveit2) by extension 'colcon_pkg'
[0.278s] colcon.colcon_core.package_identification Level 1 _identify(/home/pheonix/E-yantra-2024/colcon_ws/src/pymoveit2) by extensions ['colcon_meta']
[0.278s] colcon.colcon_core.package_identification Level 1 _identify(/home/pheonix/E-yantra-2024/colcon_ws/src/pymoveit2) by extension 'colcon_meta'
[0.278s] colcon.colcon_core.package_identification Level 1 _identify(/home/pheonix/E-yantra-2024/colcon_ws/src/pymoveit2) by extensions ['ros']
[0.278s] colcon.colcon_core.package_identification Level 1 _identify(/home/pheonix/E-yantra-2024/colcon_ws/src/pymoveit2) by extension 'ros'
[0.278s] colcon.colcon_core.package_identification DEBUG Package '/home/pheonix/E-yantra-2024/colcon_ws/src/pymoveit2' with type 'ros.ament_cmake' and name 'pymoveit2'
[0.279s] colcon.colcon_core.package_identification Level 1 _identify(/home/pheonix/E-yantra-2024/colcon_ws/src/realsense_gazebo_plugin) by extensions ['ignore', 'ignore_ament_install']
[0.279s] colcon.colcon_core.package_identification Level 1 _identify(/home/pheonix/E-yantra-2024/colcon_ws/src/realsense_gazebo_plugin) by extension 'ignore'
[0.279s] colcon.colcon_core.package_identification Level 1 _identify(/home/pheonix/E-yantra-2024/colcon_ws/src/realsense_gazebo_plugin) by extension 'ignore_ament_install'
[0.279s] colcon.colcon_core.package_identification Level 1 _identify(/home/pheonix/E-yantra-2024/colcon_ws/src/realsense_gazebo_plugin) by extensions ['colcon_pkg']
[0.279s] colcon.colcon_core.package_identification Level 1 _identify(/home/pheonix/E-yantra-2024/colcon_ws/src/realsense_gazebo_plugin) by extension 'colcon_pkg'
[0.279s] colcon.colcon_core.package_identification Level 1 _identify(/home/pheonix/E-yantra-2024/colcon_ws/src/realsense_gazebo_plugin) by extensions ['colcon_meta']
[0.279s] colcon.colcon_core.package_identification Level 1 _identify(/home/pheonix/E-yantra-2024/colcon_ws/src/realsense_gazebo_plugin) by extension 'colcon_meta'
[0.279s] colcon.colcon_core.package_identification Level 1 _identify(/home/pheonix/E-yantra-2024/colcon_ws/src/realsense_gazebo_plugin) by extensions ['ros']
[0.279s] colcon.colcon_core.package_identification Level 1 _identify(/home/pheonix/E-yantra-2024/colcon_ws/src/realsense_gazebo_plugin) by extension 'ros'
[0.279s] colcon.colcon_core.package_identification DEBUG Package '/home/pheonix/E-yantra-2024/colcon_ws/src/realsense_gazebo_plugin' with type 'ros.ament_cmake' and name 'realsense_gazebo_plugin'
[0.279s] colcon.colcon_core.package_identification Level 1 _identify(/home/pheonix/E-yantra-2024/colcon_ws/src/ur5_control) by extensions ['ignore', 'ignore_ament_install']
[0.280s] colcon.colcon_core.package_identification Level 1 _identify(/home/pheonix/E-yantra-2024/colcon_ws/src/ur5_control) by extension 'ignore'
[0.280s] colcon.colcon_core.package_identification Level 1 _identify(/home/pheonix/E-yantra-2024/colcon_ws/src/ur5_control) by extension 'ignore_ament_install'
[0.280s] colcon.colcon_core.package_identification Level 1 _identify(/home/pheonix/E-yantra-2024/colcon_ws/src/ur5_control) by extensions ['colcon_pkg']
[0.280s] colcon.colcon_core.package_identification Level 1 _identify(/home/pheonix/E-yantra-2024/colcon_ws/src/ur5_control) by extension 'colcon_pkg'
[0.280s] colcon.colcon_core.package_identification Level 1 _identify(/home/pheonix/E-yantra-2024/colcon_ws/src/ur5_control) by extensions ['colcon_meta']
[0.280s] colcon.colcon_core.package_identification Level 1 _identify(/home/pheonix/E-yantra-2024/colcon_ws/src/ur5_control) by extension 'colcon_meta'
[0.280s] colcon.colcon_core.package_identification Level 1 _identify(/home/pheonix/E-yantra-2024/colcon_ws/src/ur5_control) by extensions ['ros']
[0.280s] colcon.colcon_core.package_identification Level 1 _identify(/home/pheonix/E-yantra-2024/colcon_ws/src/ur5_control) by extension 'ros'
[0.280s] colcon.colcon_core.package_identification DEBUG Package '/home/pheonix/E-yantra-2024/colcon_ws/src/ur5_control' with type 'ros.ament_python' and name 'ur5_control'
[0.280s] colcon.colcon_core.package_identification Level 1 _identify(/home/pheonix/E-yantra-2024/colcon_ws/src/ur_description) by extensions ['ignore', 'ignore_ament_install']
[0.280s] colcon.colcon_core.package_identification Level 1 _identify(/home/pheonix/E-yantra-2024/colcon_ws/src/ur_description) by extension 'ignore'
[0.280s] colcon.colcon_core.package_identification Level 1 _identify(/home/pheonix/E-yantra-2024/colcon_ws/src/ur_description) by extension 'ignore_ament_install'
[0.280s] colcon.colcon_core.package_identification Level 1 _identify(/home/pheonix/E-yantra-2024/colcon_ws/src/ur_description) by extensions ['colcon_pkg']
[0.280s] colcon.colcon_core.package_identification Level 1 _identify(/home/pheonix/E-yantra-2024/colcon_ws/src/ur_description) by extension 'colcon_pkg'
[0.280s] colcon.colcon_core.package_identification Level 1 _identify(/home/pheonix/E-yantra-2024/colcon_ws/src/ur_description) by extensions ['colcon_meta']
[0.280s] colcon.colcon_core.package_identification Level 1 _identify(/home/pheonix/E-yantra-2024/colcon_ws/src/ur_description) by extension 'colcon_meta'
[0.280s] colcon.colcon_core.package_identification Level 1 _identify(/home/pheonix/E-yantra-2024/colcon_ws/src/ur_description) by extensions ['ros']
[0.280s] colcon.colcon_core.package_identification Level 1 _identify(/home/pheonix/E-yantra-2024/colcon_ws/src/ur_description) by extension 'ros'
[0.281s] colcon.colcon_core.package_identification DEBUG Package '/home/pheonix/E-yantra-2024/colcon_ws/src/ur_description' with type 'ros.ament_cmake' and name 'ur_description'
[0.281s] colcon.colcon_core.package_identification Level 1 _identify(/home/pheonix/E-yantra-2024/colcon_ws/src/ur_moveit_config) by extensions ['ignore', 'ignore_ament_install']
[0.281s] colcon.colcon_core.package_identification Level 1 _identify(/home/pheonix/E-yantra-2024/colcon_ws/src/ur_moveit_config) by extension 'ignore'
[0.281s] colcon.colcon_core.package_identification Level 1 _identify(/home/pheonix/E-yantra-2024/colcon_ws/src/ur_moveit_config) by extension 'ignore_ament_install'
[0.281s] colcon.colcon_core.package_identification Level 1 _identify(/home/pheonix/E-yantra-2024/colcon_ws/src/ur_moveit_config) by extensions ['colcon_pkg']
[0.281s] colcon.colcon_core.package_identification Level 1 _identify(/home/pheonix/E-yantra-2024/colcon_ws/src/ur_moveit_config) by extension 'colcon_pkg'
[0.281s] colcon.colcon_core.package_identification Level 1 _identify(/home/pheonix/E-yantra-2024/colcon_ws/src/ur_moveit_config) by extensions ['colcon_meta']
[0.281s] colcon.colcon_core.package_identification Level 1 _identify(/home/pheonix/E-yantra-2024/colcon_ws/src/ur_moveit_config) by extension 'colcon_meta'
[0.281s] colcon.colcon_core.package_identification Level 1 _identify(/home/pheonix/E-yantra-2024/colcon_ws/src/ur_moveit_config) by extensions ['ros']
[0.281s] colcon.colcon_core.package_identification Level 1 _identify(/home/pheonix/E-yantra-2024/colcon_ws/src/ur_moveit_config) by extension 'ros'
[0.282s] colcon.colcon_core.package_identification DEBUG Package '/home/pheonix/E-yantra-2024/colcon_ws/src/ur_moveit_config' with type 'ros.ament_cmake' and name 'ur_moveit_config'
[0.282s] colcon.colcon_core.package_identification Level 1 _identify(/home/pheonix/E-yantra-2024/colcon_ws/src/ur_simulation_gazebo) by extensions ['ignore', 'ignore_ament_install']
[0.282s] colcon.colcon_core.package_identification Level 1 _identify(/home/pheonix/E-yantra-2024/colcon_ws/src/ur_simulation_gazebo) by extension 'ignore'
[0.282s] colcon.colcon_core.package_identification Level 1 _identify(/home/pheonix/E-yantra-2024/colcon_ws/src/ur_simulation_gazebo) by extension 'ignore_ament_install'
[0.282s] colcon.colcon_core.package_identification Level 1 _identify(/home/pheonix/E-yantra-2024/colcon_ws/src/ur_simulation_gazebo) by extensions ['colcon_pkg']
[0.282s] colcon.colcon_core.package_identification Level 1 _identify(/home/pheonix/E-yantra-2024/colcon_ws/src/ur_simulation_gazebo) by extension 'colcon_pkg'
[0.282s] colcon.colcon_core.package_identification Level 1 _identify(/home/pheonix/E-yantra-2024/colcon_ws/src/ur_simulation_gazebo) by extensions ['colcon_meta']
[0.282s] colcon.colcon_core.package_identification Level 1 _identify(/home/pheonix/E-yantra-2024/colcon_ws/src/ur_simulation_gazebo) by extension 'colcon_meta'
[0.282s] colcon.colcon_core.package_identification Level 1 _identify(/home/pheonix/E-yantra-2024/colcon_ws/src/ur_simulation_gazebo) by extensions ['ros']
[0.282s] colcon.colcon_core.package_identification Level 1 _identify(/home/pheonix/E-yantra-2024/colcon_ws/src/ur_simulation_gazebo) by extension 'ros'
[0.283s] colcon.colcon_core.package_identification DEBUG Package '/home/pheonix/E-yantra-2024/colcon_ws/src/ur_simulation_gazebo' with type 'ros.ament_cmake' and name 'ur_simulation_gazebo'
[0.283s] colcon.colcon_core.package_discovery Level 1 discover_packages(recursive) using defaults
