[0.007s] Invoking command in '/home/pheonix/E-yantra-2024/colcon_ws/build/ur_simulation_gazebo': AMENT_PREFIX_PATH=/home/pheonix/E-yantra-2024/colcon_ws/install/ur_moveit_config:/home/pheonix/E-yantra-2024/colcon_ws/install/ur_description:${AMENT_PREFIX_PATH} CMAKE_PREFIX_PATH=/home/pheonix/E-yantra-2024/colcon_ws/install/ur_moveit_config:/home/pheonix/E-yantra-2024/colcon_ws/install/ur_description:/home/pheonix/ros-adv/install/my_robot_interfaces:/home/pheonix/ros-adv/install/actions_py:/opt/ros/humble /usr/bin/cmake /home/pheonix/E-yantra-2024/colcon_ws/src/ur_simulation_gazebo -DCMAKE_INSTALL_PREFIX=/home/pheonix/E-yantra-2024/colcon_ws/install/ur_simulation_gazebo
[0.046s] -- The C compiler identification is GNU 11.4.0
[0.085s] -- The CXX compiler identification is GNU 11.4.0
[0.091s] -- Detecting C compiler ABI info
[0.146s] -- Detecting C compiler ABI info - done
[0.150s] -- Check for working C compiler: /usr/bin/cc - skipped
[0.150s] -- Detecting C compile features
[0.151s] -- Detecting C compile features - done
[0.153s] -- Detecting CXX compiler ABI info
[0.214s] -- Detecting CXX compiler ABI info - done
[0.219s] -- Check for working CXX compiler: /usr/bin/c++ - skipped
[0.219s] -- Detecting CXX compile features
[0.219s] -- Detecting CXX compile features - done
[0.221s] -- Found ament_cmake: 1.3.10 (/opt/ros/humble/share/ament_cmake/cmake)
[0.321s] -- Found Python3: /usr/bin/python3 (found version "3.10.12") found components: Interpreter 
[0.388s] -- Found launch_testing_ament_cmake: 1.0.6 (/opt/ros/humble/share/launch_testing_ament_cmake/cmake)
[0.389s] -- Found python_cmake_module: 0.10.0 (/opt/ros/humble/share/python_cmake_module/cmake)
[0.403s] -- Found PythonInterp: /usr/bin/python3 (found suitable version "3.10.12", minimum required is "3.6") 
[0.412s] -- Found PythonLibs: /usr/lib/x86_64-linux-gnu/libpython3.10.so (found suitable version "3.10.12", minimum required is "3.5") 
[0.412s] -- Using PYTHON_EXECUTABLE: /usr/bin/python3
[0.412s] -- Using PYTHON_INCLUDE_DIRS: /usr/include/python3.10
[0.412s] -- Using PYTHON_LIBRARIES: /usr/lib/x86_64-linux-gnu/libpython3.10.so
[0.426s] -- Found PythonExtra: .so  
[0.428s] -- Found ament_cmake_pytest: 1.3.10 (/opt/ros/humble/share/ament_cmake_pytest/cmake)
[0.469s] -- Configuring done
[0.471s] -- Generating done
[0.472s] -- Build files have been written to: /home/pheonix/E-yantra-2024/colcon_ws/build/ur_simulation_gazebo
[0.478s] Invoked command in '/home/pheonix/E-yantra-2024/colcon_ws/build/ur_simulation_gazebo' returned '0': AMENT_PREFIX_PATH=/home/pheonix/E-yantra-2024/colcon_ws/install/ur_moveit_config:/home/pheonix/E-yantra-2024/colcon_ws/install/ur_description:${AMENT_PREFIX_PATH} CMAKE_PREFIX_PATH=/home/pheonix/E-yantra-2024/colcon_ws/install/ur_moveit_config:/home/pheonix/E-yantra-2024/colcon_ws/install/ur_description:/home/pheonix/ros-adv/install/my_robot_interfaces:/home/pheonix/ros-adv/install/actions_py:/opt/ros/humble /usr/bin/cmake /home/pheonix/E-yantra-2024/colcon_ws/src/ur_simulation_gazebo -DCMAKE_INSTALL_PREFIX=/home/pheonix/E-yantra-2024/colcon_ws/install/ur_simulation_gazebo
[0.478s] Invoking command in '/home/pheonix/E-yantra-2024/colcon_ws/build/ur_simulation_gazebo': AMENT_PREFIX_PATH=/home/pheonix/E-yantra-2024/colcon_ws/install/ur_moveit_config:/home/pheonix/E-yantra-2024/colcon_ws/install/ur_description:${AMENT_PREFIX_PATH} CMAKE_PREFIX_PATH=/home/pheonix/E-yantra-2024/colcon_ws/install/ur_moveit_config:/home/pheonix/E-yantra-2024/colcon_ws/install/ur_description:/home/pheonix/ros-adv/install/my_robot_interfaces:/home/pheonix/ros-adv/install/actions_py:/opt/ros/humble /usr/bin/cmake --build /home/pheonix/E-yantra-2024/colcon_ws/build/ur_simulation_gazebo -- -j16 -l16
[0.511s] Invoked command in '/home/pheonix/E-yantra-2024/colcon_ws/build/ur_simulation_gazebo' returned '0': AMENT_PREFIX_PATH=/home/pheonix/E-yantra-2024/colcon_ws/install/ur_moveit_config:/home/pheonix/E-yantra-2024/colcon_ws/install/ur_description:${AMENT_PREFIX_PATH} CMAKE_PREFIX_PATH=/home/pheonix/E-yantra-2024/colcon_ws/install/ur_moveit_config:/home/pheonix/E-yantra-2024/colcon_ws/install/ur_description:/home/pheonix/ros-adv/install/my_robot_interfaces:/home/pheonix/ros-adv/install/actions_py:/opt/ros/humble /usr/bin/cmake --build /home/pheonix/E-yantra-2024/colcon_ws/build/ur_simulation_gazebo -- -j16 -l16
[0.536s] Invoking command in '/home/pheonix/E-yantra-2024/colcon_ws/build/ur_simulation_gazebo': AMENT_PREFIX_PATH=/home/pheonix/E-yantra-2024/colcon_ws/install/ur_moveit_config:/home/pheonix/E-yantra-2024/colcon_ws/install/ur_description:${AMENT_PREFIX_PATH} CMAKE_PREFIX_PATH=/home/pheonix/E-yantra-2024/colcon_ws/install/ur_moveit_config:/home/pheonix/E-yantra-2024/colcon_ws/install/ur_description:/home/pheonix/ros-adv/install/my_robot_interfaces:/home/pheonix/ros-adv/install/actions_py:/opt/ros/humble /usr/bin/cmake --install /home/pheonix/E-yantra-2024/colcon_ws/build/ur_simulation_gazebo
[0.544s] -- Install configuration: ""
[0.544s] -- Installing: /home/pheonix/E-yantra-2024/colcon_ws/install/ur_simulation_gazebo/share/ur_simulation_gazebo/config
[0.544s] -- Installing: /home/pheonix/E-yantra-2024/colcon_ws/install/ur_simulation_gazebo/share/ur_simulation_gazebo/config/config_file_here.txt
[0.544s] -- Installing: /home/pheonix/E-yantra-2024/colcon_ws/install/ur_simulation_gazebo/share/ur_simulation_gazebo/launch
[0.544s] -- Installing: /home/pheonix/E-yantra-2024/colcon_ws/install/ur_simulation_gazebo/share/ur_simulation_gazebo/launch/ur_sim_control.launch.py
[0.544s] -- Installing: /home/pheonix/E-yantra-2024/colcon_ws/install/ur_simulation_gazebo/share/ur_simulation_gazebo/launch/ur_sim_moveit.launch.py
[0.544s] -- Installing: /home/pheonix/E-yantra-2024/colcon_ws/install/ur_simulation_gazebo/share/ament_index/resource_index/package_run_dependencies/ur_simulation_gazebo
[0.545s] -- Installing: /home/pheonix/E-yantra-2024/colcon_ws/install/ur_simulation_gazebo/share/ament_index/resource_index/parent_prefix_path/ur_simulation_gazebo
[0.545s] -- Installing: /home/pheonix/E-yantra-2024/colcon_ws/install/ur_simulation_gazebo/share/ur_simulation_gazebo/environment/ament_prefix_path.sh
[0.545s] -- Installing: /home/pheonix/E-yantra-2024/colcon_ws/install/ur_simulation_gazebo/share/ur_simulation_gazebo/environment/ament_prefix_path.dsv
[0.545s] -- Installing: /home/pheonix/E-yantra-2024/colcon_ws/install/ur_simulation_gazebo/share/ur_simulation_gazebo/environment/path.sh
[0.545s] -- Installing: /home/pheonix/E-yantra-2024/colcon_ws/install/ur_simulation_gazebo/share/ur_simulation_gazebo/environment/path.dsv
[0.545s] -- Installing: /home/pheonix/E-yantra-2024/colcon_ws/install/ur_simulation_gazebo/share/ur_simulation_gazebo/local_setup.bash
[0.545s] -- Installing: /home/pheonix/E-yantra-2024/colcon_ws/install/ur_simulation_gazebo/share/ur_simulation_gazebo/local_setup.sh
[0.545s] -- Installing: /home/pheonix/E-yantra-2024/colcon_ws/install/ur_simulation_gazebo/share/ur_simulation_gazebo/local_setup.zsh
[0.546s] -- Installing: /home/pheonix/E-yantra-2024/colcon_ws/install/ur_simulation_gazebo/share/ur_simulation_gazebo/local_setup.dsv
[0.546s] -- Installing: /home/pheonix/E-yantra-2024/colcon_ws/install/ur_simulation_gazebo/share/ur_simulation_gazebo/package.dsv
[0.546s] -- Installing: /home/pheonix/E-yantra-2024/colcon_ws/install/ur_simulation_gazebo/share/ament_index/resource_index/packages/ur_simulation_gazebo
[0.546s] -- Installing: /home/pheonix/E-yantra-2024/colcon_ws/install/ur_simulation_gazebo/share/ur_simulation_gazebo/cmake/ur_simulation_gazeboConfig.cmake
[0.546s] -- Installing: /home/pheonix/E-yantra-2024/colcon_ws/install/ur_simulation_gazebo/share/ur_simulation_gazebo/cmake/ur_simulation_gazeboConfig-version.cmake
[0.546s] -- Installing: /home/pheonix/E-yantra-2024/colcon_ws/install/ur_simulation_gazebo/share/ur_simulation_gazebo/package.xml
[0.548s] Invoked command in '/home/pheonix/E-yantra-2024/colcon_ws/build/ur_simulation_gazebo' returned '0': AMENT_PREFIX_PATH=/home/pheonix/E-yantra-2024/colcon_ws/install/ur_moveit_config:/home/pheonix/E-yantra-2024/colcon_ws/install/ur_description:${AMENT_PREFIX_PATH} CMAKE_PREFIX_PATH=/home/pheonix/E-yantra-2024/colcon_ws/install/ur_moveit_config:/home/pheonix/E-yantra-2024/colcon_ws/install/ur_description:/home/pheonix/ros-adv/install/my_robot_interfaces:/home/pheonix/ros-adv/install/actions_py:/opt/ros/humble /usr/bin/cmake --install /home/pheonix/E-yantra-2024/colcon_ws/build/ur_simulation_gazebo
