[0.022s] Invoking command in '/home/pheonix/E-yantra-2024/colcon_ws/build/realsense_gazebo_plugin': CMAKE_PREFIX_PATH=${CMAKE_PREFIX_PATH}:/home/pheonix/E-yantra-2024/colcon_ws/install/ur5_control:/home/pheonix/ros-adv/install/actions_py:/opt/ros/humble /usr/bin/cmake --build /home/pheonix/E-yantra-2024/colcon_ws/build/realsense_gazebo_plugin -- -j16 -l16
[0.089s] [100%] Built target realsense_gazebo_plugin
[0.203s] Invoked command in '/home/pheonix/E-yantra-2024/colcon_ws/build/realsense_gazebo_plugin' returned '0': CMAKE_PREFIX_PATH=${CMAKE_PREFIX_PATH}:/home/pheonix/E-yantra-2024/colcon_ws/install/ur5_control:/home/pheonix/ros-adv/install/actions_py:/opt/ros/humble /usr/bin/cmake --build /home/pheonix/E-yantra-2024/colcon_ws/build/realsense_gazebo_plugin -- -j16 -l16
[0.233s] Invoking command in '/home/pheonix/E-yantra-2024/colcon_ws/build/realsense_gazebo_plugin': CMAKE_PREFIX_PATH=${CMAKE_PREFIX_PATH}:/home/pheonix/E-yantra-2024/colcon_ws/install/ur5_control:/home/pheonix/ros-adv/install/actions_py:/opt/ros/humble /usr/bin/cmake --install /home/pheonix/E-yantra-2024/colcon_ws/build/realsense_gazebo_plugin
[0.257s] -- Install configuration: ""
[0.257s] -- Up-to-date: /home/pheonix/E-yantra-2024/colcon_ws/install/realsense_gazebo_plugin/lib/librealsense_gazebo_plugin.so
[0.258s] -- Up-to-date: /home/pheonix/E-yantra-2024/colcon_ws/install/realsense_gazebo_plugin/include/
[0.258s] -- Up-to-date: /home/pheonix/E-yantra-2024/colcon_ws/install/realsense_gazebo_plugin/include//realsense_gazebo_plugin
[0.259s] -- Up-to-date: /home/pheonix/E-yantra-2024/colcon_ws/install/realsense_gazebo_plugin/include//realsense_gazebo_plugin/gazebo_ros_realsense.h
[0.259s] -- Up-to-date: /home/pheonix/E-yantra-2024/colcon_ws/install/realsense_gazebo_plugin/include//realsense_gazebo_plugin/RealSensePlugin.h
[0.259s] -- Up-to-date: /home/pheonix/E-yantra-2024/colcon_ws/install/realsense_gazebo_plugin/share/realsense_gazebo_plugin/environment/library_path.sh
[0.259s] -- Up-to-date: /home/pheonix/E-yantra-2024/colcon_ws/install/realsense_gazebo_plugin/share/realsense_gazebo_plugin/environment/library_path.dsv
[0.259s] -- Up-to-date: /home/pheonix/E-yantra-2024/colcon_ws/install/realsense_gazebo_plugin/share/ament_index/resource_index/package_run_dependencies/realsense_gazebo_plugin
[0.259s] -- Up-to-date: /home/pheonix/E-yantra-2024/colcon_ws/install/realsense_gazebo_plugin/share/ament_index/resource_index/parent_prefix_path/realsense_gazebo_plugin
[0.259s] -- Up-to-date: /home/pheonix/E-yantra-2024/colcon_ws/install/realsense_gazebo_plugin/share/realsense_gazebo_plugin/environment/ament_prefix_path.sh
[0.259s] -- Up-to-date: /home/pheonix/E-yantra-2024/colcon_ws/install/realsense_gazebo_plugin/share/realsense_gazebo_plugin/environment/ament_prefix_path.dsv
[0.259s] -- Up-to-date: /home/pheonix/E-yantra-2024/colcon_ws/install/realsense_gazebo_plugin/share/realsense_gazebo_plugin/environment/path.sh
[0.259s] -- Up-to-date: /home/pheonix/E-yantra-2024/colcon_ws/install/realsense_gazebo_plugin/share/realsense_gazebo_plugin/environment/path.dsv
[0.260s] -- Up-to-date: /home/pheonix/E-yantra-2024/colcon_ws/install/realsense_gazebo_plugin/share/realsense_gazebo_plugin/local_setup.bash
[0.260s] -- Up-to-date: /home/pheonix/E-yantra-2024/colcon_ws/install/realsense_gazebo_plugin/share/realsense_gazebo_plugin/local_setup.sh
[0.260s] -- Up-to-date: /home/pheonix/E-yantra-2024/colcon_ws/install/realsense_gazebo_plugin/share/realsense_gazebo_plugin/local_setup.zsh
[0.260s] -- Up-to-date: /home/pheonix/E-yantra-2024/colcon_ws/install/realsense_gazebo_plugin/share/realsense_gazebo_plugin/local_setup.dsv
[0.260s] -- Installing: /home/pheonix/E-yantra-2024/colcon_ws/install/realsense_gazebo_plugin/share/realsense_gazebo_plugin/package.dsv
[0.260s] -- Up-to-date: /home/pheonix/E-yantra-2024/colcon_ws/install/realsense_gazebo_plugin/share/ament_index/resource_index/packages/realsense_gazebo_plugin
[0.261s] -- Up-to-date: /home/pheonix/E-yantra-2024/colcon_ws/install/realsense_gazebo_plugin/share/realsense_gazebo_plugin/cmake/ament_cmake_export_include_directories-extras.cmake
[0.261s] -- Up-to-date: /home/pheonix/E-yantra-2024/colcon_ws/install/realsense_gazebo_plugin/share/realsense_gazebo_plugin/cmake/ament_cmake_export_libraries-extras.cmake
[0.261s] -- Up-to-date: /home/pheonix/E-yantra-2024/colcon_ws/install/realsense_gazebo_plugin/share/realsense_gazebo_plugin/cmake/realsense_gazebo_pluginConfig.cmake
[0.261s] -- Up-to-date: /home/pheonix/E-yantra-2024/colcon_ws/install/realsense_gazebo_plugin/share/realsense_gazebo_plugin/cmake/realsense_gazebo_pluginConfig-version.cmake
[0.261s] -- Up-to-date: /home/pheonix/E-yantra-2024/colcon_ws/install/realsense_gazebo_plugin/share/realsense_gazebo_plugin/package.xml
[0.289s] Invoked command in '/home/pheonix/E-yantra-2024/colcon_ws/build/realsense_gazebo_plugin' returned '0': CMAKE_PREFIX_PATH=${CMAKE_PREFIX_PATH}:/home/pheonix/E-yantra-2024/colcon_ws/install/ur5_control:/home/pheonix/ros-adv/install/actions_py:/opt/ros/humble /usr/bin/cmake --install /home/pheonix/E-yantra-2024/colcon_ws/build/realsense_gazebo_plugin
