[0.021s] Invoking command in '/home/pheonix/E-yantra-2024/colcon_ws/build/ebot_description': CMAKE_PREFIX_PATH=${CMAKE_PREFIX_PATH}:/home/pheonix/ros-adv/install/actions_py:/opt/ros/humble /usr/bin/cmake /home/pheonix/E-yantra-2024/colcon_ws/src/ebot_description -DCMAKE_INSTALL_PREFIX=/home/pheonix/E-yantra-2024/colcon_ws/install/ebot_description
[0.058s] -- The C compiler identification is GNU 11.4.0
[0.096s] -- The CXX compiler identification is GNU 11.4.0
[0.100s] -- Detecting C compiler ABI info
[0.153s] -- Detecting C compiler ABI info - done
[0.157s] -- Check for working C compiler: /usr/bin/cc - skipped
[0.157s] -- Detecting C compile features
[0.158s] -- Detecting C compile features - done
[0.159s] -- Detecting CXX compiler ABI info
[0.216s] -- Detecting CXX compiler ABI info - done
[0.222s] -- Check for working CXX compiler: /usr/bin/c++ - skipped
[0.223s] -- Detecting CXX compile features
[0.225s] -- Detecting CXX compile features - done
[0.227s] -- Found ament_cmake: 1.3.10 (/opt/ros/humble/share/ament_cmake/cmake)
[0.331s] -- Found Python3: /usr/bin/python3 (found version "3.10.12") found components: Interpreter 
[0.395s] -- Found rclcpp: 16.0.10 (/opt/ros/humble/share/rclcpp/cmake)
[0.422s] -- Found rosidl_generator_c: 3.1.5 (/opt/ros/humble/share/rosidl_generator_c/cmake)
[0.427s] -- Found rosidl_adapter: 3.1.5 (/opt/ros/humble/share/rosidl_adapter/cmake)
[0.433s] -- Found rosidl_generator_cpp: 3.1.5 (/opt/ros/humble/share/rosidl_generator_cpp/cmake)
[0.443s] -- Using all available rosidl_typesupport_c: rosidl_typesupport_fastrtps_c;rosidl_typesupport_introspection_c
[0.457s] -- Using all available rosidl_typesupport_cpp: rosidl_typesupport_fastrtps_cpp;rosidl_typesupport_introspection_cpp
[0.496s] -- Found rmw_implementation_cmake: 6.1.2 (/opt/ros/humble/share/rmw_implementation_cmake/cmake)
[0.498s] -- Found rmw_fastrtps_cpp: 6.2.7 (/opt/ros/humble/share/rmw_fastrtps_cpp/cmake)
[0.565s] -- Found OpenSSL: /usr/lib/x86_64-linux-gnu/libcrypto.so (found version "3.0.2")  
[0.593s] -- Found FastRTPS: /opt/ros/humble/include  
[0.630s] -- Using RMW implementation 'rmw_fastrtps_cpp' as default
[0.636s] -- Looking for pthread.h
[0.690s] -- Looking for pthread.h - found
[0.690s] -- Performing Test CMAKE_HAVE_LIBC_PTHREAD
[0.748s] -- Performing Test CMAKE_HAVE_LIBC_PTHREAD - Success
[0.749s] -- Found Threads: TRUE  
[0.779s] -- Found rclpy: 3.3.14 (/opt/ros/humble/share/rclpy/cmake)
[0.781s] -- Found urdf: 2.6.0 (/opt/ros/humble/share/urdf/cmake)
[0.805s] -- Found xacro: 2.0.8 (/opt/ros/humble/share/xacro/cmake)
[0.806s] -- Found ament_lint_auto: 0.12.11 (/opt/ros/humble/share/ament_lint_auto/cmake)
[0.862s] -- Added test 'copyright' to check source files copyright and LICENSE
[0.864s] -- Added test 'flake8' to check Python code syntax and style conventions
[0.865s] -- Added test 'lint_cmake' to check CMake code style
[0.865s] -- Added test 'pep257' to check Python code against some of the docstring style conventions in PEP 257
[0.867s] -- Added test 'xmllint' to check XML markup files
[0.867s] -- Configuring done
[0.871s] -- Generating done
[0.872s] -- Build files have been written to: /home/pheonix/E-yantra-2024/colcon_ws/build/ebot_description
[0.879s] Invoked command in '/home/pheonix/E-yantra-2024/colcon_ws/build/ebot_description' returned '0': CMAKE_PREFIX_PATH=${CMAKE_PREFIX_PATH}:/home/pheonix/ros-adv/install/actions_py:/opt/ros/humble /usr/bin/cmake /home/pheonix/E-yantra-2024/colcon_ws/src/ebot_description -DCMAKE_INSTALL_PREFIX=/home/pheonix/E-yantra-2024/colcon_ws/install/ebot_description
[0.880s] Invoking command in '/home/pheonix/E-yantra-2024/colcon_ws/build/ebot_description': CMAKE_PREFIX_PATH=${CMAKE_PREFIX_PATH}:/home/pheonix/ros-adv/install/actions_py:/opt/ros/humble /usr/bin/cmake --build /home/pheonix/E-yantra-2024/colcon_ws/build/ebot_description -- -j16 -l16
[0.913s] Invoked command in '/home/pheonix/E-yantra-2024/colcon_ws/build/ebot_description' returned '0': CMAKE_PREFIX_PATH=${CMAKE_PREFIX_PATH}:/home/pheonix/ros-adv/install/actions_py:/opt/ros/humble /usr/bin/cmake --build /home/pheonix/E-yantra-2024/colcon_ws/build/ebot_description -- -j16 -l16
[0.931s] Invoking command in '/home/pheonix/E-yantra-2024/colcon_ws/build/ebot_description': CMAKE_PREFIX_PATH=${CMAKE_PREFIX_PATH}:/home/pheonix/ros-adv/install/actions_py:/opt/ros/humble /usr/bin/cmake --install /home/pheonix/E-yantra-2024/colcon_ws/build/ebot_description
[0.937s] -- Install configuration: ""
[0.937s] -- Installing: /home/pheonix/E-yantra-2024/colcon_ws/install/ebot_description/share/ebot_description//launch
[0.937s] -- Installing: /home/pheonix/E-yantra-2024/colcon_ws/install/ebot_description/share/ebot_description//launch/start_world_task1b_launch.py
[0.937s] -- Installing: /home/pheonix/E-yantra-2024/colcon_ws/install/ebot_description/share/ebot_description//launch/spawn_robot.py
[0.937s] -- Installing: /home/pheonix/E-yantra-2024/colcon_ws/install/ebot_description/share/ebot_description//launch/start_world_launch.py
[0.937s] -- Installing: /home/pheonix/E-yantra-2024/colcon_ws/install/ebot_description/share/ebot_description//launch/ebot_gazebo_launch.py
[0.938s] -- Installing: /home/pheonix/E-yantra-2024/colcon_ws/install/ebot_description/share/ebot_description//launch/start_world_task1c_launch.py
[0.938s] -- Installing: /home/pheonix/E-yantra-2024/colcon_ws/install/ebot_description/share/ebot_description//worlds
[0.938s] -- Installing: /home/pheonix/E-yantra-2024/colcon_ws/install/ebot_description/share/ebot_description//worlds/empty.world
[0.938s] -- Installing: /home/pheonix/E-yantra-2024/colcon_ws/install/ebot_description/share/ebot_description//models
[0.938s] -- Installing: /home/pheonix/E-yantra-2024/colcon_ws/install/ebot_description/share/ebot_description//models/ebot
[0.938s] -- Installing: /home/pheonix/E-yantra-2024/colcon_ws/install/ebot_description/share/ebot_description//models/ebot/ebot_description.xacro
[0.938s] -- Installing: /home/pheonix/E-yantra-2024/colcon_ws/install/ebot_description/share/ebot_description//models/ebot/ebot.gazebo
[0.938s] -- Installing: /home/pheonix/E-yantra-2024/colcon_ws/install/ebot_description/share/ebot_description//meshes
[0.938s] -- Installing: /home/pheonix/E-yantra-2024/colcon_ws/install/ebot_description/share/ebot_description//meshes/chassis.dae
[0.961s] -- Installing: /home/pheonix/E-yantra-2024/colcon_ws/install/ebot_description/share/ebot_description//meshes/robot_base.stl
[0.961s] -- Installing: /home/pheonix/E-yantra-2024/colcon_ws/install/ebot_description/share/ebot_description//meshes/FUS3.STL
[0.961s] -- Installing: /home/pheonix/E-yantra-2024/colcon_ws/install/ebot_description/share/ebot_description//meshes/FWR.STL
[0.961s] -- Installing: /home/pheonix/E-yantra-2024/colcon_ws/install/ebot_description/share/ebot_description//meshes/RUS5.STL
[0.961s] -- Installing: /home/pheonix/E-yantra-2024/colcon_ws/install/ebot_description/share/ebot_description//meshes/LHUS9.STL
[0.962s] -- Installing: /home/pheonix/E-yantra-2024/colcon_ws/install/ebot_description/share/ebot_description//meshes/RHUS7.STL
[0.962s] -- Installing: /home/pheonix/E-yantra-2024/colcon_ws/install/ebot_description/share/ebot_description//meshes/FUS2.STL
[0.962s] -- Installing: /home/pheonix/E-yantra-2024/colcon_ws/install/ebot_description/share/ebot_description//meshes/FUS1.STL
[0.962s] -- Installing: /home/pheonix/E-yantra-2024/colcon_ws/install/ebot_description/share/ebot_description//meshes/FUS4.STL
[0.962s] -- Installing: /home/pheonix/E-yantra-2024/colcon_ws/install/ebot_description/share/ebot_description//meshes/LHUS10.STL
[0.962s] -- Installing: /home/pheonix/E-yantra-2024/colcon_ws/install/ebot_description/share/ebot_description//meshes/FWL.STL
[0.963s] -- Installing: /home/pheonix/E-yantra-2024/colcon_ws/install/ebot_description/share/ebot_description//meshes/RHUS9.STL
[0.963s] -- Installing: /home/pheonix/E-yantra-2024/colcon_ws/install/ebot_description/share/ebot_description//meshes/RWR.STL
[0.963s] -- Installing: /home/pheonix/E-yantra-2024/colcon_ws/install/ebot_description/share/ebot_description//meshes/RUS6.STL
[0.963s] -- Installing: /home/pheonix/E-yantra-2024/colcon_ws/install/ebot_description/share/ebot_description//meshes/RWL.STL
[0.964s] -- Installing: /home/pheonix/E-yantra-2024/colcon_ws/install/ebot_description/share/ebot_description//plugins
[0.964s] -- Installing: /home/pheonix/E-yantra-2024/colcon_ws/install/ebot_description/share/ebot_description//plugins/libgazebo_ros_vacuum_gripper.so
[0.967s] -- Installing: /home/pheonix/E-yantra-2024/colcon_ws/install/ebot_description/share/ebot_description//plugins/libgazebo_collision_sensor.so
[0.968s] -- Installing: /home/pheonix/E-yantra-2024/colcon_ws/install/ebot_description/share/ament_index/resource_index/package_run_dependencies/ebot_description
[0.968s] -- Installing: /home/pheonix/E-yantra-2024/colcon_ws/install/ebot_description/share/ament_index/resource_index/parent_prefix_path/ebot_description
[0.969s] -- Installing: /home/pheonix/E-yantra-2024/colcon_ws/install/ebot_description/share/ebot_description/environment/ament_prefix_path.sh
[0.969s] -- Installing: /home/pheonix/E-yantra-2024/colcon_ws/install/ebot_description/share/ebot_description/environment/ament_prefix_path.dsv
[0.969s] -- Installing: /home/pheonix/E-yantra-2024/colcon_ws/install/ebot_description/share/ebot_description/environment/path.sh
[0.969s] -- Installing: /home/pheonix/E-yantra-2024/colcon_ws/install/ebot_description/share/ebot_description/environment/path.dsv
[0.969s] -- Installing: /home/pheonix/E-yantra-2024/colcon_ws/install/ebot_description/share/ebot_description/local_setup.bash
[0.969s] -- Installing: /home/pheonix/E-yantra-2024/colcon_ws/install/ebot_description/share/ebot_description/local_setup.sh
[0.969s] -- Installing: /home/pheonix/E-yantra-2024/colcon_ws/install/ebot_description/share/ebot_description/local_setup.zsh
[0.969s] -- Installing: /home/pheonix/E-yantra-2024/colcon_ws/install/ebot_description/share/ebot_description/local_setup.dsv
[0.969s] -- Installing: /home/pheonix/E-yantra-2024/colcon_ws/install/ebot_description/share/ebot_description/package.dsv
[0.969s] -- Installing: /home/pheonix/E-yantra-2024/colcon_ws/install/ebot_description/share/ament_index/resource_index/packages/ebot_description
[0.970s] -- Installing: /home/pheonix/E-yantra-2024/colcon_ws/install/ebot_description/share/ebot_description/cmake/ebot_descriptionConfig.cmake
[0.970s] -- Installing: /home/pheonix/E-yantra-2024/colcon_ws/install/ebot_description/share/ebot_description/cmake/ebot_descriptionConfig-version.cmake
[0.970s] -- Installing: /home/pheonix/E-yantra-2024/colcon_ws/install/ebot_description/share/ebot_description/package.xml
[0.972s] Invoked command in '/home/pheonix/E-yantra-2024/colcon_ws/build/ebot_description' returned '0': CMAKE_PREFIX_PATH=${CMAKE_PREFIX_PATH}:/home/pheonix/ros-adv/install/actions_py:/opt/ros/humble /usr/bin/cmake --install /home/pheonix/E-yantra-2024/colcon_ws/build/ebot_description
