-- Install configuration: ""
-- Up-to-date: /home/pheonix/E-yantra-2024/colcon_ws/install/ebot_nav2/share/ebot_nav2//launch
-- Up-to-date: /home/pheonix/E-yantra-2024/colcon_ws/install/ebot_nav2/share/ebot_nav2//launch/ebot_bringup_launch.py
-- Up-to-date: /home/pheonix/E-yantra-2024/colcon_ws/install/ebot_nav2/share/ebot_nav2//config
-- Up-to-date: /home/pheonix/E-yantra-2024/colcon_ws/install/ebot_nav2/share/ebot_nav2//config/mapper_params_online_async.yaml
-- Up-to-date: /home/pheonix/E-yantra-2024/colcon_ws/install/ebot_nav2/share/ebot_nav2//config/ekf.yaml
-- Up-to-date: /home/pheonix/E-yantra-2024/colcon_ws/install/ebot_nav2/share/ebot_nav2//maps
-- Up-to-date: /home/pheonix/E-yantra-2024/colcon_ws/install/ebot_nav2/share/ebot_nav2//maps/map.posegraph
-- Up-to-date: /home/pheonix/E-yantra-2024/colcon_ws/install/ebot_nav2/share/ebot_nav2//maps/map.pgm
-- Up-to-date: /home/pheonix/E-yantra-2024/colcon_ws/install/ebot_nav2/share/ebot_nav2//maps/map_file_here.text
-- Up-to-date: /home/pheonix/E-yantra-2024/colcon_ws/install/ebot_nav2/share/ebot_nav2//maps/map.data
-- Up-to-date: /home/pheonix/E-yantra-2024/colcon_ws/install/ebot_nav2/share/ebot_nav2//maps/map.yaml
-- Up-to-date: /home/pheonix/E-yantra-2024/colcon_ws/install/ebot_nav2/share/ebot_nav2//params
-- Up-to-date: /home/pheonix/E-yantra-2024/colcon_ws/install/ebot_nav2/share/ebot_nav2//params/nav2_params.yaml
-- Up-to-date: /home/pheonix/E-yantra-2024/colcon_ws/install/ebot_nav2/share/ebot_nav2//rviz
-- Installing: /home/pheonix/E-yantra-2024/colcon_ws/install/ebot_nav2/share/ebot_nav2//rviz/nav2_default_view.rviz
-- Up-to-date: /home/pheonix/E-yantra-2024/colcon_ws/install/ebot_nav2/share/ament_index/resource_index/package_run_dependencies/ebot_nav2
-- Up-to-date: /home/pheonix/E-yantra-2024/colcon_ws/install/ebot_nav2/share/ament_index/resource_index/parent_prefix_path/ebot_nav2
-- Up-to-date: /home/pheonix/E-yantra-2024/colcon_ws/install/ebot_nav2/share/ebot_nav2/environment/ament_prefix_path.sh
-- Up-to-date: /home/pheonix/E-yantra-2024/colcon_ws/install/ebot_nav2/share/ebot_nav2/environment/ament_prefix_path.dsv
-- Up-to-date: /home/pheonix/E-yantra-2024/colcon_ws/install/ebot_nav2/share/ebot_nav2/environment/path.sh
-- Up-to-date: /home/pheonix/E-yantra-2024/colcon_ws/install/ebot_nav2/share/ebot_nav2/environment/path.dsv
-- Up-to-date: /home/pheonix/E-yantra-2024/colcon_ws/install/ebot_nav2/share/ebot_nav2/local_setup.bash
-- Up-to-date: /home/pheonix/E-yantra-2024/colcon_ws/install/ebot_nav2/share/ebot_nav2/local_setup.sh
-- Up-to-date: /home/pheonix/E-yantra-2024/colcon_ws/install/ebot_nav2/share/ebot_nav2/local_setup.zsh
-- Up-to-date: /home/pheonix/E-yantra-2024/colcon_ws/install/ebot_nav2/share/ebot_nav2/local_setup.dsv
-- Installing: /home/pheonix/E-yantra-2024/colcon_ws/install/ebot_nav2/share/ebot_nav2/package.dsv
-- Up-to-date: /home/pheonix/E-yantra-2024/colcon_ws/install/ebot_nav2/share/ament_index/resource_index/packages/ebot_nav2
-- Up-to-date: /home/pheonix/E-yantra-2024/colcon_ws/install/ebot_nav2/share/ebot_nav2/cmake/ebot_nav2Config.cmake
-- Up-to-date: /home/pheonix/E-yantra-2024/colcon_ws/install/ebot_nav2/share/ebot_nav2/cmake/ebot_nav2Config-version.cmake
-- Up-to-date: /home/pheonix/E-yantra-2024/colcon_ws/install/ebot_nav2/share/ebot_nav2/package.xml
