[0.018s] Invoking command in '/home/pheonix/E-yantra-2024/colcon_ws/build/ur_moveit_config': CMAKE_PREFIX_PATH=/home/pheonix/E-yantra-2024/colcon_ws/install/ur_description:/home/pheonix/E-yantra-2024/colcon_ws/install/ur_simulation_gazebo:/home/pheonix/E-yantra-2024/colcon_ws/install/ur_moveit_config:/home/pheonix/E-yantra-2024/colcon_ws/install/realsense_gazebo_plugin:/home/pheonix/E-yantra-2024/colcon_ws/install/pymoveit2:/home/pheonix/E-yantra-2024/colcon_ws/install/linkattacher_msgs:/home/pheonix/E-yantra-2024/colcon_ws/install/eyantra_warehouse:/home/pheonix/E-yantra-2024/colcon_ws/install/ebot_nav2:/home/pheonix/E-yantra-2024/colcon_ws/install/ebot_description:/home/pheonix/ros-adv/install/my_robot_interfaces:/home/pheonix/E-yantra-2024/colcon_ws/install/ur5_control:/home/pheonix/ros-adv/install/actions_py:/opt/ros/humble /usr/bin/cmake --build /home/pheonix/E-yantra-2024/colcon_ws/build/ur_moveit_config -- -j16 -l16
[0.050s] Invoked command in '/home/pheonix/E-yantra-2024/colcon_ws/build/ur_moveit_config' returned '0': CMAKE_PREFIX_PATH=/home/pheonix/E-yantra-2024/colcon_ws/install/ur_description:/home/pheonix/E-yantra-2024/colcon_ws/install/ur_simulation_gazebo:/home/pheonix/E-yantra-2024/colcon_ws/install/ur_moveit_config:/home/pheonix/E-yantra-2024/colcon_ws/install/realsense_gazebo_plugin:/home/pheonix/E-yantra-2024/colcon_ws/install/pymoveit2:/home/pheonix/E-yantra-2024/colcon_ws/install/linkattacher_msgs:/home/pheonix/E-yantra-2024/colcon_ws/install/eyantra_warehouse:/home/pheonix/E-yantra-2024/colcon_ws/install/ebot_nav2:/home/pheonix/E-yantra-2024/colcon_ws/install/ebot_description:/home/pheonix/ros-adv/install/my_robot_interfaces:/home/pheonix/E-yantra-2024/colcon_ws/install/ur5_control:/home/pheonix/ros-adv/install/actions_py:/opt/ros/humble /usr/bin/cmake --build /home/pheonix/E-yantra-2024/colcon_ws/build/ur_moveit_config -- -j16 -l16
[0.070s] Invoking command in '/home/pheonix/E-yantra-2024/colcon_ws/build/ur_moveit_config': CMAKE_PREFIX_PATH=/home/pheonix/E-yantra-2024/colcon_ws/install/ur_description:/home/pheonix/E-yantra-2024/colcon_ws/install/ur_simulation_gazebo:/home/pheonix/E-yantra-2024/colcon_ws/install/ur_moveit_config:/home/pheonix/E-yantra-2024/colcon_ws/install/realsense_gazebo_plugin:/home/pheonix/E-yantra-2024/colcon_ws/install/pymoveit2:/home/pheonix/E-yantra-2024/colcon_ws/install/linkattacher_msgs:/home/pheonix/E-yantra-2024/colcon_ws/install/eyantra_warehouse:/home/pheonix/E-yantra-2024/colcon_ws/install/ebot_nav2:/home/pheonix/E-yantra-2024/colcon_ws/install/ebot_description:/home/pheonix/ros-adv/install/my_robot_interfaces:/home/pheonix/E-yantra-2024/colcon_ws/install/ur5_control:/home/pheonix/ros-adv/install/actions_py:/opt/ros/humble /usr/bin/cmake --install /home/pheonix/E-yantra-2024/colcon_ws/build/ur_moveit_config
[0.077s] -- Install configuration: ""
[0.077s] -- Up-to-date: /home/pheonix/E-yantra-2024/colcon_ws/install/ur_moveit_config/share/ur_moveit_config/config
[0.077s] -- Up-to-date: /home/pheonix/E-yantra-2024/colcon_ws/install/ur_moveit_config/share/ur_moveit_config/config/kinematics.yaml
[0.077s] -- Up-to-date: /home/pheonix/E-yantra-2024/colcon_ws/install/ur_moveit_config/share/ur_moveit_config/launch
[0.077s] -- Up-to-date: /home/pheonix/E-yantra-2024/colcon_ws/install/ur_moveit_config/share/ur_moveit_config/launch/ur_moveit.launch.py
[0.077s] -- Up-to-date: /home/pheonix/E-yantra-2024/colcon_ws/install/ur_moveit_config/share/ur_moveit_config/rviz
[0.077s] -- Up-to-date: /home/pheonix/E-yantra-2024/colcon_ws/install/ur_moveit_config/share/ur_moveit_config/rviz/view_robot.rviz
[0.077s] -- Up-to-date: /home/pheonix/E-yantra-2024/colcon_ws/install/ur_moveit_config/share/ur_moveit_config/srdf
[0.077s] -- Up-to-date: /home/pheonix/E-yantra-2024/colcon_ws/install/ur_moveit_config/share/ur_moveit_config/srdf/ur.srdf.xacro
[0.077s] -- Up-to-date: /home/pheonix/E-yantra-2024/colcon_ws/install/ur_moveit_config/share/ur_moveit_config/srdf/ur_macro.srdf.xacro
[0.077s] -- Up-to-date: /home/pheonix/E-yantra-2024/colcon_ws/install/ur_moveit_config/share/ament_index/resource_index/package_run_dependencies/ur_moveit_config
[0.077s] -- Up-to-date: /home/pheonix/E-yantra-2024/colcon_ws/install/ur_moveit_config/share/ament_index/resource_index/parent_prefix_path/ur_moveit_config
[0.077s] -- Up-to-date: /home/pheonix/E-yantra-2024/colcon_ws/install/ur_moveit_config/share/ur_moveit_config/environment/ament_prefix_path.sh
[0.077s] -- Up-to-date: /home/pheonix/E-yantra-2024/colcon_ws/install/ur_moveit_config/share/ur_moveit_config/environment/ament_prefix_path.dsv
[0.078s] -- Up-to-date: /home/pheonix/E-yantra-2024/colcon_ws/install/ur_moveit_config/share/ur_moveit_config/environment/path.sh
[0.078s] -- Up-to-date: /home/pheonix/E-yantra-2024/colcon_ws/install/ur_moveit_config/share/ur_moveit_config/environment/path.dsv
[0.078s] -- Up-to-date: /home/pheonix/E-yantra-2024/colcon_ws/install/ur_moveit_config/share/ur_moveit_config/local_setup.bash
[0.078s] -- Up-to-date: /home/pheonix/E-yantra-2024/colcon_ws/install/ur_moveit_config/share/ur_moveit_config/local_setup.sh
[0.078s] -- Up-to-date: /home/pheonix/E-yantra-2024/colcon_ws/install/ur_moveit_config/share/ur_moveit_config/local_setup.zsh
[0.078s] -- Up-to-date: /home/pheonix/E-yantra-2024/colcon_ws/install/ur_moveit_config/share/ur_moveit_config/local_setup.dsv
[0.078s] -- Installing: /home/pheonix/E-yantra-2024/colcon_ws/install/ur_moveit_config/share/ur_moveit_config/package.dsv
[0.078s] -- Up-to-date: /home/pheonix/E-yantra-2024/colcon_ws/install/ur_moveit_config/share/ament_index/resource_index/packages/ur_moveit_config
[0.078s] -- Up-to-date: /home/pheonix/E-yantra-2024/colcon_ws/install/ur_moveit_config/share/ur_moveit_config/cmake/ur_moveit_configConfig.cmake
[0.078s] -- Up-to-date: /home/pheonix/E-yantra-2024/colcon_ws/install/ur_moveit_config/share/ur_moveit_config/cmake/ur_moveit_configConfig-version.cmake
[0.078s] -- Up-to-date: /home/pheonix/E-yantra-2024/colcon_ws/install/ur_moveit_config/share/ur_moveit_config/package.xml
[0.080s] Invoked command in '/home/pheonix/E-yantra-2024/colcon_ws/build/ur_moveit_config' returned '0': CMAKE_PREFIX_PATH=/home/pheonix/E-yantra-2024/colcon_ws/install/ur_description:/home/pheonix/E-yantra-2024/colcon_ws/install/ur_simulation_gazebo:/home/pheonix/E-yantra-2024/colcon_ws/install/ur_moveit_config:/home/pheonix/E-yantra-2024/colcon_ws/install/realsense_gazebo_plugin:/home/pheonix/E-yantra-2024/colcon_ws/install/pymoveit2:/home/pheonix/E-yantra-2024/colcon_ws/install/linkattacher_msgs:/home/pheonix/E-yantra-2024/colcon_ws/install/eyantra_warehouse:/home/pheonix/E-yantra-2024/colcon_ws/install/ebot_nav2:/home/pheonix/E-yantra-2024/colcon_ws/install/ebot_description:/home/pheonix/ros-adv/install/my_robot_interfaces:/home/pheonix/E-yantra-2024/colcon_ws/install/ur5_control:/home/pheonix/ros-adv/install/actions_py:/opt/ros/humble /usr/bin/cmake --install /home/pheonix/E-yantra-2024/colcon_ws/build/ur_moveit_config
