[0.021s] Invoking command in '/home/pheonix/E-yantra-2024/colcon_ws/build/ebot_nav2': CMAKE_PREFIX_PATH=${CMAKE_PREFIX_PATH}:/home/pheonix/ros-adv/install/actions_py:/opt/ros/humble /usr/bin/cmake /home/pheonix/E-yantra-2024/colcon_ws/src/ebot_nav2 -DCMAKE_INSTALL_PREFIX=/home/pheonix/E-yantra-2024/colcon_ws/install/ebot_nav2
[0.055s] -- The C compiler identification is GNU 11.4.0
[0.094s] -- The CXX compiler identification is GNU 11.4.0
[0.098s] -- Detecting C compiler ABI info
[0.151s] -- Detecting C compiler ABI info - done
[0.155s] -- Check for working C compiler: /usr/bin/cc - skipped
[0.155s] -- Detecting C compile features
[0.155s] -- Detecting C compile features - done
[0.157s] -- Detecting CXX compiler ABI info
[0.214s] -- Detecting CXX compiler ABI info - done
[0.218s] -- Check for working CXX compiler: /usr/bin/c++ - skipped
[0.218s] -- Detecting CXX compile features
[0.218s] -- Detecting CXX compile features - done
[0.220s] -- Found ament_cmake: 1.3.10 (/opt/ros/humble/share/ament_cmake/cmake)
[0.324s] -- Found Python3: /usr/bin/python3 (found version "3.10.12") found components: Interpreter 
[0.386s] -- Found rclcpp: 16.0.10 (/opt/ros/humble/share/rclcpp/cmake)
[0.414s] -- Found rosidl_generator_c: 3.1.5 (/opt/ros/humble/share/rosidl_generator_c/cmake)
[0.417s] -- Found rosidl_adapter: 3.1.5 (/opt/ros/humble/share/rosidl_adapter/cmake)
[0.424s] -- Found rosidl_generator_cpp: 3.1.5 (/opt/ros/humble/share/rosidl_generator_cpp/cmake)
[0.432s] -- Using all available rosidl_typesupport_c: rosidl_typesupport_fastrtps_c;rosidl_typesupport_introspection_c
[0.441s] -- Using all available rosidl_typesupport_cpp: rosidl_typesupport_fastrtps_cpp;rosidl_typesupport_introspection_cpp
[0.469s] -- Found rmw_implementation_cmake: 6.1.2 (/opt/ros/humble/share/rmw_implementation_cmake/cmake)
[0.471s] -- Found rmw_fastrtps_cpp: 6.2.7 (/opt/ros/humble/share/rmw_fastrtps_cpp/cmake)
[0.537s] -- Found OpenSSL: /usr/lib/x86_64-linux-gnu/libcrypto.so (found version "3.0.2")  
[0.560s] -- Found FastRTPS: /opt/ros/humble/include  
[0.591s] -- Using RMW implementation 'rmw_fastrtps_cpp' as default
[0.596s] -- Looking for pthread.h
[0.652s] -- Looking for pthread.h - found
[0.653s] -- Performing Test CMAKE_HAVE_LIBC_PTHREAD
[0.709s] -- Performing Test CMAKE_HAVE_LIBC_PTHREAD - Success
[0.711s] -- Found Threads: TRUE  
[0.742s] -- Found rclpy: 3.3.14 (/opt/ros/humble/share/rclpy/cmake)
[0.744s] -- Found urdf: 2.6.0 (/opt/ros/humble/share/urdf/cmake)
[0.773s] -- Found xacro: 2.0.8 (/opt/ros/humble/share/xacro/cmake)
[0.774s] -- Found ament_lint_auto: 0.12.11 (/opt/ros/humble/share/ament_lint_auto/cmake)
[0.826s] -- Added test 'flake8' to check Python code syntax and style conventions
[0.826s] -- Added test 'lint_cmake' to check CMake code style
[0.827s] -- Added test 'pep257' to check Python code against some of the docstring style conventions in PEP 257
[0.828s] -- Added test 'xmllint' to check XML markup files
[0.828s] -- Configuring done
[0.833s] -- Generating done
[0.833s] -- Build files have been written to: /home/pheonix/E-yantra-2024/colcon_ws/build/ebot_nav2
[0.842s] Invoked command in '/home/pheonix/E-yantra-2024/colcon_ws/build/ebot_nav2' returned '0': CMAKE_PREFIX_PATH=${CMAKE_PREFIX_PATH}:/home/pheonix/ros-adv/install/actions_py:/opt/ros/humble /usr/bin/cmake /home/pheonix/E-yantra-2024/colcon_ws/src/ebot_nav2 -DCMAKE_INSTALL_PREFIX=/home/pheonix/E-yantra-2024/colcon_ws/install/ebot_nav2
[0.843s] Invoking command in '/home/pheonix/E-yantra-2024/colcon_ws/build/ebot_nav2': CMAKE_PREFIX_PATH=${CMAKE_PREFIX_PATH}:/home/pheonix/ros-adv/install/actions_py:/opt/ros/humble /usr/bin/cmake --build /home/pheonix/E-yantra-2024/colcon_ws/build/ebot_nav2 -- -j16 -l16
[0.876s] Invoked command in '/home/pheonix/E-yantra-2024/colcon_ws/build/ebot_nav2' returned '0': CMAKE_PREFIX_PATH=${CMAKE_PREFIX_PATH}:/home/pheonix/ros-adv/install/actions_py:/opt/ros/humble /usr/bin/cmake --build /home/pheonix/E-yantra-2024/colcon_ws/build/ebot_nav2 -- -j16 -l16
[0.897s] Invoking command in '/home/pheonix/E-yantra-2024/colcon_ws/build/ebot_nav2': CMAKE_PREFIX_PATH=${CMAKE_PREFIX_PATH}:/home/pheonix/ros-adv/install/actions_py:/opt/ros/humble /usr/bin/cmake --install /home/pheonix/E-yantra-2024/colcon_ws/build/ebot_nav2
[0.902s] -- Install configuration: ""
[0.902s] -- Installing: /home/pheonix/E-yantra-2024/colcon_ws/install/ebot_nav2/share/ebot_nav2//launch
[0.902s] -- Installing: /home/pheonix/E-yantra-2024/colcon_ws/install/ebot_nav2/share/ebot_nav2//launch/ebot_bringup_launch.py
[0.902s] -- Installing: /home/pheonix/E-yantra-2024/colcon_ws/install/ebot_nav2/share/ebot_nav2//config
[0.902s] -- Installing: /home/pheonix/E-yantra-2024/colcon_ws/install/ebot_nav2/share/ebot_nav2//config/mapper_params_online_async.yaml
[0.902s] -- Installing: /home/pheonix/E-yantra-2024/colcon_ws/install/ebot_nav2/share/ebot_nav2//config/ekf.yaml
[0.902s] -- Installing: /home/pheonix/E-yantra-2024/colcon_ws/install/ebot_nav2/share/ebot_nav2//maps
[0.902s] -- Installing: /home/pheonix/E-yantra-2024/colcon_ws/install/ebot_nav2/share/ebot_nav2//maps/map_file_here.text
[0.902s] -- Installing: /home/pheonix/E-yantra-2024/colcon_ws/install/ebot_nav2/share/ebot_nav2//params
[0.902s] -- Installing: /home/pheonix/E-yantra-2024/colcon_ws/install/ebot_nav2/share/ebot_nav2//params/nav2_params.yaml
[0.902s] -- Installing: /home/pheonix/E-yantra-2024/colcon_ws/install/ebot_nav2/share/ebot_nav2//rviz
[0.902s] -- Installing: /home/pheonix/E-yantra-2024/colcon_ws/install/ebot_nav2/share/ebot_nav2//rviz/nav2_default_view.rviz
[0.902s] -- Installing: /home/pheonix/E-yantra-2024/colcon_ws/install/ebot_nav2/share/ament_index/resource_index/package_run_dependencies/ebot_nav2
[0.903s] -- Installing: /home/pheonix/E-yantra-2024/colcon_ws/install/ebot_nav2/share/ament_index/resource_index/parent_prefix_path/ebot_nav2
[0.903s] -- Installing: /home/pheonix/E-yantra-2024/colcon_ws/install/ebot_nav2/share/ebot_nav2/environment/ament_prefix_path.sh
[0.903s] -- Installing: /home/pheonix/E-yantra-2024/colcon_ws/install/ebot_nav2/share/ebot_nav2/environment/ament_prefix_path.dsv
[0.903s] -- Installing: /home/pheonix/E-yantra-2024/colcon_ws/install/ebot_nav2/share/ebot_nav2/environment/path.sh
[0.903s] -- Installing: /home/pheonix/E-yantra-2024/colcon_ws/install/ebot_nav2/share/ebot_nav2/environment/path.dsv
[0.903s] -- Installing: /home/pheonix/E-yantra-2024/colcon_ws/install/ebot_nav2/share/ebot_nav2/local_setup.bash
[0.903s] -- Installing: /home/pheonix/E-yantra-2024/colcon_ws/install/ebot_nav2/share/ebot_nav2/local_setup.sh
[0.903s] -- Installing: /home/pheonix/E-yantra-2024/colcon_ws/install/ebot_nav2/share/ebot_nav2/local_setup.zsh
[0.903s] -- Installing: /home/pheonix/E-yantra-2024/colcon_ws/install/ebot_nav2/share/ebot_nav2/local_setup.dsv
[0.903s] -- Installing: /home/pheonix/E-yantra-2024/colcon_ws/install/ebot_nav2/share/ebot_nav2/package.dsv
[0.903s] -- Installing: /home/pheonix/E-yantra-2024/colcon_ws/install/ebot_nav2/share/ament_index/resource_index/packages/ebot_nav2
[0.904s] -- Installing: /home/pheonix/E-yantra-2024/colcon_ws/install/ebot_nav2/share/ebot_nav2/cmake/ebot_nav2Config.cmake
[0.904s] -- Installing: /home/pheonix/E-yantra-2024/colcon_ws/install/ebot_nav2/share/ebot_nav2/cmake/ebot_nav2Config-version.cmake
[0.904s] -- Installing: /home/pheonix/E-yantra-2024/colcon_ws/install/ebot_nav2/share/ebot_nav2/package.xml
[0.906s] Invoked command in '/home/pheonix/E-yantra-2024/colcon_ws/build/ebot_nav2' returned '0': CMAKE_PREFIX_PATH=${CMAKE_PREFIX_PATH}:/home/pheonix/ros-adv/install/actions_py:/opt/ros/humble /usr/bin/cmake --install /home/pheonix/E-yantra-2024/colcon_ws/build/ebot_nav2
