[0.018s] Invoking command in '/home/pheonix/E-yantra-2024/colcon_ws/build/realsense_gazebo_plugin': CMAKE_PREFIX_PATH=${CMAKE_PREFIX_PATH}:/home/pheonix/ros-adv/install/actions_py:/opt/ros/humble /usr/bin/cmake /home/pheonix/E-yantra-2024/colcon_ws/src/realsense_gazebo_plugin -DCMAKE_INSTALL_PREFIX=/home/pheonix/E-yantra-2024/colcon_ws/install/realsense_gazebo_plugin
[0.051s] -- The C compiler identification is GNU 11.4.0
[0.089s] -- The CXX compiler identification is GNU 11.4.0
[0.093s] -- Detecting C compiler ABI info
[0.146s] -- Detecting C compiler ABI info - done
[0.150s] -- Check for working C compiler: /usr/bin/cc - skipped
[0.150s] -- Detecting C compile features
[0.151s] -- Detecting C compile features - done
[0.152s] -- Detecting CXX compiler ABI info
[0.210s] -- Detecting CXX compiler ABI info - done
[0.216s] -- Check for working CXX compiler: /usr/bin/c++ - skipped
[0.216s] -- Detecting CXX compile features
[0.216s] -- Detecting CXX compile features - done
[0.218s] -- Found ament_cmake: 1.3.10 (/opt/ros/humble/share/ament_cmake/cmake)
[0.319s] -- Found Python3: /usr/bin/python3 (found version "3.10.12") found components: Interpreter 
[0.380s] -- Found rclcpp: 16.0.10 (/opt/ros/humble/share/rclcpp/cmake)
[0.408s] -- Found rosidl_generator_c: 3.1.5 (/opt/ros/humble/share/rosidl_generator_c/cmake)
[0.413s] -- Found rosidl_adapter: 3.1.5 (/opt/ros/humble/share/rosidl_adapter/cmake)
[0.419s] -- Found rosidl_generator_cpp: 3.1.5 (/opt/ros/humble/share/rosidl_generator_cpp/cmake)
[0.426s] -- Using all available rosidl_typesupport_c: rosidl_typesupport_fastrtps_c;rosidl_typesupport_introspection_c
[0.436s] -- Using all available rosidl_typesupport_cpp: rosidl_typesupport_fastrtps_cpp;rosidl_typesupport_introspection_cpp
[0.464s] -- Found rmw_implementation_cmake: 6.1.2 (/opt/ros/humble/share/rmw_implementation_cmake/cmake)
[0.466s] -- Found rmw_fastrtps_cpp: 6.2.7 (/opt/ros/humble/share/rmw_fastrtps_cpp/cmake)
[0.530s] -- Found OpenSSL: /usr/lib/x86_64-linux-gnu/libcrypto.so (found version "3.0.2")  
[0.550s] -- Found FastRTPS: /opt/ros/foxy/include  
[0.582s] -- Using RMW implementation 'rmw_fastrtps_cpp' as default
[0.587s] -- Looking for pthread.h
[0.642s] -- Looking for pthread.h - found
[0.643s] -- Performing Test CMAKE_HAVE_LIBC_PTHREAD
[0.700s] -- Performing Test CMAKE_HAVE_LIBC_PTHREAD - Success
[0.701s] -- Found Threads: TRUE  
[0.733s] -- Found gazebo_ros: 3.7.0 (/opt/ros/humble/share/gazebo_ros/cmake)
[0.743s] -- Found PkgConfig: /usr/bin/pkg-config (found version "0.29.2") 
[0.744s] -- Checking for module 'bullet>=2.82'
[0.756s] --   Found bullet, version 3.05
[0.856s] -- Found fcl: /usr/include (found suitable version "0.7.0", minimum required is "0.5.0") 
[0.902s] -- Found assimp: /usr/include (found version "5.2.0") 
[0.920s] -- Found DART: /usr/include (Required is at least version "6.6") found components: dart 
[0.943s] -- Found Boost: /usr/lib/x86_64-linux-gnu/cmake/Boost-1.74.0/BoostConfig.cmake (found suitable version "1.74.0", minimum required is "1.40.0") found components: thread system filesystem program_options regex iostreams date_time 
[0.956s] -- Found Protobuf: /usr/lib/x86_64-linux-gnu/libprotobuf.so (found version "3.12.4") 
[0.961s] -- Looking for ignition-math6 -- found version 6.15.1
[0.968s] -- Searching for dependencies of ignition-math6
[0.969s] -- Looking for OGRE...
[0.970s] -- OGRE_PREFIX_WATCH changed.
[0.974s] -- Checking for module 'OGRE'
[0.984s] --   Found OGRE, version 1.9.0
[1.020s] -- Found Ogre Ghadamon (1.9.0)
[1.025s] -- Found OGRE: optimized;/usr/lib/x86_64-linux-gnu/libOgreMain.so;debug;/usr/lib/x86_64-linux-gnu/libOgreMain.so
[1.031s] -- Looking for OGRE_Paging...
[1.035s] -- Found OGRE_Paging: optimized;/usr/lib/x86_64-linux-gnu/libOgrePaging.so;debug;/usr/lib/x86_64-linux-gnu/libOgrePaging.so
[1.035s] -- Looking for OGRE_Terrain...
[1.039s] -- Found OGRE_Terrain: optimized;/usr/lib/x86_64-linux-gnu/libOgreTerrain.so;debug;/usr/lib/x86_64-linux-gnu/libOgreTerrain.so
[1.039s] -- Looking for OGRE_Property...
[1.041s] -- Found OGRE_Property: optimized;/usr/lib/x86_64-linux-gnu/libOgreProperty.so;debug;/usr/lib/x86_64-linux-gnu/libOgreProperty.so
[1.041s] -- Looking for OGRE_RTShaderSystem...
[1.044s] -- Found OGRE_RTShaderSystem: optimized;/usr/lib/x86_64-linux-gnu/libOgreRTShaderSystem.so;debug;/usr/lib/x86_64-linux-gnu/libOgreRTShaderSystem.so
[1.044s] -- Looking for OGRE_Volume...
[1.047s] -- Found OGRE_Volume: optimized;/usr/lib/x86_64-linux-gnu/libOgreVolume.so;debug;/usr/lib/x86_64-linux-gnu/libOgreVolume.so
[1.047s] -- Looking for OGRE_Overlay...
[1.050s] -- Found OGRE_Overlay: optimized;/usr/lib/x86_64-linux-gnu/libOgreOverlay.so;debug;/usr/lib/x86_64-linux-gnu/libOgreOverlay.so
[1.126s] -- Looking for ignition-math6 -- found version 6.15.1
[1.129s] -- Looking for ignition-transport8 -- found version 8.2.1
[1.129s] -- Searching for dependencies of ignition-transport8
[1.143s] -- Found Protobuf: /usr/lib/x86_64-linux-gnu/libprotobuf.so (found suitable version "3.12.4", minimum required is "3") 
[1.152s] -- Config-file not installed for ZeroMQ -- checking for pkg-config
[1.157s] -- Checking for module 'libzmq >= 4'
[1.173s] --   Found libzmq , version 4.3.4
[1.205s] -- Found ZeroMQ: TRUE (Required is at least version "4") 
[1.209s] -- Checking for module 'uuid'
[1.222s] --   Found uuid, version 2.37.2
[1.252s] -- Found UUID: TRUE  
[1.254s] -- Looking for ignition-msgs5 -- found version 5.8.1
[1.254s] -- Searching for dependencies of ignition-msgs5
[1.269s] -- Looking for ignition-math6 -- found version 6.15.1
[1.275s] -- Checking for module 'tinyxml2'
[1.287s] --   Found tinyxml2, version 9.0.0
[1.324s] -- Looking for ignition-msgs5 -- found version 5.8.1
[1.326s] -- Looking for ignition-common3 -- found version 3.14.0
[1.327s] -- Searching for dependencies of ignition-common3
[1.327s] -- Looking for dlfcn.h - found
[1.328s] -- Looking for libdl - found
[1.329s] -- Found DL: TRUE  
[1.339s] -- Found tinyobjloader: /usr/lib/x86_64-linux-gnu/cmake/tinyobjloader/tinyobjloader-config.cmake (found version "2.0.0") 
[1.339s] -- Searching for <ignition-common3> component [graphics]
[1.341s] -- Looking for ignition-common3-graphics -- found version 3.14.0
[1.342s] -- Searching for dependencies of ignition-common3-graphics
[1.342s] -- Looking for ignition-math6 -- found version 6.15.1
[1.345s] -- Looking for ignition-fuel_tools4 -- found version 4.4.0
[1.345s] -- Searching for dependencies of ignition-fuel_tools4
[1.422s] -- Found CURL: /usr/lib/x86_64-linux-gnu/libcurl.so (found version "7.81.0")  
[1.431s] -- Checking for module 'jsoncpp'
[1.445s] --   Found jsoncpp, version 1.9.5
[1.473s] -- Found JSONCPP: TRUE  
[1.477s] -- Checking for module 'libzip'
[1.486s] --   Found libzip, version 1.7.3
[1.516s] -- Found ZIP: TRUE  
[1.516s] -- Looking for ignition-common3 -- found version 3.14.0
[1.517s] -- Looking for ignition-math6 -- found version 6.15.1
[1.517s] -- Looking for ignition-msgs5 -- found version 5.8.1
[1.521s] -- Gazebo version: 11.10
[1.521s] -- Checking for module 'tbb'
[1.533s] --   Found tbb, version 2021.5.0
[1.565s] -- Found image_transport: 3.1.9 (/opt/ros/humble/share/image_transport/cmake)
[1.641s] -- Found camera_info_manager: 3.1.9 (/opt/ros/humble/share/camera_info_manager/cmake)
[1.660s] -- Found ament_lint_auto: 0.12.11 (/opt/ros/humble/share/ament_lint_auto/cmake)
[1.732s] -- Configuring done
[1.754s] -- Generating done
[1.756s] -- Build files have been written to: /home/pheonix/E-yantra-2024/colcon_ws/build/realsense_gazebo_plugin
[1.769s] Invoked command in '/home/pheonix/E-yantra-2024/colcon_ws/build/realsense_gazebo_plugin' returned '0': CMAKE_PREFIX_PATH=${CMAKE_PREFIX_PATH}:/home/pheonix/ros-adv/install/actions_py:/opt/ros/humble /usr/bin/cmake /home/pheonix/E-yantra-2024/colcon_ws/src/realsense_gazebo_plugin -DCMAKE_INSTALL_PREFIX=/home/pheonix/E-yantra-2024/colcon_ws/install/realsense_gazebo_plugin
[1.770s] Invoking command in '/home/pheonix/E-yantra-2024/colcon_ws/build/realsense_gazebo_plugin': CMAKE_PREFIX_PATH=${CMAKE_PREFIX_PATH}:/home/pheonix/ros-adv/install/actions_py:/opt/ros/humble /usr/bin/cmake --build /home/pheonix/E-yantra-2024/colcon_ws/build/realsense_gazebo_plugin -- -j16 -l16
[1.817s] [ 66%] [32mBuilding CXX object CMakeFiles/realsense_gazebo_plugin.dir/src/gazebo_ros_realsense.cpp.o[0m
[1.817s] [ 66%] [32mBuilding CXX object CMakeFiles/realsense_gazebo_plugin.dir/src/RealSensePlugin.cpp.o[0m
[15.766s] [100%] [32m[1mLinking CXX shared library librealsense_gazebo_plugin.so[0m
[16.225s] [100%] Built target realsense_gazebo_plugin
[16.235s] Invoked command in '/home/pheonix/E-yantra-2024/colcon_ws/build/realsense_gazebo_plugin' returned '0': CMAKE_PREFIX_PATH=${CMAKE_PREFIX_PATH}:/home/pheonix/ros-adv/install/actions_py:/opt/ros/humble /usr/bin/cmake --build /home/pheonix/E-yantra-2024/colcon_ws/build/realsense_gazebo_plugin -- -j16 -l16
[16.268s] Invoking command in '/home/pheonix/E-yantra-2024/colcon_ws/build/realsense_gazebo_plugin': CMAKE_PREFIX_PATH=${CMAKE_PREFIX_PATH}:/home/pheonix/ros-adv/install/actions_py:/opt/ros/humble /usr/bin/cmake --install /home/pheonix/E-yantra-2024/colcon_ws/build/realsense_gazebo_plugin
[16.274s] -- Install configuration: ""
[16.274s] -- Installing: /home/pheonix/E-yantra-2024/colcon_ws/install/realsense_gazebo_plugin/lib/librealsense_gazebo_plugin.so
[16.277s] -- Set runtime path of "/home/pheonix/E-yantra-2024/colcon_ws/install/realsense_gazebo_plugin/lib/librealsense_gazebo_plugin.so" to ""
[16.277s] -- Installing: /home/pheonix/E-yantra-2024/colcon_ws/install/realsense_gazebo_plugin/include/
[16.277s] -- Installing: /home/pheonix/E-yantra-2024/colcon_ws/install/realsense_gazebo_plugin/include//realsense_gazebo_plugin
[16.277s] -- Installing: /home/pheonix/E-yantra-2024/colcon_ws/install/realsense_gazebo_plugin/include//realsense_gazebo_plugin/gazebo_ros_realsense.h
[16.277s] -- Installing: /home/pheonix/E-yantra-2024/colcon_ws/install/realsense_gazebo_plugin/include//realsense_gazebo_plugin/RealSensePlugin.h
[16.277s] -- Installing: /home/pheonix/E-yantra-2024/colcon_ws/install/realsense_gazebo_plugin/share/realsense_gazebo_plugin/environment/library_path.sh
[16.277s] -- Installing: /home/pheonix/E-yantra-2024/colcon_ws/install/realsense_gazebo_plugin/share/realsense_gazebo_plugin/environment/library_path.dsv
[16.278s] -- Installing: /home/pheonix/E-yantra-2024/colcon_ws/install/realsense_gazebo_plugin/share/ament_index/resource_index/package_run_dependencies/realsense_gazebo_plugin
[16.278s] -- Installing: /home/pheonix/E-yantra-2024/colcon_ws/install/realsense_gazebo_plugin/share/ament_index/resource_index/parent_prefix_path/realsense_gazebo_plugin
[16.278s] -- Installing: /home/pheonix/E-yantra-2024/colcon_ws/install/realsense_gazebo_plugin/share/realsense_gazebo_plugin/environment/ament_prefix_path.sh
[16.278s] -- Installing: /home/pheonix/E-yantra-2024/colcon_ws/install/realsense_gazebo_plugin/share/realsense_gazebo_plugin/environment/ament_prefix_path.dsv
[16.278s] -- Installing: /home/pheonix/E-yantra-2024/colcon_ws/install/realsense_gazebo_plugin/share/realsense_gazebo_plugin/environment/path.sh
[16.278s] -- Installing: /home/pheonix/E-yantra-2024/colcon_ws/install/realsense_gazebo_plugin/share/realsense_gazebo_plugin/environment/path.dsv
[16.278s] -- Installing: /home/pheonix/E-yantra-2024/colcon_ws/install/realsense_gazebo_plugin/share/realsense_gazebo_plugin/local_setup.bash
[16.278s] -- Installing: /home/pheonix/E-yantra-2024/colcon_ws/install/realsense_gazebo_plugin/share/realsense_gazebo_plugin/local_setup.sh
[16.278s] -- Installing: /home/pheonix/E-yantra-2024/colcon_ws/install/realsense_gazebo_plugin/share/realsense_gazebo_plugin/local_setup.zsh
[16.278s] -- Installing: /home/pheonix/E-yantra-2024/colcon_ws/install/realsense_gazebo_plugin/share/realsense_gazebo_plugin/local_setup.dsv
[16.278s] -- Installing: /home/pheonix/E-yantra-2024/colcon_ws/install/realsense_gazebo_plugin/share/realsense_gazebo_plugin/package.dsv
[16.279s] -- Installing: /home/pheonix/E-yantra-2024/colcon_ws/install/realsense_gazebo_plugin/share/ament_index/resource_index/packages/realsense_gazebo_plugin
[16.279s] -- Installing: /home/pheonix/E-yantra-2024/colcon_ws/install/realsense_gazebo_plugin/share/realsense_gazebo_plugin/cmake/ament_cmake_export_include_directories-extras.cmake
[16.279s] -- Installing: /home/pheonix/E-yantra-2024/colcon_ws/install/realsense_gazebo_plugin/share/realsense_gazebo_plugin/cmake/ament_cmake_export_libraries-extras.cmake
[16.279s] -- Installing: /home/pheonix/E-yantra-2024/colcon_ws/install/realsense_gazebo_plugin/share/realsense_gazebo_plugin/cmake/realsense_gazebo_pluginConfig.cmake
[16.279s] -- Installing: /home/pheonix/E-yantra-2024/colcon_ws/install/realsense_gazebo_plugin/share/realsense_gazebo_plugin/cmake/realsense_gazebo_pluginConfig-version.cmake
[16.279s] -- Installing: /home/pheonix/E-yantra-2024/colcon_ws/install/realsense_gazebo_plugin/share/realsense_gazebo_plugin/package.xml
[16.280s] Invoked command in '/home/pheonix/E-yantra-2024/colcon_ws/build/realsense_gazebo_plugin' returned '0': CMAKE_PREFIX_PATH=${CMAKE_PREFIX_PATH}:/home/pheonix/ros-adv/install/actions_py:/opt/ros/humble /usr/bin/cmake --install /home/pheonix/E-yantra-2024/colcon_ws/build/realsense_gazebo_plugin
